2023-09-21 15:17:10,609 [INFO] Activator:176 - 


2023-09-21 15:17:10,621 [INFO] Activator:177 - !SESSION log4j initialized
2023-09-21 15:17:15,624 [INFO] LogOutputStream:77 - [STDOUT_REDIRECT] 
2023-09-21 15:17:16,509 [INFO] ApplicationProperties:184 - Using Application install path: C:\ST\STM32CubeIDE_1.13.1\STM32CubeIDE\plugins\com.st.stm32cube.common.mx_6.9.1.202307191849
2023-09-21 15:17:16,524 [INFO] DbMcusXml:78 - Set database path to: C:\ST\STM32CubeIDE_1.13.1\STM32CubeIDE\plugins\com.st.stm32cube.common.mx_6.9.1.202307191849\\db\/mcu/
2023-09-21 15:17:16,525 [INFO] ApiDb:274 - Set plugin database path to: C:\ST\STM32CubeIDE_1.13.1\STM32CubeIDE\plugins\com.st.stm32cube.common.mx_6.9.1.202307191849\\db\/plugins/boardmanager/
2023-09-21 15:17:16,526 [WARN] ApiDb:259 - Overriding images path with different value:  => C:\ST\STM32CubeIDE_1.13.1\STM32CubeIDE\plugins\com.st.stm32cube.common.mx_6.9.1.202307191849\\db\/plugins/mcufinder/images/
2023-09-21 15:17:16,536 [INFO] ApiDb:250 - Set database path to: C:\Users\james\.stmcufinder\plugins\mcufinder//mcu/
2023-09-21 15:17:16,538 [INFO] DbMcusAds:125 - Set database path to: C:\Users\james\.stmcufinder\plugins\mcufinder//mcu/
2023-09-21 15:17:16,540 [INFO] CrossReferenceDbSqlite:203 - Set database path to: C:\Users\james\.stmcufinder\plugins\mcufinder//mcu/cs/
2023-09-21 15:17:16,646 [INFO] RulesReader:64 - Compatibility file has been processed (293 Rules)
2023-09-21 15:17:16,730 [INFO] DbMcusXml:78 - Set database path to: C:\ST\STM32CubeIDE_1.13.1\STM32CubeIDE\plugins\com.st.stm32cube.common.mx_6.9.1.202307191849\\db\/mcu/
2023-09-21 15:17:16,730 [INFO] ApiDb:274 - Set plugin database path to: C:\ST\STM32CubeIDE_1.13.1\STM32CubeIDE\plugins\com.st.stm32cube.common.mx_6.9.1.202307191849\\db\/plugins/boardmanager/
2023-09-21 15:17:16,730 [INFO] ApiDb:261 - Set plugin images path to: C:\ST\STM32CubeIDE_1.13.1\STM32CubeIDE\plugins\com.st.stm32cube.common.mx_6.9.1.202307191849\\db\/plugins/mcufinder/images/
2023-09-21 15:17:16,730 [WARN] DbFile:41 - Overriding database path with different value: C:\Users\james\.stmcufinder\plugins\mcufinder/ => C:\Users\james\.stmcufinder\plugins\mcufinder
2023-09-21 15:17:16,730 [INFO] ApiDb:250 - Set database path to: C:\Users\james\.stmcufinder\plugins\mcufinder//mcu/
2023-09-21 15:17:16,730 [WARN] DbFile:41 - Overriding database path with different value: C:\Users\james\.stmcufinder\plugins\mcufinder/ => C:\Users\james\.stmcufinder\plugins\mcufinder
2023-09-21 15:17:16,730 [INFO] DbMcusAds:125 - Set database path to: C:\Users\james\.stmcufinder\plugins\mcufinder//mcu/
2023-09-21 15:17:16,731 [WARN] DbFile:41 - Overriding database path with different value: C:\Users\james\.stmcufinder\plugins\mcufinder/ => C:\Users\james\.stmcufinder\plugins\mcufinder
2023-09-21 15:17:16,731 [WARN] DbFile:41 - Overriding database path with different value: C:\Users\james\.stmcufinder\plugins\mcufinder/ => C:\Users\james\.stmcufinder\plugins\mcufinder
2023-09-21 15:17:16,731 [INFO] CrossReferenceDbSqlite:203 - Set database path to: C:\Users\james\.stmcufinder\plugins\mcufinder//mcu/cs/
2023-09-21 15:17:16,801 [INFO] MainPanel:262 - HeapMemory: 268435456
2023-09-21 15:17:16,877 [INFO] DbMcusXml:78 - Set database path to: C:\ST\STM32CubeIDE_1.13.1\STM32CubeIDE\plugins\com.st.stm32cube.common.mx_6.9.1.202307191849\\db\/mcu/
2023-09-21 15:17:16,877 [INFO] ApiDb:274 - Set plugin database path to: C:\ST\STM32CubeIDE_1.13.1\STM32CubeIDE\plugins\com.st.stm32cube.common.mx_6.9.1.202307191849\\db\/plugins/boardmanager/
2023-09-21 15:17:16,877 [INFO] ApiDb:261 - Set plugin images path to: C:\ST\STM32CubeIDE_1.13.1\STM32CubeIDE\plugins\com.st.stm32cube.common.mx_6.9.1.202307191849\\db\/plugins/mcufinder/images/
2023-09-21 15:17:16,878 [WARN] DbFile:41 - Overriding database path with different value: C:\Users\james\.stmcufinder\plugins\mcufinder/ => C:\Users\james\.stmcufinder\plugins\mcufinder
2023-09-21 15:17:16,878 [INFO] ApiDb:250 - Set database path to: C:\Users\james\.stmcufinder\plugins\mcufinder//mcu/
2023-09-21 15:17:16,878 [WARN] DbFile:41 - Overriding database path with different value: C:\Users\james\.stmcufinder\plugins\mcufinder/ => C:\Users\james\.stmcufinder\plugins\mcufinder
2023-09-21 15:17:16,878 [INFO] DbMcusAds:125 - Set database path to: C:\Users\james\.stmcufinder\plugins\mcufinder//mcu/
2023-09-21 15:17:16,878 [WARN] DbFile:41 - Overriding database path with different value: C:\Users\james\.stmcufinder\plugins\mcufinder/ => C:\Users\james\.stmcufinder\plugins\mcufinder
2023-09-21 15:17:16,878 [WARN] DbFile:41 - Overriding database path with different value: C:\Users\james\.stmcufinder\plugins\mcufinder/ => C:\Users\james\.stmcufinder\plugins\mcufinder
2023-09-21 15:17:16,879 [INFO] CrossReferenceDbSqlite:203 - Set database path to: C:\Users\james\.stmcufinder\plugins\mcufinder//mcu/cs/
2023-09-21 15:17:16,898 [INFO] ApplicationProperties:184 - Using Application install path: C:\ST\STM32CubeIDE_1.13.1\STM32CubeIDE\plugins\com.st.stm32cube.common.mx_6.9.1.202307191849
2023-09-21 15:17:16,900 [INFO] PluginManage:196 - Search for loadable plugins [exclusion list=, ]
2023-09-21 15:17:16,901 [INFO] PluginManage:310 - Check plugin analytics
2023-09-21 15:17:17,056 [INFO] AnalyticsPlugin:253 - Accepted Software Licenses: 
2023-09-21 15:17:17,056 [INFO] AnalyticsPlugin:255 - Accepted CMSIS Pack Licenses: 
2023-09-21 15:17:17,058 [INFO] AnalyticsPlugin:257 - Accepted Firmware Licenses: FW.L4.1.18.0
2023-09-21 15:17:17,060 [INFO] PluginManage:359 - Loaded plugin analytics (category:tool,tabindex:-1)
2023-09-21 15:17:17,061 [INFO] PluginManage:310 - Check plugin cadmodel
2023-09-21 15:17:17,065 [INFO] CADModel:105 - Init CAD model plugin
2023-09-21 15:17:17,066 [INFO] PluginManage:359 - Loaded plugin cadmodel (category:power,tabindex:5)
2023-09-21 15:17:17,066 [INFO] PluginManage:310 - Check plugin clock
2023-09-21 15:17:17,075 [INFO] PluginManage:359 - Loaded plugin clock (category:base,tabindex:2)
2023-09-21 15:17:17,075 [INFO] PluginManage:310 - Check plugin ddr
2023-09-21 15:17:17,077 [INFO] PluginManage:359 - Loaded plugin ddr (category:tool,tabindex:6)
2023-09-21 15:17:17,077 [INFO] PluginManage:310 - Check plugin filemanager
2023-09-21 15:17:17,222 [INFO] PluginManage:359 - Loaded plugin filemanager (category:base,tabindex:10)
2023-09-21 15:17:17,223 [INFO] PluginManage:310 - Check plugin ipmanager
2023-09-21 15:17:17,232 [INFO] PluginManage:359 - Loaded plugin ipmanager (category:base,tabindex:5)
2023-09-21 15:17:17,232 [INFO] PluginManage:310 - Check plugin lpbam
2023-09-21 15:17:17,241 [INFO] PluginManage:359 - Loaded plugin lpbam (category:base,tabindex:0)
2023-09-21 15:17:17,241 [INFO] PluginManage:310 - Check plugin memorymap
2023-09-21 15:17:17,253 [INFO] PluginManage:359 - Loaded plugin memorymap (category:base,tabindex:4)
2023-09-21 15:17:17,253 [INFO] PluginManage:310 - Check plugin pinoutandconfiguration
2023-09-21 15:17:17,261 [INFO] PluginManage:359 - Loaded plugin pinoutandconfiguration (category:base,tabindex:1)
2023-09-21 15:17:17,261 [INFO] PluginManage:310 - Check plugin pinoutconfig
2023-09-21 15:17:17,363 [WARN] SupportedApi:132 - Cannot load RTOS API schema: s4s-elt-must-match.1: The content of 'definitions' must match (annotation?, (simpleType | complexType)?, (unique | key | keyref)*)). A problem was found starting at: attribute.
2023-09-21 15:17:17,495 [INFO] PluginManage:359 - Loaded plugin pinoutconfig (category:base,tabindex:0)
2023-09-21 15:17:17,496 [INFO] PluginManage:310 - Check plugin power
2023-09-21 15:17:17,505 [INFO] PluginManage:359 - Loaded plugin power (category:power,tabindex:4)
2023-09-21 15:17:17,505 [INFO] PluginManage:310 - Check plugin projectmanager
2023-09-21 15:17:17,520 [INFO] PluginManage:359 - Loaded plugin projectmanager (category:projectmanager,tabindex:3)
2023-09-21 15:17:17,520 [INFO] PluginManage:310 - Check plugin thirdparty
2023-09-21 15:17:17,657 [INFO] PluginManage:359 - Loaded plugin thirdparty (category:base,tabindex:-1)
2023-09-21 15:17:17,656 [WARN] IntegrityCheckThread:84 - waiting for thirdparty lock release [integrity check]
2023-09-21 15:17:17,657 [INFO] PluginManage:310 - Check plugin tools
2023-09-21 15:17:17,657 [INFO] IntegrityCheckThread:86 - entering critical section [integrity check]
2023-09-21 15:17:17,657 [INFO] ThirdPartyUpdaterWithRetryManager:70 - Updater plugin not ready yet. [1/15]
2023-09-21 15:17:17,659 [INFO] PluginManage:359 - Loaded plugin tools (category:base,tabindex:7)
2023-09-21 15:17:17,659 [INFO] PluginManage:310 - Check plugin tutovideos
2023-09-21 15:17:17,816 [INFO] PluginManage:359 - Loaded plugin tutovideos (category:base,tabindex:-1)
2023-09-21 15:17:17,817 [INFO] PluginManage:310 - Check plugin updater
2023-09-21 15:17:17,826 [INFO] PluginManage:359 - Loaded plugin updater (category:base,tabindex:12)
2023-09-21 15:17:17,826 [INFO] PluginManage:310 - Check plugin userauth
2023-09-21 15:17:17,831 [INFO] UserAuth:113 - Init User Auth plugin
2023-09-21 15:17:17,831 [INFO] PluginManage:359 - Loaded plugin userauth (category:base,tabindex:14)
2023-09-21 15:17:17,831 [INFO] PluginManage:283 - PluginManage : Loaded plugins [17]
2023-09-21 15:17:18,057 [INFO] PinOutPanel:1499 - setPackage(No Configuration,No Configuration)
2023-09-21 15:17:18,214 [INFO] CADModel:165 - CPN selected for project level
2023-09-21 15:17:18,214 [INFO] CADModel:114 - Register for checkConnection events
2023-09-21 15:17:18,233 [INFO] IPUIPlugin:80 - create IPUIPlugin
2023-09-21 15:17:18,233 [INFO] PluginManager:220 - loadIPPluginJar : add adc
2023-09-21 15:17:18,236 [INFO] IPUIPlugin:80 - create IPUIPlugin
2023-09-21 15:17:18,237 [INFO] PluginManager:220 - loadIPPluginJar : add aes
2023-09-21 15:17:18,240 [INFO] IPUIPlugin:80 - create IPUIPlugin
2023-09-21 15:17:18,240 [INFO] PluginManager:220 - loadIPPluginJar : add can
2023-09-21 15:17:18,242 [INFO] IPUIPlugin:80 - create IPUIPlugin
2023-09-21 15:17:18,242 [INFO] PluginManager:220 - loadIPPluginJar : add comp
2023-09-21 15:17:18,245 [INFO] IPUIPlugin:80 - create IPUIPlugin
2023-09-21 15:17:18,245 [INFO] PluginManager:220 - loadIPPluginJar : add cryp
2023-09-21 15:17:18,248 [INFO] IPUIPlugin:80 - create IPUIPlugin
2023-09-21 15:17:18,248 [INFO] PluginManager:220 - loadIPPluginJar : add dfsdm
2023-09-21 15:17:18,254 [INFO] IPUIPlugin:80 - create IPUIPlugin
2023-09-21 15:17:18,255 [INFO] PluginManager:220 - loadIPPluginJar : add dma
2023-09-21 15:17:18,257 [INFO] IPUIPlugin:80 - create IPUIPlugin
2023-09-21 15:17:18,258 [INFO] PluginManager:220 - loadIPPluginJar : add dma3
2023-09-21 15:17:18,259 [INFO] IPUIPlugin:80 - create IPUIPlugin
2023-09-21 15:17:18,259 [INFO] PluginManager:220 - loadIPPluginJar : add fatfs
2023-09-21 15:17:18,264 [INFO] IPUIPlugin:80 - create IPUIPlugin
2023-09-21 15:17:18,265 [INFO] PluginManager:220 - loadIPPluginJar : add fmc
2023-09-21 15:17:18,270 [INFO] IPUIPlugin:80 - create IPUIPlugin
2023-09-21 15:17:18,271 [INFO] PluginManager:220 - loadIPPluginJar : add freertos
2023-09-21 15:17:18,272 [INFO] IPUIPlugin:80 - create IPUIPlugin
2023-09-21 15:17:18,273 [INFO] PluginManager:220 - loadIPPluginJar : add genericplugin
2023-09-21 15:17:18,275 [INFO] IPUIPlugin:80 - create IPUIPlugin
2023-09-21 15:17:18,275 [INFO] PluginManager:220 - loadIPPluginJar : add gfxmmu
2023-09-21 15:17:18,279 [INFO] IPUIPlugin:80 - create IPUIPlugin
2023-09-21 15:17:18,280 [INFO] PluginManager:220 - loadIPPluginJar : add gic
2023-09-21 15:17:18,283 [INFO] IPUIPlugin:80 - create IPUIPlugin
2023-09-21 15:17:18,284 [INFO] PluginManager:220 - loadIPPluginJar : add gpio
2023-09-21 15:17:18,286 [INFO] IPUIPlugin:80 - create IPUIPlugin
2023-09-21 15:17:18,286 [INFO] PluginManager:220 - loadIPPluginJar : add gtzc
2023-09-21 15:17:18,288 [INFO] IPUIPlugin:80 - create IPUIPlugin
2023-09-21 15:17:18,288 [INFO] PluginManager:220 - loadIPPluginJar : add hash
2023-09-21 15:17:18,291 [INFO] IPUIPlugin:80 - create IPUIPlugin
2023-09-21 15:17:18,291 [INFO] PluginManager:220 - loadIPPluginJar : add i2c
2023-09-21 15:17:18,293 [INFO] IPUIPlugin:80 - create IPUIPlugin
2023-09-21 15:17:18,293 [INFO] PluginManager:220 - loadIPPluginJar : add i2s
2023-09-21 15:17:18,295 [INFO] IPUIPlugin:80 - create IPUIPlugin
2023-09-21 15:17:18,295 [INFO] PluginManager:220 - loadIPPluginJar : add i3c
2023-09-21 15:17:18,298 [INFO] IPUIPlugin:80 - create IPUIPlugin
2023-09-21 15:17:18,299 [INFO] PluginManager:220 - loadIPPluginJar : add ipddr
2023-09-21 15:17:18,305 [INFO] IPUIPlugin:80 - create IPUIPlugin
2023-09-21 15:17:18,305 [INFO] PluginManager:220 - loadIPPluginJar : add linkedlist
2023-09-21 15:17:18,307 [INFO] IPUIPlugin:80 - create IPUIPlugin
2023-09-21 15:17:18,308 [INFO] PluginManager:220 - loadIPPluginJar : add lorawan
2023-09-21 15:17:18,309 [INFO] IPUIPlugin:80 - create IPUIPlugin
2023-09-21 15:17:18,309 [INFO] PluginManager:220 - loadIPPluginJar : add ltdc
2023-09-21 15:17:18,314 [INFO] IPUIPlugin:80 - create IPUIPlugin
2023-09-21 15:17:18,314 [INFO] PluginManager:220 - loadIPPluginJar : add mdma
2023-09-21 15:17:18,317 [INFO] IPUIPlugin:80 - create IPUIPlugin
2023-09-21 15:17:18,317 [INFO] PluginManager:220 - loadIPPluginJar : add nvic
2023-09-21 15:17:18,319 [INFO] IPUIPlugin:80 - create IPUIPlugin
2023-09-21 15:17:18,320 [INFO] PluginManager:220 - loadIPPluginJar : add opamp
2023-09-21 15:17:18,322 [INFO] IPUIPlugin:80 - create IPUIPlugin
2023-09-21 15:17:18,322 [INFO] PluginManager:220 - loadIPPluginJar : add openamp
2023-09-21 15:17:18,325 [INFO] IPUIPlugin:80 - create IPUIPlugin
2023-09-21 15:17:18,325 [INFO] PluginManager:220 - loadIPPluginJar : add pdm2pcm
2023-09-21 15:17:18,330 [INFO] IPUIPlugin:80 - create IPUIPlugin
2023-09-21 15:17:18,333 [INFO] PluginManager:220 - loadIPPluginJar : add plateformsettings
2023-09-21 15:17:18,335 [INFO] IPUIPlugin:80 - create IPUIPlugin
2023-09-21 15:17:18,335 [INFO] PluginManager:220 - loadIPPluginJar : add quadspi
2023-09-21 15:17:18,338 [INFO] IPUIPlugin:80 - create IPUIPlugin
2023-09-21 15:17:18,338 [INFO] PluginManager:220 - loadIPPluginJar : add resmgrutility
2023-09-21 15:17:18,341 [INFO] IPUIPlugin:80 - create IPUIPlugin
2023-09-21 15:17:18,341 [INFO] PluginManager:220 - loadIPPluginJar : add sai
2023-09-21 15:17:18,343 [INFO] IPUIPlugin:80 - create IPUIPlugin
2023-09-21 15:17:18,343 [INFO] PluginManager:220 - loadIPPluginJar : add spi
2023-09-21 15:17:18,347 [INFO] IPUIPlugin:80 - create IPUIPlugin
2023-09-21 15:17:18,347 [INFO] PluginManager:220 - loadIPPluginJar : add stm32_wpan
2023-09-21 15:17:18,349 [INFO] IPUIPlugin:80 - create IPUIPlugin
2023-09-21 15:17:18,349 [INFO] PluginManager:220 - loadIPPluginJar : add tim
2023-09-21 15:17:18,351 [INFO] IPUIPlugin:80 - create IPUIPlugin
2023-09-21 15:17:18,351 [INFO] PluginManager:220 - loadIPPluginJar : add touchsensing
2023-09-21 15:17:18,353 [INFO] IPUIPlugin:80 - create IPUIPlugin
2023-09-21 15:17:18,353 [INFO] PluginManager:220 - loadIPPluginJar : add tracer_emb
2023-09-21 15:17:18,355 [INFO] IPUIPlugin:80 - create IPUIPlugin
2023-09-21 15:17:18,355 [INFO] PluginManager:220 - loadIPPluginJar : add ts
2023-09-21 15:17:18,356 [INFO] IPUIPlugin:80 - create IPUIPlugin
2023-09-21 15:17:18,357 [INFO] PluginManager:220 - loadIPPluginJar : add tsc
2023-09-21 15:17:18,358 [INFO] IPUIPlugin:80 - create IPUIPlugin
2023-09-21 15:17:18,358 [INFO] PluginManager:220 - loadIPPluginJar : add ucpd
2023-09-21 15:17:18,361 [INFO] IPUIPlugin:80 - create IPUIPlugin
2023-09-21 15:17:18,361 [INFO] PluginManager:220 - loadIPPluginJar : add usart
2023-09-21 15:17:18,363 [INFO] IPUIPlugin:80 - create IPUIPlugin
2023-09-21 15:17:18,363 [INFO] PluginManager:220 - loadIPPluginJar : add usbx
2023-09-21 15:17:18,493 [INFO] CADModel:165 - CPN selected for project level
2023-09-21 15:17:18,494 [INFO] CADModel:114 - Register for checkConnection events
2023-09-21 15:17:18,495 [FATAL] Updater:308 - Updater called before beeing initialized
2023-09-21 15:17:18,495 [ERROR] CADModel:125 - Updater not yet initialized, retry later 
2023-09-21 15:17:18,718 [INFO] CADModel:165 - CPN selected for project level
2023-09-21 15:17:18,718 [INFO] CADModel:114 - Register for checkConnection events
2023-09-21 15:17:18,718 [FATAL] Updater:308 - Updater called before beeing initialized
2023-09-21 15:17:18,718 [ERROR] CADModel:125 - Updater not yet initialized, retry later 
2023-09-21 15:17:18,721 [FATAL] Updater:308 - Updater called before beeing initialized
2023-09-21 15:17:18,827 [FATAL] Updater:308 - Updater called before beeing initialized
2023-09-21 15:17:18,832 [INFO] DbMcusAds:53 - JSON generation date=Tue Mar 07 03:50:55 EST 2023 (1678179055114)
2023-09-21 15:17:18,832 [FATAL] Updater:308 - Updater called before beeing initialized
2023-09-21 15:17:18,878 [WARN] DetailPanel:346 - Failed to get advertising image, set to default
2023-09-21 15:17:19,013 [FATAL] Updater:308 - Updater called before beeing initialized
2023-09-21 15:17:19,014 [FATAL] Updater:308 - Updater called before beeing initialized
2023-09-21 15:17:19,014 [FATAL] Updater:308 - Updater called before beeing initialized
2023-09-21 15:17:19,015 [WARN] DetailPanel:346 - Failed to get advertising image, set to default
2023-09-21 15:17:19,015 [FATAL] Updater:308 - Updater called before beeing initialized
2023-09-21 15:17:19,061 [ERROR] Updater:1120 - MainUpdater not yet initialized. External WinMGr cannot be set.
2023-09-21 15:17:19,064 [INFO] Updater:1056 - Updater Version found : 6.9.1
2023-09-21 15:17:19,082 [INFO] ApplicationProperties:184 - Using Application install path: C:\ST\STM32CubeIDE_1.13.1\STM32CubeIDE\plugins\com.st.stm32cube.common.mx_6.9.1.202307191849
2023-09-21 15:17:19,228 [INFO] MainUpdater:2868 - connection check result : 10
2023-09-21 15:17:19,229 [INFO] MainUpdater:285 - Updater Check For Update Now.
2023-09-21 15:17:19,229 [INFO] MicroXplorer:498 - Change Database Version : DB.6.0.91
2023-09-21 15:17:19,236 [INFO] McuFinderGlobals:63 - Set McuFinder mode to 2 (CubeIDE integrated)
2023-09-21 15:17:19,236 [INFO] UserAuth:179 - activating auth plugin
2023-09-21 15:17:19,238 [INFO] UserAuth:393 - Internet connection configuration mode: 1
2023-09-21 15:17:19,254 [INFO] JxBrowserEngine:151 - Initiate JxBrowser Engine with user profile folder
2023-09-21 15:17:19,409 [INFO] CheckServerUpdateThread:120 - End of CheckServer Thread
2023-09-21 15:17:20,170 [INFO] WebApp:157 - Instantiating new browser for Auth
2023-09-21 15:17:20,685 [INFO] WebApp:753 - Register for checkConnection events
2023-09-21 15:17:20,685 [INFO] WebApp:390 - Apply proxy settings
2023-09-21 15:17:20,686 [INFO] WebApp:475 - Chromium requires no authentication
2023-09-21 15:17:20,693 [INFO] WebApp:418 - Direct internet connection detected
2023-09-21 15:17:20,851 [WARN] PackLoader:240 - Cannot read IP mode file for STMicroelectronics.X-CUBE-SMBUS.2.1.0
2023-09-21 15:17:20,867 [INFO] WebApp:188 - Starting web application
2023-09-21 15:17:20,868 [INFO] WebApp:520 - Web application path used C:\ST\STM32CubeIDE_1.13.1\STM32CubeIDE\plugins\com.st.stm32cube.common.mx_6.9.1.202307191849\db\plugins\mcufinder\reactClient1\index.html
2023-09-21 15:17:20,906 [WARN] PackLoader:240 - Cannot read IP mode file for STMicroelectronics.X-CUBE-AZRTOS-F7.1.1.0
2023-09-21 15:17:20,919 [WARN] PackLoader:240 - Cannot read IP mode file for STMicroelectronics.FP-SNS-MOTENV1.4.3.2
2023-09-21 15:17:20,931 [WARN] PackLoader:240 - Cannot read IP mode file for STMicroelectronics.X-CUBE-DISPLAY.3.0.0
2023-09-21 15:17:20,951 [WARN] PackLoader:240 - Cannot read IP mode file for emotas.I-CUBE-CANOPEN.1.3.0
2023-09-21 15:17:20,958 [WARN] PackLoader:240 - Cannot read IP mode file for STMicroelectronics.X-CUBE-TOUCHGFX.4.22.0
2023-09-21 15:17:20,964 [WARN] PackLoader:240 - Cannot read IP mode file for STMicroelectronics.FP-SNS-SMARTAG2.1.2.0
2023-09-21 15:17:20,983 [INFO] LogOutputStream:77 - [STDOUT_REDIRECT] 1 : Invalid condition id : UX_CORESTACK_Condition cause : null
2023-09-21 15:17:20,984 [INFO] LogOutputStream:77 - [STDOUT_REDIRECT] 1 : Invalid condition id : UX_CORESTACK_Condition cause : null
2023-09-21 15:17:20,986 [INFO] LogOutputStream:77 - [STDOUT_REDIRECT] 1 : Invalid condition id : UX_CORESTACK_Condition cause : null
2023-09-21 15:17:20,988 [INFO] LogOutputStream:77 - [STDOUT_REDIRECT] 1 : Invalid condition id : UX_CORESTACK_Condition cause : null
2023-09-21 15:17:20,990 [INFO] LogOutputStream:77 - [STDOUT_REDIRECT] 1 : Invalid condition id : UX_CORESTACK_Condition cause : null
2023-09-21 15:17:20,996 [WARN] PackLoader:240 - Cannot read IP mode file for STMicroelectronics.X-CUBE-AZRTOS-WL.2.0.0
2023-09-21 15:17:21,031 [WARN] PackLoader:240 - Cannot read IP mode file for WES.I-CUBE-Cesium.1.3.0
2023-09-21 15:17:21,046 [WARN] PackLoader:240 - Cannot read IP mode file for STMicroelectronics.X-CUBE-BLE2.3.3.0
2023-09-21 15:17:21,059 [WARN] PackLoader:240 - Cannot read IP mode file for STMicroelectronics.X-CUBE-ALGOBUILD.1.3.0
2023-09-21 15:17:21,093 [WARN] PackLoader:240 - Cannot read IP mode file for STMicroelectronics.X-CUBE-AZRTOS-G0.1.1.0
2023-09-21 15:17:21,107 [WARN] PackLoader:240 - Cannot read IP mode file for STMicroelectronics.X-CUBE-NFC4.3.0.0
2023-09-21 15:17:21,116 [WARN] PackLoader:240 - Cannot read IP mode file for STMicroelectronics.FP-ATR-SIGFOX1.3.2.0
2023-09-21 15:17:21,159 [WARN] PackLoader:240 - Cannot read IP mode file for SEGGER.I-CUBE-embOS.1.3.1
2023-09-21 15:17:21,210 [WARN] PackLoader:240 - Cannot read IP mode file for STMicroelectronics.X-CUBE-GNSS1.6.0.0
2023-09-21 15:17:21,229 [WARN] PackLoader:240 - Cannot read IP mode file for STMicroelectronics.X-CUBE-AZRTOS-F4.1.1.0
2023-09-21 15:17:21,237 [WARN] PackLoader:240 - Cannot read IP mode file for wolfSSL.I-CUBE-wolfSSL.5.6.3
2023-09-21 15:17:21,255 [WARN] PackLoader:240 - Cannot read IP mode file for STMicroelectronics.X-CUBE-AZRTOS-L5.2.0.0
2023-09-21 15:17:21,312 [WARN] PackLoader:240 - Cannot read IP mode file for STMicroelectronics.X-CUBE-MEMS1.9.6.0
2023-09-21 15:17:21,469 [WARN] PackLoader:240 - Cannot read IP mode file for STMicroelectronics.X-CUBE-BLEMGR.2.0.0
2023-09-21 15:17:21,486 [WARN] ConditionMgr:438 - getConditionDescription Invalid condition id : UX DEVICE CLASS RTOS Condition cause : null
2023-09-21 15:17:21,486 [WARN] ConditionMgr:438 - getConditionDescription Invalid condition id : UX DEVICE CLASS RTOS Condition cause : null
2023-09-21 15:17:21,489 [WARN] PackLoader:240 - Cannot read IP mode file for STMicroelectronics.X-CUBE-AZRTOS-H7.3.1.0
2023-09-21 15:17:21,490 [WARN] ConditionMgr:1039 - genDependencies : Invalid condition id : UX DEVICE CLASS RTOS Condition cause : null
2023-09-21 15:17:21,490 [WARN] ConditionMgr:1039 - genDependencies : Invalid condition id : UX DEVICE CLASS RTOS Condition cause : null
2023-09-21 15:17:21,491 [WARN] ConditionMgr:1039 - genDependencies : Invalid condition id : UX DEVICE CLASS RTOS Condition cause : null
2023-09-21 15:17:21,491 [WARN] ConditionMgr:1039 - genDependencies : Invalid condition id : UX DEVICE CLASS RTOS Condition cause : null
2023-09-21 15:17:21,491 [WARN] ConditionMgr:1039 - genDependencies : Invalid condition id : UX DEVICE CLASS RTOS Condition cause : null
2023-09-21 15:17:21,499 [WARN] PackLoader:240 - Cannot read IP mode file for STMicroelectronics.X-CUBE-NFC7.1.0.1
2023-09-21 15:17:21,507 [WARN] PackLoader:240 - Cannot read IP mode file for STMicroelectronics.X-CUBE-NFC6.3.0.0
2023-09-21 15:17:21,519 [WARN] PackLoader:240 - Cannot read IP mode file for STMicroelectronics.X-CUBE-EEPRMA1.4.1.0
2023-09-21 15:17:21,548 [WARN] ConditionMgr:438 - getConditionDescription Invalid condition id : LAN8742 Phy interface Condition cause : null
2023-09-21 15:17:21,549 [WARN] PackLoader:240 - Cannot read IP mode file for STMicroelectronics.X-CUBE-AZRTOS-L4.2.0.0
2023-09-21 15:17:21,551 [WARN] ConditionMgr:1039 - genDependencies : Invalid condition id : LAN8742 Phy interface Condition cause : null
2023-09-21 15:17:21,551 [WARN] ConditionMgr:1039 - genDependencies : Invalid condition id : LAN8742 Phy interface Condition cause : null
2023-09-21 15:17:21,552 [WARN] ConditionMgr:1039 - genDependencies : Invalid condition id : LAN8742 Phy interface Condition cause : null
2023-09-21 15:17:21,562 [WARN] PackLoader:240 - Cannot read IP mode file for STMicroelectronics.X-CUBE-SFXS2LP1.4.0.0
2023-09-21 15:17:21,571 [WARN] PackLoader:240 - Cannot read IP mode file for STMicroelectronics.X-CUBE-ISPU.1.1.0
2023-09-21 15:17:21,600 [WARN] ConditionMgr:438 - getConditionDescription Invalid condition id : UX DEVICE CLASS RTOS Condition cause : null
2023-09-21 15:17:21,600 [WARN] ConditionMgr:438 - getConditionDescription Invalid condition id : UX DEVICE CLASS RTOS Condition cause : null
2023-09-21 15:17:21,604 [WARN] PackLoader:240 - Cannot read IP mode file for STMicroelectronics.X-CUBE-AZRTOS-WB.2.0.0
2023-09-21 15:17:21,605 [WARN] ConditionMgr:1039 - genDependencies : Invalid condition id : UX DEVICE CLASS RTOS Condition cause : null
2023-09-21 15:17:21,605 [WARN] ConditionMgr:1039 - genDependencies : Invalid condition id : UX DEVICE CLASS RTOS Condition cause : null
2023-09-21 15:17:21,606 [WARN] ConditionMgr:1039 - genDependencies : Invalid condition id : UX DEVICE CLASS RTOS Condition cause : null
2023-09-21 15:17:21,606 [WARN] ConditionMgr:1039 - genDependencies : Invalid condition id : UX DEVICE CLASS RTOS Condition cause : null
2023-09-21 15:17:21,607 [WARN] ConditionMgr:1039 - genDependencies : Invalid condition id : UX DEVICE CLASS RTOS Condition cause : null
2023-09-21 15:17:21,621 [WARN] PackLoader:240 - Cannot read IP mode file for STMicroelectronics.X-CUBE-SUBG2.5.0.0
2023-09-21 15:17:21,642 [WARN] PackLoader:240 - Cannot read IP mode file for STMicroelectronics.X-CUBE-AZRTOS-G4.2.0.0
2023-09-21 15:17:21,649 [WARN] PackLoader:240 - Cannot read IP mode file for portGmbH.I-Cube-SoM-uGOAL.1.1.0
2023-09-21 15:17:21,654 [WARN] PackLoader:240 - Cannot read IP mode file for STMicroelectronics.X-CUBE-ALS.1.0.1
2023-09-21 15:17:21,660 [WARN] PackLoader:240 - Cannot read IP mode file for STMicroelectronics.FP-ATR-ASTRA1.2.0.0
2023-09-21 15:17:21,660 [INFO] ThirdParty:978 - Integrity check success = true
2023-09-21 15:17:21,660 [INFO] IntegrityCheckThread:100 - exiting critical section [integrity check]
2023-09-21 15:17:21,660 [INFO] IntegrityCheckThread:103 - End integrity checks thread
2023-09-21 15:17:41,657 [ERROR] LogOutputStream:75 - [STDERR_REDIRECT] SLF4J: Failed to load class "org.slf4j.impl.StaticLoggerBinder".
2023-09-21 15:17:41,658 [ERROR] LogOutputStream:75 - [STDERR_REDIRECT] SLF4J: Defaulting to no-operation (NOP) logger implementation
2023-09-21 15:17:41,660 [ERROR] LogOutputStream:75 - [STDERR_REDIRECT] SLF4J: See http://www.slf4j.org/codes.html#StaticLoggerBinder for further details.
2023-09-21 16:44:10,693 [ERROR] LogOutputStream:75 - [STDERR_REDIRECT] 
