2023-11-11 15:05:01,284 [INFO] Activator:176 - 


2023-11-11 15:05:01,298 [INFO] Activator:177 - !SESSION log4j initialized
2023-11-11 15:05:05,502 [INFO] LogOutputStream:77 - [STDOUT_REDIRECT] 
2023-11-11 15:05:06,301 [INFO] ApplicationProperties:184 - Using Application install path: C:\ST\STM32CubeIDE_1.13.1\STM32CubeIDE\plugins\com.st.stm32cube.common.mx_6.9.1.202307191849
2023-11-11 15:05:06,317 [INFO] DbMcusXml:78 - Set database path to: C:\ST\STM32CubeIDE_1.13.1\STM32CubeIDE\plugins\com.st.stm32cube.common.mx_6.9.1.202307191849\\db\/mcu/
2023-11-11 15:05:06,318 [INFO] ApiDb:274 - Set plugin database path to: C:\ST\STM32CubeIDE_1.13.1\STM32CubeIDE\plugins\com.st.stm32cube.common.mx_6.9.1.202307191849\\db\/plugins/boardmanager/
2023-11-11 15:05:06,318 [WARN] ApiDb:259 - Overriding images path with different value:  => C:\ST\STM32CubeIDE_1.13.1\STM32CubeIDE\plugins\com.st.stm32cube.common.mx_6.9.1.202307191849\\db\/plugins/mcufinder/images/
2023-11-11 15:05:06,329 [INFO] ApiDb:250 - Set database path to: C:\Users\james\.stmcufinder\plugins\mcufinder//mcu/
2023-11-11 15:05:06,330 [INFO] DbMcusAds:125 - Set database path to: C:\Users\james\.stmcufinder\plugins\mcufinder//mcu/
2023-11-11 15:05:06,331 [INFO] CrossReferenceDbSqlite:203 - Set database path to: C:\Users\james\.stmcufinder\plugins\mcufinder//mcu/cs/
2023-11-11 15:05:06,416 [INFO] RulesReader:64 - Compatibility file has been processed (293 Rules)
2023-11-11 15:05:06,498 [INFO] DbMcusXml:78 - Set database path to: C:\ST\STM32CubeIDE_1.13.1\STM32CubeIDE\plugins\com.st.stm32cube.common.mx_6.9.1.202307191849\\db\/mcu/
2023-11-11 15:05:06,498 [INFO] ApiDb:274 - Set plugin database path to: C:\ST\STM32CubeIDE_1.13.1\STM32CubeIDE\plugins\com.st.stm32cube.common.mx_6.9.1.202307191849\\db\/plugins/boardmanager/
2023-11-11 15:05:06,498 [INFO] ApiDb:261 - Set plugin images path to: C:\ST\STM32CubeIDE_1.13.1\STM32CubeIDE\plugins\com.st.stm32cube.common.mx_6.9.1.202307191849\\db\/plugins/mcufinder/images/
2023-11-11 15:05:06,498 [WARN] DbFile:41 - Overriding database path with different value: C:\Users\james\.stmcufinder\plugins\mcufinder/ => C:\Users\james\.stmcufinder\plugins\mcufinder
2023-11-11 15:05:06,498 [INFO] ApiDb:250 - Set database path to: C:\Users\james\.stmcufinder\plugins\mcufinder//mcu/
2023-11-11 15:05:06,498 [WARN] DbFile:41 - Overriding database path with different value: C:\Users\james\.stmcufinder\plugins\mcufinder/ => C:\Users\james\.stmcufinder\plugins\mcufinder
2023-11-11 15:05:06,498 [INFO] DbMcusAds:125 - Set database path to: C:\Users\james\.stmcufinder\plugins\mcufinder//mcu/
2023-11-11 15:05:06,498 [WARN] DbFile:41 - Overriding database path with different value: C:\Users\james\.stmcufinder\plugins\mcufinder/ => C:\Users\james\.stmcufinder\plugins\mcufinder
2023-11-11 15:05:06,498 [WARN] DbFile:41 - Overriding database path with different value: C:\Users\james\.stmcufinder\plugins\mcufinder/ => C:\Users\james\.stmcufinder\plugins\mcufinder
2023-11-11 15:05:06,499 [INFO] CrossReferenceDbSqlite:203 - Set database path to: C:\Users\james\.stmcufinder\plugins\mcufinder//mcu/cs/
2023-11-11 15:05:06,571 [INFO] MainPanel:262 - HeapMemory: 268435456
2023-11-11 15:05:06,650 [INFO] DbMcusXml:78 - Set database path to: C:\ST\STM32CubeIDE_1.13.1\STM32CubeIDE\plugins\com.st.stm32cube.common.mx_6.9.1.202307191849\\db\/mcu/
2023-11-11 15:05:06,650 [INFO] ApiDb:274 - Set plugin database path to: C:\ST\STM32CubeIDE_1.13.1\STM32CubeIDE\plugins\com.st.stm32cube.common.mx_6.9.1.202307191849\\db\/plugins/boardmanager/
2023-11-11 15:05:06,650 [INFO] ApiDb:261 - Set plugin images path to: C:\ST\STM32CubeIDE_1.13.1\STM32CubeIDE\plugins\com.st.stm32cube.common.mx_6.9.1.202307191849\\db\/plugins/mcufinder/images/
2023-11-11 15:05:06,651 [WARN] DbFile:41 - Overriding database path with different value: C:\Users\james\.stmcufinder\plugins\mcufinder/ => C:\Users\james\.stmcufinder\plugins\mcufinder
2023-11-11 15:05:06,651 [INFO] ApiDb:250 - Set database path to: C:\Users\james\.stmcufinder\plugins\mcufinder//mcu/
2023-11-11 15:05:06,651 [WARN] DbFile:41 - Overriding database path with different value: C:\Users\james\.stmcufinder\plugins\mcufinder/ => C:\Users\james\.stmcufinder\plugins\mcufinder
2023-11-11 15:05:06,651 [INFO] DbMcusAds:125 - Set database path to: C:\Users\james\.stmcufinder\plugins\mcufinder//mcu/
2023-11-11 15:05:06,651 [WARN] DbFile:41 - Overriding database path with different value: C:\Users\james\.stmcufinder\plugins\mcufinder/ => C:\Users\james\.stmcufinder\plugins\mcufinder
2023-11-11 15:05:06,651 [WARN] DbFile:41 - Overriding database path with different value: C:\Users\james\.stmcufinder\plugins\mcufinder/ => C:\Users\james\.stmcufinder\plugins\mcufinder
2023-11-11 15:05:06,651 [INFO] CrossReferenceDbSqlite:203 - Set database path to: C:\Users\james\.stmcufinder\plugins\mcufinder//mcu/cs/
2023-11-11 15:05:06,669 [INFO] ApplicationProperties:184 - Using Application install path: C:\ST\STM32CubeIDE_1.13.1\STM32CubeIDE\plugins\com.st.stm32cube.common.mx_6.9.1.202307191849
2023-11-11 15:05:06,670 [INFO] PluginManage:196 - Search for loadable plugins [exclusion list=, ]
2023-11-11 15:05:06,671 [INFO] PluginManage:310 - Check plugin analytics
2023-11-11 15:05:06,795 [INFO] AnalyticsPlugin:253 - Accepted Software Licenses: 
2023-11-11 15:05:06,795 [INFO] AnalyticsPlugin:255 - Accepted CMSIS Pack Licenses: 
2023-11-11 15:05:06,795 [INFO] AnalyticsPlugin:257 - Accepted Firmware Licenses: FW.L4.1.18.0
2023-11-11 15:05:06,797 [INFO] PluginManage:359 - Loaded plugin analytics (category:tool,tabindex:-1)
2023-11-11 15:05:06,797 [INFO] PluginManage:310 - Check plugin cadmodel
2023-11-11 15:05:06,801 [INFO] CADModel:105 - Init CAD model plugin
2023-11-11 15:05:06,801 [INFO] PluginManage:359 - Loaded plugin cadmodel (category:power,tabindex:5)
2023-11-11 15:05:06,802 [INFO] PluginManage:310 - Check plugin clock
2023-11-11 15:05:06,811 [INFO] PluginManage:359 - Loaded plugin clock (category:base,tabindex:2)
2023-11-11 15:05:06,811 [INFO] PluginManage:310 - Check plugin ddr
2023-11-11 15:05:06,813 [INFO] PluginManage:359 - Loaded plugin ddr (category:tool,tabindex:6)
2023-11-11 15:05:06,814 [INFO] PluginManage:310 - Check plugin filemanager
2023-11-11 15:05:06,925 [INFO] PluginManage:359 - Loaded plugin filemanager (category:base,tabindex:10)
2023-11-11 15:05:06,925 [INFO] PluginManage:310 - Check plugin ipmanager
2023-11-11 15:05:06,932 [INFO] PluginManage:359 - Loaded plugin ipmanager (category:base,tabindex:5)
2023-11-11 15:05:06,932 [INFO] PluginManage:310 - Check plugin lpbam
2023-11-11 15:05:06,939 [INFO] PluginManage:359 - Loaded plugin lpbam (category:base,tabindex:0)
2023-11-11 15:05:06,939 [INFO] PluginManage:310 - Check plugin memorymap
2023-11-11 15:05:06,952 [INFO] PluginManage:359 - Loaded plugin memorymap (category:base,tabindex:4)
2023-11-11 15:05:06,952 [INFO] PluginManage:310 - Check plugin pinoutandconfiguration
2023-11-11 15:05:06,959 [INFO] PluginManage:359 - Loaded plugin pinoutandconfiguration (category:base,tabindex:1)
2023-11-11 15:05:06,959 [INFO] PluginManage:310 - Check plugin pinoutconfig
2023-11-11 15:05:07,032 [WARN] SupportedApi:132 - Cannot load RTOS API schema: s4s-elt-must-match.1: The content of 'definitions' must match (annotation?, (simpleType | complexType)?, (unique | key | keyref)*)). A problem was found starting at: attribute.
2023-11-11 15:05:07,146 [INFO] PluginManage:359 - Loaded plugin pinoutconfig (category:base,tabindex:0)
2023-11-11 15:05:07,146 [INFO] PluginManage:310 - Check plugin power
2023-11-11 15:05:07,157 [INFO] PluginManage:359 - Loaded plugin power (category:power,tabindex:4)
2023-11-11 15:05:07,157 [INFO] PluginManage:310 - Check plugin projectmanager
2023-11-11 15:05:07,170 [INFO] PluginManage:359 - Loaded plugin projectmanager (category:projectmanager,tabindex:3)
2023-11-11 15:05:07,170 [INFO] PluginManage:310 - Check plugin thirdparty
2023-11-11 15:05:07,283 [INFO] PluginManage:359 - Loaded plugin thirdparty (category:base,tabindex:-1)
2023-11-11 15:05:07,283 [WARN] IntegrityCheckThread:84 - waiting for thirdparty lock release [integrity check]
2023-11-11 15:05:07,283 [INFO] PluginManage:310 - Check plugin tools
2023-11-11 15:05:07,283 [INFO] IntegrityCheckThread:86 - entering critical section [integrity check]
2023-11-11 15:05:07,283 [INFO] ThirdPartyUpdaterWithRetryManager:70 - Updater plugin not ready yet. [1/15]
2023-11-11 15:05:07,285 [INFO] PluginManage:359 - Loaded plugin tools (category:base,tabindex:7)
2023-11-11 15:05:07,285 [INFO] PluginManage:310 - Check plugin tutovideos
2023-11-11 15:05:07,431 [INFO] PluginManage:359 - Loaded plugin tutovideos (category:base,tabindex:-1)
2023-11-11 15:05:07,431 [INFO] PluginManage:310 - Check plugin updater
2023-11-11 15:05:07,441 [INFO] PluginManage:359 - Loaded plugin updater (category:base,tabindex:12)
2023-11-11 15:05:07,441 [INFO] PluginManage:310 - Check plugin userauth
2023-11-11 15:05:07,446 [INFO] UserAuth:113 - Init User Auth plugin
2023-11-11 15:05:07,446 [INFO] PluginManage:359 - Loaded plugin userauth (category:base,tabindex:14)
2023-11-11 15:05:07,446 [INFO] PluginManage:283 - PluginManage : Loaded plugins [17]
2023-11-11 15:05:07,636 [INFO] PinOutPanel:1499 - setPackage(No Configuration,No Configuration)
2023-11-11 15:05:07,742 [INFO] CADModel:165 - CPN selected for project level
2023-11-11 15:05:07,743 [INFO] CADModel:114 - Register for checkConnection events
2023-11-11 15:05:07,756 [INFO] IPUIPlugin:80 - create IPUIPlugin
2023-11-11 15:05:07,756 [INFO] PluginManager:220 - loadIPPluginJar : add adc
2023-11-11 15:05:07,758 [INFO] IPUIPlugin:80 - create IPUIPlugin
2023-11-11 15:05:07,758 [INFO] PluginManager:220 - loadIPPluginJar : add aes
2023-11-11 15:05:07,761 [INFO] IPUIPlugin:80 - create IPUIPlugin
2023-11-11 15:05:07,761 [INFO] PluginManager:220 - loadIPPluginJar : add can
2023-11-11 15:05:07,762 [INFO] IPUIPlugin:80 - create IPUIPlugin
2023-11-11 15:05:07,762 [INFO] PluginManager:220 - loadIPPluginJar : add comp
2023-11-11 15:05:07,764 [INFO] IPUIPlugin:80 - create IPUIPlugin
2023-11-11 15:05:07,764 [INFO] PluginManager:220 - loadIPPluginJar : add cryp
2023-11-11 15:05:07,766 [INFO] IPUIPlugin:80 - create IPUIPlugin
2023-11-11 15:05:07,766 [INFO] PluginManager:220 - loadIPPluginJar : add dfsdm
2023-11-11 15:05:07,771 [INFO] IPUIPlugin:80 - create IPUIPlugin
2023-11-11 15:05:07,771 [INFO] PluginManager:220 - loadIPPluginJar : add dma
2023-11-11 15:05:07,773 [INFO] IPUIPlugin:80 - create IPUIPlugin
2023-11-11 15:05:07,773 [INFO] PluginManager:220 - loadIPPluginJar : add dma3
2023-11-11 15:05:07,774 [INFO] IPUIPlugin:80 - create IPUIPlugin
2023-11-11 15:05:07,774 [INFO] PluginManager:220 - loadIPPluginJar : add fatfs
2023-11-11 15:05:07,778 [INFO] IPUIPlugin:80 - create IPUIPlugin
2023-11-11 15:05:07,778 [INFO] PluginManager:220 - loadIPPluginJar : add fmc
2023-11-11 15:05:07,783 [INFO] IPUIPlugin:80 - create IPUIPlugin
2023-11-11 15:05:07,784 [INFO] PluginManager:220 - loadIPPluginJar : add freertos
2023-11-11 15:05:07,785 [INFO] IPUIPlugin:80 - create IPUIPlugin
2023-11-11 15:05:07,785 [INFO] PluginManager:220 - loadIPPluginJar : add genericplugin
2023-11-11 15:05:07,787 [INFO] IPUIPlugin:80 - create IPUIPlugin
2023-11-11 15:05:07,788 [INFO] PluginManager:220 - loadIPPluginJar : add gfxmmu
2023-11-11 15:05:07,792 [INFO] IPUIPlugin:80 - create IPUIPlugin
2023-11-11 15:05:07,792 [INFO] PluginManager:220 - loadIPPluginJar : add gic
2023-11-11 15:05:07,797 [INFO] IPUIPlugin:80 - create IPUIPlugin
2023-11-11 15:05:07,797 [INFO] PluginManager:220 - loadIPPluginJar : add gpio
2023-11-11 15:05:07,799 [INFO] IPUIPlugin:80 - create IPUIPlugin
2023-11-11 15:05:07,799 [INFO] PluginManager:220 - loadIPPluginJar : add gtzc
2023-11-11 15:05:07,801 [INFO] IPUIPlugin:80 - create IPUIPlugin
2023-11-11 15:05:07,802 [INFO] PluginManager:220 - loadIPPluginJar : add hash
2023-11-11 15:05:07,804 [INFO] IPUIPlugin:80 - create IPUIPlugin
2023-11-11 15:05:07,804 [INFO] PluginManager:220 - loadIPPluginJar : add i2c
2023-11-11 15:05:07,807 [INFO] IPUIPlugin:80 - create IPUIPlugin
2023-11-11 15:05:07,807 [INFO] PluginManager:220 - loadIPPluginJar : add i2s
2023-11-11 15:05:07,810 [INFO] IPUIPlugin:80 - create IPUIPlugin
2023-11-11 15:05:07,810 [INFO] PluginManager:220 - loadIPPluginJar : add i3c
2023-11-11 15:05:07,812 [INFO] IPUIPlugin:80 - create IPUIPlugin
2023-11-11 15:05:07,813 [INFO] PluginManager:220 - loadIPPluginJar : add ipddr
2023-11-11 15:05:07,818 [INFO] IPUIPlugin:80 - create IPUIPlugin
2023-11-11 15:05:07,819 [INFO] PluginManager:220 - loadIPPluginJar : add linkedlist
2023-11-11 15:05:07,821 [INFO] IPUIPlugin:80 - create IPUIPlugin
2023-11-11 15:05:07,821 [INFO] PluginManager:220 - loadIPPluginJar : add lorawan
2023-11-11 15:05:07,823 [INFO] IPUIPlugin:80 - create IPUIPlugin
2023-11-11 15:05:07,823 [INFO] PluginManager:220 - loadIPPluginJar : add ltdc
2023-11-11 15:05:07,828 [INFO] IPUIPlugin:80 - create IPUIPlugin
2023-11-11 15:05:07,828 [INFO] PluginManager:220 - loadIPPluginJar : add mdma
2023-11-11 15:05:07,832 [INFO] IPUIPlugin:80 - create IPUIPlugin
2023-11-11 15:05:07,832 [INFO] PluginManager:220 - loadIPPluginJar : add nvic
2023-11-11 15:05:07,834 [INFO] IPUIPlugin:80 - create IPUIPlugin
2023-11-11 15:05:07,834 [INFO] PluginManager:220 - loadIPPluginJar : add opamp
2023-11-11 15:05:07,836 [INFO] IPUIPlugin:80 - create IPUIPlugin
2023-11-11 15:05:07,836 [INFO] PluginManager:220 - loadIPPluginJar : add openamp
2023-11-11 15:05:07,839 [INFO] IPUIPlugin:80 - create IPUIPlugin
2023-11-11 15:05:07,839 [INFO] PluginManager:220 - loadIPPluginJar : add pdm2pcm
2023-11-11 15:05:07,843 [INFO] IPUIPlugin:80 - create IPUIPlugin
2023-11-11 15:05:07,845 [INFO] PluginManager:220 - loadIPPluginJar : add plateformsettings
2023-11-11 15:05:07,847 [INFO] IPUIPlugin:80 - create IPUIPlugin
2023-11-11 15:05:07,847 [INFO] PluginManager:220 - loadIPPluginJar : add quadspi
2023-11-11 15:05:07,850 [INFO] IPUIPlugin:80 - create IPUIPlugin
2023-11-11 15:05:07,850 [INFO] PluginManager:220 - loadIPPluginJar : add resmgrutility
2023-11-11 15:05:07,853 [INFO] IPUIPlugin:80 - create IPUIPlugin
2023-11-11 15:05:07,853 [INFO] PluginManager:220 - loadIPPluginJar : add sai
2023-11-11 15:05:07,855 [INFO] IPUIPlugin:80 - create IPUIPlugin
2023-11-11 15:05:07,855 [INFO] PluginManager:220 - loadIPPluginJar : add spi
2023-11-11 15:05:07,859 [INFO] IPUIPlugin:80 - create IPUIPlugin
2023-11-11 15:05:07,860 [INFO] PluginManager:220 - loadIPPluginJar : add stm32_wpan
2023-11-11 15:05:07,861 [INFO] IPUIPlugin:80 - create IPUIPlugin
2023-11-11 15:05:07,861 [INFO] PluginManager:220 - loadIPPluginJar : add tim
2023-11-11 15:05:07,864 [INFO] IPUIPlugin:80 - create IPUIPlugin
2023-11-11 15:05:07,864 [INFO] PluginManager:220 - loadIPPluginJar : add touchsensing
2023-11-11 15:05:07,866 [INFO] IPUIPlugin:80 - create IPUIPlugin
2023-11-11 15:05:07,866 [INFO] PluginManager:220 - loadIPPluginJar : add tracer_emb
2023-11-11 15:05:07,868 [INFO] IPUIPlugin:80 - create IPUIPlugin
2023-11-11 15:05:07,868 [INFO] PluginManager:220 - loadIPPluginJar : add ts
2023-11-11 15:05:07,869 [INFO] IPUIPlugin:80 - create IPUIPlugin
2023-11-11 15:05:07,869 [INFO] PluginManager:220 - loadIPPluginJar : add tsc
2023-11-11 15:05:07,871 [INFO] IPUIPlugin:80 - create IPUIPlugin
2023-11-11 15:05:07,871 [INFO] PluginManager:220 - loadIPPluginJar : add ucpd
2023-11-11 15:05:07,873 [INFO] IPUIPlugin:80 - create IPUIPlugin
2023-11-11 15:05:07,873 [INFO] PluginManager:220 - loadIPPluginJar : add usart
2023-11-11 15:05:07,876 [INFO] IPUIPlugin:80 - create IPUIPlugin
2023-11-11 15:05:07,876 [INFO] PluginManager:220 - loadIPPluginJar : add usbx
2023-11-11 15:05:07,992 [INFO] CADModel:165 - CPN selected for project level
2023-11-11 15:05:07,992 [INFO] CADModel:114 - Register for checkConnection events
2023-11-11 15:05:07,992 [FATAL] Updater:308 - Updater called before beeing initialized
2023-11-11 15:05:07,992 [ERROR] CADModel:125 - Updater not yet initialized, retry later 
2023-11-11 15:05:08,124 [INFO] CADModel:165 - CPN selected for project level
2023-11-11 15:05:08,124 [INFO] CADModel:114 - Register for checkConnection events
2023-11-11 15:05:08,124 [FATAL] Updater:308 - Updater called before beeing initialized
2023-11-11 15:05:08,124 [ERROR] CADModel:125 - Updater not yet initialized, retry later 
2023-11-11 15:05:08,126 [FATAL] Updater:308 - Updater called before beeing initialized
2023-11-11 15:05:08,210 [FATAL] Updater:308 - Updater called before beeing initialized
2023-11-11 15:05:08,215 [INFO] DbMcusAds:53 - JSON generation date=Tue Mar 07 03:50:55 EST 2023 (1678179055114)
2023-11-11 15:05:08,215 [FATAL] Updater:308 - Updater called before beeing initialized
2023-11-11 15:05:08,252 [WARN] DetailPanel:346 - Failed to get advertising image, set to default
2023-11-11 15:05:08,339 [FATAL] Updater:308 - Updater called before beeing initialized
2023-11-11 15:05:08,341 [FATAL] Updater:308 - Updater called before beeing initialized
2023-11-11 15:05:08,341 [FATAL] Updater:308 - Updater called before beeing initialized
2023-11-11 15:05:08,341 [WARN] DetailPanel:346 - Failed to get advertising image, set to default
2023-11-11 15:05:08,342 [FATAL] Updater:308 - Updater called before beeing initialized
2023-11-11 15:05:08,379 [ERROR] Updater:1120 - MainUpdater not yet initialized. External WinMGr cannot be set.
2023-11-11 15:05:08,381 [INFO] Updater:1056 - Updater Version found : 6.9.1
2023-11-11 15:05:08,397 [INFO] ApplicationProperties:184 - Using Application install path: C:\ST\STM32CubeIDE_1.13.1\STM32CubeIDE\plugins\com.st.stm32cube.common.mx_6.9.1.202307191849
2023-11-11 15:05:08,534 [INFO] MainUpdater:2868 - connection check result : 10
2023-11-11 15:05:08,535 [INFO] MainUpdater:285 - Updater Check For Update Now.
2023-11-11 15:05:08,536 [INFO] MicroXplorer:498 - Change Database Version : DB.6.0.91
2023-11-11 15:05:08,544 [INFO] McuFinderGlobals:63 - Set McuFinder mode to 2 (CubeIDE integrated)
2023-11-11 15:05:08,544 [INFO] UserAuth:179 - activating auth plugin
2023-11-11 15:05:08,547 [INFO] UserAuth:393 - Internet connection configuration mode: 1
2023-11-11 15:05:08,563 [INFO] JxBrowserEngine:151 - Initiate JxBrowser Engine with user profile folder
2023-11-11 15:05:08,694 [INFO] CheckServerUpdateThread:120 - End of CheckServer Thread
2023-11-11 15:05:09,304 [INFO] WebApp:157 - Instantiating new browser for Auth
2023-11-11 15:05:09,767 [INFO] WebApp:753 - Register for checkConnection events
2023-11-11 15:05:09,767 [INFO] WebApp:390 - Apply proxy settings
2023-11-11 15:05:09,767 [INFO] WebApp:475 - Chromium requires no authentication
2023-11-11 15:05:09,774 [INFO] WebApp:418 - Direct internet connection detected
2023-11-11 15:05:09,907 [INFO] WebApp:188 - Starting web application
2023-11-11 15:05:09,907 [INFO] WebApp:520 - Web application path used C:\ST\STM32CubeIDE_1.13.1\STM32CubeIDE\plugins\com.st.stm32cube.common.mx_6.9.1.202307191849\db\plugins\mcufinder\reactClient1\index.html
2023-11-11 15:05:10,459 [WARN] PackLoader:240 - Cannot read IP mode file for STMicroelectronics.X-CUBE-SMBUS.2.1.0
2023-11-11 15:05:10,493 [WARN] PackLoader:240 - Cannot read IP mode file for STMicroelectronics.X-CUBE-AZRTOS-F7.1.1.0
2023-11-11 15:05:10,504 [WARN] PackLoader:240 - Cannot read IP mode file for STMicroelectronics.FP-SNS-MOTENV1.4.3.2
2023-11-11 15:05:10,514 [WARN] PackLoader:240 - Cannot read IP mode file for STMicroelectronics.X-CUBE-DISPLAY.3.0.0
2023-11-11 15:05:10,523 [WARN] PackLoader:240 - Cannot read IP mode file for emotas.I-CUBE-CANOPEN.1.3.0
2023-11-11 15:05:10,527 [WARN] PackLoader:240 - Cannot read IP mode file for STMicroelectronics.X-CUBE-TOUCHGFX.4.22.0
2023-11-11 15:05:10,531 [WARN] PackLoader:240 - Cannot read IP mode file for STMicroelectronics.X-CUBE-TOUCHGFX.4.22.1
2023-11-11 15:05:10,535 [WARN] PackLoader:240 - Cannot read IP mode file for STMicroelectronics.FP-SNS-SMARTAG2.1.2.0
2023-11-11 15:05:10,545 [INFO] LogOutputStream:77 - [STDOUT_REDIRECT] 1 : Invalid condition id : UX_CORESTACK_Condition cause : null
2023-11-11 15:05:10,545 [INFO] LogOutputStream:77 - [STDOUT_REDIRECT] 1 : Invalid condition id : UX_CORESTACK_Condition cause : null
2023-11-11 15:05:10,546 [INFO] LogOutputStream:77 - [STDOUT_REDIRECT] 1 : Invalid condition id : UX_CORESTACK_Condition cause : null
2023-11-11 15:05:10,547 [INFO] LogOutputStream:77 - [STDOUT_REDIRECT] 1 : Invalid condition id : UX_CORESTACK_Condition cause : null
2023-11-11 15:05:10,547 [INFO] LogOutputStream:77 - [STDOUT_REDIRECT] 1 : Invalid condition id : UX_CORESTACK_Condition cause : null
2023-11-11 15:05:10,551 [WARN] PackLoader:240 - Cannot read IP mode file for STMicroelectronics.X-CUBE-AZRTOS-WL.2.0.0
2023-11-11 15:05:10,559 [WARN] PackLoader:240 - Cannot read IP mode file for WES.I-CUBE-Cesium.1.3.0
2023-11-11 15:05:10,566 [WARN] PackLoader:240 - Cannot read IP mode file for STMicroelectronics.X-CUBE-BLE2.3.3.0
2023-11-11 15:05:10,573 [WARN] PackLoader:240 - Cannot read IP mode file for STMicroelectronics.X-CUBE-ALGOBUILD.1.3.0
2023-11-11 15:05:10,589 [WARN] PackLoader:240 - Cannot read IP mode file for STMicroelectronics.X-CUBE-AZRTOS-G0.1.1.0
2023-11-11 15:05:10,596 [WARN] PackLoader:240 - Cannot read IP mode file for STMicroelectronics.X-CUBE-NFC4.3.0.0
2023-11-11 15:05:10,604 [WARN] PackLoader:240 - Cannot read IP mode file for STMicroelectronics.X-CUBE-BLEMGR.3.0.0
2023-11-11 15:05:10,611 [WARN] PackLoader:240 - Cannot read IP mode file for STMicroelectronics.FP-ATR-SIGFOX1.3.2.0
2023-11-11 15:05:10,632 [WARN] PackLoader:240 - Cannot read IP mode file for SEGGER.I-CUBE-embOS.1.3.1
2023-11-11 15:05:10,661 [WARN] PackLoader:240 - Cannot read IP mode file for STMicroelectronics.X-CUBE-GNSS1.6.0.0
2023-11-11 15:05:10,679 [WARN] PackLoader:240 - Cannot read IP mode file for STMicroelectronics.X-CUBE-AZRTOS-F4.1.1.0
2023-11-11 15:05:10,687 [WARN] PackLoader:240 - Cannot read IP mode file for wolfSSL.I-CUBE-wolfSSL.5.6.3
2023-11-11 15:05:10,706 [WARN] PackLoader:240 - Cannot read IP mode file for STMicroelectronics.X-CUBE-AZRTOS-L5.2.0.0
2023-11-11 15:05:10,754 [WARN] PackLoader:240 - Cannot read IP mode file for STMicroelectronics.X-CUBE-MEMS1.9.6.0
2023-11-11 15:05:10,887 [WARN] PackLoader:240 - Cannot read IP mode file for STMicroelectronics.X-CUBE-EEPRMA1.4.2.0
2023-11-11 15:05:10,893 [WARN] PackLoader:240 - Cannot read IP mode file for ITTIA_DB.I-CUBE-ITTIADB.8.8.0
2023-11-11 15:05:10,898 [WARN] PackLoader:240 - Cannot read IP mode file for STMicroelectronics.X-CUBE-BLEMGR.2.0.0
2023-11-11 15:05:10,911 [WARN] ConditionMgr:438 - getConditionDescription Invalid condition id : UX DEVICE CLASS RTOS Condition cause : null
2023-11-11 15:05:10,912 [WARN] ConditionMgr:438 - getConditionDescription Invalid condition id : UX DEVICE CLASS RTOS Condition cause : null
2023-11-11 15:05:10,915 [WARN] PackLoader:240 - Cannot read IP mode file for STMicroelectronics.X-CUBE-AZRTOS-H7.3.1.0
2023-11-11 15:05:10,915 [WARN] ConditionMgr:1039 - genDependencies : Invalid condition id : UX DEVICE CLASS RTOS Condition cause : null
2023-11-11 15:05:10,915 [WARN] ConditionMgr:1039 - genDependencies : Invalid condition id : UX DEVICE CLASS RTOS Condition cause : null
2023-11-11 15:05:10,916 [WARN] ConditionMgr:1039 - genDependencies : Invalid condition id : UX DEVICE CLASS RTOS Condition cause : null
2023-11-11 15:05:10,916 [WARN] ConditionMgr:1039 - genDependencies : Invalid condition id : UX DEVICE CLASS RTOS Condition cause : null
2023-11-11 15:05:10,916 [WARN] ConditionMgr:1039 - genDependencies : Invalid condition id : UX DEVICE CLASS RTOS Condition cause : null
2023-11-11 15:05:10,920 [WARN] PackLoader:240 - Cannot read IP mode file for STMicroelectronics.X-CUBE-NFC7.1.0.1
2023-11-11 15:05:10,927 [WARN] PackLoader:240 - Cannot read IP mode file for STMicroelectronics.X-CUBE-NFC6.3.0.0
2023-11-11 15:05:10,932 [WARN] PackLoader:240 - Cannot read IP mode file for STMicroelectronics.X-CUBE-EEPRMA1.4.1.0
2023-11-11 15:05:10,945 [WARN] ConditionMgr:438 - getConditionDescription Invalid condition id : LAN8742 Phy interface Condition cause : null
2023-11-11 15:05:10,946 [WARN] PackLoader:240 - Cannot read IP mode file for STMicroelectronics.X-CUBE-AZRTOS-L4.2.0.0
2023-11-11 15:05:10,947 [WARN] ConditionMgr:1039 - genDependencies : Invalid condition id : LAN8742 Phy interface Condition cause : null
2023-11-11 15:05:10,947 [WARN] ConditionMgr:1039 - genDependencies : Invalid condition id : LAN8742 Phy interface Condition cause : null
2023-11-11 15:05:10,947 [WARN] ConditionMgr:1039 - genDependencies : Invalid condition id : LAN8742 Phy interface Condition cause : null
2023-11-11 15:05:10,953 [WARN] PackLoader:240 - Cannot read IP mode file for STMicroelectronics.X-CUBE-SFXS2LP1.4.0.0
2023-11-11 15:05:10,957 [WARN] PackLoader:240 - Cannot read IP mode file for STMicroelectronics.X-CUBE-ISPU.1.1.0
2023-11-11 15:05:10,967 [WARN] ConditionMgr:438 - getConditionDescription Invalid condition id : UX DEVICE CLASS RTOS Condition cause : null
2023-11-11 15:05:10,967 [WARN] ConditionMgr:438 - getConditionDescription Invalid condition id : UX DEVICE CLASS RTOS Condition cause : null
2023-11-11 15:05:10,968 [WARN] PackLoader:240 - Cannot read IP mode file for STMicroelectronics.X-CUBE-AZRTOS-WB.2.0.0
2023-11-11 15:05:10,969 [WARN] ConditionMgr:1039 - genDependencies : Invalid condition id : UX DEVICE CLASS RTOS Condition cause : null
2023-11-11 15:05:10,969 [WARN] ConditionMgr:1039 - genDependencies : Invalid condition id : UX DEVICE CLASS RTOS Condition cause : null
2023-11-11 15:05:10,969 [WARN] ConditionMgr:1039 - genDependencies : Invalid condition id : UX DEVICE CLASS RTOS Condition cause : null
2023-11-11 15:05:10,969 [WARN] ConditionMgr:1039 - genDependencies : Invalid condition id : UX DEVICE CLASS RTOS Condition cause : null
2023-11-11 15:05:10,969 [WARN] ConditionMgr:1039 - genDependencies : Invalid condition id : UX DEVICE CLASS RTOS Condition cause : null
2023-11-11 15:05:10,977 [WARN] PackLoader:240 - Cannot read IP mode file for STMicroelectronics.X-CUBE-SUBG2.5.0.0
2023-11-11 15:05:10,991 [WARN] PackLoader:240 - Cannot read IP mode file for STMicroelectronics.X-CUBE-AZRTOS-G4.2.0.0
2023-11-11 15:05:11,004 [WARN] PackLoader:240 - Cannot read IP mode file for Infineon.AIROC-Wi-Fi-Bluetooth-STM32.1.5.1
2023-11-11 15:05:11,039 [WARN] PackLoader:240 - Cannot read IP mode file for STMicroelectronics.X-CUBE-MEMS1.10.0.0
2023-11-11 15:05:11,143 [WARN] PackLoader:240 - Cannot read IP mode file for portGmbH.I-Cube-SoM-uGOAL.1.1.0
2023-11-11 15:05:11,147 [WARN] PackLoader:240 - Cannot read IP mode file for STMicroelectronics.X-CUBE-ALS.1.0.1
2023-11-11 15:05:11,152 [WARN] PackLoader:240 - Cannot read IP mode file for STMicroelectronics.FP-ATR-ASTRA1.2.0.0
2023-11-11 15:05:11,152 [INFO] ThirdParty:978 - Integrity check success = true
2023-11-11 15:05:11,153 [INFO] IntegrityCheckThread:100 - exiting critical section [integrity check]
2023-11-11 15:05:11,153 [INFO] IntegrityCheckThread:103 - End integrity checks thread
2023-11-11 15:05:30,456 [ERROR] LogOutputStream:75 - [STDERR_REDIRECT] SLF4J: Failed to load class "org.slf4j.impl.StaticLoggerBinder".
2023-11-11 15:05:30,456 [ERROR] LogOutputStream:75 - [STDERR_REDIRECT] SLF4J: Defaulting to no-operation (NOP) logger implementation
2023-11-11 15:05:30,458 [ERROR] LogOutputStream:75 - [STDERR_REDIRECT] SLF4J: See http://www.slf4j.org/codes.html#StaticLoggerBinder for further details.
2023-11-11 18:43:21,344 [ERROR] LogOutputStream:75 - [STDERR_REDIRECT] 
