2023-10-26 15:15:33,055 [INFO] Activator:176 - 


2023-10-26 15:15:33,067 [INFO] Activator:177 - !SESSION log4j initialized
2023-10-26 15:15:38,300 [INFO] LogOutputStream:77 - [STDOUT_REDIRECT] 
2023-10-26 15:15:39,250 [INFO] ApplicationProperties:184 - Using Application install path: C:\ST\STM32CubeIDE_1.13.1\STM32CubeIDE\plugins\com.st.stm32cube.common.mx_6.9.1.202307191849
2023-10-26 15:15:39,270 [INFO] DbMcusXml:78 - Set database path to: C:\ST\STM32CubeIDE_1.13.1\STM32CubeIDE\plugins\com.st.stm32cube.common.mx_6.9.1.202307191849\\db\/mcu/
2023-10-26 15:15:39,270 [INFO] ApiDb:274 - Set plugin database path to: C:\ST\STM32CubeIDE_1.13.1\STM32CubeIDE\plugins\com.st.stm32cube.common.mx_6.9.1.202307191849\\db\/plugins/boardmanager/
2023-10-26 15:15:39,270 [WARN] ApiDb:259 - Overriding images path with different value:  => C:\ST\STM32CubeIDE_1.13.1\STM32CubeIDE\plugins\com.st.stm32cube.common.mx_6.9.1.202307191849\\db\/plugins/mcufinder/images/
2023-10-26 15:15:39,286 [INFO] ApiDb:250 - Set database path to: C:\Users\james\.stmcufinder\plugins\mcufinder//mcu/
2023-10-26 15:15:39,286 [INFO] DbMcusAds:125 - Set database path to: C:\Users\james\.stmcufinder\plugins\mcufinder//mcu/
2023-10-26 15:15:39,290 [INFO] CrossReferenceDbSqlite:203 - Set database path to: C:\Users\james\.stmcufinder\plugins\mcufinder//mcu/cs/
2023-10-26 15:15:39,413 [INFO] RulesReader:64 - Compatibility file has been processed (293 Rules)
2023-10-26 15:15:39,520 [INFO] DbMcusXml:78 - Set database path to: C:\ST\STM32CubeIDE_1.13.1\STM32CubeIDE\plugins\com.st.stm32cube.common.mx_6.9.1.202307191849\\db\/mcu/
2023-10-26 15:15:39,520 [INFO] ApiDb:274 - Set plugin database path to: C:\ST\STM32CubeIDE_1.13.1\STM32CubeIDE\plugins\com.st.stm32cube.common.mx_6.9.1.202307191849\\db\/plugins/boardmanager/
2023-10-26 15:15:39,520 [INFO] ApiDb:261 - Set plugin images path to: C:\ST\STM32CubeIDE_1.13.1\STM32CubeIDE\plugins\com.st.stm32cube.common.mx_6.9.1.202307191849\\db\/plugins/mcufinder/images/
2023-10-26 15:15:39,524 [WARN] DbFile:41 - Overriding database path with different value: C:\Users\james\.stmcufinder\plugins\mcufinder/ => C:\Users\james\.stmcufinder\plugins\mcufinder
2023-10-26 15:15:39,524 [INFO] ApiDb:250 - Set database path to: C:\Users\james\.stmcufinder\plugins\mcufinder//mcu/
2023-10-26 15:15:39,524 [WARN] DbFile:41 - Overriding database path with different value: C:\Users\james\.stmcufinder\plugins\mcufinder/ => C:\Users\james\.stmcufinder\plugins\mcufinder
2023-10-26 15:15:39,524 [INFO] DbMcusAds:125 - Set database path to: C:\Users\james\.stmcufinder\plugins\mcufinder//mcu/
2023-10-26 15:15:39,524 [WARN] DbFile:41 - Overriding database path with different value: C:\Users\james\.stmcufinder\plugins\mcufinder/ => C:\Users\james\.stmcufinder\plugins\mcufinder
2023-10-26 15:15:39,524 [WARN] DbFile:41 - Overriding database path with different value: C:\Users\james\.stmcufinder\plugins\mcufinder/ => C:\Users\james\.stmcufinder\plugins\mcufinder
2023-10-26 15:15:39,524 [INFO] CrossReferenceDbSqlite:203 - Set database path to: C:\Users\james\.stmcufinder\plugins\mcufinder//mcu/cs/
2023-10-26 15:15:39,608 [INFO] MainPanel:262 - HeapMemory: 268435456
2023-10-26 15:15:39,688 [INFO] DbMcusXml:78 - Set database path to: C:\ST\STM32CubeIDE_1.13.1\STM32CubeIDE\plugins\com.st.stm32cube.common.mx_6.9.1.202307191849\\db\/mcu/
2023-10-26 15:15:39,688 [INFO] ApiDb:274 - Set plugin database path to: C:\ST\STM32CubeIDE_1.13.1\STM32CubeIDE\plugins\com.st.stm32cube.common.mx_6.9.1.202307191849\\db\/plugins/boardmanager/
2023-10-26 15:15:39,688 [INFO] ApiDb:261 - Set plugin images path to: C:\ST\STM32CubeIDE_1.13.1\STM32CubeIDE\plugins\com.st.stm32cube.common.mx_6.9.1.202307191849\\db\/plugins/mcufinder/images/
2023-10-26 15:15:39,692 [WARN] DbFile:41 - Overriding database path with different value: C:\Users\james\.stmcufinder\plugins\mcufinder/ => C:\Users\james\.stmcufinder\plugins\mcufinder
2023-10-26 15:15:39,692 [INFO] ApiDb:250 - Set database path to: C:\Users\james\.stmcufinder\plugins\mcufinder//mcu/
2023-10-26 15:15:39,692 [WARN] DbFile:41 - Overriding database path with different value: C:\Users\james\.stmcufinder\plugins\mcufinder/ => C:\Users\james\.stmcufinder\plugins\mcufinder
2023-10-26 15:15:39,692 [INFO] DbMcusAds:125 - Set database path to: C:\Users\james\.stmcufinder\plugins\mcufinder//mcu/
2023-10-26 15:15:39,692 [WARN] DbFile:41 - Overriding database path with different value: C:\Users\james\.stmcufinder\plugins\mcufinder/ => C:\Users\james\.stmcufinder\plugins\mcufinder
2023-10-26 15:15:39,692 [WARN] DbFile:41 - Overriding database path with different value: C:\Users\james\.stmcufinder\plugins\mcufinder/ => C:\Users\james\.stmcufinder\plugins\mcufinder
2023-10-26 15:15:39,692 [INFO] CrossReferenceDbSqlite:203 - Set database path to: C:\Users\james\.stmcufinder\plugins\mcufinder//mcu/cs/
2023-10-26 15:15:39,716 [INFO] ApplicationProperties:184 - Using Application install path: C:\ST\STM32CubeIDE_1.13.1\STM32CubeIDE\plugins\com.st.stm32cube.common.mx_6.9.1.202307191849
2023-10-26 15:15:39,716 [INFO] PluginManage:196 - Search for loadable plugins [exclusion list=, ]
2023-10-26 15:15:39,716 [INFO] PluginManage:310 - Check plugin analytics
2023-10-26 15:15:39,880 [INFO] AnalyticsPlugin:253 - Accepted Software Licenses: 
2023-10-26 15:15:39,880 [INFO] AnalyticsPlugin:255 - Accepted CMSIS Pack Licenses: 
2023-10-26 15:15:39,880 [INFO] AnalyticsPlugin:257 - Accepted Firmware Licenses: FW.L4.1.18.0
2023-10-26 15:15:39,884 [INFO] PluginManage:359 - Loaded plugin analytics (category:tool,tabindex:-1)
2023-10-26 15:15:39,884 [INFO] PluginManage:310 - Check plugin cadmodel
2023-10-26 15:15:39,888 [INFO] CADModel:105 - Init CAD model plugin
2023-10-26 15:15:39,888 [INFO] PluginManage:359 - Loaded plugin cadmodel (category:power,tabindex:5)
2023-10-26 15:15:39,888 [INFO] PluginManage:310 - Check plugin clock
2023-10-26 15:15:39,900 [INFO] PluginManage:359 - Loaded plugin clock (category:base,tabindex:2)
2023-10-26 15:15:39,900 [INFO] PluginManage:310 - Check plugin ddr
2023-10-26 15:15:39,904 [INFO] PluginManage:359 - Loaded plugin ddr (category:tool,tabindex:6)
2023-10-26 15:15:39,904 [INFO] PluginManage:310 - Check plugin filemanager
2023-10-26 15:15:40,036 [INFO] PluginManage:359 - Loaded plugin filemanager (category:base,tabindex:10)
2023-10-26 15:15:40,036 [INFO] PluginManage:310 - Check plugin ipmanager
2023-10-26 15:15:40,047 [INFO] PluginManage:359 - Loaded plugin ipmanager (category:base,tabindex:5)
2023-10-26 15:15:40,047 [INFO] PluginManage:310 - Check plugin lpbam
2023-10-26 15:15:40,051 [INFO] PluginManage:359 - Loaded plugin lpbam (category:base,tabindex:0)
2023-10-26 15:15:40,055 [INFO] PluginManage:310 - Check plugin memorymap
2023-10-26 15:15:40,063 [INFO] PluginManage:359 - Loaded plugin memorymap (category:base,tabindex:4)
2023-10-26 15:15:40,063 [INFO] PluginManage:310 - Check plugin pinoutandconfiguration
2023-10-26 15:15:40,071 [INFO] PluginManage:359 - Loaded plugin pinoutandconfiguration (category:base,tabindex:1)
2023-10-26 15:15:40,071 [INFO] PluginManage:310 - Check plugin pinoutconfig
2023-10-26 15:15:40,160 [WARN] SupportedApi:132 - Cannot load RTOS API schema: s4s-elt-must-match.1: The content of 'definitions' must match (annotation?, (simpleType | complexType)?, (unique | key | keyref)*)). A problem was found starting at: attribute.
2023-10-26 15:15:40,300 [INFO] PluginManage:359 - Loaded plugin pinoutconfig (category:base,tabindex:0)
2023-10-26 15:15:40,300 [INFO] PluginManage:310 - Check plugin power
2023-10-26 15:15:40,308 [INFO] PluginManage:359 - Loaded plugin power (category:power,tabindex:4)
2023-10-26 15:15:40,308 [INFO] PluginManage:310 - Check plugin projectmanager
2023-10-26 15:15:40,324 [INFO] PluginManage:359 - Loaded plugin projectmanager (category:projectmanager,tabindex:3)
2023-10-26 15:15:40,324 [INFO] PluginManage:310 - Check plugin thirdparty
2023-10-26 15:15:40,472 [INFO] PluginManage:359 - Loaded plugin thirdparty (category:base,tabindex:-1)
2023-10-26 15:15:40,472 [WARN] IntegrityCheckThread:84 - waiting for thirdparty lock release [integrity check]
2023-10-26 15:15:40,472 [INFO] PluginManage:310 - Check plugin tools
2023-10-26 15:15:40,472 [INFO] IntegrityCheckThread:86 - entering critical section [integrity check]
2023-10-26 15:15:40,475 [INFO] ThirdPartyUpdaterWithRetryManager:70 - Updater plugin not ready yet. [1/15]
2023-10-26 15:15:40,475 [INFO] PluginManage:359 - Loaded plugin tools (category:base,tabindex:7)
2023-10-26 15:15:40,475 [INFO] PluginManage:310 - Check plugin tutovideos
2023-10-26 15:15:40,672 [INFO] PluginManage:359 - Loaded plugin tutovideos (category:base,tabindex:-1)
2023-10-26 15:15:40,672 [INFO] PluginManage:310 - Check plugin updater
2023-10-26 15:15:40,680 [INFO] PluginManage:359 - Loaded plugin updater (category:base,tabindex:12)
2023-10-26 15:15:40,680 [INFO] PluginManage:310 - Check plugin userauth
2023-10-26 15:15:40,688 [INFO] UserAuth:113 - Init User Auth plugin
2023-10-26 15:15:40,688 [INFO] PluginManage:359 - Loaded plugin userauth (category:base,tabindex:14)
2023-10-26 15:15:40,688 [INFO] PluginManage:283 - PluginManage : Loaded plugins [17]
2023-10-26 15:15:40,927 [INFO] PinOutPanel:1499 - setPackage(No Configuration,No Configuration)
2023-10-26 15:15:41,052 [INFO] CADModel:165 - CPN selected for project level
2023-10-26 15:15:41,052 [INFO] CADModel:114 - Register for checkConnection events
2023-10-26 15:15:41,068 [INFO] IPUIPlugin:80 - create IPUIPlugin
2023-10-26 15:15:41,068 [INFO] PluginManager:220 - loadIPPluginJar : add adc
2023-10-26 15:15:41,072 [INFO] IPUIPlugin:80 - create IPUIPlugin
2023-10-26 15:15:41,072 [INFO] PluginManager:220 - loadIPPluginJar : add aes
2023-10-26 15:15:41,076 [INFO] IPUIPlugin:80 - create IPUIPlugin
2023-10-26 15:15:41,076 [INFO] PluginManager:220 - loadIPPluginJar : add can
2023-10-26 15:15:41,076 [INFO] IPUIPlugin:80 - create IPUIPlugin
2023-10-26 15:15:41,076 [INFO] PluginManager:220 - loadIPPluginJar : add comp
2023-10-26 15:15:41,080 [INFO] IPUIPlugin:80 - create IPUIPlugin
2023-10-26 15:15:41,080 [INFO] PluginManager:220 - loadIPPluginJar : add cryp
2023-10-26 15:15:41,084 [INFO] IPUIPlugin:80 - create IPUIPlugin
2023-10-26 15:15:41,084 [INFO] PluginManager:220 - loadIPPluginJar : add dfsdm
2023-10-26 15:15:41,088 [INFO] IPUIPlugin:80 - create IPUIPlugin
2023-10-26 15:15:41,088 [INFO] PluginManager:220 - loadIPPluginJar : add dma
2023-10-26 15:15:41,092 [INFO] IPUIPlugin:80 - create IPUIPlugin
2023-10-26 15:15:41,092 [INFO] PluginManager:220 - loadIPPluginJar : add dma3
2023-10-26 15:15:41,092 [INFO] IPUIPlugin:80 - create IPUIPlugin
2023-10-26 15:15:41,092 [INFO] PluginManager:220 - loadIPPluginJar : add fatfs
2023-10-26 15:15:41,096 [INFO] IPUIPlugin:80 - create IPUIPlugin
2023-10-26 15:15:41,096 [INFO] PluginManager:220 - loadIPPluginJar : add fmc
2023-10-26 15:15:41,104 [INFO] IPUIPlugin:80 - create IPUIPlugin
2023-10-26 15:15:41,104 [INFO] PluginManager:220 - loadIPPluginJar : add freertos
2023-10-26 15:15:41,108 [INFO] IPUIPlugin:80 - create IPUIPlugin
2023-10-26 15:15:41,108 [INFO] PluginManager:220 - loadIPPluginJar : add genericplugin
2023-10-26 15:15:41,108 [INFO] IPUIPlugin:80 - create IPUIPlugin
2023-10-26 15:15:41,108 [INFO] PluginManager:220 - loadIPPluginJar : add gfxmmu
2023-10-26 15:15:41,117 [INFO] IPUIPlugin:80 - create IPUIPlugin
2023-10-26 15:15:41,117 [INFO] PluginManager:220 - loadIPPluginJar : add gic
2023-10-26 15:15:41,121 [INFO] IPUIPlugin:80 - create IPUIPlugin
2023-10-26 15:15:41,121 [INFO] PluginManager:220 - loadIPPluginJar : add gpio
2023-10-26 15:15:41,121 [INFO] IPUIPlugin:80 - create IPUIPlugin
2023-10-26 15:15:41,121 [INFO] PluginManager:220 - loadIPPluginJar : add gtzc
2023-10-26 15:15:41,125 [INFO] IPUIPlugin:80 - create IPUIPlugin
2023-10-26 15:15:41,125 [INFO] PluginManager:220 - loadIPPluginJar : add hash
2023-10-26 15:15:41,129 [INFO] IPUIPlugin:80 - create IPUIPlugin
2023-10-26 15:15:41,129 [INFO] PluginManager:220 - loadIPPluginJar : add i2c
2023-10-26 15:15:41,129 [INFO] IPUIPlugin:80 - create IPUIPlugin
2023-10-26 15:15:41,129 [INFO] PluginManager:220 - loadIPPluginJar : add i2s
2023-10-26 15:15:41,133 [INFO] IPUIPlugin:80 - create IPUIPlugin
2023-10-26 15:15:41,133 [INFO] PluginManager:220 - loadIPPluginJar : add i3c
2023-10-26 15:15:41,137 [INFO] IPUIPlugin:80 - create IPUIPlugin
2023-10-26 15:15:41,137 [INFO] PluginManager:220 - loadIPPluginJar : add ipddr
2023-10-26 15:15:41,141 [INFO] IPUIPlugin:80 - create IPUIPlugin
2023-10-26 15:15:41,141 [INFO] PluginManager:220 - loadIPPluginJar : add linkedlist
2023-10-26 15:15:41,145 [INFO] IPUIPlugin:80 - create IPUIPlugin
2023-10-26 15:15:41,145 [INFO] PluginManager:220 - loadIPPluginJar : add lorawan
2023-10-26 15:15:41,145 [INFO] IPUIPlugin:80 - create IPUIPlugin
2023-10-26 15:15:41,145 [INFO] PluginManager:220 - loadIPPluginJar : add ltdc
2023-10-26 15:15:41,153 [INFO] IPUIPlugin:80 - create IPUIPlugin
2023-10-26 15:15:41,153 [INFO] PluginManager:220 - loadIPPluginJar : add mdma
2023-10-26 15:15:41,157 [INFO] IPUIPlugin:80 - create IPUIPlugin
2023-10-26 15:15:41,157 [INFO] PluginManager:220 - loadIPPluginJar : add nvic
2023-10-26 15:15:41,157 [INFO] IPUIPlugin:80 - create IPUIPlugin
2023-10-26 15:15:41,157 [INFO] PluginManager:220 - loadIPPluginJar : add opamp
2023-10-26 15:15:41,161 [INFO] IPUIPlugin:80 - create IPUIPlugin
2023-10-26 15:15:41,161 [INFO] PluginManager:220 - loadIPPluginJar : add openamp
2023-10-26 15:15:41,165 [INFO] IPUIPlugin:80 - create IPUIPlugin
2023-10-26 15:15:41,165 [INFO] PluginManager:220 - loadIPPluginJar : add pdm2pcm
2023-10-26 15:15:41,170 [INFO] IPUIPlugin:80 - create IPUIPlugin
2023-10-26 15:15:41,174 [INFO] PluginManager:220 - loadIPPluginJar : add plateformsettings
2023-10-26 15:15:41,174 [INFO] IPUIPlugin:80 - create IPUIPlugin
2023-10-26 15:15:41,174 [INFO] PluginManager:220 - loadIPPluginJar : add quadspi
2023-10-26 15:15:41,178 [INFO] IPUIPlugin:80 - create IPUIPlugin
2023-10-26 15:15:41,178 [INFO] PluginManager:220 - loadIPPluginJar : add resmgrutility
2023-10-26 15:15:41,182 [INFO] IPUIPlugin:80 - create IPUIPlugin
2023-10-26 15:15:41,182 [INFO] PluginManager:220 - loadIPPluginJar : add sai
2023-10-26 15:15:41,182 [INFO] IPUIPlugin:80 - create IPUIPlugin
2023-10-26 15:15:41,182 [INFO] PluginManager:220 - loadIPPluginJar : add spi
2023-10-26 15:15:41,186 [INFO] IPUIPlugin:80 - create IPUIPlugin
2023-10-26 15:15:41,186 [INFO] PluginManager:220 - loadIPPluginJar : add stm32_wpan
2023-10-26 15:15:41,190 [INFO] IPUIPlugin:80 - create IPUIPlugin
2023-10-26 15:15:41,190 [INFO] PluginManager:220 - loadIPPluginJar : add tim
2023-10-26 15:15:41,190 [INFO] IPUIPlugin:80 - create IPUIPlugin
2023-10-26 15:15:41,190 [INFO] PluginManager:220 - loadIPPluginJar : add touchsensing
2023-10-26 15:15:41,190 [INFO] IPUIPlugin:80 - create IPUIPlugin
2023-10-26 15:15:41,190 [INFO] PluginManager:220 - loadIPPluginJar : add tracer_emb
2023-10-26 15:15:41,198 [INFO] IPUIPlugin:80 - create IPUIPlugin
2023-10-26 15:15:41,199 [INFO] PluginManager:220 - loadIPPluginJar : add ts
2023-10-26 15:15:41,199 [INFO] IPUIPlugin:80 - create IPUIPlugin
2023-10-26 15:15:41,199 [INFO] PluginManager:220 - loadIPPluginJar : add tsc
2023-10-26 15:15:41,199 [INFO] IPUIPlugin:80 - create IPUIPlugin
2023-10-26 15:15:41,199 [INFO] PluginManager:220 - loadIPPluginJar : add ucpd
2023-10-26 15:15:41,203 [INFO] IPUIPlugin:80 - create IPUIPlugin
2023-10-26 15:15:41,203 [INFO] PluginManager:220 - loadIPPluginJar : add usart
2023-10-26 15:15:41,207 [INFO] IPUIPlugin:80 - create IPUIPlugin
2023-10-26 15:15:41,207 [INFO] PluginManager:220 - loadIPPluginJar : add usbx
2023-10-26 15:15:41,339 [INFO] CADModel:165 - CPN selected for project level
2023-10-26 15:15:41,339 [INFO] CADModel:114 - Register for checkConnection events
2023-10-26 15:15:41,339 [FATAL] Updater:308 - Updater called before beeing initialized
2023-10-26 15:15:41,339 [ERROR] CADModel:125 - Updater not yet initialized, retry later 
2023-10-26 15:15:41,515 [INFO] CADModel:165 - CPN selected for project level
2023-10-26 15:15:41,515 [INFO] CADModel:114 - Register for checkConnection events
2023-10-26 15:15:41,515 [FATAL] Updater:308 - Updater called before beeing initialized
2023-10-26 15:15:41,515 [ERROR] CADModel:125 - Updater not yet initialized, retry later 
2023-10-26 15:15:41,518 [FATAL] Updater:308 - Updater called before beeing initialized
2023-10-26 15:15:41,638 [FATAL] Updater:308 - Updater called before beeing initialized
2023-10-26 15:15:41,646 [INFO] DbMcusAds:53 - JSON generation date=Tue Mar 07 03:50:55 EST 2023 (1678179055114)
2023-10-26 15:15:41,646 [FATAL] Updater:308 - Updater called before beeing initialized
2023-10-26 15:15:41,698 [WARN] DetailPanel:346 - Failed to get advertising image, set to default
2023-10-26 15:15:41,823 [FATAL] Updater:308 - Updater called before beeing initialized
2023-10-26 15:15:41,823 [FATAL] Updater:308 - Updater called before beeing initialized
2023-10-26 15:15:41,823 [FATAL] Updater:308 - Updater called before beeing initialized
2023-10-26 15:15:41,823 [WARN] DetailPanel:346 - Failed to get advertising image, set to default
2023-10-26 15:15:41,827 [FATAL] Updater:308 - Updater called before beeing initialized
2023-10-26 15:15:41,882 [ERROR] Updater:1120 - MainUpdater not yet initialized. External WinMGr cannot be set.
2023-10-26 15:15:41,886 [INFO] Updater:1056 - Updater Version found : 6.9.1
2023-10-26 15:15:41,906 [INFO] ApplicationProperties:184 - Using Application install path: C:\ST\STM32CubeIDE_1.13.1\STM32CubeIDE\plugins\com.st.stm32cube.common.mx_6.9.1.202307191849
2023-10-26 15:15:42,066 [INFO] MainUpdater:2868 - connection check result : 10
2023-10-26 15:15:42,066 [INFO] MainUpdater:285 - Updater Check For Update Now.
2023-10-26 15:15:42,066 [INFO] MicroXplorer:498 - Change Database Version : DB.6.0.91
2023-10-26 15:15:42,070 [INFO] McuFinderGlobals:63 - Set McuFinder mode to 2 (CubeIDE integrated)
2023-10-26 15:15:42,074 [INFO] UserAuth:179 - activating auth plugin
2023-10-26 15:15:42,076 [INFO] UserAuth:393 - Internet connection configuration mode: 1
2023-10-26 15:15:42,092 [INFO] JxBrowserEngine:151 - Initiate JxBrowser Engine with user profile folder
2023-10-26 15:15:42,235 [INFO] CheckServerUpdateThread:120 - End of CheckServer Thread
2023-10-26 15:15:43,010 [INFO] WebApp:157 - Instantiating new browser for Auth
2023-10-26 15:15:43,528 [INFO] WebApp:753 - Register for checkConnection events
2023-10-26 15:15:43,528 [INFO] WebApp:390 - Apply proxy settings
2023-10-26 15:15:43,528 [INFO] WebApp:475 - Chromium requires no authentication
2023-10-26 15:15:43,540 [INFO] WebApp:418 - Direct internet connection detected
2023-10-26 15:15:43,772 [WARN] PackLoader:240 - Cannot read IP mode file for STMicroelectronics.X-CUBE-SMBUS.2.1.0
2023-10-26 15:15:43,780 [INFO] WebApp:188 - Starting web application
2023-10-26 15:15:43,780 [INFO] WebApp:520 - Web application path used C:\ST\STM32CubeIDE_1.13.1\STM32CubeIDE\plugins\com.st.stm32cube.common.mx_6.9.1.202307191849\db\plugins\mcufinder\reactClient1\index.html
2023-10-26 15:15:43,812 [WARN] PackLoader:240 - Cannot read IP mode file for STMicroelectronics.X-CUBE-AZRTOS-F7.1.1.0
2023-10-26 15:15:43,828 [WARN] PackLoader:240 - Cannot read IP mode file for STMicroelectronics.FP-SNS-MOTENV1.4.3.2
2023-10-26 15:15:43,844 [WARN] PackLoader:240 - Cannot read IP mode file for STMicroelectronics.X-CUBE-DISPLAY.3.0.0
2023-10-26 15:15:43,860 [WARN] PackLoader:240 - Cannot read IP mode file for emotas.I-CUBE-CANOPEN.1.3.0
2023-10-26 15:15:43,868 [WARN] PackLoader:240 - Cannot read IP mode file for STMicroelectronics.X-CUBE-TOUCHGFX.4.22.0
2023-10-26 15:15:43,880 [WARN] PackLoader:240 - Cannot read IP mode file for STMicroelectronics.X-CUBE-TOUCHGFX.4.22.1
2023-10-26 15:15:43,896 [WARN] PackLoader:240 - Cannot read IP mode file for STMicroelectronics.FP-SNS-SMARTAG2.1.2.0
2023-10-26 15:15:43,916 [INFO] LogOutputStream:77 - [STDOUT_REDIRECT] 1 : Invalid condition id : UX_CORESTACK_Condition cause : null
2023-10-26 15:15:43,916 [INFO] LogOutputStream:77 - [STDOUT_REDIRECT] 1 : Invalid condition id : UX_CORESTACK_Condition cause : null
2023-10-26 15:15:43,916 [INFO] LogOutputStream:77 - [STDOUT_REDIRECT] 1 : Invalid condition id : UX_CORESTACK_Condition cause : null
2023-10-26 15:15:43,920 [INFO] LogOutputStream:77 - [STDOUT_REDIRECT] 1 : Invalid condition id : UX_CORESTACK_Condition cause : null
2023-10-26 15:15:43,920 [INFO] LogOutputStream:77 - [STDOUT_REDIRECT] 1 : Invalid condition id : UX_CORESTACK_Condition cause : null
2023-10-26 15:15:43,924 [WARN] PackLoader:240 - Cannot read IP mode file for STMicroelectronics.X-CUBE-AZRTOS-WL.2.0.0
2023-10-26 15:15:43,946 [WARN] PackLoader:240 - Cannot read IP mode file for WES.I-CUBE-Cesium.1.3.0
2023-10-26 15:15:43,959 [WARN] PackLoader:240 - Cannot read IP mode file for STMicroelectronics.X-CUBE-BLE2.3.3.0
2023-10-26 15:15:43,971 [WARN] PackLoader:240 - Cannot read IP mode file for STMicroelectronics.X-CUBE-ALGOBUILD.1.3.0
2023-10-26 15:15:44,001 [WARN] PackLoader:240 - Cannot read IP mode file for STMicroelectronics.X-CUBE-AZRTOS-G0.1.1.0
2023-10-26 15:15:44,017 [WARN] PackLoader:240 - Cannot read IP mode file for STMicroelectronics.X-CUBE-NFC4.3.0.0
2023-10-26 15:15:44,025 [WARN] PackLoader:240 - Cannot read IP mode file for STMicroelectronics.FP-ATR-SIGFOX1.3.2.0
2023-10-26 15:15:44,072 [WARN] PackLoader:240 - Cannot read IP mode file for SEGGER.I-CUBE-embOS.1.3.1
2023-10-26 15:15:44,115 [WARN] PackLoader:240 - Cannot read IP mode file for STMicroelectronics.X-CUBE-GNSS1.6.0.0
2023-10-26 15:15:44,133 [WARN] PackLoader:240 - Cannot read IP mode file for STMicroelectronics.X-CUBE-AZRTOS-F4.1.1.0
2023-10-26 15:15:44,141 [WARN] PackLoader:240 - Cannot read IP mode file for wolfSSL.I-CUBE-wolfSSL.5.6.3
2023-10-26 15:15:44,157 [WARN] PackLoader:240 - Cannot read IP mode file for STMicroelectronics.X-CUBE-AZRTOS-L5.2.0.0
2023-10-26 15:15:44,202 [WARN] PackLoader:240 - Cannot read IP mode file for STMicroelectronics.X-CUBE-MEMS1.9.6.0
2023-10-26 15:15:44,415 [WARN] PackLoader:240 - Cannot read IP mode file for STMicroelectronics.X-CUBE-EEPRMA1.4.2.0
2023-10-26 15:15:44,424 [WARN] PackLoader:240 - Cannot read IP mode file for ITTIA_DB.I-CUBE-ITTIADB.8.8.0
2023-10-26 15:15:44,432 [WARN] PackLoader:240 - Cannot read IP mode file for STMicroelectronics.X-CUBE-BLEMGR.2.0.0
2023-10-26 15:15:44,450 [WARN] ConditionMgr:438 - getConditionDescription Invalid condition id : UX DEVICE CLASS RTOS Condition cause : null
2023-10-26 15:15:44,450 [WARN] ConditionMgr:438 - getConditionDescription Invalid condition id : UX DEVICE CLASS RTOS Condition cause : null
2023-10-26 15:15:44,453 [WARN] PackLoader:240 - Cannot read IP mode file for STMicroelectronics.X-CUBE-AZRTOS-H7.3.1.0
2023-10-26 15:15:44,454 [WARN] ConditionMgr:1039 - genDependencies : Invalid condition id : UX DEVICE CLASS RTOS Condition cause : null
2023-10-26 15:15:44,455 [WARN] ConditionMgr:1039 - genDependencies : Invalid condition id : UX DEVICE CLASS RTOS Condition cause : null
2023-10-26 15:15:44,455 [WARN] ConditionMgr:1039 - genDependencies : Invalid condition id : UX DEVICE CLASS RTOS Condition cause : null
2023-10-26 15:15:44,456 [WARN] ConditionMgr:1039 - genDependencies : Invalid condition id : UX DEVICE CLASS RTOS Condition cause : null
2023-10-26 15:15:44,456 [WARN] ConditionMgr:1039 - genDependencies : Invalid condition id : UX DEVICE CLASS RTOS Condition cause : null
2023-10-26 15:15:44,463 [WARN] PackLoader:240 - Cannot read IP mode file for STMicroelectronics.X-CUBE-NFC7.1.0.1
2023-10-26 15:15:44,471 [WARN] PackLoader:240 - Cannot read IP mode file for STMicroelectronics.X-CUBE-NFC6.3.0.0
2023-10-26 15:15:44,482 [WARN] PackLoader:240 - Cannot read IP mode file for STMicroelectronics.X-CUBE-EEPRMA1.4.1.0
2023-10-26 15:15:44,504 [WARN] ConditionMgr:438 - getConditionDescription Invalid condition id : LAN8742 Phy interface Condition cause : null
2023-10-26 15:15:44,504 [WARN] PackLoader:240 - Cannot read IP mode file for STMicroelectronics.X-CUBE-AZRTOS-L4.2.0.0
2023-10-26 15:15:44,506 [WARN] ConditionMgr:1039 - genDependencies : Invalid condition id : LAN8742 Phy interface Condition cause : null
2023-10-26 15:15:44,506 [WARN] ConditionMgr:1039 - genDependencies : Invalid condition id : LAN8742 Phy interface Condition cause : null
2023-10-26 15:15:44,506 [WARN] ConditionMgr:1039 - genDependencies : Invalid condition id : LAN8742 Phy interface Condition cause : null
2023-10-26 15:15:44,514 [WARN] PackLoader:240 - Cannot read IP mode file for STMicroelectronics.X-CUBE-SFXS2LP1.4.0.0
2023-10-26 15:15:44,520 [WARN] PackLoader:240 - Cannot read IP mode file for STMicroelectronics.X-CUBE-ISPU.1.1.0
2023-10-26 15:15:44,533 [WARN] ConditionMgr:438 - getConditionDescription Invalid condition id : UX DEVICE CLASS RTOS Condition cause : null
2023-10-26 15:15:44,533 [WARN] ConditionMgr:438 - getConditionDescription Invalid condition id : UX DEVICE CLASS RTOS Condition cause : null
2023-10-26 15:15:44,535 [WARN] PackLoader:240 - Cannot read IP mode file for STMicroelectronics.X-CUBE-AZRTOS-WB.2.0.0
2023-10-26 15:15:44,536 [WARN] ConditionMgr:1039 - genDependencies : Invalid condition id : UX DEVICE CLASS RTOS Condition cause : null
2023-10-26 15:15:44,536 [WARN] ConditionMgr:1039 - genDependencies : Invalid condition id : UX DEVICE CLASS RTOS Condition cause : null
2023-10-26 15:15:44,537 [WARN] ConditionMgr:1039 - genDependencies : Invalid condition id : UX DEVICE CLASS RTOS Condition cause : null
2023-10-26 15:15:44,537 [WARN] ConditionMgr:1039 - genDependencies : Invalid condition id : UX DEVICE CLASS RTOS Condition cause : null
2023-10-26 15:15:44,537 [WARN] ConditionMgr:1039 - genDependencies : Invalid condition id : UX DEVICE CLASS RTOS Condition cause : null
2023-10-26 15:15:44,547 [WARN] PackLoader:240 - Cannot read IP mode file for STMicroelectronics.X-CUBE-SUBG2.5.0.0
2023-10-26 15:15:44,570 [WARN] PackLoader:240 - Cannot read IP mode file for STMicroelectronics.X-CUBE-AZRTOS-G4.2.0.0
2023-10-26 15:15:44,585 [WARN] PackLoader:240 - Cannot read IP mode file for Infineon.AIROC-Wi-Fi-Bluetooth-STM32.1.5.1
2023-10-26 15:15:44,620 [WARN] PackLoader:240 - Cannot read IP mode file for STMicroelectronics.X-CUBE-MEMS1.10.0.0
2023-10-26 15:15:44,723 [WARN] PackLoader:240 - Cannot read IP mode file for portGmbH.I-Cube-SoM-uGOAL.1.1.0
2023-10-26 15:15:44,729 [WARN] PackLoader:240 - Cannot read IP mode file for STMicroelectronics.X-CUBE-ALS.1.0.1
2023-10-26 15:15:44,734 [WARN] PackLoader:240 - Cannot read IP mode file for STMicroelectronics.FP-ATR-ASTRA1.2.0.0
2023-10-26 15:15:44,735 [INFO] ThirdParty:978 - Integrity check success = true
2023-10-26 15:15:44,735 [INFO] IntegrityCheckThread:100 - exiting critical section [integrity check]
2023-10-26 15:15:44,735 [INFO] IntegrityCheckThread:103 - End integrity checks thread
2023-10-26 15:16:04,759 [ERROR] LogOutputStream:75 - [STDERR_REDIRECT] SLF4J: Failed to load class "org.slf4j.impl.StaticLoggerBinder".
2023-10-26 15:16:04,759 [ERROR] LogOutputStream:75 - [STDERR_REDIRECT] SLF4J: Defaulting to no-operation (NOP) logger implementation
2023-10-26 15:16:04,759 [ERROR] LogOutputStream:75 - [STDERR_REDIRECT] SLF4J: See http://www.slf4j.org/codes.html#StaticLoggerBinder for further details.
2023-10-26 16:15:52,488 [ERROR] LogOutputStream:75 - [STDERR_REDIRECT] 
