2024-02-14 19:05:56,352 [INFO] Activator:176 - 


2024-02-14 19:05:56,368 [INFO] Activator:177 - !SESSION log4j initialized
2024-02-14 19:06:02,827 [INFO] LogOutputStream:77 - [STDOUT_REDIRECT] 
2024-02-14 19:06:04,208 [INFO] ApplicationProperties:184 - Using Application install path: C:\ST\STM32CubeIDE_1.13.1\STM32CubeIDE\plugins\com.st.stm32cube.common.mx_6.9.1.202307191849
2024-02-14 19:06:04,239 [INFO] DbMcusXml:78 - Set database path to: C:\ST\STM32CubeIDE_1.13.1\STM32CubeIDE\plugins\com.st.stm32cube.common.mx_6.9.1.202307191849\\db\/mcu/
2024-02-14 19:06:04,239 [INFO] ApiDb:274 - Set plugin database path to: C:\ST\STM32CubeIDE_1.13.1\STM32CubeIDE\plugins\com.st.stm32cube.common.mx_6.9.1.202307191849\\db\/plugins/boardmanager/
2024-02-14 19:06:04,240 [WARN] ApiDb:259 - Overriding images path with different value:  => C:\ST\STM32CubeIDE_1.13.1\STM32CubeIDE\plugins\com.st.stm32cube.common.mx_6.9.1.202307191849\\db\/plugins/mcufinder/images/
2024-02-14 19:06:04,257 [INFO] ApiDb:250 - Set database path to: C:\Users\james\.stmcufinder\plugins\mcufinder//mcu/
2024-02-14 19:06:04,259 [INFO] DbMcusAds:125 - Set database path to: C:\Users\james\.stmcufinder\plugins\mcufinder//mcu/
2024-02-14 19:06:04,261 [INFO] CrossReferenceDbSqlite:203 - Set database path to: C:\Users\james\.stmcufinder\plugins\mcufinder//mcu/cs/
2024-02-14 19:06:04,405 [INFO] RulesReader:64 - Compatibility file has been processed (293 Rules)
2024-02-14 19:06:04,516 [INFO] DbMcusXml:78 - Set database path to: C:\ST\STM32CubeIDE_1.13.1\STM32CubeIDE\plugins\com.st.stm32cube.common.mx_6.9.1.202307191849\\db\/mcu/
2024-02-14 19:06:04,517 [INFO] ApiDb:274 - Set plugin database path to: C:\ST\STM32CubeIDE_1.13.1\STM32CubeIDE\plugins\com.st.stm32cube.common.mx_6.9.1.202307191849\\db\/plugins/boardmanager/
2024-02-14 19:06:04,517 [INFO] ApiDb:261 - Set plugin images path to: C:\ST\STM32CubeIDE_1.13.1\STM32CubeIDE\plugins\com.st.stm32cube.common.mx_6.9.1.202307191849\\db\/plugins/mcufinder/images/
2024-02-14 19:06:04,517 [WARN] DbFile:41 - Overriding database path with different value: C:\Users\james\.stmcufinder\plugins\mcufinder/ => C:\Users\james\.stmcufinder\plugins\mcufinder
2024-02-14 19:06:04,517 [INFO] ApiDb:250 - Set database path to: C:\Users\james\.stmcufinder\plugins\mcufinder//mcu/
2024-02-14 19:06:04,517 [WARN] DbFile:41 - Overriding database path with different value: C:\Users\james\.stmcufinder\plugins\mcufinder/ => C:\Users\james\.stmcufinder\plugins\mcufinder
2024-02-14 19:06:04,517 [INFO] DbMcusAds:125 - Set database path to: C:\Users\james\.stmcufinder\plugins\mcufinder//mcu/
2024-02-14 19:06:04,518 [WARN] DbFile:41 - Overriding database path with different value: C:\Users\james\.stmcufinder\plugins\mcufinder/ => C:\Users\james\.stmcufinder\plugins\mcufinder
2024-02-14 19:06:04,518 [WARN] DbFile:41 - Overriding database path with different value: C:\Users\james\.stmcufinder\plugins\mcufinder/ => C:\Users\james\.stmcufinder\plugins\mcufinder
2024-02-14 19:06:04,518 [INFO] CrossReferenceDbSqlite:203 - Set database path to: C:\Users\james\.stmcufinder\plugins\mcufinder//mcu/cs/
2024-02-14 19:06:04,613 [INFO] MainPanel:262 - HeapMemory: 268435456
2024-02-14 19:06:04,720 [INFO] DbMcusXml:78 - Set database path to: C:\ST\STM32CubeIDE_1.13.1\STM32CubeIDE\plugins\com.st.stm32cube.common.mx_6.9.1.202307191849\\db\/mcu/
2024-02-14 19:06:04,720 [INFO] ApiDb:274 - Set plugin database path to: C:\ST\STM32CubeIDE_1.13.1\STM32CubeIDE\plugins\com.st.stm32cube.common.mx_6.9.1.202307191849\\db\/plugins/boardmanager/
2024-02-14 19:06:04,720 [INFO] ApiDb:261 - Set plugin images path to: C:\ST\STM32CubeIDE_1.13.1\STM32CubeIDE\plugins\com.st.stm32cube.common.mx_6.9.1.202307191849\\db\/plugins/mcufinder/images/
2024-02-14 19:06:04,721 [WARN] DbFile:41 - Overriding database path with different value: C:\Users\james\.stmcufinder\plugins\mcufinder/ => C:\Users\james\.stmcufinder\plugins\mcufinder
2024-02-14 19:06:04,721 [INFO] ApiDb:250 - Set database path to: C:\Users\james\.stmcufinder\plugins\mcufinder//mcu/
2024-02-14 19:06:04,721 [WARN] DbFile:41 - Overriding database path with different value: C:\Users\james\.stmcufinder\plugins\mcufinder/ => C:\Users\james\.stmcufinder\plugins\mcufinder
2024-02-14 19:06:04,721 [INFO] DbMcusAds:125 - Set database path to: C:\Users\james\.stmcufinder\plugins\mcufinder//mcu/
2024-02-14 19:06:04,721 [WARN] DbFile:41 - Overriding database path with different value: C:\Users\james\.stmcufinder\plugins\mcufinder/ => C:\Users\james\.stmcufinder\plugins\mcufinder
2024-02-14 19:06:04,722 [WARN] DbFile:41 - Overriding database path with different value: C:\Users\james\.stmcufinder\plugins\mcufinder/ => C:\Users\james\.stmcufinder\plugins\mcufinder
2024-02-14 19:06:04,722 [INFO] CrossReferenceDbSqlite:203 - Set database path to: C:\Users\james\.stmcufinder\plugins\mcufinder//mcu/cs/
2024-02-14 19:06:04,745 [INFO] ApplicationProperties:184 - Using Application install path: C:\ST\STM32CubeIDE_1.13.1\STM32CubeIDE\plugins\com.st.stm32cube.common.mx_6.9.1.202307191849
2024-02-14 19:06:04,747 [INFO] PluginManage:196 - Search for loadable plugins [exclusion list=, ]
2024-02-14 19:06:04,749 [INFO] PluginManage:310 - Check plugin analytics
2024-02-14 19:06:04,924 [INFO] AnalyticsPlugin:253 - Accepted Software Licenses: 
2024-02-14 19:06:04,924 [INFO] AnalyticsPlugin:255 - Accepted CMSIS Pack Licenses: 
2024-02-14 19:06:04,924 [INFO] AnalyticsPlugin:257 - Accepted Firmware Licenses: FW.L4.1.18.0
2024-02-14 19:06:04,927 [INFO] PluginManage:359 - Loaded plugin analytics (category:tool,tabindex:-1)
2024-02-14 19:06:04,927 [INFO] PluginManage:310 - Check plugin cadmodel
2024-02-14 19:06:04,933 [INFO] CADModel:105 - Init CAD model plugin
2024-02-14 19:06:04,933 [INFO] PluginManage:359 - Loaded plugin cadmodel (category:power,tabindex:5)
2024-02-14 19:06:04,934 [INFO] PluginManage:310 - Check plugin clock
2024-02-14 19:06:04,945 [INFO] PluginManage:359 - Loaded plugin clock (category:base,tabindex:2)
2024-02-14 19:06:04,945 [INFO] PluginManage:310 - Check plugin ddr
2024-02-14 19:06:04,948 [INFO] PluginManage:359 - Loaded plugin ddr (category:tool,tabindex:6)
2024-02-14 19:06:04,948 [INFO] PluginManage:310 - Check plugin filemanager
2024-02-14 19:06:05,093 [INFO] PluginManage:359 - Loaded plugin filemanager (category:base,tabindex:10)
2024-02-14 19:06:05,093 [INFO] PluginManage:310 - Check plugin ipmanager
2024-02-14 19:06:05,103 [INFO] PluginManage:359 - Loaded plugin ipmanager (category:base,tabindex:5)
2024-02-14 19:06:05,103 [INFO] PluginManage:310 - Check plugin lpbam
2024-02-14 19:06:05,113 [INFO] PluginManage:359 - Loaded plugin lpbam (category:base,tabindex:0)
2024-02-14 19:06:05,113 [INFO] PluginManage:310 - Check plugin memorymap
2024-02-14 19:06:05,130 [INFO] PluginManage:359 - Loaded plugin memorymap (category:base,tabindex:4)
2024-02-14 19:06:05,130 [INFO] PluginManage:310 - Check plugin pinoutandconfiguration
2024-02-14 19:06:05,140 [INFO] PluginManage:359 - Loaded plugin pinoutandconfiguration (category:base,tabindex:1)
2024-02-14 19:06:05,140 [INFO] PluginManage:310 - Check plugin pinoutconfig
2024-02-14 19:06:05,274 [WARN] SupportedApi:132 - Cannot load RTOS API schema: s4s-elt-must-match.1: The content of 'definitions' must match (annotation?, (simpleType | complexType)?, (unique | key | keyref)*)). A problem was found starting at: attribute.
2024-02-14 19:06:05,519 [INFO] PluginManage:359 - Loaded plugin pinoutconfig (category:base,tabindex:0)
2024-02-14 19:06:05,520 [INFO] PluginManage:310 - Check plugin power
2024-02-14 19:06:05,536 [INFO] PluginManage:359 - Loaded plugin power (category:power,tabindex:4)
2024-02-14 19:06:05,536 [INFO] PluginManage:310 - Check plugin projectmanager
2024-02-14 19:06:05,561 [INFO] PluginManage:359 - Loaded plugin projectmanager (category:projectmanager,tabindex:3)
2024-02-14 19:06:05,563 [INFO] PluginManage:310 - Check plugin thirdparty
2024-02-14 19:06:05,763 [WARN] IntegrityCheckThread:84 - waiting for thirdparty lock release [integrity check]
2024-02-14 19:06:05,763 [INFO] PluginManage:359 - Loaded plugin thirdparty (category:base,tabindex:-1)
2024-02-14 19:06:05,764 [INFO] IntegrityCheckThread:86 - entering critical section [integrity check]
2024-02-14 19:06:05,764 [INFO] PluginManage:310 - Check plugin tools
2024-02-14 19:06:05,764 [INFO] ThirdPartyUpdaterWithRetryManager:70 - Updater plugin not ready yet. [1/15]
2024-02-14 19:06:05,767 [INFO] PluginManage:359 - Loaded plugin tools (category:base,tabindex:7)
2024-02-14 19:06:05,768 [INFO] PluginManage:310 - Check plugin tutovideos
2024-02-14 19:06:06,039 [INFO] PluginManage:359 - Loaded plugin tutovideos (category:base,tabindex:-1)
2024-02-14 19:06:06,039 [INFO] PluginManage:310 - Check plugin updater
2024-02-14 19:06:06,052 [INFO] PluginManage:359 - Loaded plugin updater (category:base,tabindex:12)
2024-02-14 19:06:06,052 [INFO] PluginManage:310 - Check plugin userauth
2024-02-14 19:06:06,058 [INFO] UserAuth:113 - Init User Auth plugin
2024-02-14 19:06:06,058 [INFO] PluginManage:359 - Loaded plugin userauth (category:base,tabindex:14)
2024-02-14 19:06:06,059 [INFO] PluginManage:283 - PluginManage : Loaded plugins [17]
2024-02-14 19:06:06,317 [INFO] PinOutPanel:1499 - setPackage(No Configuration,No Configuration)
2024-02-14 19:06:06,456 [INFO] CADModel:165 - CPN selected for project level
2024-02-14 19:06:06,456 [INFO] CADModel:114 - Register for checkConnection events
2024-02-14 19:06:06,475 [INFO] IPUIPlugin:80 - create IPUIPlugin
2024-02-14 19:06:06,475 [INFO] PluginManager:220 - loadIPPluginJar : add adc
2024-02-14 19:06:06,479 [INFO] IPUIPlugin:80 - create IPUIPlugin
2024-02-14 19:06:06,479 [INFO] PluginManager:220 - loadIPPluginJar : add aes
2024-02-14 19:06:06,483 [INFO] IPUIPlugin:80 - create IPUIPlugin
2024-02-14 19:06:06,483 [INFO] PluginManager:220 - loadIPPluginJar : add can
2024-02-14 19:06:06,487 [INFO] IPUIPlugin:80 - create IPUIPlugin
2024-02-14 19:06:06,487 [INFO] PluginManager:220 - loadIPPluginJar : add comp
2024-02-14 19:06:06,490 [INFO] IPUIPlugin:80 - create IPUIPlugin
2024-02-14 19:06:06,491 [INFO] PluginManager:220 - loadIPPluginJar : add cryp
2024-02-14 19:06:06,494 [INFO] IPUIPlugin:80 - create IPUIPlugin
2024-02-14 19:06:06,494 [INFO] PluginManager:220 - loadIPPluginJar : add dfsdm
2024-02-14 19:06:06,500 [INFO] IPUIPlugin:80 - create IPUIPlugin
2024-02-14 19:06:06,501 [INFO] PluginManager:220 - loadIPPluginJar : add dma
2024-02-14 19:06:06,507 [INFO] IPUIPlugin:80 - create IPUIPlugin
2024-02-14 19:06:06,507 [INFO] PluginManager:220 - loadIPPluginJar : add dma3
2024-02-14 19:06:06,510 [INFO] IPUIPlugin:80 - create IPUIPlugin
2024-02-14 19:06:06,510 [INFO] PluginManager:220 - loadIPPluginJar : add fatfs
2024-02-14 19:06:06,517 [INFO] IPUIPlugin:80 - create IPUIPlugin
2024-02-14 19:06:06,517 [INFO] PluginManager:220 - loadIPPluginJar : add fmc
2024-02-14 19:06:06,526 [INFO] IPUIPlugin:80 - create IPUIPlugin
2024-02-14 19:06:06,526 [INFO] PluginManager:220 - loadIPPluginJar : add freertos
2024-02-14 19:06:06,528 [INFO] IPUIPlugin:80 - create IPUIPlugin
2024-02-14 19:06:06,528 [INFO] PluginManager:220 - loadIPPluginJar : add genericplugin
2024-02-14 19:06:06,532 [INFO] IPUIPlugin:80 - create IPUIPlugin
2024-02-14 19:06:06,532 [INFO] PluginManager:220 - loadIPPluginJar : add gfxmmu
2024-02-14 19:06:06,537 [INFO] IPUIPlugin:80 - create IPUIPlugin
2024-02-14 19:06:06,538 [INFO] PluginManager:220 - loadIPPluginJar : add gic
2024-02-14 19:06:06,542 [INFO] IPUIPlugin:80 - create IPUIPlugin
2024-02-14 19:06:06,543 [INFO] PluginManager:220 - loadIPPluginJar : add gpio
2024-02-14 19:06:06,546 [INFO] IPUIPlugin:80 - create IPUIPlugin
2024-02-14 19:06:06,546 [INFO] PluginManager:220 - loadIPPluginJar : add gtzc
2024-02-14 19:06:06,549 [INFO] IPUIPlugin:80 - create IPUIPlugin
2024-02-14 19:06:06,549 [INFO] PluginManager:220 - loadIPPluginJar : add hash
2024-02-14 19:06:06,553 [INFO] IPUIPlugin:80 - create IPUIPlugin
2024-02-14 19:06:06,553 [INFO] PluginManager:220 - loadIPPluginJar : add i2c
2024-02-14 19:06:06,555 [INFO] IPUIPlugin:80 - create IPUIPlugin
2024-02-14 19:06:06,556 [INFO] PluginManager:220 - loadIPPluginJar : add i2s
2024-02-14 19:06:06,559 [INFO] IPUIPlugin:80 - create IPUIPlugin
2024-02-14 19:06:06,559 [INFO] PluginManager:220 - loadIPPluginJar : add i3c
2024-02-14 19:06:06,562 [INFO] IPUIPlugin:80 - create IPUIPlugin
2024-02-14 19:06:06,562 [INFO] PluginManager:220 - loadIPPluginJar : add ipddr
2024-02-14 19:06:06,571 [INFO] IPUIPlugin:80 - create IPUIPlugin
2024-02-14 19:06:06,571 [INFO] PluginManager:220 - loadIPPluginJar : add linkedlist
2024-02-14 19:06:06,575 [INFO] IPUIPlugin:80 - create IPUIPlugin
2024-02-14 19:06:06,575 [INFO] PluginManager:220 - loadIPPluginJar : add lorawan
2024-02-14 19:06:06,577 [INFO] IPUIPlugin:80 - create IPUIPlugin
2024-02-14 19:06:06,577 [INFO] PluginManager:220 - loadIPPluginJar : add ltdc
2024-02-14 19:06:06,584 [INFO] IPUIPlugin:80 - create IPUIPlugin
2024-02-14 19:06:06,585 [INFO] PluginManager:220 - loadIPPluginJar : add mdma
2024-02-14 19:06:06,589 [INFO] IPUIPlugin:80 - create IPUIPlugin
2024-02-14 19:06:06,589 [INFO] PluginManager:220 - loadIPPluginJar : add nvic
2024-02-14 19:06:06,593 [INFO] IPUIPlugin:80 - create IPUIPlugin
2024-02-14 19:06:06,593 [INFO] PluginManager:220 - loadIPPluginJar : add opamp
2024-02-14 19:06:06,598 [INFO] IPUIPlugin:80 - create IPUIPlugin
2024-02-14 19:06:06,598 [INFO] PluginManager:220 - loadIPPluginJar : add openamp
2024-02-14 19:06:06,602 [INFO] IPUIPlugin:80 - create IPUIPlugin
2024-02-14 19:06:06,602 [INFO] PluginManager:220 - loadIPPluginJar : add pdm2pcm
2024-02-14 19:06:06,609 [INFO] IPUIPlugin:80 - create IPUIPlugin
2024-02-14 19:06:06,612 [INFO] PluginManager:220 - loadIPPluginJar : add plateformsettings
2024-02-14 19:06:06,614 [INFO] IPUIPlugin:80 - create IPUIPlugin
2024-02-14 19:06:06,614 [INFO] PluginManager:220 - loadIPPluginJar : add quadspi
2024-02-14 19:06:06,620 [INFO] IPUIPlugin:80 - create IPUIPlugin
2024-02-14 19:06:06,620 [INFO] PluginManager:220 - loadIPPluginJar : add resmgrutility
2024-02-14 19:06:06,625 [INFO] IPUIPlugin:80 - create IPUIPlugin
2024-02-14 19:06:06,626 [INFO] PluginManager:220 - loadIPPluginJar : add sai
2024-02-14 19:06:06,629 [INFO] IPUIPlugin:80 - create IPUIPlugin
2024-02-14 19:06:06,630 [INFO] PluginManager:220 - loadIPPluginJar : add spi
2024-02-14 19:06:06,636 [INFO] IPUIPlugin:80 - create IPUIPlugin
2024-02-14 19:06:06,636 [INFO] PluginManager:220 - loadIPPluginJar : add stm32_wpan
2024-02-14 19:06:06,639 [INFO] IPUIPlugin:80 - create IPUIPlugin
2024-02-14 19:06:06,639 [INFO] PluginManager:220 - loadIPPluginJar : add tim
2024-02-14 19:06:06,644 [INFO] IPUIPlugin:80 - create IPUIPlugin
2024-02-14 19:06:06,644 [INFO] PluginManager:220 - loadIPPluginJar : add touchsensing
2024-02-14 19:06:06,647 [INFO] IPUIPlugin:80 - create IPUIPlugin
2024-02-14 19:06:06,647 [INFO] PluginManager:220 - loadIPPluginJar : add tracer_emb
2024-02-14 19:06:06,650 [INFO] IPUIPlugin:80 - create IPUIPlugin
2024-02-14 19:06:06,651 [INFO] PluginManager:220 - loadIPPluginJar : add ts
2024-02-14 19:06:06,653 [INFO] IPUIPlugin:80 - create IPUIPlugin
2024-02-14 19:06:06,653 [INFO] PluginManager:220 - loadIPPluginJar : add tsc
2024-02-14 19:06:06,656 [INFO] IPUIPlugin:80 - create IPUIPlugin
2024-02-14 19:06:06,656 [INFO] PluginManager:220 - loadIPPluginJar : add ucpd
2024-02-14 19:06:06,660 [INFO] IPUIPlugin:80 - create IPUIPlugin
2024-02-14 19:06:06,660 [INFO] PluginManager:220 - loadIPPluginJar : add usart
2024-02-14 19:06:06,664 [INFO] IPUIPlugin:80 - create IPUIPlugin
2024-02-14 19:06:06,664 [INFO] PluginManager:220 - loadIPPluginJar : add usbx
2024-02-14 19:06:06,798 [INFO] CADModel:165 - CPN selected for project level
2024-02-14 19:06:06,798 [INFO] CADModel:114 - Register for checkConnection events
2024-02-14 19:06:06,798 [FATAL] Updater:308 - Updater called before beeing initialized
2024-02-14 19:06:06,798 [ERROR] CADModel:125 - Updater not yet initialized, retry later 
2024-02-14 19:06:06,972 [INFO] CADModel:165 - CPN selected for project level
2024-02-14 19:06:06,972 [INFO] CADModel:114 - Register for checkConnection events
2024-02-14 19:06:06,972 [FATAL] Updater:308 - Updater called before beeing initialized
2024-02-14 19:06:06,972 [ERROR] CADModel:125 - Updater not yet initialized, retry later 
2024-02-14 19:06:06,976 [FATAL] Updater:308 - Updater called before beeing initialized
2024-02-14 19:06:07,097 [FATAL] Updater:308 - Updater called before beeing initialized
2024-02-14 19:06:07,103 [INFO] DbMcusAds:53 - JSON generation date=Tue Mar 07 03:50:55 EST 2023 (1678179055114)
2024-02-14 19:06:07,103 [FATAL] Updater:308 - Updater called before beeing initialized
2024-02-14 19:06:07,162 [WARN] DetailPanel:346 - Failed to get advertising image, set to default
2024-02-14 19:06:07,302 [FATAL] Updater:308 - Updater called before beeing initialized
2024-02-14 19:06:07,305 [FATAL] Updater:308 - Updater called before beeing initialized
2024-02-14 19:06:07,305 [FATAL] Updater:308 - Updater called before beeing initialized
2024-02-14 19:06:07,305 [WARN] DetailPanel:346 - Failed to get advertising image, set to default
2024-02-14 19:06:07,306 [FATAL] Updater:308 - Updater called before beeing initialized
2024-02-14 19:06:07,362 [ERROR] Updater:1120 - MainUpdater not yet initialized. External WinMGr cannot be set.
2024-02-14 19:06:07,365 [INFO] Updater:1056 - Updater Version found : 6.9.1
2024-02-14 19:06:07,391 [INFO] ApplicationProperties:184 - Using Application install path: C:\ST\STM32CubeIDE_1.13.1\STM32CubeIDE\plugins\com.st.stm32cube.common.mx_6.9.1.202307191849
2024-02-14 19:06:07,566 [INFO] MainUpdater:2868 - connection check result : 10
2024-02-14 19:06:07,567 [INFO] MainUpdater:285 - Updater Check For Update Now.
2024-02-14 19:06:07,567 [INFO] MicroXplorer:498 - Change Database Version : DB.6.0.91
2024-02-14 19:06:07,576 [INFO] McuFinderGlobals:63 - Set McuFinder mode to 2 (CubeIDE integrated)
2024-02-14 19:06:07,576 [INFO] UserAuth:179 - activating auth plugin
2024-02-14 19:06:07,579 [INFO] UserAuth:393 - Internet connection configuration mode: 1
2024-02-14 19:06:07,600 [INFO] JxBrowserEngine:151 - Initiate JxBrowser Engine with user profile folder
2024-02-14 19:06:07,747 [INFO] CheckServerUpdateThread:120 - End of CheckServer Thread
2024-02-14 19:06:08,714 [INFO] WebApp:157 - Instantiating new browser for Auth
2024-02-14 19:06:09,043 [WARN] PackLoader:240 - Cannot read IP mode file for STMicroelectronics.X-CUBE-SMBUS.2.1.0
2024-02-14 19:06:09,060 [WARN] PackLoader:240 - Cannot read IP mode file for STMicroelectronics.X-CUBE-TOUCHGFX.4.23.0
2024-02-14 19:06:09,093 [WARN] PackLoader:240 - Cannot read IP mode file for STMicroelectronics.X-CUBE-AZRTOS-F7.1.1.0
2024-02-14 19:06:09,105 [WARN] PackLoader:240 - Cannot read IP mode file for STMicroelectronics.FP-SNS-MOTENV1.4.3.2
2024-02-14 19:06:09,118 [WARN] PackLoader:240 - Cannot read IP mode file for STMicroelectronics.X-CUBE-DISPLAY.3.0.0
2024-02-14 19:06:09,131 [WARN] PackLoader:240 - Cannot read IP mode file for emotas.I-CUBE-CANOPEN.1.3.0
2024-02-14 19:06:09,134 [WARN] PackLoader:240 - Cannot read IP mode file for STMicroelectronics.X-CUBE-TOUCHGFX.4.22.0
2024-02-14 19:06:09,138 [WARN] PackLoader:240 - Cannot read IP mode file for STMicroelectronics.X-CUBE-TOUCHGFX.4.22.1
2024-02-14 19:06:09,144 [WARN] PackLoader:240 - Cannot read IP mode file for STMicroelectronics.FP-SNS-SMARTAG2.1.2.0
2024-02-14 19:06:09,158 [INFO] LogOutputStream:77 - [STDOUT_REDIRECT] 1 : Invalid condition id : UX_CORESTACK_Condition cause : null
2024-02-14 19:06:09,158 [INFO] LogOutputStream:77 - [STDOUT_REDIRECT] 1 : Invalid condition id : UX_CORESTACK_Condition cause : null
2024-02-14 19:06:09,160 [INFO] LogOutputStream:77 - [STDOUT_REDIRECT] 1 : Invalid condition id : UX_CORESTACK_Condition cause : null
2024-02-14 19:06:09,161 [INFO] LogOutputStream:77 - [STDOUT_REDIRECT] 1 : Invalid condition id : UX_CORESTACK_Condition cause : null
2024-02-14 19:06:09,162 [INFO] LogOutputStream:77 - [STDOUT_REDIRECT] 1 : Invalid condition id : UX_CORESTACK_Condition cause : null
2024-02-14 19:06:09,167 [WARN] PackLoader:240 - Cannot read IP mode file for STMicroelectronics.X-CUBE-AZRTOS-WL.2.0.0
2024-02-14 19:06:09,179 [WARN] PackLoader:240 - Cannot read IP mode file for WES.I-CUBE-Cesium.1.3.0
2024-02-14 19:06:09,190 [WARN] PackLoader:240 - Cannot read IP mode file for STMicroelectronics.X-CUBE-BLE2.3.3.0
2024-02-14 19:06:09,198 [WARN] PackLoader:240 - Cannot read IP mode file for STMicroelectronics.X-CUBE-ALGOBUILD.1.3.0
2024-02-14 19:06:09,222 [WARN] PackLoader:240 - Cannot read IP mode file for STMicroelectronics.X-CUBE-AZRTOS-G0.1.1.0
2024-02-14 19:06:09,232 [WARN] PackLoader:240 - Cannot read IP mode file for STMicroelectronics.X-CUBE-NFC4.3.0.0
2024-02-14 19:06:09,245 [WARN] PackLoader:240 - Cannot read IP mode file for STMicroelectronics.X-CUBE-BLEMGR.3.0.0
2024-02-14 19:06:09,253 [WARN] PackLoader:240 - Cannot read IP mode file for STMicroelectronics.FP-ATR-SIGFOX1.3.2.0
2024-02-14 19:06:09,261 [WARN] PackLoader:240 - Cannot read IP mode file for STMicroelectronics.X-CUBE-EEPRMA1.5.1.0
2024-02-14 19:06:09,309 [WARN] PackLoader:240 - Cannot read IP mode file for SEGGER.I-CUBE-embOS.1.3.1
2024-02-14 19:06:09,397 [WARN] PackLoader:240 - Cannot read IP mode file for STMicroelectronics.X-CUBE-GNSS1.6.0.0
2024-02-14 19:06:09,436 [WARN] PackLoader:240 - Cannot read IP mode file for STMicroelectronics.X-CUBE-AZRTOS-F4.1.1.0
2024-02-14 19:06:09,446 [WARN] PackLoader:240 - Cannot read IP mode file for wolfSSL.I-CUBE-wolfSSL.5.6.3
2024-02-14 19:06:09,470 [WARN] PackLoader:240 - Cannot read IP mode file for STMicroelectronics.X-CUBE-AZRTOS-L5.2.0.0
2024-02-14 19:06:09,523 [WARN] PackLoader:240 - Cannot read IP mode file for STMicroelectronics.X-CUBE-MEMS1.9.6.0
2024-02-14 19:06:09,652 [INFO] WebApp:753 - Register for checkConnection events
2024-02-14 19:06:09,652 [INFO] WebApp:390 - Apply proxy settings
2024-02-14 19:06:09,653 [INFO] WebApp:475 - Chromium requires no authentication
2024-02-14 19:06:09,668 [INFO] WebApp:418 - Direct internet connection detected
2024-02-14 19:06:09,696 [WARN] PackLoader:240 - Cannot read IP mode file for STMicroelectronics.X-CUBE-EEPRMA1.4.2.0
2024-02-14 19:06:09,712 [WARN] PackLoader:240 - Cannot read IP mode file for ITTIA_DB.I-CUBE-ITTIADB.8.8.0
2024-02-14 19:06:09,731 [WARN] PackLoader:240 - Cannot read IP mode file for STMicroelectronics.X-CUBE-BLEMGR.2.0.0
2024-02-14 19:06:09,753 [WARN] ConditionMgr:438 - getConditionDescription Invalid condition id : UX DEVICE CLASS RTOS Condition cause : null
2024-02-14 19:06:09,753 [WARN] ConditionMgr:438 - getConditionDescription Invalid condition id : UX DEVICE CLASS RTOS Condition cause : null
2024-02-14 19:06:09,756 [WARN] PackLoader:240 - Cannot read IP mode file for STMicroelectronics.X-CUBE-AZRTOS-H7.3.1.0
2024-02-14 19:06:09,758 [WARN] ConditionMgr:1039 - genDependencies : Invalid condition id : UX DEVICE CLASS RTOS Condition cause : null
2024-02-14 19:06:09,758 [WARN] ConditionMgr:1039 - genDependencies : Invalid condition id : UX DEVICE CLASS RTOS Condition cause : null
2024-02-14 19:06:09,759 [WARN] ConditionMgr:1039 - genDependencies : Invalid condition id : UX DEVICE CLASS RTOS Condition cause : null
2024-02-14 19:06:09,759 [WARN] ConditionMgr:1039 - genDependencies : Invalid condition id : UX DEVICE CLASS RTOS Condition cause : null
2024-02-14 19:06:09,759 [WARN] ConditionMgr:1039 - genDependencies : Invalid condition id : UX DEVICE CLASS RTOS Condition cause : null
2024-02-14 19:06:09,769 [WARN] PackLoader:240 - Cannot read IP mode file for STMicroelectronics.X-CUBE-NFC7.1.0.1
2024-02-14 19:06:09,778 [WARN] PackLoader:240 - Cannot read IP mode file for STMicroelectronics.X-CUBE-NFC6.3.0.0
2024-02-14 19:06:09,788 [WARN] PackLoader:240 - Cannot read IP mode file for STMicroelectronics.X-CUBE-EEPRMA1.4.1.0
2024-02-14 19:06:09,809 [WARN] ConditionMgr:438 - getConditionDescription Invalid condition id : LAN8742 Phy interface Condition cause : null
2024-02-14 19:06:09,810 [WARN] PackLoader:240 - Cannot read IP mode file for STMicroelectronics.X-CUBE-AZRTOS-L4.2.0.0
2024-02-14 19:06:09,811 [WARN] ConditionMgr:1039 - genDependencies : Invalid condition id : LAN8742 Phy interface Condition cause : null
2024-02-14 19:06:09,811 [WARN] ConditionMgr:1039 - genDependencies : Invalid condition id : LAN8742 Phy interface Condition cause : null
2024-02-14 19:06:09,812 [WARN] ConditionMgr:1039 - genDependencies : Invalid condition id : LAN8742 Phy interface Condition cause : null
2024-02-14 19:06:09,823 [WARN] PackLoader:240 - Cannot read IP mode file for STMicroelectronics.X-CUBE-SFXS2LP1.4.0.0
2024-02-14 19:06:09,831 [WARN] PackLoader:240 - Cannot read IP mode file for STMicroelectronics.X-CUBE-ISPU.1.1.0
2024-02-14 19:06:09,851 [WARN] ConditionMgr:438 - getConditionDescription Invalid condition id : UX DEVICE CLASS RTOS Condition cause : null
2024-02-14 19:06:09,851 [WARN] ConditionMgr:438 - getConditionDescription Invalid condition id : UX DEVICE CLASS RTOS Condition cause : null
2024-02-14 19:06:09,855 [WARN] PackLoader:240 - Cannot read IP mode file for STMicroelectronics.X-CUBE-AZRTOS-WB.2.0.0
2024-02-14 19:06:09,856 [WARN] ConditionMgr:1039 - genDependencies : Invalid condition id : UX DEVICE CLASS RTOS Condition cause : null
2024-02-14 19:06:09,856 [WARN] ConditionMgr:1039 - genDependencies : Invalid condition id : UX DEVICE CLASS RTOS Condition cause : null
2024-02-14 19:06:09,857 [WARN] ConditionMgr:1039 - genDependencies : Invalid condition id : UX DEVICE CLASS RTOS Condition cause : null
2024-02-14 19:06:09,858 [WARN] ConditionMgr:1039 - genDependencies : Invalid condition id : UX DEVICE CLASS RTOS Condition cause : null
2024-02-14 19:06:09,858 [WARN] ConditionMgr:1039 - genDependencies : Invalid condition id : UX DEVICE CLASS RTOS Condition cause : null
2024-02-14 19:06:09,879 [WARN] PackLoader:240 - Cannot read IP mode file for STMicroelectronics.X-CUBE-SUBG2.5.0.0
2024-02-14 19:06:09,907 [WARN] PackLoader:240 - Cannot read IP mode file for STMicroelectronics.X-CUBE-TOF1.3.3.1
2024-02-14 19:06:09,945 [WARN] PackLoader:240 - Cannot read IP mode file for STMicroelectronics.X-CUBE-AZRTOS-G4.2.0.0
2024-02-14 19:06:09,971 [WARN] PackLoader:240 - Cannot read IP mode file for Infineon.AIROC-Wi-Fi-Bluetooth-STM32.1.5.1
2024-02-14 19:06:09,981 [WARN] PackLoader:240 - Cannot read IP mode file for STMicroelectronics.FP-SNS-MOTENVWB1.1.3.0
2024-02-14 19:06:09,987 [WARN] PackLoader:240 - Cannot read IP mode file for STMicroelectronics.FP-SNS-MOTENVWB1.1.3.1
2024-02-14 19:06:09,992 [WARN] PackLoader:240 - Cannot read IP mode file for STMicroelectronics.X-CUBE-ISPU.2.0.0
2024-02-14 19:06:10,009 [INFO] WebApp:188 - Starting web application
2024-02-14 19:06:10,009 [INFO] WebApp:520 - Web application path used C:\ST\STM32CubeIDE_1.13.1\STM32CubeIDE\plugins\com.st.stm32cube.common.mx_6.9.1.202307191849\db\plugins\mcufinder\reactClient1\index.html
2024-02-14 19:06:10,033 [WARN] PackLoader:240 - Cannot read IP mode file for STMicroelectronics.X-CUBE-MEMS1.10.0.0
2024-02-14 19:06:10,219 [WARN] PackLoader:240 - Cannot read IP mode file for portGmbH.I-Cube-SoM-uGOAL.1.1.0
2024-02-14 19:06:10,227 [WARN] PackLoader:240 - Cannot read IP mode file for STMicroelectronics.X-CUBE-ALS.1.0.1
2024-02-14 19:06:10,236 [WARN] PackLoader:240 - Cannot read IP mode file for STMicroelectronics.FP-ATR-ASTRA1.2.0.0
2024-02-14 19:06:10,253 [WARN] PackLoader:240 - Cannot read IP mode file for STMicroelectronics.X-CUBE-TOF1.3.4.0
2024-02-14 19:06:10,308 [WARN] PackLoader:240 - Cannot read IP mode file for STMicroelectronics.X-CUBE-AZRTOS-H7.3.2.0
2024-02-14 19:06:10,315 [INFO] ThirdParty:978 - Integrity check success = true
2024-02-14 19:06:10,315 [INFO] IntegrityCheckThread:100 - exiting critical section [integrity check]
2024-02-14 19:06:10,315 [INFO] IntegrityCheckThread:103 - End integrity checks thread
2024-02-14 19:06:30,966 [ERROR] LogOutputStream:75 - [STDERR_REDIRECT] SLF4J: Failed to load class "org.slf4j.impl.StaticLoggerBinder".
2024-02-14 19:06:30,967 [ERROR] LogOutputStream:75 - [STDERR_REDIRECT] SLF4J: Defaulting to no-operation (NOP) logger implementation
2024-02-14 19:06:30,968 [ERROR] LogOutputStream:75 - [STDERR_REDIRECT] SLF4J: See http://www.slf4j.org/codes.html#StaticLoggerBinder for further details.
2024-02-14 19:06:52,214 [ERROR] LogOutputStream:75 - [STDERR_REDIRECT] 
