2024-02-15 11:19:44,899 [INFO] Activator:176 - 


2024-02-15 11:19:44,909 [INFO] Activator:177 - !SESSION log4j initialized
2024-02-15 11:19:50,881 [INFO] LogOutputStream:77 - [STDOUT_REDIRECT] 
2024-02-15 11:19:51,974 [INFO] ApplicationProperties:184 - Using Application install path: C:\ST\STM32CubeIDE_1.13.1\STM32CubeIDE\plugins\com.st.stm32cube.common.mx_6.9.1.202307191849
2024-02-15 11:19:51,995 [INFO] DbMcusXml:78 - Set database path to: C:\ST\STM32CubeIDE_1.13.1\STM32CubeIDE\plugins\com.st.stm32cube.common.mx_6.9.1.202307191849\\db\/mcu/
2024-02-15 11:19:51,995 [INFO] ApiDb:274 - Set plugin database path to: C:\ST\STM32CubeIDE_1.13.1\STM32CubeIDE\plugins\com.st.stm32cube.common.mx_6.9.1.202307191849\\db\/plugins/boardmanager/
2024-02-15 11:19:51,996 [WARN] ApiDb:259 - Overriding images path with different value:  => C:\ST\STM32CubeIDE_1.13.1\STM32CubeIDE\plugins\com.st.stm32cube.common.mx_6.9.1.202307191849\\db\/plugins/mcufinder/images/
2024-02-15 11:19:52,011 [INFO] ApiDb:250 - Set database path to: C:\Users\james\.stmcufinder\plugins\mcufinder//mcu/
2024-02-15 11:19:52,012 [INFO] DbMcusAds:125 - Set database path to: C:\Users\james\.stmcufinder\plugins\mcufinder//mcu/
2024-02-15 11:19:52,015 [INFO] CrossReferenceDbSqlite:203 - Set database path to: C:\Users\james\.stmcufinder\plugins\mcufinder//mcu/cs/
2024-02-15 11:19:52,158 [INFO] RulesReader:64 - Compatibility file has been processed (293 Rules)
2024-02-15 11:19:52,270 [INFO] DbMcusXml:78 - Set database path to: C:\ST\STM32CubeIDE_1.13.1\STM32CubeIDE\plugins\com.st.stm32cube.common.mx_6.9.1.202307191849\\db\/mcu/
2024-02-15 11:19:52,270 [INFO] ApiDb:274 - Set plugin database path to: C:\ST\STM32CubeIDE_1.13.1\STM32CubeIDE\plugins\com.st.stm32cube.common.mx_6.9.1.202307191849\\db\/plugins/boardmanager/
2024-02-15 11:19:52,271 [INFO] ApiDb:261 - Set plugin images path to: C:\ST\STM32CubeIDE_1.13.1\STM32CubeIDE\plugins\com.st.stm32cube.common.mx_6.9.1.202307191849\\db\/plugins/mcufinder/images/
2024-02-15 11:19:52,271 [WARN] DbFile:41 - Overriding database path with different value: C:\Users\james\.stmcufinder\plugins\mcufinder/ => C:\Users\james\.stmcufinder\plugins\mcufinder
2024-02-15 11:19:52,271 [INFO] ApiDb:250 - Set database path to: C:\Users\james\.stmcufinder\plugins\mcufinder//mcu/
2024-02-15 11:19:52,271 [WARN] DbFile:41 - Overriding database path with different value: C:\Users\james\.stmcufinder\plugins\mcufinder/ => C:\Users\james\.stmcufinder\plugins\mcufinder
2024-02-15 11:19:52,271 [INFO] DbMcusAds:125 - Set database path to: C:\Users\james\.stmcufinder\plugins\mcufinder//mcu/
2024-02-15 11:19:52,271 [WARN] DbFile:41 - Overriding database path with different value: C:\Users\james\.stmcufinder\plugins\mcufinder/ => C:\Users\james\.stmcufinder\plugins\mcufinder
2024-02-15 11:19:52,271 [WARN] DbFile:41 - Overriding database path with different value: C:\Users\james\.stmcufinder\plugins\mcufinder/ => C:\Users\james\.stmcufinder\plugins\mcufinder
2024-02-15 11:19:52,271 [INFO] CrossReferenceDbSqlite:203 - Set database path to: C:\Users\james\.stmcufinder\plugins\mcufinder//mcu/cs/
2024-02-15 11:19:52,364 [INFO] MainPanel:262 - HeapMemory: 268435456
2024-02-15 11:19:52,470 [INFO] DbMcusXml:78 - Set database path to: C:\ST\STM32CubeIDE_1.13.1\STM32CubeIDE\plugins\com.st.stm32cube.common.mx_6.9.1.202307191849\\db\/mcu/
2024-02-15 11:19:52,470 [INFO] ApiDb:274 - Set plugin database path to: C:\ST\STM32CubeIDE_1.13.1\STM32CubeIDE\plugins\com.st.stm32cube.common.mx_6.9.1.202307191849\\db\/plugins/boardmanager/
2024-02-15 11:19:52,470 [INFO] ApiDb:261 - Set plugin images path to: C:\ST\STM32CubeIDE_1.13.1\STM32CubeIDE\plugins\com.st.stm32cube.common.mx_6.9.1.202307191849\\db\/plugins/mcufinder/images/
2024-02-15 11:19:52,470 [WARN] DbFile:41 - Overriding database path with different value: C:\Users\james\.stmcufinder\plugins\mcufinder/ => C:\Users\james\.stmcufinder\plugins\mcufinder
2024-02-15 11:19:52,471 [INFO] ApiDb:250 - Set database path to: C:\Users\james\.stmcufinder\plugins\mcufinder//mcu/
2024-02-15 11:19:52,471 [WARN] DbFile:41 - Overriding database path with different value: C:\Users\james\.stmcufinder\plugins\mcufinder/ => C:\Users\james\.stmcufinder\plugins\mcufinder
2024-02-15 11:19:52,471 [INFO] DbMcusAds:125 - Set database path to: C:\Users\james\.stmcufinder\plugins\mcufinder//mcu/
2024-02-15 11:19:52,471 [WARN] DbFile:41 - Overriding database path with different value: C:\Users\james\.stmcufinder\plugins\mcufinder/ => C:\Users\james\.stmcufinder\plugins\mcufinder
2024-02-15 11:19:52,471 [WARN] DbFile:41 - Overriding database path with different value: C:\Users\james\.stmcufinder\plugins\mcufinder/ => C:\Users\james\.stmcufinder\plugins\mcufinder
2024-02-15 11:19:52,471 [INFO] CrossReferenceDbSqlite:203 - Set database path to: C:\Users\james\.stmcufinder\plugins\mcufinder//mcu/cs/
2024-02-15 11:19:52,491 [INFO] ApplicationProperties:184 - Using Application install path: C:\ST\STM32CubeIDE_1.13.1\STM32CubeIDE\plugins\com.st.stm32cube.common.mx_6.9.1.202307191849
2024-02-15 11:19:52,492 [INFO] PluginManage:196 - Search for loadable plugins [exclusion list=, ]
2024-02-15 11:19:52,493 [INFO] PluginManage:310 - Check plugin analytics
2024-02-15 11:19:52,662 [INFO] AnalyticsPlugin:253 - Accepted Software Licenses: 
2024-02-15 11:19:52,662 [INFO] AnalyticsPlugin:255 - Accepted CMSIS Pack Licenses: 
2024-02-15 11:19:52,662 [INFO] AnalyticsPlugin:257 - Accepted Firmware Licenses: FW.L4.1.18.0
2024-02-15 11:19:52,665 [INFO] PluginManage:359 - Loaded plugin analytics (category:tool,tabindex:-1)
2024-02-15 11:19:52,666 [INFO] PluginManage:310 - Check plugin cadmodel
2024-02-15 11:19:52,672 [INFO] CADModel:105 - Init CAD model plugin
2024-02-15 11:19:52,672 [INFO] PluginManage:359 - Loaded plugin cadmodel (category:power,tabindex:5)
2024-02-15 11:19:52,672 [INFO] PluginManage:310 - Check plugin clock
2024-02-15 11:19:52,684 [INFO] PluginManage:359 - Loaded plugin clock (category:base,tabindex:2)
2024-02-15 11:19:52,684 [INFO] PluginManage:310 - Check plugin ddr
2024-02-15 11:19:52,687 [INFO] PluginManage:359 - Loaded plugin ddr (category:tool,tabindex:6)
2024-02-15 11:19:52,687 [INFO] PluginManage:310 - Check plugin filemanager
2024-02-15 11:19:52,841 [INFO] PluginManage:359 - Loaded plugin filemanager (category:base,tabindex:10)
2024-02-15 11:19:52,841 [INFO] PluginManage:310 - Check plugin ipmanager
2024-02-15 11:19:52,851 [INFO] PluginManage:359 - Loaded plugin ipmanager (category:base,tabindex:5)
2024-02-15 11:19:52,851 [INFO] PluginManage:310 - Check plugin lpbam
2024-02-15 11:19:52,862 [INFO] PluginManage:359 - Loaded plugin lpbam (category:base,tabindex:0)
2024-02-15 11:19:52,862 [INFO] PluginManage:310 - Check plugin memorymap
2024-02-15 11:19:52,879 [INFO] PluginManage:359 - Loaded plugin memorymap (category:base,tabindex:4)
2024-02-15 11:19:52,879 [INFO] PluginManage:310 - Check plugin pinoutandconfiguration
2024-02-15 11:19:52,889 [INFO] PluginManage:359 - Loaded plugin pinoutandconfiguration (category:base,tabindex:1)
2024-02-15 11:19:52,889 [INFO] PluginManage:310 - Check plugin pinoutconfig
2024-02-15 11:19:53,006 [WARN] SupportedApi:132 - Cannot load RTOS API schema: s4s-elt-must-match.1: The content of 'definitions' must match (annotation?, (simpleType | complexType)?, (unique | key | keyref)*)). A problem was found starting at: attribute.
2024-02-15 11:19:53,172 [INFO] PluginManage:359 - Loaded plugin pinoutconfig (category:base,tabindex:0)
2024-02-15 11:19:53,172 [INFO] PluginManage:310 - Check plugin power
2024-02-15 11:19:53,184 [INFO] PluginManage:359 - Loaded plugin power (category:power,tabindex:4)
2024-02-15 11:19:53,185 [INFO] PluginManage:310 - Check plugin projectmanager
2024-02-15 11:19:53,201 [INFO] PluginManage:359 - Loaded plugin projectmanager (category:projectmanager,tabindex:3)
2024-02-15 11:19:53,201 [INFO] PluginManage:310 - Check plugin thirdparty
2024-02-15 11:19:53,364 [WARN] IntegrityCheckThread:84 - waiting for thirdparty lock release [integrity check]
2024-02-15 11:19:53,364 [INFO] IntegrityCheckThread:86 - entering critical section [integrity check]
2024-02-15 11:19:53,364 [INFO] PluginManage:359 - Loaded plugin thirdparty (category:base,tabindex:-1)
2024-02-15 11:19:53,365 [INFO] PluginManage:310 - Check plugin tools
2024-02-15 11:19:53,366 [INFO] ThirdPartyUpdaterWithRetryManager:70 - Updater plugin not ready yet. [1/15]
2024-02-15 11:19:53,368 [INFO] PluginManage:359 - Loaded plugin tools (category:base,tabindex:7)
2024-02-15 11:19:53,368 [INFO] PluginManage:310 - Check plugin tutovideos
2024-02-15 11:19:53,597 [INFO] PluginManage:359 - Loaded plugin tutovideos (category:base,tabindex:-1)
2024-02-15 11:19:53,597 [INFO] PluginManage:310 - Check plugin updater
2024-02-15 11:19:53,609 [INFO] PluginManage:359 - Loaded plugin updater (category:base,tabindex:12)
2024-02-15 11:19:53,610 [INFO] PluginManage:310 - Check plugin userauth
2024-02-15 11:19:53,617 [INFO] UserAuth:113 - Init User Auth plugin
2024-02-15 11:19:53,617 [INFO] PluginManage:359 - Loaded plugin userauth (category:base,tabindex:14)
2024-02-15 11:19:53,618 [INFO] PluginManage:283 - PluginManage : Loaded plugins [17]
2024-02-15 11:19:53,919 [INFO] PinOutPanel:1499 - setPackage(No Configuration,No Configuration)
2024-02-15 11:19:54,052 [INFO] CADModel:165 - CPN selected for project level
2024-02-15 11:19:54,052 [INFO] CADModel:114 - Register for checkConnection events
2024-02-15 11:19:54,074 [INFO] IPUIPlugin:80 - create IPUIPlugin
2024-02-15 11:19:54,074 [INFO] PluginManager:220 - loadIPPluginJar : add adc
2024-02-15 11:19:54,078 [INFO] IPUIPlugin:80 - create IPUIPlugin
2024-02-15 11:19:54,078 [INFO] PluginManager:220 - loadIPPluginJar : add aes
2024-02-15 11:19:54,081 [INFO] IPUIPlugin:80 - create IPUIPlugin
2024-02-15 11:19:54,081 [INFO] PluginManager:220 - loadIPPluginJar : add can
2024-02-15 11:19:54,083 [INFO] IPUIPlugin:80 - create IPUIPlugin
2024-02-15 11:19:54,083 [INFO] PluginManager:220 - loadIPPluginJar : add comp
2024-02-15 11:19:54,086 [INFO] IPUIPlugin:80 - create IPUIPlugin
2024-02-15 11:19:54,086 [INFO] PluginManager:220 - loadIPPluginJar : add cryp
2024-02-15 11:19:54,089 [INFO] IPUIPlugin:80 - create IPUIPlugin
2024-02-15 11:19:54,089 [INFO] PluginManager:220 - loadIPPluginJar : add dfsdm
2024-02-15 11:19:54,095 [INFO] IPUIPlugin:80 - create IPUIPlugin
2024-02-15 11:19:54,096 [INFO] PluginManager:220 - loadIPPluginJar : add dma
2024-02-15 11:19:54,099 [INFO] IPUIPlugin:80 - create IPUIPlugin
2024-02-15 11:19:54,099 [INFO] PluginManager:220 - loadIPPluginJar : add dma3
2024-02-15 11:19:54,101 [INFO] IPUIPlugin:80 - create IPUIPlugin
2024-02-15 11:19:54,101 [INFO] PluginManager:220 - loadIPPluginJar : add fatfs
2024-02-15 11:19:54,106 [INFO] IPUIPlugin:80 - create IPUIPlugin
2024-02-15 11:19:54,106 [INFO] PluginManager:220 - loadIPPluginJar : add fmc
2024-02-15 11:19:54,113 [INFO] IPUIPlugin:80 - create IPUIPlugin
2024-02-15 11:19:54,113 [INFO] PluginManager:220 - loadIPPluginJar : add freertos
2024-02-15 11:19:54,114 [INFO] IPUIPlugin:80 - create IPUIPlugin
2024-02-15 11:19:54,115 [INFO] PluginManager:220 - loadIPPluginJar : add genericplugin
2024-02-15 11:19:54,117 [INFO] IPUIPlugin:80 - create IPUIPlugin
2024-02-15 11:19:54,118 [INFO] PluginManager:220 - loadIPPluginJar : add gfxmmu
2024-02-15 11:19:54,122 [INFO] IPUIPlugin:80 - create IPUIPlugin
2024-02-15 11:19:54,123 [INFO] PluginManager:220 - loadIPPluginJar : add gic
2024-02-15 11:19:54,127 [INFO] IPUIPlugin:80 - create IPUIPlugin
2024-02-15 11:19:54,127 [INFO] PluginManager:220 - loadIPPluginJar : add gpio
2024-02-15 11:19:54,130 [INFO] IPUIPlugin:80 - create IPUIPlugin
2024-02-15 11:19:54,130 [INFO] PluginManager:220 - loadIPPluginJar : add gtzc
2024-02-15 11:19:54,133 [INFO] IPUIPlugin:80 - create IPUIPlugin
2024-02-15 11:19:54,133 [INFO] PluginManager:220 - loadIPPluginJar : add hash
2024-02-15 11:19:54,136 [INFO] IPUIPlugin:80 - create IPUIPlugin
2024-02-15 11:19:54,136 [INFO] PluginManager:220 - loadIPPluginJar : add i2c
2024-02-15 11:19:54,139 [INFO] IPUIPlugin:80 - create IPUIPlugin
2024-02-15 11:19:54,139 [INFO] PluginManager:220 - loadIPPluginJar : add i2s
2024-02-15 11:19:54,142 [INFO] IPUIPlugin:80 - create IPUIPlugin
2024-02-15 11:19:54,142 [INFO] PluginManager:220 - loadIPPluginJar : add i3c
2024-02-15 11:19:54,145 [INFO] IPUIPlugin:80 - create IPUIPlugin
2024-02-15 11:19:54,145 [INFO] PluginManager:220 - loadIPPluginJar : add ipddr
2024-02-15 11:19:54,153 [INFO] IPUIPlugin:80 - create IPUIPlugin
2024-02-15 11:19:54,154 [INFO] PluginManager:220 - loadIPPluginJar : add linkedlist
2024-02-15 11:19:54,157 [INFO] IPUIPlugin:80 - create IPUIPlugin
2024-02-15 11:19:54,157 [INFO] PluginManager:220 - loadIPPluginJar : add lorawan
2024-02-15 11:19:54,161 [INFO] IPUIPlugin:80 - create IPUIPlugin
2024-02-15 11:19:54,161 [INFO] PluginManager:220 - loadIPPluginJar : add ltdc
2024-02-15 11:19:54,168 [INFO] IPUIPlugin:80 - create IPUIPlugin
2024-02-15 11:19:54,169 [INFO] PluginManager:220 - loadIPPluginJar : add mdma
2024-02-15 11:19:54,173 [INFO] IPUIPlugin:80 - create IPUIPlugin
2024-02-15 11:19:54,173 [INFO] PluginManager:220 - loadIPPluginJar : add nvic
2024-02-15 11:19:54,177 [INFO] IPUIPlugin:80 - create IPUIPlugin
2024-02-15 11:19:54,177 [INFO] PluginManager:220 - loadIPPluginJar : add opamp
2024-02-15 11:19:54,180 [INFO] IPUIPlugin:80 - create IPUIPlugin
2024-02-15 11:19:54,181 [INFO] PluginManager:220 - loadIPPluginJar : add openamp
2024-02-15 11:19:54,185 [INFO] IPUIPlugin:80 - create IPUIPlugin
2024-02-15 11:19:54,185 [INFO] PluginManager:220 - loadIPPluginJar : add pdm2pcm
2024-02-15 11:19:54,194 [INFO] IPUIPlugin:80 - create IPUIPlugin
2024-02-15 11:19:54,196 [INFO] PluginManager:220 - loadIPPluginJar : add plateformsettings
2024-02-15 11:19:54,198 [INFO] IPUIPlugin:80 - create IPUIPlugin
2024-02-15 11:19:54,198 [INFO] PluginManager:220 - loadIPPluginJar : add quadspi
2024-02-15 11:19:54,203 [INFO] IPUIPlugin:80 - create IPUIPlugin
2024-02-15 11:19:54,203 [INFO] PluginManager:220 - loadIPPluginJar : add resmgrutility
2024-02-15 11:19:54,207 [INFO] IPUIPlugin:80 - create IPUIPlugin
2024-02-15 11:19:54,207 [INFO] PluginManager:220 - loadIPPluginJar : add sai
2024-02-15 11:19:54,210 [INFO] IPUIPlugin:80 - create IPUIPlugin
2024-02-15 11:19:54,210 [INFO] PluginManager:220 - loadIPPluginJar : add spi
2024-02-15 11:19:54,216 [INFO] IPUIPlugin:80 - create IPUIPlugin
2024-02-15 11:19:54,216 [INFO] PluginManager:220 - loadIPPluginJar : add stm32_wpan
2024-02-15 11:19:54,217 [INFO] IPUIPlugin:80 - create IPUIPlugin
2024-02-15 11:19:54,218 [INFO] PluginManager:220 - loadIPPluginJar : add tim
2024-02-15 11:19:54,221 [INFO] IPUIPlugin:80 - create IPUIPlugin
2024-02-15 11:19:54,221 [INFO] PluginManager:220 - loadIPPluginJar : add touchsensing
2024-02-15 11:19:54,226 [INFO] IPUIPlugin:80 - create IPUIPlugin
2024-02-15 11:19:54,226 [INFO] PluginManager:220 - loadIPPluginJar : add tracer_emb
2024-02-15 11:19:54,228 [INFO] IPUIPlugin:80 - create IPUIPlugin
2024-02-15 11:19:54,228 [INFO] PluginManager:220 - loadIPPluginJar : add ts
2024-02-15 11:19:54,232 [INFO] IPUIPlugin:80 - create IPUIPlugin
2024-02-15 11:19:54,232 [INFO] PluginManager:220 - loadIPPluginJar : add tsc
2024-02-15 11:19:54,236 [INFO] IPUIPlugin:80 - create IPUIPlugin
2024-02-15 11:19:54,236 [INFO] PluginManager:220 - loadIPPluginJar : add ucpd
2024-02-15 11:19:54,240 [INFO] IPUIPlugin:80 - create IPUIPlugin
2024-02-15 11:19:54,240 [INFO] PluginManager:220 - loadIPPluginJar : add usart
2024-02-15 11:19:54,243 [INFO] IPUIPlugin:80 - create IPUIPlugin
2024-02-15 11:19:54,243 [INFO] PluginManager:220 - loadIPPluginJar : add usbx
2024-02-15 11:19:54,378 [INFO] CADModel:165 - CPN selected for project level
2024-02-15 11:19:54,378 [INFO] CADModel:114 - Register for checkConnection events
2024-02-15 11:19:54,378 [FATAL] Updater:308 - Updater called before beeing initialized
2024-02-15 11:19:54,378 [ERROR] CADModel:125 - Updater not yet initialized, retry later 
2024-02-15 11:19:54,607 [INFO] CADModel:165 - CPN selected for project level
2024-02-15 11:19:54,607 [INFO] CADModel:114 - Register for checkConnection events
2024-02-15 11:19:54,607 [FATAL] Updater:308 - Updater called before beeing initialized
2024-02-15 11:19:54,607 [ERROR] CADModel:125 - Updater not yet initialized, retry later 
2024-02-15 11:19:54,611 [FATAL] Updater:308 - Updater called before beeing initialized
2024-02-15 11:19:54,746 [FATAL] Updater:308 - Updater called before beeing initialized
2024-02-15 11:19:54,752 [INFO] DbMcusAds:53 - JSON generation date=Tue Mar 07 03:50:55 EST 2023 (1678179055114)
2024-02-15 11:19:54,753 [FATAL] Updater:308 - Updater called before beeing initialized
2024-02-15 11:19:54,798 [WARN] DetailPanel:346 - Failed to get advertising image, set to default
2024-02-15 11:19:54,938 [FATAL] Updater:308 - Updater called before beeing initialized
2024-02-15 11:19:54,939 [FATAL] Updater:308 - Updater called before beeing initialized
2024-02-15 11:19:54,940 [FATAL] Updater:308 - Updater called before beeing initialized
2024-02-15 11:19:54,940 [WARN] DetailPanel:346 - Failed to get advertising image, set to default
2024-02-15 11:19:54,940 [FATAL] Updater:308 - Updater called before beeing initialized
2024-02-15 11:19:54,989 [ERROR] Updater:1120 - MainUpdater not yet initialized. External WinMGr cannot be set.
2024-02-15 11:19:54,991 [INFO] Updater:1056 - Updater Version found : 6.9.1
2024-02-15 11:19:55,014 [INFO] ApplicationProperties:184 - Using Application install path: C:\ST\STM32CubeIDE_1.13.1\STM32CubeIDE\plugins\com.st.stm32cube.common.mx_6.9.1.202307191849
2024-02-15 11:19:55,898 [INFO] MainUpdater:2868 - connection check result : 10
2024-02-15 11:19:55,899 [INFO] MainUpdater:285 - Updater Check For Update Now.
2024-02-15 11:19:55,899 [INFO] MicroXplorer:498 - Change Database Version : DB.6.0.91
2024-02-15 11:19:55,909 [INFO] McuFinderGlobals:63 - Set McuFinder mode to 2 (CubeIDE integrated)
2024-02-15 11:19:55,910 [INFO] UserAuth:179 - activating auth plugin
2024-02-15 11:19:55,914 [INFO] UserAuth:393 - Internet connection configuration mode: 1
2024-02-15 11:19:55,936 [INFO] JxBrowserEngine:151 - Initiate JxBrowser Engine with user profile folder
2024-02-15 11:19:56,108 [INFO] CheckServerUpdateThread:120 - End of CheckServer Thread
2024-02-15 11:19:56,772 [WARN] PackLoader:240 - Cannot read IP mode file for STMicroelectronics.X-CUBE-SMBUS.2.1.0
2024-02-15 11:19:56,783 [WARN] PackLoader:240 - Cannot read IP mode file for STMicroelectronics.X-CUBE-TOUCHGFX.4.23.0
2024-02-15 11:19:56,823 [WARN] PackLoader:240 - Cannot read IP mode file for STMicroelectronics.X-CUBE-AZRTOS-F7.1.1.0
2024-02-15 11:19:56,836 [WARN] PackLoader:240 - Cannot read IP mode file for STMicroelectronics.FP-SNS-MOTENV1.4.3.2
2024-02-15 11:19:56,850 [WARN] PackLoader:240 - Cannot read IP mode file for STMicroelectronics.X-CUBE-DISPLAY.3.0.0
2024-02-15 11:19:56,866 [WARN] PackLoader:240 - Cannot read IP mode file for emotas.I-CUBE-CANOPEN.1.3.0
2024-02-15 11:19:56,870 [WARN] PackLoader:240 - Cannot read IP mode file for STMicroelectronics.X-CUBE-TOUCHGFX.4.22.0
2024-02-15 11:19:56,873 [WARN] PackLoader:240 - Cannot read IP mode file for STMicroelectronics.X-CUBE-TOUCHGFX.4.22.1
2024-02-15 11:19:56,879 [WARN] PackLoader:240 - Cannot read IP mode file for STMicroelectronics.FP-SNS-SMARTAG2.1.2.0
2024-02-15 11:19:56,896 [INFO] LogOutputStream:77 - [STDOUT_REDIRECT] 1 : Invalid condition id : UX_CORESTACK_Condition cause : null
2024-02-15 11:19:56,897 [INFO] LogOutputStream:77 - [STDOUT_REDIRECT] 1 : Invalid condition id : UX_CORESTACK_Condition cause : null
2024-02-15 11:19:56,898 [INFO] LogOutputStream:77 - [STDOUT_REDIRECT] 1 : Invalid condition id : UX_CORESTACK_Condition cause : null
2024-02-15 11:19:56,899 [INFO] LogOutputStream:77 - [STDOUT_REDIRECT] 1 : Invalid condition id : UX_CORESTACK_Condition cause : null
2024-02-15 11:19:56,901 [INFO] LogOutputStream:77 - [STDOUT_REDIRECT] 1 : Invalid condition id : UX_CORESTACK_Condition cause : null
2024-02-15 11:19:56,906 [WARN] PackLoader:240 - Cannot read IP mode file for STMicroelectronics.X-CUBE-AZRTOS-WL.2.0.0
2024-02-15 11:19:56,917 [WARN] PackLoader:240 - Cannot read IP mode file for WES.I-CUBE-Cesium.1.3.0
2024-02-15 11:19:56,929 [WARN] PackLoader:240 - Cannot read IP mode file for STMicroelectronics.X-CUBE-BLE2.3.3.0
2024-02-15 11:19:56,941 [WARN] PackLoader:240 - Cannot read IP mode file for STMicroelectronics.X-CUBE-ALGOBUILD.1.3.0
2024-02-15 11:19:56,964 [WARN] PackLoader:240 - Cannot read IP mode file for STMicroelectronics.X-CUBE-AZRTOS-G0.1.1.0
2024-02-15 11:19:56,970 [INFO] WebApp:157 - Instantiating new browser for Auth
2024-02-15 11:19:56,974 [WARN] PackLoader:240 - Cannot read IP mode file for STMicroelectronics.X-CUBE-NFC4.3.0.0
2024-02-15 11:19:56,990 [WARN] PackLoader:240 - Cannot read IP mode file for STMicroelectronics.X-CUBE-BLEMGR.3.0.0
2024-02-15 11:19:57,001 [WARN] PackLoader:240 - Cannot read IP mode file for STMicroelectronics.FP-ATR-SIGFOX1.3.2.0
2024-02-15 11:19:57,011 [WARN] PackLoader:240 - Cannot read IP mode file for STMicroelectronics.X-CUBE-EEPRMA1.5.1.0
2024-02-15 11:19:57,070 [WARN] PackLoader:240 - Cannot read IP mode file for SEGGER.I-CUBE-embOS.1.3.1
2024-02-15 11:19:57,162 [WARN] PackLoader:240 - Cannot read IP mode file for STMicroelectronics.X-CUBE-GNSS1.6.0.0
2024-02-15 11:19:57,189 [WARN] PackLoader:240 - Cannot read IP mode file for STMicroelectronics.X-CUBE-AZRTOS-F4.1.1.0
2024-02-15 11:19:57,199 [WARN] PackLoader:240 - Cannot read IP mode file for wolfSSL.I-CUBE-wolfSSL.5.6.3
2024-02-15 11:19:57,224 [WARN] PackLoader:240 - Cannot read IP mode file for STMicroelectronics.X-CUBE-AZRTOS-L5.2.0.0
2024-02-15 11:19:57,285 [WARN] PackLoader:240 - Cannot read IP mode file for STMicroelectronics.X-CUBE-MEMS1.9.6.0
2024-02-15 11:19:57,491 [WARN] PackLoader:240 - Cannot read IP mode file for STMicroelectronics.X-CUBE-EEPRMA1.4.2.0
2024-02-15 11:19:57,503 [WARN] PackLoader:240 - Cannot read IP mode file for ITTIA_DB.I-CUBE-ITTIADB.8.8.0
2024-02-15 11:19:57,514 [WARN] PackLoader:240 - Cannot read IP mode file for STMicroelectronics.X-CUBE-BLEMGR.2.0.0
2024-02-15 11:19:57,544 [WARN] ConditionMgr:438 - getConditionDescription Invalid condition id : UX DEVICE CLASS RTOS Condition cause : null
2024-02-15 11:19:57,544 [WARN] ConditionMgr:438 - getConditionDescription Invalid condition id : UX DEVICE CLASS RTOS Condition cause : null
2024-02-15 11:19:57,550 [WARN] PackLoader:240 - Cannot read IP mode file for STMicroelectronics.X-CUBE-AZRTOS-H7.3.1.0
2024-02-15 11:19:57,552 [WARN] ConditionMgr:1039 - genDependencies : Invalid condition id : UX DEVICE CLASS RTOS Condition cause : null
2024-02-15 11:19:57,552 [WARN] ConditionMgr:1039 - genDependencies : Invalid condition id : UX DEVICE CLASS RTOS Condition cause : null
2024-02-15 11:19:57,553 [WARN] ConditionMgr:1039 - genDependencies : Invalid condition id : UX DEVICE CLASS RTOS Condition cause : null
2024-02-15 11:19:57,554 [WARN] ConditionMgr:1039 - genDependencies : Invalid condition id : UX DEVICE CLASS RTOS Condition cause : null
2024-02-15 11:19:57,554 [WARN] ConditionMgr:1039 - genDependencies : Invalid condition id : UX DEVICE CLASS RTOS Condition cause : null
2024-02-15 11:19:57,565 [WARN] PackLoader:240 - Cannot read IP mode file for STMicroelectronics.X-CUBE-NFC7.1.0.1
2024-02-15 11:19:57,578 [WARN] PackLoader:240 - Cannot read IP mode file for STMicroelectronics.X-CUBE-NFC6.3.0.0
2024-02-15 11:19:57,587 [WARN] PackLoader:240 - Cannot read IP mode file for STMicroelectronics.X-CUBE-EEPRMA1.4.1.0
2024-02-15 11:19:57,609 [WARN] ConditionMgr:438 - getConditionDescription Invalid condition id : LAN8742 Phy interface Condition cause : null
2024-02-15 11:19:57,610 [WARN] PackLoader:240 - Cannot read IP mode file for STMicroelectronics.X-CUBE-AZRTOS-L4.2.0.0
2024-02-15 11:19:57,612 [WARN] ConditionMgr:1039 - genDependencies : Invalid condition id : LAN8742 Phy interface Condition cause : null
2024-02-15 11:19:57,613 [WARN] ConditionMgr:1039 - genDependencies : Invalid condition id : LAN8742 Phy interface Condition cause : null
2024-02-15 11:19:57,614 [WARN] ConditionMgr:1039 - genDependencies : Invalid condition id : LAN8742 Phy interface Condition cause : null
2024-02-15 11:19:57,623 [WARN] PackLoader:240 - Cannot read IP mode file for STMicroelectronics.X-CUBE-SFXS2LP1.4.0.0
2024-02-15 11:19:57,633 [WARN] PackLoader:240 - Cannot read IP mode file for STMicroelectronics.X-CUBE-ISPU.1.1.0
2024-02-15 11:19:57,646 [WARN] ConditionMgr:438 - getConditionDescription Invalid condition id : UX DEVICE CLASS RTOS Condition cause : null
2024-02-15 11:19:57,647 [WARN] ConditionMgr:438 - getConditionDescription Invalid condition id : UX DEVICE CLASS RTOS Condition cause : null
2024-02-15 11:19:57,649 [WARN] PackLoader:240 - Cannot read IP mode file for STMicroelectronics.X-CUBE-AZRTOS-WB.2.0.0
2024-02-15 11:19:57,649 [WARN] ConditionMgr:1039 - genDependencies : Invalid condition id : UX DEVICE CLASS RTOS Condition cause : null
2024-02-15 11:19:57,649 [WARN] ConditionMgr:1039 - genDependencies : Invalid condition id : UX DEVICE CLASS RTOS Condition cause : null
2024-02-15 11:19:57,650 [WARN] ConditionMgr:1039 - genDependencies : Invalid condition id : UX DEVICE CLASS RTOS Condition cause : null
2024-02-15 11:19:57,651 [WARN] ConditionMgr:1039 - genDependencies : Invalid condition id : UX DEVICE CLASS RTOS Condition cause : null
2024-02-15 11:19:57,651 [WARN] ConditionMgr:1039 - genDependencies : Invalid condition id : UX DEVICE CLASS RTOS Condition cause : null
2024-02-15 11:19:57,663 [WARN] PackLoader:240 - Cannot read IP mode file for STMicroelectronics.X-CUBE-SUBG2.5.0.0
2024-02-15 11:19:57,680 [WARN] PackLoader:240 - Cannot read IP mode file for STMicroelectronics.X-CUBE-TOF1.3.3.1
2024-02-15 11:19:57,715 [WARN] PackLoader:240 - Cannot read IP mode file for STMicroelectronics.X-CUBE-AZRTOS-G4.2.0.0
2024-02-15 11:19:57,738 [WARN] PackLoader:240 - Cannot read IP mode file for Infineon.AIROC-Wi-Fi-Bluetooth-STM32.1.5.1
2024-02-15 11:19:57,745 [WARN] PackLoader:240 - Cannot read IP mode file for STMicroelectronics.FP-SNS-MOTENVWB1.1.3.0
2024-02-15 11:19:57,749 [WARN] PackLoader:240 - Cannot read IP mode file for STMicroelectronics.FP-SNS-MOTENVWB1.1.3.1
2024-02-15 11:19:57,754 [WARN] PackLoader:240 - Cannot read IP mode file for STMicroelectronics.X-CUBE-ISPU.2.0.0
2024-02-15 11:19:57,790 [WARN] PackLoader:240 - Cannot read IP mode file for STMicroelectronics.X-CUBE-MEMS1.10.0.0
2024-02-15 11:19:57,872 [INFO] WebApp:753 - Register for checkConnection events
2024-02-15 11:19:57,873 [INFO] WebApp:390 - Apply proxy settings
2024-02-15 11:19:57,873 [INFO] WebApp:475 - Chromium requires no authentication
2024-02-15 11:19:57,884 [INFO] WebApp:418 - Direct internet connection detected
2024-02-15 11:19:57,919 [WARN] PackLoader:240 - Cannot read IP mode file for portGmbH.I-Cube-SoM-uGOAL.1.1.0
2024-02-15 11:19:57,926 [WARN] PackLoader:240 - Cannot read IP mode file for STMicroelectronics.X-CUBE-ALS.1.0.1
2024-02-15 11:19:57,932 [WARN] PackLoader:240 - Cannot read IP mode file for STMicroelectronics.FP-ATR-ASTRA1.2.0.0
2024-02-15 11:19:57,941 [WARN] PackLoader:240 - Cannot read IP mode file for STMicroelectronics.X-CUBE-TOF1.3.4.0
2024-02-15 11:19:57,969 [WARN] PackLoader:240 - Cannot read IP mode file for STMicroelectronics.X-CUBE-AZRTOS-H7.3.2.0
2024-02-15 11:19:57,972 [INFO] ThirdParty:978 - Integrity check success = true
2024-02-15 11:19:57,972 [INFO] IntegrityCheckThread:100 - exiting critical section [integrity check]
2024-02-15 11:19:57,973 [INFO] IntegrityCheckThread:103 - End integrity checks thread
2024-02-15 11:19:58,145 [INFO] WebApp:188 - Starting web application
2024-02-15 11:19:58,145 [INFO] WebApp:520 - Web application path used C:\ST\STM32CubeIDE_1.13.1\STM32CubeIDE\plugins\com.st.stm32cube.common.mx_6.9.1.202307191849\db\plugins\mcufinder\reactClient1\index.html
2024-02-15 11:20:19,065 [ERROR] LogOutputStream:75 - [STDERR_REDIRECT] SLF4J: Failed to load class "org.slf4j.impl.StaticLoggerBinder".
2024-02-15 11:20:19,065 [ERROR] LogOutputStream:75 - [STDERR_REDIRECT] SLF4J: Defaulting to no-operation (NOP) logger implementation
2024-02-15 11:20:19,067 [ERROR] LogOutputStream:75 - [STDERR_REDIRECT] SLF4J: See http://www.slf4j.org/codes.html#StaticLoggerBinder for further details.
2024-02-15 11:21:20,937 [ERROR] LogOutputStream:75 - [STDERR_REDIRECT] 
