2023-09-14 12:06:14,216 [INFO] Activator:176 - 


2023-09-14 12:06:14,225 [INFO] Activator:177 - !SESSION log4j initialized
2023-09-14 12:06:18,182 [INFO] LogOutputStream:77 - [STDOUT_REDIRECT] 
2023-09-14 12:06:18,866 [INFO] ApplicationProperties:184 - Using Application install path: C:\ST\STM32CubeIDE_1.13.1\STM32CubeIDE\plugins\com.st.stm32cube.common.mx_6.9.1.202307191849
2023-09-14 12:06:18,880 [INFO] DbMcusXml:78 - Set database path to: C:\ST\STM32CubeIDE_1.13.1\STM32CubeIDE\plugins\com.st.stm32cube.common.mx_6.9.1.202307191849\\db\/mcu/
2023-09-14 12:06:18,881 [INFO] ApiDb:274 - Set plugin database path to: C:\ST\STM32CubeIDE_1.13.1\STM32CubeIDE\plugins\com.st.stm32cube.common.mx_6.9.1.202307191849\\db\/plugins/boardmanager/
2023-09-14 12:06:18,881 [WARN] ApiDb:259 - Overriding images path with different value:  => C:\ST\STM32CubeIDE_1.13.1\STM32CubeIDE\plugins\com.st.stm32cube.common.mx_6.9.1.202307191849\\db\/plugins/mcufinder/images/
2023-09-14 12:06:18,890 [INFO] ApiDb:250 - Set database path to: C:\Users\james\.stmcufinder\plugins\mcufinder//mcu/
2023-09-14 12:06:18,891 [INFO] DbMcusAds:125 - Set database path to: C:\Users\james\.stmcufinder\plugins\mcufinder//mcu/
2023-09-14 12:06:18,894 [INFO] CrossReferenceDbSqlite:203 - Set database path to: C:\Users\james\.stmcufinder\plugins\mcufinder//mcu/cs/
2023-09-14 12:06:18,980 [INFO] RulesReader:64 - Compatibility file has been processed (293 Rules)
2023-09-14 12:06:19,053 [INFO] DbMcusXml:78 - Set database path to: C:\ST\STM32CubeIDE_1.13.1\STM32CubeIDE\plugins\com.st.stm32cube.common.mx_6.9.1.202307191849\\db\/mcu/
2023-09-14 12:06:19,053 [INFO] ApiDb:274 - Set plugin database path to: C:\ST\STM32CubeIDE_1.13.1\STM32CubeIDE\plugins\com.st.stm32cube.common.mx_6.9.1.202307191849\\db\/plugins/boardmanager/
2023-09-14 12:06:19,053 [INFO] ApiDb:261 - Set plugin images path to: C:\ST\STM32CubeIDE_1.13.1\STM32CubeIDE\plugins\com.st.stm32cube.common.mx_6.9.1.202307191849\\db\/plugins/mcufinder/images/
2023-09-14 12:06:19,053 [WARN] DbFile:41 - Overriding database path with different value: C:\Users\james\.stmcufinder\plugins\mcufinder/ => C:\Users\james\.stmcufinder\plugins\mcufinder
2023-09-14 12:06:19,053 [INFO] ApiDb:250 - Set database path to: C:\Users\james\.stmcufinder\plugins\mcufinder//mcu/
2023-09-14 12:06:19,053 [WARN] DbFile:41 - Overriding database path with different value: C:\Users\james\.stmcufinder\plugins\mcufinder/ => C:\Users\james\.stmcufinder\plugins\mcufinder
2023-09-14 12:06:19,053 [INFO] DbMcusAds:125 - Set database path to: C:\Users\james\.stmcufinder\plugins\mcufinder//mcu/
2023-09-14 12:06:19,053 [WARN] DbFile:41 - Overriding database path with different value: C:\Users\james\.stmcufinder\plugins\mcufinder/ => C:\Users\james\.stmcufinder\plugins\mcufinder
2023-09-14 12:06:19,054 [WARN] DbFile:41 - Overriding database path with different value: C:\Users\james\.stmcufinder\plugins\mcufinder/ => C:\Users\james\.stmcufinder\plugins\mcufinder
2023-09-14 12:06:19,054 [INFO] CrossReferenceDbSqlite:203 - Set database path to: C:\Users\james\.stmcufinder\plugins\mcufinder//mcu/cs/
2023-09-14 12:06:19,119 [INFO] MainPanel:262 - HeapMemory: 268435456
2023-09-14 12:06:19,202 [INFO] DbMcusXml:78 - Set database path to: C:\ST\STM32CubeIDE_1.13.1\STM32CubeIDE\plugins\com.st.stm32cube.common.mx_6.9.1.202307191849\\db\/mcu/
2023-09-14 12:06:19,202 [INFO] ApiDb:274 - Set plugin database path to: C:\ST\STM32CubeIDE_1.13.1\STM32CubeIDE\plugins\com.st.stm32cube.common.mx_6.9.1.202307191849\\db\/plugins/boardmanager/
2023-09-14 12:06:19,202 [INFO] ApiDb:261 - Set plugin images path to: C:\ST\STM32CubeIDE_1.13.1\STM32CubeIDE\plugins\com.st.stm32cube.common.mx_6.9.1.202307191849\\db\/plugins/mcufinder/images/
2023-09-14 12:06:19,202 [WARN] DbFile:41 - Overriding database path with different value: C:\Users\james\.stmcufinder\plugins\mcufinder/ => C:\Users\james\.stmcufinder\plugins\mcufinder
2023-09-14 12:06:19,202 [INFO] ApiDb:250 - Set database path to: C:\Users\james\.stmcufinder\plugins\mcufinder//mcu/
2023-09-14 12:06:19,202 [WARN] DbFile:41 - Overriding database path with different value: C:\Users\james\.stmcufinder\plugins\mcufinder/ => C:\Users\james\.stmcufinder\plugins\mcufinder
2023-09-14 12:06:19,203 [INFO] DbMcusAds:125 - Set database path to: C:\Users\james\.stmcufinder\plugins\mcufinder//mcu/
2023-09-14 12:06:19,203 [WARN] DbFile:41 - Overriding database path with different value: C:\Users\james\.stmcufinder\plugins\mcufinder/ => C:\Users\james\.stmcufinder\plugins\mcufinder
2023-09-14 12:06:19,203 [WARN] DbFile:41 - Overriding database path with different value: C:\Users\james\.stmcufinder\plugins\mcufinder/ => C:\Users\james\.stmcufinder\plugins\mcufinder
2023-09-14 12:06:19,203 [INFO] CrossReferenceDbSqlite:203 - Set database path to: C:\Users\james\.stmcufinder\plugins\mcufinder//mcu/cs/
2023-09-14 12:06:19,219 [INFO] ApplicationProperties:184 - Using Application install path: C:\ST\STM32CubeIDE_1.13.1\STM32CubeIDE\plugins\com.st.stm32cube.common.mx_6.9.1.202307191849
2023-09-14 12:06:19,220 [INFO] PluginManage:196 - Search for loadable plugins [exclusion list=, ]
2023-09-14 12:06:19,221 [INFO] PluginManage:310 - Check plugin analytics
2023-09-14 12:06:19,344 [INFO] AnalyticsPlugin:253 - Accepted Software Licenses: 
2023-09-14 12:06:19,345 [INFO] AnalyticsPlugin:255 - Accepted CMSIS Pack Licenses: 
2023-09-14 12:06:19,345 [INFO] AnalyticsPlugin:257 - Accepted Firmware Licenses: FW.L4.1.18.0
2023-09-14 12:06:19,348 [INFO] PluginManage:359 - Loaded plugin analytics (category:tool,tabindex:-1)
2023-09-14 12:06:19,348 [INFO] PluginManage:310 - Check plugin cadmodel
2023-09-14 12:06:19,353 [INFO] CADModel:105 - Init CAD model plugin
2023-09-14 12:06:19,353 [INFO] PluginManage:359 - Loaded plugin cadmodel (category:power,tabindex:5)
2023-09-14 12:06:19,353 [INFO] PluginManage:310 - Check plugin clock
2023-09-14 12:06:19,360 [INFO] PluginManage:359 - Loaded plugin clock (category:base,tabindex:2)
2023-09-14 12:06:19,360 [INFO] PluginManage:310 - Check plugin ddr
2023-09-14 12:06:19,362 [INFO] PluginManage:359 - Loaded plugin ddr (category:tool,tabindex:6)
2023-09-14 12:06:19,363 [INFO] PluginManage:310 - Check plugin filemanager
2023-09-14 12:06:19,476 [INFO] PluginManage:359 - Loaded plugin filemanager (category:base,tabindex:10)
2023-09-14 12:06:19,476 [INFO] PluginManage:310 - Check plugin ipmanager
2023-09-14 12:06:19,483 [INFO] PluginManage:359 - Loaded plugin ipmanager (category:base,tabindex:5)
2023-09-14 12:06:19,483 [INFO] PluginManage:310 - Check plugin lpbam
2023-09-14 12:06:19,490 [INFO] PluginManage:359 - Loaded plugin lpbam (category:base,tabindex:0)
2023-09-14 12:06:19,491 [INFO] PluginManage:310 - Check plugin memorymap
2023-09-14 12:06:19,502 [INFO] PluginManage:359 - Loaded plugin memorymap (category:base,tabindex:4)
2023-09-14 12:06:19,502 [INFO] PluginManage:310 - Check plugin pinoutandconfiguration
2023-09-14 12:06:19,509 [INFO] PluginManage:359 - Loaded plugin pinoutandconfiguration (category:base,tabindex:1)
2023-09-14 12:06:19,510 [INFO] PluginManage:310 - Check plugin pinoutconfig
2023-09-14 12:06:19,583 [WARN] SupportedApi:132 - Cannot load RTOS API schema: s4s-elt-must-match.1: The content of 'definitions' must match (annotation?, (simpleType | complexType)?, (unique | key | keyref)*)). A problem was found starting at: attribute.
2023-09-14 12:06:19,685 [INFO] PluginManage:359 - Loaded plugin pinoutconfig (category:base,tabindex:0)
2023-09-14 12:06:19,685 [INFO] PluginManage:310 - Check plugin power
2023-09-14 12:06:19,695 [INFO] PluginManage:359 - Loaded plugin power (category:power,tabindex:4)
2023-09-14 12:06:19,695 [INFO] PluginManage:310 - Check plugin projectmanager
2023-09-14 12:06:19,706 [INFO] PluginManage:359 - Loaded plugin projectmanager (category:projectmanager,tabindex:3)
2023-09-14 12:06:19,706 [INFO] PluginManage:310 - Check plugin thirdparty
2023-09-14 12:06:19,806 [INFO] PluginManage:359 - Loaded plugin thirdparty (category:base,tabindex:-1)
2023-09-14 12:06:19,806 [WARN] IntegrityCheckThread:84 - waiting for thirdparty lock release [integrity check]
2023-09-14 12:06:19,807 [INFO] PluginManage:310 - Check plugin tools
2023-09-14 12:06:19,807 [INFO] IntegrityCheckThread:86 - entering critical section [integrity check]
2023-09-14 12:06:19,807 [INFO] ThirdPartyUpdaterWithRetryManager:70 - Updater plugin not ready yet. [1/15]
2023-09-14 12:06:19,809 [INFO] PluginManage:359 - Loaded plugin tools (category:base,tabindex:7)
2023-09-14 12:06:19,809 [INFO] PluginManage:310 - Check plugin tutovideos
2023-09-14 12:06:19,947 [INFO] PluginManage:359 - Loaded plugin tutovideos (category:base,tabindex:-1)
2023-09-14 12:06:19,947 [INFO] PluginManage:310 - Check plugin updater
2023-09-14 12:06:19,956 [INFO] PluginManage:359 - Loaded plugin updater (category:base,tabindex:12)
2023-09-14 12:06:19,956 [INFO] PluginManage:310 - Check plugin userauth
2023-09-14 12:06:19,960 [INFO] UserAuth:113 - Init User Auth plugin
2023-09-14 12:06:19,961 [INFO] PluginManage:359 - Loaded plugin userauth (category:base,tabindex:14)
2023-09-14 12:06:19,961 [INFO] PluginManage:283 - PluginManage : Loaded plugins [17]
2023-09-14 12:06:20,135 [INFO] PinOutPanel:1499 - setPackage(No Configuration,No Configuration)
2023-09-14 12:06:20,226 [INFO] CADModel:165 - CPN selected for project level
2023-09-14 12:06:20,226 [INFO] CADModel:114 - Register for checkConnection events
2023-09-14 12:06:20,240 [INFO] IPUIPlugin:80 - create IPUIPlugin
2023-09-14 12:06:20,240 [INFO] PluginManager:220 - loadIPPluginJar : add adc
2023-09-14 12:06:20,242 [INFO] IPUIPlugin:80 - create IPUIPlugin
2023-09-14 12:06:20,242 [INFO] PluginManager:220 - loadIPPluginJar : add aes
2023-09-14 12:06:20,245 [INFO] IPUIPlugin:80 - create IPUIPlugin
2023-09-14 12:06:20,245 [INFO] PluginManager:220 - loadIPPluginJar : add can
2023-09-14 12:06:20,246 [INFO] IPUIPlugin:80 - create IPUIPlugin
2023-09-14 12:06:20,246 [INFO] PluginManager:220 - loadIPPluginJar : add comp
2023-09-14 12:06:20,248 [INFO] IPUIPlugin:80 - create IPUIPlugin
2023-09-14 12:06:20,248 [INFO] PluginManager:220 - loadIPPluginJar : add cryp
2023-09-14 12:06:20,250 [INFO] IPUIPlugin:80 - create IPUIPlugin
2023-09-14 12:06:20,250 [INFO] PluginManager:220 - loadIPPluginJar : add dfsdm
2023-09-14 12:06:20,254 [INFO] IPUIPlugin:80 - create IPUIPlugin
2023-09-14 12:06:20,254 [INFO] PluginManager:220 - loadIPPluginJar : add dma
2023-09-14 12:06:20,256 [INFO] IPUIPlugin:80 - create IPUIPlugin
2023-09-14 12:06:20,256 [INFO] PluginManager:220 - loadIPPluginJar : add dma3
2023-09-14 12:06:20,257 [INFO] IPUIPlugin:80 - create IPUIPlugin
2023-09-14 12:06:20,257 [INFO] PluginManager:220 - loadIPPluginJar : add fatfs
2023-09-14 12:06:20,260 [INFO] IPUIPlugin:80 - create IPUIPlugin
2023-09-14 12:06:20,260 [INFO] PluginManager:220 - loadIPPluginJar : add fmc
2023-09-14 12:06:20,265 [INFO] IPUIPlugin:80 - create IPUIPlugin
2023-09-14 12:06:20,265 [INFO] PluginManager:220 - loadIPPluginJar : add freertos
2023-09-14 12:06:20,266 [INFO] IPUIPlugin:80 - create IPUIPlugin
2023-09-14 12:06:20,266 [INFO] PluginManager:220 - loadIPPluginJar : add genericplugin
2023-09-14 12:06:20,268 [INFO] IPUIPlugin:80 - create IPUIPlugin
2023-09-14 12:06:20,268 [INFO] PluginManager:220 - loadIPPluginJar : add gfxmmu
2023-09-14 12:06:20,273 [INFO] IPUIPlugin:80 - create IPUIPlugin
2023-09-14 12:06:20,273 [INFO] PluginManager:220 - loadIPPluginJar : add gic
2023-09-14 12:06:20,277 [INFO] IPUIPlugin:80 - create IPUIPlugin
2023-09-14 12:06:20,277 [INFO] PluginManager:220 - loadIPPluginJar : add gpio
2023-09-14 12:06:20,279 [INFO] IPUIPlugin:80 - create IPUIPlugin
2023-09-14 12:06:20,279 [INFO] PluginManager:220 - loadIPPluginJar : add gtzc
2023-09-14 12:06:20,281 [INFO] IPUIPlugin:80 - create IPUIPlugin
2023-09-14 12:06:20,281 [INFO] PluginManager:220 - loadIPPluginJar : add hash
2023-09-14 12:06:20,283 [INFO] IPUIPlugin:80 - create IPUIPlugin
2023-09-14 12:06:20,283 [INFO] PluginManager:220 - loadIPPluginJar : add i2c
2023-09-14 12:06:20,285 [INFO] IPUIPlugin:80 - create IPUIPlugin
2023-09-14 12:06:20,285 [INFO] PluginManager:220 - loadIPPluginJar : add i2s
2023-09-14 12:06:20,287 [INFO] IPUIPlugin:80 - create IPUIPlugin
2023-09-14 12:06:20,287 [INFO] PluginManager:220 - loadIPPluginJar : add i3c
2023-09-14 12:06:20,290 [INFO] IPUIPlugin:80 - create IPUIPlugin
2023-09-14 12:06:20,290 [INFO] PluginManager:220 - loadIPPluginJar : add ipddr
2023-09-14 12:06:20,296 [INFO] IPUIPlugin:80 - create IPUIPlugin
2023-09-14 12:06:20,296 [INFO] PluginManager:220 - loadIPPluginJar : add linkedlist
2023-09-14 12:06:20,298 [INFO] IPUIPlugin:80 - create IPUIPlugin
2023-09-14 12:06:20,298 [INFO] PluginManager:220 - loadIPPluginJar : add lorawan
2023-09-14 12:06:20,300 [INFO] IPUIPlugin:80 - create IPUIPlugin
2023-09-14 12:06:20,300 [INFO] PluginManager:220 - loadIPPluginJar : add ltdc
2023-09-14 12:06:20,305 [INFO] IPUIPlugin:80 - create IPUIPlugin
2023-09-14 12:06:20,305 [INFO] PluginManager:220 - loadIPPluginJar : add mdma
2023-09-14 12:06:20,308 [INFO] IPUIPlugin:80 - create IPUIPlugin
2023-09-14 12:06:20,308 [INFO] PluginManager:220 - loadIPPluginJar : add nvic
2023-09-14 12:06:20,310 [INFO] IPUIPlugin:80 - create IPUIPlugin
2023-09-14 12:06:20,310 [INFO] PluginManager:220 - loadIPPluginJar : add opamp
2023-09-14 12:06:20,313 [INFO] IPUIPlugin:80 - create IPUIPlugin
2023-09-14 12:06:20,313 [INFO] PluginManager:220 - loadIPPluginJar : add openamp
2023-09-14 12:06:20,315 [INFO] IPUIPlugin:80 - create IPUIPlugin
2023-09-14 12:06:20,315 [INFO] PluginManager:220 - loadIPPluginJar : add pdm2pcm
2023-09-14 12:06:20,320 [INFO] IPUIPlugin:80 - create IPUIPlugin
2023-09-14 12:06:20,322 [INFO] PluginManager:220 - loadIPPluginJar : add plateformsettings
2023-09-14 12:06:20,323 [INFO] IPUIPlugin:80 - create IPUIPlugin
2023-09-14 12:06:20,324 [INFO] PluginManager:220 - loadIPPluginJar : add quadspi
2023-09-14 12:06:20,327 [INFO] IPUIPlugin:80 - create IPUIPlugin
2023-09-14 12:06:20,327 [INFO] PluginManager:220 - loadIPPluginJar : add resmgrutility
2023-09-14 12:06:20,330 [INFO] IPUIPlugin:80 - create IPUIPlugin
2023-09-14 12:06:20,330 [INFO] PluginManager:220 - loadIPPluginJar : add sai
2023-09-14 12:06:20,332 [INFO] IPUIPlugin:80 - create IPUIPlugin
2023-09-14 12:06:20,332 [INFO] PluginManager:220 - loadIPPluginJar : add spi
2023-09-14 12:06:20,335 [INFO] IPUIPlugin:80 - create IPUIPlugin
2023-09-14 12:06:20,335 [INFO] PluginManager:220 - loadIPPluginJar : add stm32_wpan
2023-09-14 12:06:20,337 [INFO] IPUIPlugin:80 - create IPUIPlugin
2023-09-14 12:06:20,337 [INFO] PluginManager:220 - loadIPPluginJar : add tim
2023-09-14 12:06:20,340 [INFO] IPUIPlugin:80 - create IPUIPlugin
2023-09-14 12:06:20,340 [INFO] PluginManager:220 - loadIPPluginJar : add touchsensing
2023-09-14 12:06:20,342 [INFO] IPUIPlugin:80 - create IPUIPlugin
2023-09-14 12:06:20,342 [INFO] PluginManager:220 - loadIPPluginJar : add tracer_emb
2023-09-14 12:06:20,343 [INFO] IPUIPlugin:80 - create IPUIPlugin
2023-09-14 12:06:20,343 [INFO] PluginManager:220 - loadIPPluginJar : add ts
2023-09-14 12:06:20,345 [INFO] IPUIPlugin:80 - create IPUIPlugin
2023-09-14 12:06:20,345 [INFO] PluginManager:220 - loadIPPluginJar : add tsc
2023-09-14 12:06:20,347 [INFO] IPUIPlugin:80 - create IPUIPlugin
2023-09-14 12:06:20,347 [INFO] PluginManager:220 - loadIPPluginJar : add ucpd
2023-09-14 12:06:20,348 [INFO] IPUIPlugin:80 - create IPUIPlugin
2023-09-14 12:06:20,348 [INFO] PluginManager:220 - loadIPPluginJar : add usart
2023-09-14 12:06:20,351 [INFO] IPUIPlugin:80 - create IPUIPlugin
2023-09-14 12:06:20,351 [INFO] PluginManager:220 - loadIPPluginJar : add usbx
2023-09-14 12:06:20,463 [INFO] CADModel:165 - CPN selected for project level
2023-09-14 12:06:20,464 [INFO] CADModel:114 - Register for checkConnection events
2023-09-14 12:06:20,465 [FATAL] Updater:308 - Updater called before beeing initialized
2023-09-14 12:06:20,465 [ERROR] CADModel:125 - Updater not yet initialized, retry later 
2023-09-14 12:06:20,601 [INFO] CADModel:165 - CPN selected for project level
2023-09-14 12:06:20,601 [INFO] CADModel:114 - Register for checkConnection events
2023-09-14 12:06:20,601 [FATAL] Updater:308 - Updater called before beeing initialized
2023-09-14 12:06:20,601 [ERROR] CADModel:125 - Updater not yet initialized, retry later 
2023-09-14 12:06:20,604 [FATAL] Updater:308 - Updater called before beeing initialized
2023-09-14 12:06:20,683 [FATAL] Updater:308 - Updater called before beeing initialized
2023-09-14 12:06:20,688 [INFO] DbMcusAds:53 - JSON generation date=Tue Mar 07 03:50:55 EST 2023 (1678179055114)
2023-09-14 12:06:20,688 [FATAL] Updater:308 - Updater called before beeing initialized
2023-09-14 12:06:20,720 [WARN] DetailPanel:346 - Failed to get advertising image, set to default
2023-09-14 12:06:20,802 [FATAL] Updater:308 - Updater called before beeing initialized
2023-09-14 12:06:20,803 [FATAL] Updater:308 - Updater called before beeing initialized
2023-09-14 12:06:20,804 [FATAL] Updater:308 - Updater called before beeing initialized
2023-09-14 12:06:20,804 [WARN] DetailPanel:346 - Failed to get advertising image, set to default
2023-09-14 12:06:20,804 [FATAL] Updater:308 - Updater called before beeing initialized
2023-09-14 12:06:20,840 [ERROR] Updater:1120 - MainUpdater not yet initialized. External WinMGr cannot be set.
2023-09-14 12:06:20,842 [INFO] Updater:1056 - Updater Version found : 6.9.1
2023-09-14 12:06:20,856 [INFO] ApplicationProperties:184 - Using Application install path: C:\ST\STM32CubeIDE_1.13.1\STM32CubeIDE\plugins\com.st.stm32cube.common.mx_6.9.1.202307191849
2023-09-14 12:06:20,964 [INFO] MainUpdater:2868 - connection check result : 10
2023-09-14 12:06:20,964 [INFO] MainUpdater:3562 - Updater definition file requires update
2023-09-14 12:06:20,965 [INFO] MainUpdater:285 - Updater Check For Update Now.
2023-09-14 12:06:20,965 [INFO] MicroXplorer:498 - Change Database Version : DB.6.0.91
2023-09-14 12:06:20,977 [INFO] McuFinderGlobals:63 - Set McuFinder mode to 2 (CubeIDE integrated)
2023-09-14 12:06:20,978 [INFO] UserAuth:179 - activating auth plugin
2023-09-14 12:06:20,979 [INFO] UserAuth:393 - Internet connection configuration mode: 1
2023-09-14 12:06:20,990 [INFO] JxBrowserEngine:151 - Initiate JxBrowser Engine with user profile folder
2023-09-14 12:06:20,997 [INFO] ServerAccessManage:473 - Download File updaters.zip
2023-09-14 12:06:21,056 [INFO] FileExtend:240 - Unzip File : updaters.zip
2023-09-14 12:06:21,057 [INFO] FileExtend:255 - Standard Zip Deflate
2023-09-14 12:06:21,386 [INFO] ServerAccessManage:473 - Download File PacksControlFlags.xml
2023-09-14 12:06:21,495 [INFO] ServerAccessManage:473 - Download File cubemx.pidx
2023-09-14 12:06:21,728 [INFO] ServerAccessManage:473 - Download File STMicroelectronics.FP-SNS-SMARTAG2.pdsc
2023-09-14 12:06:21,756 [INFO] WebApp:157 - Instantiating new browser for Auth
2023-09-14 12:06:22,334 [INFO] WebApp:753 - Register for checkConnection events
2023-09-14 12:06:22,334 [INFO] WebApp:390 - Apply proxy settings
2023-09-14 12:06:22,334 [INFO] WebApp:475 - Chromium requires no authentication
2023-09-14 12:06:22,340 [INFO] WebApp:418 - Direct internet connection detected
2023-09-14 12:06:22,350 [ERROR] ServerAccessManage:1096 - Problem, Http access forbiden
2023-09-14 12:06:22,350 [ERROR] ServerAccessManage:651 - Problem, Http access forbiden : RoweBots.I-CUBE-UNISONRTOS.pdsc.
2023-09-14 12:06:22,448 [WARN] PackLoader:240 - Cannot read IP mode file for STMicroelectronics.FP-SNS-SMARTAG2.1.2.0
2023-09-14 12:06:22,450 [INFO] PopulateThirdPartyThread:66 - Ending populate Thread
2023-09-14 12:06:22,451 [INFO] ThirdParty:1030 - CMSIS Pack Vendor :STMicroelectronics FP-SNS-SMARTAG2 1.2.0
2023-09-14 12:06:22,451 [INFO] LoadServerUpdatesThread:373 - End of LoadServerUpdate Thread
2023-09-14 12:06:22,523 [INFO] WebApp:188 - Starting web application
2023-09-14 12:06:22,523 [INFO] WebApp:520 - Web application path used C:\ST\STM32CubeIDE_1.13.1\STM32CubeIDE\plugins\com.st.stm32cube.common.mx_6.9.1.202307191849\db\plugins\mcufinder\reactClient1\index.html
2023-09-14 12:06:22,555 [INFO] CheckServerUpdateThread:120 - End of CheckServer Thread
2023-09-14 12:06:22,951 [WARN] PackLoader:240 - Cannot read IP mode file for STMicroelectronics.X-CUBE-SMBUS.2.1.0
2023-09-14 12:06:22,986 [WARN] PackLoader:240 - Cannot read IP mode file for STMicroelectronics.X-CUBE-AZRTOS-F7.1.1.0
2023-09-14 12:06:22,995 [WARN] PackLoader:240 - Cannot read IP mode file for STMicroelectronics.FP-SNS-MOTENV1.4.3.2
2023-09-14 12:06:23,004 [WARN] PackLoader:240 - Cannot read IP mode file for STMicroelectronics.X-CUBE-DISPLAY.3.0.0
2023-09-14 12:06:23,013 [WARN] PackLoader:240 - Cannot read IP mode file for emotas.I-CUBE-CANOPEN.1.3.0
2023-09-14 12:06:23,018 [WARN] PackLoader:240 - Cannot read IP mode file for STMicroelectronics.X-CUBE-TOUCHGFX.4.22.0
2023-09-14 12:06:23,022 [WARN] PackLoader:240 - Cannot read IP mode file for STMicroelectronics.FP-SNS-SMARTAG2.1.2.0
2023-09-14 12:06:23,031 [INFO] LogOutputStream:77 - [STDOUT_REDIRECT] 1 : Invalid condition id : UX_CORESTACK_Condition cause : null
2023-09-14 12:06:23,031 [INFO] LogOutputStream:77 - [STDOUT_REDIRECT] 1 : Invalid condition id : UX_CORESTACK_Condition cause : null
2023-09-14 12:06:23,033 [INFO] LogOutputStream:77 - [STDOUT_REDIRECT] 1 : Invalid condition id : UX_CORESTACK_Condition cause : null
2023-09-14 12:06:23,035 [INFO] LogOutputStream:77 - [STDOUT_REDIRECT] 1 : Invalid condition id : UX_CORESTACK_Condition cause : null
2023-09-14 12:06:23,035 [INFO] LogOutputStream:77 - [STDOUT_REDIRECT] 1 : Invalid condition id : UX_CORESTACK_Condition cause : null
2023-09-14 12:06:23,040 [WARN] PackLoader:240 - Cannot read IP mode file for STMicroelectronics.X-CUBE-AZRTOS-WL.2.0.0
2023-09-14 12:06:23,050 [WARN] PackLoader:240 - Cannot read IP mode file for WES.I-CUBE-Cesium.1.3.0
2023-09-14 12:06:23,057 [WARN] PackLoader:240 - Cannot read IP mode file for STMicroelectronics.X-CUBE-BLE2.3.3.0
2023-09-14 12:06:23,064 [WARN] PackLoader:240 - Cannot read IP mode file for STMicroelectronics.X-CUBE-ALGOBUILD.1.3.0
2023-09-14 12:06:23,078 [WARN] PackLoader:240 - Cannot read IP mode file for STMicroelectronics.X-CUBE-AZRTOS-G0.1.1.0
2023-09-14 12:06:23,084 [WARN] PackLoader:240 - Cannot read IP mode file for STMicroelectronics.X-CUBE-NFC4.3.0.0
2023-09-14 12:06:23,089 [WARN] PackLoader:240 - Cannot read IP mode file for STMicroelectronics.FP-ATR-SIGFOX1.3.2.0
2023-09-14 12:06:23,121 [WARN] PackLoader:240 - Cannot read IP mode file for SEGGER.I-CUBE-embOS.1.3.1
2023-09-14 12:06:23,156 [WARN] PackLoader:240 - Cannot read IP mode file for STMicroelectronics.X-CUBE-GNSS1.6.0.0
2023-09-14 12:06:23,171 [WARN] PackLoader:240 - Cannot read IP mode file for STMicroelectronics.X-CUBE-AZRTOS-F4.1.1.0
2023-09-14 12:06:23,177 [WARN] PackLoader:240 - Cannot read IP mode file for wolfSSL.I-CUBE-wolfSSL.5.6.3
2023-09-14 12:06:23,191 [WARN] PackLoader:240 - Cannot read IP mode file for STMicroelectronics.X-CUBE-AZRTOS-L5.2.0.0
2023-09-14 12:06:23,226 [WARN] PackLoader:240 - Cannot read IP mode file for STMicroelectronics.X-CUBE-MEMS1.9.6.0
2023-09-14 12:06:23,335 [WARN] PackLoader:240 - Cannot read IP mode file for STMicroelectronics.X-CUBE-BLEMGR.2.0.0
2023-09-14 12:06:23,347 [WARN] ConditionMgr:438 - getConditionDescription Invalid condition id : UX DEVICE CLASS RTOS Condition cause : null
2023-09-14 12:06:23,347 [WARN] ConditionMgr:438 - getConditionDescription Invalid condition id : UX DEVICE CLASS RTOS Condition cause : null
2023-09-14 12:06:23,349 [WARN] PackLoader:240 - Cannot read IP mode file for STMicroelectronics.X-CUBE-AZRTOS-H7.3.1.0
2023-09-14 12:06:23,350 [WARN] ConditionMgr:1039 - genDependencies : Invalid condition id : UX DEVICE CLASS RTOS Condition cause : null
2023-09-14 12:06:23,350 [WARN] ConditionMgr:1039 - genDependencies : Invalid condition id : UX DEVICE CLASS RTOS Condition cause : null
2023-09-14 12:06:23,350 [WARN] ConditionMgr:1039 - genDependencies : Invalid condition id : UX DEVICE CLASS RTOS Condition cause : null
2023-09-14 12:06:23,351 [WARN] ConditionMgr:1039 - genDependencies : Invalid condition id : UX DEVICE CLASS RTOS Condition cause : null
2023-09-14 12:06:23,351 [WARN] ConditionMgr:1039 - genDependencies : Invalid condition id : UX DEVICE CLASS RTOS Condition cause : null
2023-09-14 12:06:23,356 [WARN] PackLoader:240 - Cannot read IP mode file for STMicroelectronics.X-CUBE-NFC7.1.0.1
2023-09-14 12:06:23,361 [WARN] PackLoader:240 - Cannot read IP mode file for STMicroelectronics.X-CUBE-NFC6.3.0.0
2023-09-14 12:06:23,367 [WARN] PackLoader:240 - Cannot read IP mode file for STMicroelectronics.X-CUBE-EEPRMA1.4.1.0
2023-09-14 12:06:23,379 [WARN] ConditionMgr:438 - getConditionDescription Invalid condition id : LAN8742 Phy interface Condition cause : null
2023-09-14 12:06:23,379 [WARN] PackLoader:240 - Cannot read IP mode file for STMicroelectronics.X-CUBE-AZRTOS-L4.2.0.0
2023-09-14 12:06:23,380 [WARN] ConditionMgr:1039 - genDependencies : Invalid condition id : LAN8742 Phy interface Condition cause : null
2023-09-14 12:06:23,380 [WARN] ConditionMgr:1039 - genDependencies : Invalid condition id : LAN8742 Phy interface Condition cause : null
2023-09-14 12:06:23,381 [WARN] ConditionMgr:1039 - genDependencies : Invalid condition id : LAN8742 Phy interface Condition cause : null
2023-09-14 12:06:23,390 [WARN] PackLoader:240 - Cannot read IP mode file for STMicroelectronics.X-CUBE-SFXS2LP1.4.0.0
2023-09-14 12:06:23,394 [WARN] PackLoader:240 - Cannot read IP mode file for STMicroelectronics.X-CUBE-ISPU.1.1.0
2023-09-14 12:06:23,402 [WARN] ConditionMgr:438 - getConditionDescription Invalid condition id : UX DEVICE CLASS RTOS Condition cause : null
2023-09-14 12:06:23,402 [WARN] ConditionMgr:438 - getConditionDescription Invalid condition id : UX DEVICE CLASS RTOS Condition cause : null
2023-09-14 12:06:23,404 [WARN] PackLoader:240 - Cannot read IP mode file for STMicroelectronics.X-CUBE-AZRTOS-WB.2.0.0
2023-09-14 12:06:23,405 [WARN] ConditionMgr:1039 - genDependencies : Invalid condition id : UX DEVICE CLASS RTOS Condition cause : null
2023-09-14 12:06:23,405 [WARN] ConditionMgr:1039 - genDependencies : Invalid condition id : UX DEVICE CLASS RTOS Condition cause : null
2023-09-14 12:06:23,405 [WARN] ConditionMgr:1039 - genDependencies : Invalid condition id : UX DEVICE CLASS RTOS Condition cause : null
2023-09-14 12:06:23,405 [WARN] ConditionMgr:1039 - genDependencies : Invalid condition id : UX DEVICE CLASS RTOS Condition cause : null
2023-09-14 12:06:23,405 [WARN] ConditionMgr:1039 - genDependencies : Invalid condition id : UX DEVICE CLASS RTOS Condition cause : null
2023-09-14 12:06:23,413 [WARN] PackLoader:240 - Cannot read IP mode file for STMicroelectronics.X-CUBE-SUBG2.5.0.0
2023-09-14 12:06:23,425 [WARN] PackLoader:240 - Cannot read IP mode file for STMicroelectronics.X-CUBE-AZRTOS-G4.2.0.0
2023-09-14 12:06:23,431 [WARN] PackLoader:240 - Cannot read IP mode file for portGmbH.I-Cube-SoM-uGOAL.1.1.0
2023-09-14 12:06:23,434 [WARN] PackLoader:240 - Cannot read IP mode file for STMicroelectronics.X-CUBE-ALS.1.0.1
2023-09-14 12:06:23,438 [WARN] PackLoader:240 - Cannot read IP mode file for STMicroelectronics.FP-ATR-ASTRA1.2.0.0
2023-09-14 12:06:23,438 [INFO] ThirdParty:978 - Integrity check success = true
2023-09-14 12:06:23,438 [INFO] IntegrityCheckThread:100 - exiting critical section [integrity check]
2023-09-14 12:06:23,439 [INFO] IntegrityCheckThread:103 - End integrity checks thread
2023-09-14 12:06:43,009 [ERROR] LogOutputStream:75 - [STDERR_REDIRECT] SLF4J: Failed to load class "org.slf4j.impl.StaticLoggerBinder".
2023-09-14 12:06:43,009 [ERROR] LogOutputStream:75 - [STDERR_REDIRECT] SLF4J: Defaulting to no-operation (NOP) logger implementation
2023-09-14 12:06:43,010 [ERROR] LogOutputStream:75 - [STDERR_REDIRECT] SLF4J: See http://www.slf4j.org/codes.html#StaticLoggerBinder for further details.
2023-09-14 12:28:06,183 [ERROR] LogOutputStream:75 - [STDERR_REDIRECT] 
2023-09-14 15:22:34,676 [INFO] Activator:176 - 


2023-09-14 15:22:34,680 [INFO] Activator:177 - !SESSION log4j initialized
2023-09-14 15:22:39,644 [INFO] LogOutputStream:77 - [STDOUT_REDIRECT] 
2023-09-14 15:22:40,464 [INFO] ApplicationProperties:184 - Using Application install path: C:\ST\STM32CubeIDE_1.13.1\STM32CubeIDE\plugins\com.st.stm32cube.common.mx_6.9.1.202307191849
2023-09-14 15:22:40,482 [INFO] DbMcusXml:78 - Set database path to: C:\ST\STM32CubeIDE_1.13.1\STM32CubeIDE\plugins\com.st.stm32cube.common.mx_6.9.1.202307191849\\db\/mcu/
2023-09-14 15:22:40,483 [INFO] ApiDb:274 - Set plugin database path to: C:\ST\STM32CubeIDE_1.13.1\STM32CubeIDE\plugins\com.st.stm32cube.common.mx_6.9.1.202307191849\\db\/plugins/boardmanager/
2023-09-14 15:22:40,483 [WARN] ApiDb:259 - Overriding images path with different value:  => C:\ST\STM32CubeIDE_1.13.1\STM32CubeIDE\plugins\com.st.stm32cube.common.mx_6.9.1.202307191849\\db\/plugins/mcufinder/images/
2023-09-14 15:22:40,493 [INFO] ApiDb:250 - Set database path to: C:\Users\james\.stmcufinder\plugins\mcufinder//mcu/
2023-09-14 15:22:40,495 [INFO] DbMcusAds:125 - Set database path to: C:\Users\james\.stmcufinder\plugins\mcufinder//mcu/
2023-09-14 15:22:40,497 [INFO] CrossReferenceDbSqlite:203 - Set database path to: C:\Users\james\.stmcufinder\plugins\mcufinder//mcu/cs/
2023-09-14 15:22:40,616 [INFO] RulesReader:64 - Compatibility file has been processed (293 Rules)
2023-09-14 15:22:40,706 [INFO] DbMcusXml:78 - Set database path to: C:\ST\STM32CubeIDE_1.13.1\STM32CubeIDE\plugins\com.st.stm32cube.common.mx_6.9.1.202307191849\\db\/mcu/
2023-09-14 15:22:40,706 [INFO] ApiDb:274 - Set plugin database path to: C:\ST\STM32CubeIDE_1.13.1\STM32CubeIDE\plugins\com.st.stm32cube.common.mx_6.9.1.202307191849\\db\/plugins/boardmanager/
2023-09-14 15:22:40,706 [INFO] ApiDb:261 - Set plugin images path to: C:\ST\STM32CubeIDE_1.13.1\STM32CubeIDE\plugins\com.st.stm32cube.common.mx_6.9.1.202307191849\\db\/plugins/mcufinder/images/
2023-09-14 15:22:40,706 [WARN] DbFile:41 - Overriding database path with different value: C:\Users\james\.stmcufinder\plugins\mcufinder/ => C:\Users\james\.stmcufinder\plugins\mcufinder
2023-09-14 15:22:40,706 [INFO] ApiDb:250 - Set database path to: C:\Users\james\.stmcufinder\plugins\mcufinder//mcu/
2023-09-14 15:22:40,706 [WARN] DbFile:41 - Overriding database path with different value: C:\Users\james\.stmcufinder\plugins\mcufinder/ => C:\Users\james\.stmcufinder\plugins\mcufinder
2023-09-14 15:22:40,707 [INFO] DbMcusAds:125 - Set database path to: C:\Users\james\.stmcufinder\plugins\mcufinder//mcu/
2023-09-14 15:22:40,707 [WARN] DbFile:41 - Overriding database path with different value: C:\Users\james\.stmcufinder\plugins\mcufinder/ => C:\Users\james\.stmcufinder\plugins\mcufinder
2023-09-14 15:22:40,707 [WARN] DbFile:41 - Overriding database path with different value: C:\Users\james\.stmcufinder\plugins\mcufinder/ => C:\Users\james\.stmcufinder\plugins\mcufinder
2023-09-14 15:22:40,707 [INFO] CrossReferenceDbSqlite:203 - Set database path to: C:\Users\james\.stmcufinder\plugins\mcufinder//mcu/cs/
2023-09-14 15:22:40,792 [INFO] MainPanel:262 - HeapMemory: 268435456
2023-09-14 15:22:40,874 [INFO] DbMcusXml:78 - Set database path to: C:\ST\STM32CubeIDE_1.13.1\STM32CubeIDE\plugins\com.st.stm32cube.common.mx_6.9.1.202307191849\\db\/mcu/
2023-09-14 15:22:40,875 [INFO] ApiDb:274 - Set plugin database path to: C:\ST\STM32CubeIDE_1.13.1\STM32CubeIDE\plugins\com.st.stm32cube.common.mx_6.9.1.202307191849\\db\/plugins/boardmanager/
2023-09-14 15:22:40,875 [INFO] ApiDb:261 - Set plugin images path to: C:\ST\STM32CubeIDE_1.13.1\STM32CubeIDE\plugins\com.st.stm32cube.common.mx_6.9.1.202307191849\\db\/plugins/mcufinder/images/
2023-09-14 15:22:40,875 [WARN] DbFile:41 - Overriding database path with different value: C:\Users\james\.stmcufinder\plugins\mcufinder/ => C:\Users\james\.stmcufinder\plugins\mcufinder
2023-09-14 15:22:40,875 [INFO] ApiDb:250 - Set database path to: C:\Users\james\.stmcufinder\plugins\mcufinder//mcu/
2023-09-14 15:22:40,875 [WARN] DbFile:41 - Overriding database path with different value: C:\Users\james\.stmcufinder\plugins\mcufinder/ => C:\Users\james\.stmcufinder\plugins\mcufinder
2023-09-14 15:22:40,875 [INFO] DbMcusAds:125 - Set database path to: C:\Users\james\.stmcufinder\plugins\mcufinder//mcu/
2023-09-14 15:22:40,875 [WARN] DbFile:41 - Overriding database path with different value: C:\Users\james\.stmcufinder\plugins\mcufinder/ => C:\Users\james\.stmcufinder\plugins\mcufinder
2023-09-14 15:22:40,875 [WARN] DbFile:41 - Overriding database path with different value: C:\Users\james\.stmcufinder\plugins\mcufinder/ => C:\Users\james\.stmcufinder\plugins\mcufinder
2023-09-14 15:22:40,875 [INFO] CrossReferenceDbSqlite:203 - Set database path to: C:\Users\james\.stmcufinder\plugins\mcufinder//mcu/cs/
2023-09-14 15:22:40,896 [INFO] ApplicationProperties:184 - Using Application install path: C:\ST\STM32CubeIDE_1.13.1\STM32CubeIDE\plugins\com.st.stm32cube.common.mx_6.9.1.202307191849
2023-09-14 15:22:40,897 [INFO] PluginManage:196 - Search for loadable plugins [exclusion list=, ]
2023-09-14 15:22:40,898 [INFO] PluginManage:310 - Check plugin analytics
2023-09-14 15:22:41,063 [INFO] AnalyticsPlugin:253 - Accepted Software Licenses: 
2023-09-14 15:22:41,064 [INFO] AnalyticsPlugin:255 - Accepted CMSIS Pack Licenses: 
2023-09-14 15:22:41,064 [INFO] AnalyticsPlugin:257 - Accepted Firmware Licenses: FW.L4.1.18.0
2023-09-14 15:22:41,066 [INFO] PluginManage:359 - Loaded plugin analytics (category:tool,tabindex:-1)
2023-09-14 15:22:41,067 [INFO] PluginManage:310 - Check plugin cadmodel
2023-09-14 15:22:41,070 [INFO] CADModel:105 - Init CAD model plugin
2023-09-14 15:22:41,071 [INFO] PluginManage:359 - Loaded plugin cadmodel (category:power,tabindex:5)
2023-09-14 15:22:41,071 [INFO] PluginManage:310 - Check plugin clock
2023-09-14 15:22:41,079 [INFO] PluginManage:359 - Loaded plugin clock (category:base,tabindex:2)
2023-09-14 15:22:41,079 [INFO] PluginManage:310 - Check plugin ddr
2023-09-14 15:22:41,080 [INFO] PluginManage:359 - Loaded plugin ddr (category:tool,tabindex:6)
2023-09-14 15:22:41,081 [INFO] PluginManage:310 - Check plugin filemanager
2023-09-14 15:22:41,216 [INFO] PluginManage:359 - Loaded plugin filemanager (category:base,tabindex:10)
2023-09-14 15:22:41,216 [INFO] PluginManage:310 - Check plugin ipmanager
2023-09-14 15:22:41,224 [INFO] PluginManage:359 - Loaded plugin ipmanager (category:base,tabindex:5)
2023-09-14 15:22:41,224 [INFO] PluginManage:310 - Check plugin lpbam
2023-09-14 15:22:41,234 [INFO] PluginManage:359 - Loaded plugin lpbam (category:base,tabindex:0)
2023-09-14 15:22:41,234 [INFO] PluginManage:310 - Check plugin memorymap
2023-09-14 15:22:41,247 [INFO] PluginManage:359 - Loaded plugin memorymap (category:base,tabindex:4)
2023-09-14 15:22:41,247 [INFO] PluginManage:310 - Check plugin pinoutandconfiguration
2023-09-14 15:22:41,254 [INFO] PluginManage:359 - Loaded plugin pinoutandconfiguration (category:base,tabindex:1)
2023-09-14 15:22:41,254 [INFO] PluginManage:310 - Check plugin pinoutconfig
2023-09-14 15:22:41,354 [WARN] SupportedApi:132 - Cannot load RTOS API schema: s4s-elt-must-match.1: The content of 'definitions' must match (annotation?, (simpleType | complexType)?, (unique | key | keyref)*)). A problem was found starting at: attribute.
2023-09-14 15:22:41,487 [INFO] PluginManage:359 - Loaded plugin pinoutconfig (category:base,tabindex:0)
2023-09-14 15:22:41,487 [INFO] PluginManage:310 - Check plugin power
2023-09-14 15:22:41,496 [INFO] PluginManage:359 - Loaded plugin power (category:power,tabindex:4)
2023-09-14 15:22:41,497 [INFO] PluginManage:310 - Check plugin projectmanager
2023-09-14 15:22:41,514 [INFO] PluginManage:359 - Loaded plugin projectmanager (category:projectmanager,tabindex:3)
2023-09-14 15:22:41,514 [INFO] PluginManage:310 - Check plugin thirdparty
2023-09-14 15:22:41,641 [INFO] PluginManage:359 - Loaded plugin thirdparty (category:base,tabindex:-1)
2023-09-14 15:22:41,641 [WARN] IntegrityCheckThread:84 - waiting for thirdparty lock release [integrity check]
2023-09-14 15:22:41,641 [INFO] PluginManage:310 - Check plugin tools
2023-09-14 15:22:41,641 [INFO] IntegrityCheckThread:86 - entering critical section [integrity check]
2023-09-14 15:22:41,642 [INFO] ThirdPartyUpdaterWithRetryManager:70 - Updater plugin not ready yet. [1/15]
2023-09-14 15:22:41,644 [INFO] PluginManage:359 - Loaded plugin tools (category:base,tabindex:7)
2023-09-14 15:22:41,644 [INFO] PluginManage:310 - Check plugin tutovideos
2023-09-14 15:22:41,865 [INFO] PluginManage:359 - Loaded plugin tutovideos (category:base,tabindex:-1)
2023-09-14 15:22:41,866 [INFO] PluginManage:310 - Check plugin updater
2023-09-14 15:22:41,875 [INFO] PluginManage:359 - Loaded plugin updater (category:base,tabindex:12)
2023-09-14 15:22:41,876 [INFO] PluginManage:310 - Check plugin userauth
2023-09-14 15:22:41,882 [INFO] UserAuth:113 - Init User Auth plugin
2023-09-14 15:22:41,882 [INFO] PluginManage:359 - Loaded plugin userauth (category:base,tabindex:14)
2023-09-14 15:22:41,882 [INFO] PluginManage:283 - PluginManage : Loaded plugins [17]
2023-09-14 15:22:42,087 [INFO] PinOutPanel:1499 - setPackage(No Configuration,No Configuration)
2023-09-14 15:22:42,196 [INFO] CADModel:165 - CPN selected for project level
2023-09-14 15:22:42,196 [INFO] CADModel:114 - Register for checkConnection events
2023-09-14 15:22:42,211 [INFO] IPUIPlugin:80 - create IPUIPlugin
2023-09-14 15:22:42,211 [INFO] PluginManager:220 - loadIPPluginJar : add adc
2023-09-14 15:22:42,213 [INFO] IPUIPlugin:80 - create IPUIPlugin
2023-09-14 15:22:42,213 [INFO] PluginManager:220 - loadIPPluginJar : add aes
2023-09-14 15:22:42,215 [INFO] IPUIPlugin:80 - create IPUIPlugin
2023-09-14 15:22:42,216 [INFO] PluginManager:220 - loadIPPluginJar : add can
2023-09-14 15:22:42,217 [INFO] IPUIPlugin:80 - create IPUIPlugin
2023-09-14 15:22:42,217 [INFO] PluginManager:220 - loadIPPluginJar : add comp
2023-09-14 15:22:42,219 [INFO] IPUIPlugin:80 - create IPUIPlugin
2023-09-14 15:22:42,219 [INFO] PluginManager:220 - loadIPPluginJar : add cryp
2023-09-14 15:22:42,221 [INFO] IPUIPlugin:80 - create IPUIPlugin
2023-09-14 15:22:42,222 [INFO] PluginManager:220 - loadIPPluginJar : add dfsdm
2023-09-14 15:22:42,227 [INFO] IPUIPlugin:80 - create IPUIPlugin
2023-09-14 15:22:42,228 [INFO] PluginManager:220 - loadIPPluginJar : add dma
2023-09-14 15:22:42,230 [INFO] IPUIPlugin:80 - create IPUIPlugin
2023-09-14 15:22:42,230 [INFO] PluginManager:220 - loadIPPluginJar : add dma3
2023-09-14 15:22:42,231 [INFO] IPUIPlugin:80 - create IPUIPlugin
2023-09-14 15:22:42,231 [INFO] PluginManager:220 - loadIPPluginJar : add fatfs
2023-09-14 15:22:42,235 [INFO] IPUIPlugin:80 - create IPUIPlugin
2023-09-14 15:22:42,235 [INFO] PluginManager:220 - loadIPPluginJar : add fmc
2023-09-14 15:22:42,240 [INFO] IPUIPlugin:80 - create IPUIPlugin
2023-09-14 15:22:42,241 [INFO] PluginManager:220 - loadIPPluginJar : add freertos
2023-09-14 15:22:42,242 [INFO] IPUIPlugin:80 - create IPUIPlugin
2023-09-14 15:22:42,242 [INFO] PluginManager:220 - loadIPPluginJar : add genericplugin
2023-09-14 15:22:42,244 [INFO] IPUIPlugin:80 - create IPUIPlugin
2023-09-14 15:22:42,244 [INFO] PluginManager:220 - loadIPPluginJar : add gfxmmu
2023-09-14 15:22:42,249 [INFO] IPUIPlugin:80 - create IPUIPlugin
2023-09-14 15:22:42,249 [INFO] PluginManager:220 - loadIPPluginJar : add gic
2023-09-14 15:22:42,254 [INFO] IPUIPlugin:80 - create IPUIPlugin
2023-09-14 15:22:42,254 [INFO] PluginManager:220 - loadIPPluginJar : add gpio
2023-09-14 15:22:42,257 [INFO] IPUIPlugin:80 - create IPUIPlugin
2023-09-14 15:22:42,257 [INFO] PluginManager:220 - loadIPPluginJar : add gtzc
2023-09-14 15:22:42,260 [INFO] IPUIPlugin:80 - create IPUIPlugin
2023-09-14 15:22:42,261 [INFO] PluginManager:220 - loadIPPluginJar : add hash
2023-09-14 15:22:42,263 [INFO] IPUIPlugin:80 - create IPUIPlugin
2023-09-14 15:22:42,263 [INFO] PluginManager:220 - loadIPPluginJar : add i2c
2023-09-14 15:22:42,265 [INFO] IPUIPlugin:80 - create IPUIPlugin
2023-09-14 15:22:42,265 [INFO] PluginManager:220 - loadIPPluginJar : add i2s
2023-09-14 15:22:42,267 [INFO] IPUIPlugin:80 - create IPUIPlugin
2023-09-14 15:22:42,267 [INFO] PluginManager:220 - loadIPPluginJar : add i3c
2023-09-14 15:22:42,272 [INFO] IPUIPlugin:80 - create IPUIPlugin
2023-09-14 15:22:42,272 [INFO] PluginManager:220 - loadIPPluginJar : add ipddr
2023-09-14 15:22:42,287 [INFO] IPUIPlugin:80 - create IPUIPlugin
2023-09-14 15:22:42,287 [INFO] PluginManager:220 - loadIPPluginJar : add linkedlist
2023-09-14 15:22:42,290 [INFO] IPUIPlugin:80 - create IPUIPlugin
2023-09-14 15:22:42,290 [INFO] PluginManager:220 - loadIPPluginJar : add lorawan
2023-09-14 15:22:42,291 [INFO] IPUIPlugin:80 - create IPUIPlugin
2023-09-14 15:22:42,291 [INFO] PluginManager:220 - loadIPPluginJar : add ltdc
2023-09-14 15:22:42,296 [INFO] IPUIPlugin:80 - create IPUIPlugin
2023-09-14 15:22:42,296 [INFO] PluginManager:220 - loadIPPluginJar : add mdma
2023-09-14 15:22:42,300 [INFO] IPUIPlugin:80 - create IPUIPlugin
2023-09-14 15:22:42,300 [INFO] PluginManager:220 - loadIPPluginJar : add nvic
2023-09-14 15:22:42,302 [INFO] IPUIPlugin:80 - create IPUIPlugin
2023-09-14 15:22:42,302 [INFO] PluginManager:220 - loadIPPluginJar : add opamp
2023-09-14 15:22:42,304 [INFO] IPUIPlugin:80 - create IPUIPlugin
2023-09-14 15:22:42,305 [INFO] PluginManager:220 - loadIPPluginJar : add openamp
2023-09-14 15:22:42,307 [INFO] IPUIPlugin:80 - create IPUIPlugin
2023-09-14 15:22:42,307 [INFO] PluginManager:220 - loadIPPluginJar : add pdm2pcm
2023-09-14 15:22:42,311 [INFO] IPUIPlugin:80 - create IPUIPlugin
2023-09-14 15:22:42,313 [INFO] PluginManager:220 - loadIPPluginJar : add plateformsettings
2023-09-14 15:22:42,315 [INFO] IPUIPlugin:80 - create IPUIPlugin
2023-09-14 15:22:42,315 [INFO] PluginManager:220 - loadIPPluginJar : add quadspi
2023-09-14 15:22:42,317 [INFO] IPUIPlugin:80 - create IPUIPlugin
2023-09-14 15:22:42,317 [INFO] PluginManager:220 - loadIPPluginJar : add resmgrutility
2023-09-14 15:22:42,320 [INFO] IPUIPlugin:80 - create IPUIPlugin
2023-09-14 15:22:42,320 [INFO] PluginManager:220 - loadIPPluginJar : add sai
2023-09-14 15:22:42,322 [INFO] IPUIPlugin:80 - create IPUIPlugin
2023-09-14 15:22:42,322 [INFO] PluginManager:220 - loadIPPluginJar : add spi
2023-09-14 15:22:42,325 [INFO] IPUIPlugin:80 - create IPUIPlugin
2023-09-14 15:22:42,326 [INFO] PluginManager:220 - loadIPPluginJar : add stm32_wpan
2023-09-14 15:22:42,327 [INFO] IPUIPlugin:80 - create IPUIPlugin
2023-09-14 15:22:42,327 [INFO] PluginManager:220 - loadIPPluginJar : add tim
2023-09-14 15:22:42,330 [INFO] IPUIPlugin:80 - create IPUIPlugin
2023-09-14 15:22:42,330 [INFO] PluginManager:220 - loadIPPluginJar : add touchsensing
2023-09-14 15:22:42,331 [INFO] IPUIPlugin:80 - create IPUIPlugin
2023-09-14 15:22:42,331 [INFO] PluginManager:220 - loadIPPluginJar : add tracer_emb
2023-09-14 15:22:42,333 [INFO] IPUIPlugin:80 - create IPUIPlugin
2023-09-14 15:22:42,333 [INFO] PluginManager:220 - loadIPPluginJar : add ts
2023-09-14 15:22:42,334 [INFO] IPUIPlugin:80 - create IPUIPlugin
2023-09-14 15:22:42,334 [INFO] PluginManager:220 - loadIPPluginJar : add tsc
2023-09-14 15:22:42,337 [INFO] IPUIPlugin:80 - create IPUIPlugin
2023-09-14 15:22:42,337 [INFO] PluginManager:220 - loadIPPluginJar : add ucpd
2023-09-14 15:22:42,341 [INFO] IPUIPlugin:80 - create IPUIPlugin
2023-09-14 15:22:42,341 [INFO] PluginManager:220 - loadIPPluginJar : add usart
2023-09-14 15:22:42,343 [INFO] IPUIPlugin:80 - create IPUIPlugin
2023-09-14 15:22:42,343 [INFO] PluginManager:220 - loadIPPluginJar : add usbx
2023-09-14 15:22:42,473 [INFO] CADModel:165 - CPN selected for project level
2023-09-14 15:22:42,473 [INFO] CADModel:114 - Register for checkConnection events
2023-09-14 15:22:42,474 [FATAL] Updater:308 - Updater called before beeing initialized
2023-09-14 15:22:42,474 [ERROR] CADModel:125 - Updater not yet initialized, retry later 
2023-09-14 15:22:42,674 [INFO] CADModel:165 - CPN selected for project level
2023-09-14 15:22:42,674 [INFO] CADModel:114 - Register for checkConnection events
2023-09-14 15:22:42,674 [FATAL] Updater:308 - Updater called before beeing initialized
2023-09-14 15:22:42,674 [ERROR] CADModel:125 - Updater not yet initialized, retry later 
2023-09-14 15:22:42,677 [FATAL] Updater:308 - Updater called before beeing initialized
2023-09-14 15:22:42,780 [FATAL] Updater:308 - Updater called before beeing initialized
2023-09-14 15:22:42,788 [INFO] DbMcusAds:53 - JSON generation date=Tue Mar 07 03:50:55 EST 2023 (1678179055114)
2023-09-14 15:22:42,788 [FATAL] Updater:308 - Updater called before beeing initialized
2023-09-14 15:22:42,832 [WARN] DetailPanel:346 - Failed to get advertising image, set to default
2023-09-14 15:22:42,943 [FATAL] Updater:308 - Updater called before beeing initialized
2023-09-14 15:22:42,944 [FATAL] Updater:308 - Updater called before beeing initialized
2023-09-14 15:22:42,946 [FATAL] Updater:308 - Updater called before beeing initialized
2023-09-14 15:22:42,946 [WARN] DetailPanel:346 - Failed to get advertising image, set to default
2023-09-14 15:22:42,946 [FATAL] Updater:308 - Updater called before beeing initialized
2023-09-14 15:22:42,995 [ERROR] Updater:1120 - MainUpdater not yet initialized. External WinMGr cannot be set.
2023-09-14 15:22:42,997 [INFO] Updater:1056 - Updater Version found : 6.9.1
2023-09-14 15:22:43,014 [INFO] ApplicationProperties:184 - Using Application install path: C:\ST\STM32CubeIDE_1.13.1\STM32CubeIDE\plugins\com.st.stm32cube.common.mx_6.9.1.202307191849
2023-09-14 15:22:43,164 [INFO] MainUpdater:2868 - connection check result : 10
2023-09-14 15:22:43,165 [INFO] MainUpdater:285 - Updater Check For Update Now.
2023-09-14 15:22:43,165 [INFO] MicroXplorer:498 - Change Database Version : DB.6.0.91
2023-09-14 15:22:43,176 [INFO] McuFinderGlobals:63 - Set McuFinder mode to 2 (CubeIDE integrated)
2023-09-14 15:22:43,176 [INFO] UserAuth:179 - activating auth plugin
2023-09-14 15:22:43,178 [INFO] UserAuth:393 - Internet connection configuration mode: 1
2023-09-14 15:22:43,198 [INFO] JxBrowserEngine:151 - Initiate JxBrowser Engine with user profile folder
2023-09-14 15:22:43,339 [INFO] CheckServerUpdateThread:120 - End of CheckServer Thread
2023-09-14 15:22:44,186 [INFO] WebApp:157 - Instantiating new browser for Auth
2023-09-14 15:22:44,719 [INFO] WebApp:753 - Register for checkConnection events
2023-09-14 15:22:44,719 [INFO] WebApp:390 - Apply proxy settings
2023-09-14 15:22:44,719 [INFO] WebApp:475 - Chromium requires no authentication
2023-09-14 15:22:44,731 [INFO] WebApp:418 - Direct internet connection detected
2023-09-14 15:22:44,852 [WARN] PackLoader:240 - Cannot read IP mode file for STMicroelectronics.X-CUBE-SMBUS.2.1.0
2023-09-14 15:22:44,913 [WARN] PackLoader:240 - Cannot read IP mode file for STMicroelectronics.X-CUBE-AZRTOS-F7.1.1.0
2023-09-14 15:22:44,929 [WARN] PackLoader:240 - Cannot read IP mode file for STMicroelectronics.FP-SNS-MOTENV1.4.3.2
2023-09-14 15:22:44,941 [WARN] PackLoader:240 - Cannot read IP mode file for STMicroelectronics.X-CUBE-DISPLAY.3.0.0
2023-09-14 15:22:44,953 [WARN] PackLoader:240 - Cannot read IP mode file for emotas.I-CUBE-CANOPEN.1.3.0
2023-09-14 15:22:44,961 [WARN] PackLoader:240 - Cannot read IP mode file for STMicroelectronics.X-CUBE-TOUCHGFX.4.22.0
2023-09-14 15:22:44,965 [WARN] PackLoader:240 - Cannot read IP mode file for STMicroelectronics.FP-SNS-SMARTAG2.1.2.0
2023-09-14 15:22:44,981 [INFO] LogOutputStream:77 - [STDOUT_REDIRECT] 1 : Invalid condition id : UX_CORESTACK_Condition cause : null
2023-09-14 15:22:44,981 [INFO] LogOutputStream:77 - [STDOUT_REDIRECT] 1 : Invalid condition id : UX_CORESTACK_Condition cause : null
2023-09-14 15:22:44,981 [INFO] LogOutputStream:77 - [STDOUT_REDIRECT] 1 : Invalid condition id : UX_CORESTACK_Condition cause : null
2023-09-14 15:22:44,981 [INFO] LogOutputStream:77 - [STDOUT_REDIRECT] 1 : Invalid condition id : UX_CORESTACK_Condition cause : null
2023-09-14 15:22:44,985 [INFO] LogOutputStream:77 - [STDOUT_REDIRECT] 1 : Invalid condition id : UX_CORESTACK_Condition cause : null
2023-09-14 15:22:44,989 [WARN] PackLoader:240 - Cannot read IP mode file for STMicroelectronics.X-CUBE-AZRTOS-WL.2.0.0
2023-09-14 15:22:44,997 [INFO] WebApp:188 - Starting web application
2023-09-14 15:22:44,997 [INFO] WebApp:520 - Web application path used C:\ST\STM32CubeIDE_1.13.1\STM32CubeIDE\plugins\com.st.stm32cube.common.mx_6.9.1.202307191849\db\plugins\mcufinder\reactClient1\index.html
2023-09-14 15:22:45,001 [WARN] PackLoader:240 - Cannot read IP mode file for WES.I-CUBE-Cesium.1.3.0
2023-09-14 15:22:45,009 [WARN] PackLoader:240 - Cannot read IP mode file for STMicroelectronics.X-CUBE-BLE2.3.3.0
2023-09-14 15:22:45,021 [WARN] PackLoader:240 - Cannot read IP mode file for STMicroelectronics.X-CUBE-ALGOBUILD.1.3.0
2023-09-14 15:22:45,049 [WARN] PackLoader:240 - Cannot read IP mode file for STMicroelectronics.X-CUBE-AZRTOS-G0.1.1.0
2023-09-14 15:22:45,061 [WARN] PackLoader:240 - Cannot read IP mode file for STMicroelectronics.X-CUBE-NFC4.3.0.0
2023-09-14 15:22:45,069 [WARN] PackLoader:240 - Cannot read IP mode file for STMicroelectronics.FP-ATR-SIGFOX1.3.2.0
2023-09-14 15:22:45,123 [WARN] PackLoader:240 - Cannot read IP mode file for SEGGER.I-CUBE-embOS.1.3.1
2023-09-14 15:22:45,176 [WARN] PackLoader:240 - Cannot read IP mode file for STMicroelectronics.X-CUBE-GNSS1.6.0.0
2023-09-14 15:22:45,203 [WARN] PackLoader:240 - Cannot read IP mode file for STMicroelectronics.X-CUBE-AZRTOS-F4.1.1.0
2023-09-14 15:22:45,213 [WARN] PackLoader:240 - Cannot read IP mode file for wolfSSL.I-CUBE-wolfSSL.5.6.3
2023-09-14 15:22:45,232 [WARN] PackLoader:240 - Cannot read IP mode file for STMicroelectronics.X-CUBE-AZRTOS-L5.2.0.0
2023-09-14 15:22:45,296 [WARN] PackLoader:240 - Cannot read IP mode file for STMicroelectronics.X-CUBE-MEMS1.9.6.0
2023-09-14 15:22:45,545 [WARN] PackLoader:240 - Cannot read IP mode file for STMicroelectronics.X-CUBE-BLEMGR.2.0.0
2023-09-14 15:22:45,562 [WARN] ConditionMgr:438 - getConditionDescription Invalid condition id : UX DEVICE CLASS RTOS Condition cause : null
2023-09-14 15:22:45,563 [WARN] ConditionMgr:438 - getConditionDescription Invalid condition id : UX DEVICE CLASS RTOS Condition cause : null
2023-09-14 15:22:45,565 [WARN] PackLoader:240 - Cannot read IP mode file for STMicroelectronics.X-CUBE-AZRTOS-H7.3.1.0
2023-09-14 15:22:45,566 [WARN] ConditionMgr:1039 - genDependencies : Invalid condition id : UX DEVICE CLASS RTOS Condition cause : null
2023-09-14 15:22:45,567 [WARN] ConditionMgr:1039 - genDependencies : Invalid condition id : UX DEVICE CLASS RTOS Condition cause : null
2023-09-14 15:22:45,567 [WARN] ConditionMgr:1039 - genDependencies : Invalid condition id : UX DEVICE CLASS RTOS Condition cause : null
2023-09-14 15:22:45,568 [WARN] ConditionMgr:1039 - genDependencies : Invalid condition id : UX DEVICE CLASS RTOS Condition cause : null
2023-09-14 15:22:45,568 [WARN] ConditionMgr:1039 - genDependencies : Invalid condition id : UX DEVICE CLASS RTOS Condition cause : null
2023-09-14 15:22:45,576 [WARN] PackLoader:240 - Cannot read IP mode file for STMicroelectronics.X-CUBE-NFC7.1.0.1
2023-09-14 15:22:45,585 [WARN] PackLoader:240 - Cannot read IP mode file for STMicroelectronics.X-CUBE-NFC6.3.0.0
2023-09-14 15:22:45,593 [WARN] PackLoader:240 - Cannot read IP mode file for STMicroelectronics.X-CUBE-EEPRMA1.4.1.0
2023-09-14 15:22:45,611 [WARN] ConditionMgr:438 - getConditionDescription Invalid condition id : LAN8742 Phy interface Condition cause : null
2023-09-14 15:22:45,612 [WARN] PackLoader:240 - Cannot read IP mode file for STMicroelectronics.X-CUBE-AZRTOS-L4.2.0.0
2023-09-14 15:22:45,613 [WARN] ConditionMgr:1039 - genDependencies : Invalid condition id : LAN8742 Phy interface Condition cause : null
2023-09-14 15:22:45,614 [WARN] ConditionMgr:1039 - genDependencies : Invalid condition id : LAN8742 Phy interface Condition cause : null
2023-09-14 15:22:45,614 [WARN] ConditionMgr:1039 - genDependencies : Invalid condition id : LAN8742 Phy interface Condition cause : null
2023-09-14 15:22:45,629 [WARN] PackLoader:240 - Cannot read IP mode file for STMicroelectronics.X-CUBE-SFXS2LP1.4.0.0
2023-09-14 15:22:45,637 [WARN] PackLoader:240 - Cannot read IP mode file for STMicroelectronics.X-CUBE-ISPU.1.1.0
2023-09-14 15:22:45,651 [WARN] ConditionMgr:438 - getConditionDescription Invalid condition id : UX DEVICE CLASS RTOS Condition cause : null
2023-09-14 15:22:45,652 [WARN] ConditionMgr:438 - getConditionDescription Invalid condition id : UX DEVICE CLASS RTOS Condition cause : null
2023-09-14 15:22:45,654 [WARN] PackLoader:240 - Cannot read IP mode file for STMicroelectronics.X-CUBE-AZRTOS-WB.2.0.0
2023-09-14 15:22:45,655 [WARN] ConditionMgr:1039 - genDependencies : Invalid condition id : UX DEVICE CLASS RTOS Condition cause : null
2023-09-14 15:22:45,655 [WARN] ConditionMgr:1039 - genDependencies : Invalid condition id : UX DEVICE CLASS RTOS Condition cause : null
2023-09-14 15:22:45,656 [WARN] ConditionMgr:1039 - genDependencies : Invalid condition id : UX DEVICE CLASS RTOS Condition cause : null
2023-09-14 15:22:45,656 [WARN] ConditionMgr:1039 - genDependencies : Invalid condition id : UX DEVICE CLASS RTOS Condition cause : null
2023-09-14 15:22:45,656 [WARN] ConditionMgr:1039 - genDependencies : Invalid condition id : UX DEVICE CLASS RTOS Condition cause : null
2023-09-14 15:22:45,673 [WARN] PackLoader:240 - Cannot read IP mode file for STMicroelectronics.X-CUBE-SUBG2.5.0.0
2023-09-14 15:22:45,692 [WARN] PackLoader:240 - Cannot read IP mode file for STMicroelectronics.X-CUBE-AZRTOS-G4.2.0.0
2023-09-14 15:22:45,700 [WARN] PackLoader:240 - Cannot read IP mode file for portGmbH.I-Cube-SoM-uGOAL.1.1.0
2023-09-14 15:22:45,706 [WARN] PackLoader:240 - Cannot read IP mode file for STMicroelectronics.X-CUBE-ALS.1.0.1
2023-09-14 15:22:45,711 [WARN] PackLoader:240 - Cannot read IP mode file for STMicroelectronics.FP-ATR-ASTRA1.2.0.0
2023-09-14 15:22:45,712 [INFO] ThirdParty:978 - Integrity check success = true
2023-09-14 15:22:45,712 [INFO] IntegrityCheckThread:100 - exiting critical section [integrity check]
2023-09-14 15:22:45,712 [INFO] IntegrityCheckThread:103 - End integrity checks thread
2023-09-14 15:23:05,776 [ERROR] LogOutputStream:75 - [STDERR_REDIRECT] SLF4J: Failed to load class "org.slf4j.impl.StaticLoggerBinder".
2023-09-14 15:23:05,777 [ERROR] LogOutputStream:75 - [STDERR_REDIRECT] SLF4J: Defaulting to no-operation (NOP) logger implementation
2023-09-14 15:23:05,779 [ERROR] LogOutputStream:75 - [STDERR_REDIRECT] SLF4J: See http://www.slf4j.org/codes.html#StaticLoggerBinder for further details.
2023-09-14 16:45:57,487 [ERROR] LogOutputStream:75 - [STDERR_REDIRECT] 
