2023-09-12 15:25:11,930 [INFO] Activator:176 - 


2023-09-12 15:25:11,946 [INFO] Activator:177 - !SESSION log4j initialized
2023-09-12 15:25:17,707 [INFO] LogOutputStream:77 - [STDOUT_REDIRECT] 
2023-09-12 15:25:18,843 [INFO] ApplicationProperties:184 - Using Application install path: C:\ST\STM32CubeIDE_1.13.1\STM32CubeIDE\plugins\com.st.stm32cube.common.mx_6.9.1.202307191849
2023-09-12 15:25:18,864 [INFO] DbMcusXml:78 - Set database path to: C:\ST\STM32CubeIDE_1.13.1\STM32CubeIDE\plugins\com.st.stm32cube.common.mx_6.9.1.202307191849\\db\/mcu/
2023-09-12 15:25:18,865 [INFO] ApiDb:274 - Set plugin database path to: C:\ST\STM32CubeIDE_1.13.1\STM32CubeIDE\plugins\com.st.stm32cube.common.mx_6.9.1.202307191849\\db\/plugins/boardmanager/
2023-09-12 15:25:18,865 [WARN] ApiDb:259 - Overriding images path with different value:  => C:\ST\STM32CubeIDE_1.13.1\STM32CubeIDE\plugins\com.st.stm32cube.common.mx_6.9.1.202307191849\\db\/plugins/mcufinder/images/
2023-09-12 15:25:18,877 [INFO] ApiDb:250 - Set database path to: C:\Users\james\.stmcufinder\plugins\mcufinder//mcu/
2023-09-12 15:25:18,879 [INFO] DbMcusAds:125 - Set database path to: C:\Users\james\.stmcufinder\plugins\mcufinder//mcu/
2023-09-12 15:25:18,882 [INFO] CrossReferenceDbSqlite:203 - Set database path to: C:\Users\james\.stmcufinder\plugins\mcufinder//mcu/cs/
2023-09-12 15:25:19,004 [INFO] RulesReader:64 - Compatibility file has been processed (293 Rules)
2023-09-12 15:25:19,101 [INFO] DbMcusXml:78 - Set database path to: C:\ST\STM32CubeIDE_1.13.1\STM32CubeIDE\plugins\com.st.stm32cube.common.mx_6.9.1.202307191849\\db\/mcu/
2023-09-12 15:25:19,101 [INFO] ApiDb:274 - Set plugin database path to: C:\ST\STM32CubeIDE_1.13.1\STM32CubeIDE\plugins\com.st.stm32cube.common.mx_6.9.1.202307191849\\db\/plugins/boardmanager/
2023-09-12 15:25:19,101 [INFO] ApiDb:261 - Set plugin images path to: C:\ST\STM32CubeIDE_1.13.1\STM32CubeIDE\plugins\com.st.stm32cube.common.mx_6.9.1.202307191849\\db\/plugins/mcufinder/images/
2023-09-12 15:25:19,102 [WARN] DbFile:41 - Overriding database path with different value: C:\Users\james\.stmcufinder\plugins\mcufinder/ => C:\Users\james\.stmcufinder\plugins\mcufinder
2023-09-12 15:25:19,102 [INFO] ApiDb:250 - Set database path to: C:\Users\james\.stmcufinder\plugins\mcufinder//mcu/
2023-09-12 15:25:19,102 [WARN] DbFile:41 - Overriding database path with different value: C:\Users\james\.stmcufinder\plugins\mcufinder/ => C:\Users\james\.stmcufinder\plugins\mcufinder
2023-09-12 15:25:19,102 [INFO] DbMcusAds:125 - Set database path to: C:\Users\james\.stmcufinder\plugins\mcufinder//mcu/
2023-09-12 15:25:19,102 [WARN] DbFile:41 - Overriding database path with different value: C:\Users\james\.stmcufinder\plugins\mcufinder/ => C:\Users\james\.stmcufinder\plugins\mcufinder
2023-09-12 15:25:19,102 [WARN] DbFile:41 - Overriding database path with different value: C:\Users\james\.stmcufinder\plugins\mcufinder/ => C:\Users\james\.stmcufinder\plugins\mcufinder
2023-09-12 15:25:19,102 [INFO] CrossReferenceDbSqlite:203 - Set database path to: C:\Users\james\.stmcufinder\plugins\mcufinder//mcu/cs/
2023-09-12 15:25:19,188 [INFO] MainPanel:262 - HeapMemory: 268435456
2023-09-12 15:25:19,293 [INFO] DbMcusXml:78 - Set database path to: C:\ST\STM32CubeIDE_1.13.1\STM32CubeIDE\plugins\com.st.stm32cube.common.mx_6.9.1.202307191849\\db\/mcu/
2023-09-12 15:25:19,293 [INFO] ApiDb:274 - Set plugin database path to: C:\ST\STM32CubeIDE_1.13.1\STM32CubeIDE\plugins\com.st.stm32cube.common.mx_6.9.1.202307191849\\db\/plugins/boardmanager/
2023-09-12 15:25:19,293 [INFO] ApiDb:261 - Set plugin images path to: C:\ST\STM32CubeIDE_1.13.1\STM32CubeIDE\plugins\com.st.stm32cube.common.mx_6.9.1.202307191849\\db\/plugins/mcufinder/images/
2023-09-12 15:25:19,293 [WARN] DbFile:41 - Overriding database path with different value: C:\Users\james\.stmcufinder\plugins\mcufinder/ => C:\Users\james\.stmcufinder\plugins\mcufinder
2023-09-12 15:25:19,293 [INFO] ApiDb:250 - Set database path to: C:\Users\james\.stmcufinder\plugins\mcufinder//mcu/
2023-09-12 15:25:19,293 [WARN] DbFile:41 - Overriding database path with different value: C:\Users\james\.stmcufinder\plugins\mcufinder/ => C:\Users\james\.stmcufinder\plugins\mcufinder
2023-09-12 15:25:19,293 [INFO] DbMcusAds:125 - Set database path to: C:\Users\james\.stmcufinder\plugins\mcufinder//mcu/
2023-09-12 15:25:19,294 [WARN] DbFile:41 - Overriding database path with different value: C:\Users\james\.stmcufinder\plugins\mcufinder/ => C:\Users\james\.stmcufinder\plugins\mcufinder
2023-09-12 15:25:19,294 [WARN] DbFile:41 - Overriding database path with different value: C:\Users\james\.stmcufinder\plugins\mcufinder/ => C:\Users\james\.stmcufinder\plugins\mcufinder
2023-09-12 15:25:19,294 [INFO] CrossReferenceDbSqlite:203 - Set database path to: C:\Users\james\.stmcufinder\plugins\mcufinder//mcu/cs/
2023-09-12 15:25:19,316 [INFO] ApplicationProperties:184 - Using Application install path: C:\ST\STM32CubeIDE_1.13.1\STM32CubeIDE\plugins\com.st.stm32cube.common.mx_6.9.1.202307191849
2023-09-12 15:25:19,317 [INFO] PluginManage:196 - Search for loadable plugins [exclusion list=, ]
2023-09-12 15:25:19,318 [INFO] PluginManage:310 - Check plugin analytics
2023-09-12 15:25:19,494 [INFO] AnalyticsPlugin:253 - Accepted Software Licenses: 
2023-09-12 15:25:19,494 [INFO] AnalyticsPlugin:255 - Accepted CMSIS Pack Licenses: 
2023-09-12 15:25:19,494 [INFO] AnalyticsPlugin:257 - Accepted Firmware Licenses: FW.L4.1.18.0
2023-09-12 15:25:19,497 [INFO] PluginManage:359 - Loaded plugin analytics (category:tool,tabindex:-1)
2023-09-12 15:25:19,498 [INFO] PluginManage:310 - Check plugin cadmodel
2023-09-12 15:25:19,504 [INFO] CADModel:105 - Init CAD model plugin
2023-09-12 15:25:19,504 [INFO] PluginManage:359 - Loaded plugin cadmodel (category:power,tabindex:5)
2023-09-12 15:25:19,505 [INFO] PluginManage:310 - Check plugin clock
2023-09-12 15:25:19,516 [INFO] PluginManage:359 - Loaded plugin clock (category:base,tabindex:2)
2023-09-12 15:25:19,516 [INFO] PluginManage:310 - Check plugin ddr
2023-09-12 15:25:19,519 [INFO] PluginManage:359 - Loaded plugin ddr (category:tool,tabindex:6)
2023-09-12 15:25:19,520 [INFO] PluginManage:310 - Check plugin filemanager
2023-09-12 15:25:19,680 [INFO] PluginManage:359 - Loaded plugin filemanager (category:base,tabindex:10)
2023-09-12 15:25:19,681 [INFO] PluginManage:310 - Check plugin ipmanager
2023-09-12 15:25:19,691 [INFO] PluginManage:359 - Loaded plugin ipmanager (category:base,tabindex:5)
2023-09-12 15:25:19,691 [INFO] PluginManage:310 - Check plugin lpbam
2023-09-12 15:25:19,704 [INFO] PluginManage:359 - Loaded plugin lpbam (category:base,tabindex:0)
2023-09-12 15:25:19,704 [INFO] PluginManage:310 - Check plugin memorymap
2023-09-12 15:25:19,726 [INFO] PluginManage:359 - Loaded plugin memorymap (category:base,tabindex:4)
2023-09-12 15:25:19,726 [INFO] PluginManage:310 - Check plugin pinoutandconfiguration
2023-09-12 15:25:19,738 [INFO] PluginManage:359 - Loaded plugin pinoutandconfiguration (category:base,tabindex:1)
2023-09-12 15:25:19,739 [INFO] PluginManage:310 - Check plugin pinoutconfig
2023-09-12 15:25:19,849 [WARN] SupportedApi:132 - Cannot load RTOS API schema: s4s-elt-must-match.1: The content of 'definitions' must match (annotation?, (simpleType | complexType)?, (unique | key | keyref)*)). A problem was found starting at: attribute.
2023-09-12 15:25:20,018 [INFO] PluginManage:359 - Loaded plugin pinoutconfig (category:base,tabindex:0)
2023-09-12 15:25:20,018 [INFO] PluginManage:310 - Check plugin power
2023-09-12 15:25:20,030 [INFO] PluginManage:359 - Loaded plugin power (category:power,tabindex:4)
2023-09-12 15:25:20,030 [INFO] PluginManage:310 - Check plugin projectmanager
2023-09-12 15:25:20,047 [INFO] PluginManage:359 - Loaded plugin projectmanager (category:projectmanager,tabindex:3)
2023-09-12 15:25:20,048 [INFO] PluginManage:310 - Check plugin thirdparty
2023-09-12 15:25:20,201 [WARN] IntegrityCheckThread:84 - waiting for thirdparty lock release [integrity check]
2023-09-12 15:25:20,201 [INFO] IntegrityCheckThread:86 - entering critical section [integrity check]
2023-09-12 15:25:20,202 [INFO] PluginManage:359 - Loaded plugin thirdparty (category:base,tabindex:-1)
2023-09-12 15:25:20,202 [INFO] ThirdPartyUpdaterWithRetryManager:70 - Updater plugin not ready yet. [1/15]
2023-09-12 15:25:20,202 [INFO] PluginManage:310 - Check plugin tools
2023-09-12 15:25:20,205 [INFO] PluginManage:359 - Loaded plugin tools (category:base,tabindex:7)
2023-09-12 15:25:20,205 [INFO] PluginManage:310 - Check plugin tutovideos
2023-09-12 15:25:20,430 [INFO] PluginManage:359 - Loaded plugin tutovideos (category:base,tabindex:-1)
2023-09-12 15:25:20,430 [INFO] PluginManage:310 - Check plugin updater
2023-09-12 15:25:20,444 [INFO] PluginManage:359 - Loaded plugin updater (category:base,tabindex:12)
2023-09-12 15:25:20,445 [INFO] PluginManage:310 - Check plugin userauth
2023-09-12 15:25:20,451 [INFO] UserAuth:113 - Init User Auth plugin
2023-09-12 15:25:20,451 [INFO] PluginManage:359 - Loaded plugin userauth (category:base,tabindex:14)
2023-09-12 15:25:20,452 [INFO] PluginManage:283 - PluginManage : Loaded plugins [17]
2023-09-12 15:25:20,774 [INFO] PinOutPanel:1499 - setPackage(No Configuration,No Configuration)
2023-09-12 15:25:20,908 [INFO] CADModel:165 - CPN selected for project level
2023-09-12 15:25:20,908 [INFO] CADModel:114 - Register for checkConnection events
2023-09-12 15:25:20,929 [INFO] IPUIPlugin:80 - create IPUIPlugin
2023-09-12 15:25:20,929 [INFO] PluginManager:220 - loadIPPluginJar : add adc
2023-09-12 15:25:20,932 [INFO] IPUIPlugin:80 - create IPUIPlugin
2023-09-12 15:25:20,932 [INFO] PluginManager:220 - loadIPPluginJar : add aes
2023-09-12 15:25:20,935 [INFO] IPUIPlugin:80 - create IPUIPlugin
2023-09-12 15:25:20,936 [INFO] PluginManager:220 - loadIPPluginJar : add can
2023-09-12 15:25:20,937 [INFO] IPUIPlugin:80 - create IPUIPlugin
2023-09-12 15:25:20,937 [INFO] PluginManager:220 - loadIPPluginJar : add comp
2023-09-12 15:25:20,940 [INFO] IPUIPlugin:80 - create IPUIPlugin
2023-09-12 15:25:20,940 [INFO] PluginManager:220 - loadIPPluginJar : add cryp
2023-09-12 15:25:20,943 [INFO] IPUIPlugin:80 - create IPUIPlugin
2023-09-12 15:25:20,943 [INFO] PluginManager:220 - loadIPPluginJar : add dfsdm
2023-09-12 15:25:20,949 [INFO] IPUIPlugin:80 - create IPUIPlugin
2023-09-12 15:25:20,949 [INFO] PluginManager:220 - loadIPPluginJar : add dma
2023-09-12 15:25:20,952 [INFO] IPUIPlugin:80 - create IPUIPlugin
2023-09-12 15:25:20,953 [INFO] PluginManager:220 - loadIPPluginJar : add dma3
2023-09-12 15:25:20,954 [INFO] IPUIPlugin:80 - create IPUIPlugin
2023-09-12 15:25:20,954 [INFO] PluginManager:220 - loadIPPluginJar : add fatfs
2023-09-12 15:25:20,959 [INFO] IPUIPlugin:80 - create IPUIPlugin
2023-09-12 15:25:20,959 [INFO] PluginManager:220 - loadIPPluginJar : add fmc
2023-09-12 15:25:20,965 [INFO] IPUIPlugin:80 - create IPUIPlugin
2023-09-12 15:25:20,966 [INFO] PluginManager:220 - loadIPPluginJar : add freertos
2023-09-12 15:25:20,967 [INFO] IPUIPlugin:80 - create IPUIPlugin
2023-09-12 15:25:20,968 [INFO] PluginManager:220 - loadIPPluginJar : add genericplugin
2023-09-12 15:25:20,970 [INFO] IPUIPlugin:80 - create IPUIPlugin
2023-09-12 15:25:20,970 [INFO] PluginManager:220 - loadIPPluginJar : add gfxmmu
2023-09-12 15:25:20,975 [INFO] IPUIPlugin:80 - create IPUIPlugin
2023-09-12 15:25:20,975 [INFO] PluginManager:220 - loadIPPluginJar : add gic
2023-09-12 15:25:20,980 [INFO] IPUIPlugin:80 - create IPUIPlugin
2023-09-12 15:25:20,980 [INFO] PluginManager:220 - loadIPPluginJar : add gpio
2023-09-12 15:25:20,984 [INFO] IPUIPlugin:80 - create IPUIPlugin
2023-09-12 15:25:20,984 [INFO] PluginManager:220 - loadIPPluginJar : add gtzc
2023-09-12 15:25:20,987 [INFO] IPUIPlugin:80 - create IPUIPlugin
2023-09-12 15:25:20,988 [INFO] PluginManager:220 - loadIPPluginJar : add hash
2023-09-12 15:25:20,991 [INFO] IPUIPlugin:80 - create IPUIPlugin
2023-09-12 15:25:20,991 [INFO] PluginManager:220 - loadIPPluginJar : add i2c
2023-09-12 15:25:20,994 [INFO] IPUIPlugin:80 - create IPUIPlugin
2023-09-12 15:25:20,994 [INFO] PluginManager:220 - loadIPPluginJar : add i2s
2023-09-12 15:25:20,997 [INFO] IPUIPlugin:80 - create IPUIPlugin
2023-09-12 15:25:20,997 [INFO] PluginManager:220 - loadIPPluginJar : add i3c
2023-09-12 15:25:21,000 [INFO] IPUIPlugin:80 - create IPUIPlugin
2023-09-12 15:25:21,001 [INFO] PluginManager:220 - loadIPPluginJar : add ipddr
2023-09-12 15:25:21,009 [INFO] IPUIPlugin:80 - create IPUIPlugin
2023-09-12 15:25:21,009 [INFO] PluginManager:220 - loadIPPluginJar : add linkedlist
2023-09-12 15:25:21,012 [INFO] IPUIPlugin:80 - create IPUIPlugin
2023-09-12 15:25:21,012 [INFO] PluginManager:220 - loadIPPluginJar : add lorawan
2023-09-12 15:25:21,015 [INFO] IPUIPlugin:80 - create IPUIPlugin
2023-09-12 15:25:21,015 [INFO] PluginManager:220 - loadIPPluginJar : add ltdc
2023-09-12 15:25:21,024 [INFO] IPUIPlugin:80 - create IPUIPlugin
2023-09-12 15:25:21,024 [INFO] PluginManager:220 - loadIPPluginJar : add mdma
2023-09-12 15:25:21,028 [INFO] IPUIPlugin:80 - create IPUIPlugin
2023-09-12 15:25:21,028 [INFO] PluginManager:220 - loadIPPluginJar : add nvic
2023-09-12 15:25:21,032 [INFO] IPUIPlugin:80 - create IPUIPlugin
2023-09-12 15:25:21,032 [INFO] PluginManager:220 - loadIPPluginJar : add opamp
2023-09-12 15:25:21,035 [INFO] IPUIPlugin:80 - create IPUIPlugin
2023-09-12 15:25:21,035 [INFO] PluginManager:220 - loadIPPluginJar : add openamp
2023-09-12 15:25:21,038 [INFO] IPUIPlugin:80 - create IPUIPlugin
2023-09-12 15:25:21,039 [INFO] PluginManager:220 - loadIPPluginJar : add pdm2pcm
2023-09-12 15:25:21,045 [INFO] IPUIPlugin:80 - create IPUIPlugin
2023-09-12 15:25:21,047 [INFO] PluginManager:220 - loadIPPluginJar : add plateformsettings
2023-09-12 15:25:21,049 [INFO] IPUIPlugin:80 - create IPUIPlugin
2023-09-12 15:25:21,050 [INFO] PluginManager:220 - loadIPPluginJar : add quadspi
2023-09-12 15:25:21,055 [INFO] IPUIPlugin:80 - create IPUIPlugin
2023-09-12 15:25:21,055 [INFO] PluginManager:220 - loadIPPluginJar : add resmgrutility
2023-09-12 15:25:21,058 [INFO] IPUIPlugin:80 - create IPUIPlugin
2023-09-12 15:25:21,059 [INFO] PluginManager:220 - loadIPPluginJar : add sai
2023-09-12 15:25:21,062 [INFO] IPUIPlugin:80 - create IPUIPlugin
2023-09-12 15:25:21,062 [INFO] PluginManager:220 - loadIPPluginJar : add spi
2023-09-12 15:25:21,068 [INFO] IPUIPlugin:80 - create IPUIPlugin
2023-09-12 15:25:21,068 [INFO] PluginManager:220 - loadIPPluginJar : add stm32_wpan
2023-09-12 15:25:21,070 [INFO] IPUIPlugin:80 - create IPUIPlugin
2023-09-12 15:25:21,070 [INFO] PluginManager:220 - loadIPPluginJar : add tim
2023-09-12 15:25:21,074 [INFO] IPUIPlugin:80 - create IPUIPlugin
2023-09-12 15:25:21,074 [INFO] PluginManager:220 - loadIPPluginJar : add touchsensing
2023-09-12 15:25:21,077 [INFO] IPUIPlugin:80 - create IPUIPlugin
2023-09-12 15:25:21,077 [INFO] PluginManager:220 - loadIPPluginJar : add tracer_emb
2023-09-12 15:25:21,080 [INFO] IPUIPlugin:80 - create IPUIPlugin
2023-09-12 15:25:21,080 [INFO] PluginManager:220 - loadIPPluginJar : add ts
2023-09-12 15:25:21,083 [INFO] IPUIPlugin:80 - create IPUIPlugin
2023-09-12 15:25:21,083 [INFO] PluginManager:220 - loadIPPluginJar : add tsc
2023-09-12 15:25:21,085 [INFO] IPUIPlugin:80 - create IPUIPlugin
2023-09-12 15:25:21,086 [INFO] PluginManager:220 - loadIPPluginJar : add ucpd
2023-09-12 15:25:21,089 [INFO] IPUIPlugin:80 - create IPUIPlugin
2023-09-12 15:25:21,089 [INFO] PluginManager:220 - loadIPPluginJar : add usart
2023-09-12 15:25:21,092 [INFO] IPUIPlugin:80 - create IPUIPlugin
2023-09-12 15:25:21,092 [INFO] PluginManager:220 - loadIPPluginJar : add usbx
2023-09-12 15:25:21,235 [INFO] CADModel:165 - CPN selected for project level
2023-09-12 15:25:21,235 [INFO] CADModel:114 - Register for checkConnection events
2023-09-12 15:25:21,236 [FATAL] Updater:308 - Updater called before beeing initialized
2023-09-12 15:25:21,236 [ERROR] CADModel:125 - Updater not yet initialized, retry later 
2023-09-12 15:25:21,467 [INFO] CADModel:165 - CPN selected for project level
2023-09-12 15:25:21,467 [INFO] CADModel:114 - Register for checkConnection events
2023-09-12 15:25:21,467 [FATAL] Updater:308 - Updater called before beeing initialized
2023-09-12 15:25:21,468 [ERROR] CADModel:125 - Updater not yet initialized, retry later 
2023-09-12 15:25:21,472 [FATAL] Updater:308 - Updater called before beeing initialized
2023-09-12 15:25:21,581 [FATAL] Updater:308 - Updater called before beeing initialized
2023-09-12 15:25:21,589 [INFO] DbMcusAds:53 - JSON generation date=Tue Mar 07 03:50:55 EST 2023 (1678179055114)
2023-09-12 15:25:21,590 [FATAL] Updater:308 - Updater called before beeing initialized
2023-09-12 15:25:21,642 [WARN] DetailPanel:346 - Failed to get advertising image, set to default
2023-09-12 15:25:21,754 [FATAL] Updater:308 - Updater called before beeing initialized
2023-09-12 15:25:21,756 [FATAL] Updater:308 - Updater called before beeing initialized
2023-09-12 15:25:21,756 [FATAL] Updater:308 - Updater called before beeing initialized
2023-09-12 15:25:21,756 [WARN] DetailPanel:346 - Failed to get advertising image, set to default
2023-09-12 15:25:21,757 [FATAL] Updater:308 - Updater called before beeing initialized
2023-09-12 15:25:21,807 [ERROR] Updater:1120 - MainUpdater not yet initialized. External WinMGr cannot be set.
2023-09-12 15:25:21,809 [INFO] Updater:1056 - Updater Version found : 6.9.1
2023-09-12 15:25:21,827 [INFO] ApplicationProperties:184 - Using Application install path: C:\ST\STM32CubeIDE_1.13.1\STM32CubeIDE\plugins\com.st.stm32cube.common.mx_6.9.1.202307191849
2023-09-12 15:25:21,969 [INFO] MainUpdater:2868 - connection check result : 10
2023-09-12 15:25:21,970 [INFO] MainUpdater:285 - Updater Check For Update Now.
2023-09-12 15:25:21,970 [INFO] MicroXplorer:498 - Change Database Version : DB.6.0.91
2023-09-12 15:25:21,980 [INFO] McuFinderGlobals:63 - Set McuFinder mode to 2 (CubeIDE integrated)
2023-09-12 15:25:21,980 [INFO] UserAuth:179 - activating auth plugin
2023-09-12 15:25:21,983 [INFO] UserAuth:393 - Internet connection configuration mode: 1
2023-09-12 15:25:22,004 [INFO] JxBrowserEngine:151 - Initiate JxBrowser Engine with user profile folder
2023-09-12 15:25:22,141 [INFO] CheckServerUpdateThread:120 - End of CheckServer Thread
2023-09-12 15:25:22,950 [INFO] WebApp:157 - Instantiating new browser for Auth
2023-09-12 15:25:23,416 [WARN] PackLoader:240 - Cannot read IP mode file for STMicroelectronics.X-CUBE-SMBUS.2.1.0
2023-09-12 15:25:23,480 [WARN] PackLoader:240 - Cannot read IP mode file for STMicroelectronics.X-CUBE-AZRTOS-F7.1.1.0
2023-09-12 15:25:23,495 [WARN] PackLoader:240 - Cannot read IP mode file for STMicroelectronics.FP-SNS-MOTENV1.4.3.2
2023-09-12 15:25:23,514 [WARN] PackLoader:240 - Cannot read IP mode file for STMicroelectronics.X-CUBE-DISPLAY.3.0.0
2023-09-12 15:25:23,549 [WARN] PackLoader:240 - Cannot read IP mode file for emotas.I-CUBE-CANOPEN.1.3.0
2023-09-12 15:25:23,557 [WARN] PackLoader:240 - Cannot read IP mode file for STMicroelectronics.X-CUBE-TOUCHGFX.4.22.0
2023-09-12 15:25:23,575 [INFO] LogOutputStream:77 - [STDOUT_REDIRECT] 1 : Invalid condition id : UX_CORESTACK_Condition cause : null
2023-09-12 15:25:23,575 [INFO] LogOutputStream:77 - [STDOUT_REDIRECT] 1 : Invalid condition id : UX_CORESTACK_Condition cause : null
2023-09-12 15:25:23,577 [INFO] LogOutputStream:77 - [STDOUT_REDIRECT] 1 : Invalid condition id : UX_CORESTACK_Condition cause : null
2023-09-12 15:25:23,579 [INFO] LogOutputStream:77 - [STDOUT_REDIRECT] 1 : Invalid condition id : UX_CORESTACK_Condition cause : null
2023-09-12 15:25:23,580 [INFO] LogOutputStream:77 - [STDOUT_REDIRECT] 1 : Invalid condition id : UX_CORESTACK_Condition cause : null
2023-09-12 15:25:23,589 [WARN] PackLoader:240 - Cannot read IP mode file for STMicroelectronics.X-CUBE-AZRTOS-WL.2.0.0
2023-09-12 15:25:23,604 [WARN] PackLoader:240 - Cannot read IP mode file for WES.I-CUBE-Cesium.1.3.0
2023-09-12 15:25:23,614 [WARN] PackLoader:240 - Cannot read IP mode file for STMicroelectronics.X-CUBE-BLE2.3.3.0
2023-09-12 15:25:23,626 [WARN] PackLoader:240 - Cannot read IP mode file for STMicroelectronics.X-CUBE-ALGOBUILD.1.3.0
2023-09-12 15:25:23,654 [WARN] PackLoader:240 - Cannot read IP mode file for STMicroelectronics.X-CUBE-AZRTOS-G0.1.1.0
2023-09-12 15:25:23,667 [WARN] PackLoader:240 - Cannot read IP mode file for STMicroelectronics.X-CUBE-NFC4.3.0.0
2023-09-12 15:25:23,674 [WARN] PackLoader:240 - Cannot read IP mode file for STMicroelectronics.FP-ATR-SIGFOX1.3.2.0
2023-09-12 15:25:23,731 [WARN] PackLoader:240 - Cannot read IP mode file for SEGGER.I-CUBE-embOS.1.3.1
2023-09-12 15:25:23,763 [INFO] WebApp:753 - Register for checkConnection events
2023-09-12 15:25:23,763 [INFO] WebApp:390 - Apply proxy settings
2023-09-12 15:25:23,764 [INFO] WebApp:475 - Chromium requires no authentication
2023-09-12 15:25:23,776 [INFO] WebApp:418 - Direct internet connection detected
2023-09-12 15:25:23,802 [WARN] PackLoader:240 - Cannot read IP mode file for STMicroelectronics.X-CUBE-GNSS1.6.0.0
2023-09-12 15:25:23,831 [WARN] PackLoader:240 - Cannot read IP mode file for STMicroelectronics.X-CUBE-AZRTOS-F4.1.1.0
2023-09-12 15:25:23,843 [WARN] PackLoader:240 - Cannot read IP mode file for wolfSSL.I-CUBE-wolfSSL.5.6.3
2023-09-12 15:25:23,870 [WARN] PackLoader:240 - Cannot read IP mode file for STMicroelectronics.X-CUBE-AZRTOS-L5.2.0.0
2023-09-12 15:25:23,940 [WARN] PackLoader:240 - Cannot read IP mode file for STMicroelectronics.X-CUBE-MEMS1.9.6.0
2023-09-12 15:25:24,076 [INFO] WebApp:188 - Starting web application
2023-09-12 15:25:24,077 [INFO] WebApp:520 - Web application path used C:\ST\STM32CubeIDE_1.13.1\STM32CubeIDE\plugins\com.st.stm32cube.common.mx_6.9.1.202307191849\db\plugins\mcufinder\reactClient1\index.html
2023-09-12 15:25:24,168 [WARN] PackLoader:240 - Cannot read IP mode file for STMicroelectronics.X-CUBE-BLEMGR.2.0.0
2023-09-12 15:25:24,199 [WARN] ConditionMgr:438 - getConditionDescription Invalid condition id : UX DEVICE CLASS RTOS Condition cause : null
2023-09-12 15:25:24,199 [WARN] ConditionMgr:438 - getConditionDescription Invalid condition id : UX DEVICE CLASS RTOS Condition cause : null
2023-09-12 15:25:24,205 [WARN] PackLoader:240 - Cannot read IP mode file for STMicroelectronics.X-CUBE-AZRTOS-H7.3.1.0
2023-09-12 15:25:24,207 [WARN] ConditionMgr:1039 - genDependencies : Invalid condition id : UX DEVICE CLASS RTOS Condition cause : null
2023-09-12 15:25:24,207 [WARN] ConditionMgr:1039 - genDependencies : Invalid condition id : UX DEVICE CLASS RTOS Condition cause : null
2023-09-12 15:25:24,208 [WARN] ConditionMgr:1039 - genDependencies : Invalid condition id : UX DEVICE CLASS RTOS Condition cause : null
2023-09-12 15:25:24,208 [WARN] ConditionMgr:1039 - genDependencies : Invalid condition id : UX DEVICE CLASS RTOS Condition cause : null
2023-09-12 15:25:24,209 [WARN] ConditionMgr:1039 - genDependencies : Invalid condition id : UX DEVICE CLASS RTOS Condition cause : null
2023-09-12 15:25:24,218 [WARN] PackLoader:240 - Cannot read IP mode file for STMicroelectronics.X-CUBE-NFC7.1.0.1
2023-09-12 15:25:24,229 [WARN] PackLoader:240 - Cannot read IP mode file for STMicroelectronics.X-CUBE-NFC6.3.0.0
2023-09-12 15:25:24,237 [WARN] PackLoader:240 - Cannot read IP mode file for STMicroelectronics.X-CUBE-EEPRMA1.4.1.0
2023-09-12 15:25:24,275 [WARN] ConditionMgr:438 - getConditionDescription Invalid condition id : LAN8742 Phy interface Condition cause : null
2023-09-12 15:25:24,275 [WARN] PackLoader:240 - Cannot read IP mode file for STMicroelectronics.X-CUBE-AZRTOS-L4.2.0.0
2023-09-12 15:25:24,278 [WARN] ConditionMgr:1039 - genDependencies : Invalid condition id : LAN8742 Phy interface Condition cause : null
2023-09-12 15:25:24,279 [WARN] ConditionMgr:1039 - genDependencies : Invalid condition id : LAN8742 Phy interface Condition cause : null
2023-09-12 15:25:24,280 [WARN] ConditionMgr:1039 - genDependencies : Invalid condition id : LAN8742 Phy interface Condition cause : null
2023-09-12 15:25:24,296 [WARN] PackLoader:240 - Cannot read IP mode file for STMicroelectronics.X-CUBE-SFXS2LP1.4.0.0
2023-09-12 15:25:24,306 [WARN] PackLoader:240 - Cannot read IP mode file for STMicroelectronics.X-CUBE-ISPU.1.1.0
2023-09-12 15:25:24,331 [WARN] ConditionMgr:438 - getConditionDescription Invalid condition id : UX DEVICE CLASS RTOS Condition cause : null
2023-09-12 15:25:24,331 [WARN] ConditionMgr:438 - getConditionDescription Invalid condition id : UX DEVICE CLASS RTOS Condition cause : null
2023-09-12 15:25:24,336 [WARN] PackLoader:240 - Cannot read IP mode file for STMicroelectronics.X-CUBE-AZRTOS-WB.2.0.0
2023-09-12 15:25:24,336 [WARN] ConditionMgr:1039 - genDependencies : Invalid condition id : UX DEVICE CLASS RTOS Condition cause : null
2023-09-12 15:25:24,337 [WARN] ConditionMgr:1039 - genDependencies : Invalid condition id : UX DEVICE CLASS RTOS Condition cause : null
2023-09-12 15:25:24,338 [WARN] ConditionMgr:1039 - genDependencies : Invalid condition id : UX DEVICE CLASS RTOS Condition cause : null
2023-09-12 15:25:24,339 [WARN] ConditionMgr:1039 - genDependencies : Invalid condition id : UX DEVICE CLASS RTOS Condition cause : null
2023-09-12 15:25:24,339 [WARN] ConditionMgr:1039 - genDependencies : Invalid condition id : UX DEVICE CLASS RTOS Condition cause : null
2023-09-12 15:25:24,361 [WARN] PackLoader:240 - Cannot read IP mode file for STMicroelectronics.X-CUBE-SUBG2.5.0.0
2023-09-12 15:25:24,398 [WARN] PackLoader:240 - Cannot read IP mode file for STMicroelectronics.X-CUBE-AZRTOS-G4.2.0.0
2023-09-12 15:25:24,410 [WARN] PackLoader:240 - Cannot read IP mode file for portGmbH.I-Cube-SoM-uGOAL.1.1.0
2023-09-12 15:25:24,417 [WARN] PackLoader:240 - Cannot read IP mode file for STMicroelectronics.X-CUBE-ALS.1.0.1
2023-09-12 15:25:24,424 [WARN] PackLoader:240 - Cannot read IP mode file for STMicroelectronics.FP-ATR-ASTRA1.2.0.0
2023-09-12 15:25:24,425 [INFO] ThirdParty:978 - Integrity check success = true
2023-09-12 15:25:24,426 [INFO] IntegrityCheckThread:100 - exiting critical section [integrity check]
2023-09-12 15:25:24,426 [INFO] IntegrityCheckThread:103 - End integrity checks thread
2023-09-12 15:25:44,984 [ERROR] LogOutputStream:75 - [STDERR_REDIRECT] SLF4J: Failed to load class "org.slf4j.impl.StaticLoggerBinder".
2023-09-12 15:25:44,984 [ERROR] LogOutputStream:75 - [STDERR_REDIRECT] SLF4J: Defaulting to no-operation (NOP) logger implementation
2023-09-12 15:25:44,986 [ERROR] LogOutputStream:75 - [STDERR_REDIRECT] SLF4J: See http://www.slf4j.org/codes.html#StaticLoggerBinder for further details.
2023-09-12 16:37:43,118 [ERROR] LogOutputStream:75 - [STDERR_REDIRECT] 
