2023-12-07 12:41:46,503 [INFO] Activator:176 - 


2023-12-07 12:41:46,516 [INFO] Activator:177 - !SESSION log4j initialized
2023-12-07 12:41:51,981 [INFO] LogOutputStream:77 - [STDOUT_REDIRECT] 
2023-12-07 12:41:53,019 [INFO] ApplicationProperties:184 - Using Application install path: C:\ST\STM32CubeIDE_1.13.1\STM32CubeIDE\plugins\com.st.stm32cube.common.mx_6.9.1.202307191849
2023-12-07 12:41:53,037 [INFO] DbMcusXml:78 - Set database path to: C:\ST\STM32CubeIDE_1.13.1\STM32CubeIDE\plugins\com.st.stm32cube.common.mx_6.9.1.202307191849\\db\/mcu/
2023-12-07 12:41:53,038 [INFO] ApiDb:274 - Set plugin database path to: C:\ST\STM32CubeIDE_1.13.1\STM32CubeIDE\plugins\com.st.stm32cube.common.mx_6.9.1.202307191849\\db\/plugins/boardmanager/
2023-12-07 12:41:53,039 [WARN] ApiDb:259 - Overriding images path with different value:  => C:\ST\STM32CubeIDE_1.13.1\STM32CubeIDE\plugins\com.st.stm32cube.common.mx_6.9.1.202307191849\\db\/plugins/mcufinder/images/
2023-12-07 12:41:53,049 [INFO] ApiDb:250 - Set database path to: C:\Users\james\.stmcufinder\plugins\mcufinder//mcu/
2023-12-07 12:41:53,051 [INFO] DbMcusAds:125 - Set database path to: C:\Users\james\.stmcufinder\plugins\mcufinder//mcu/
2023-12-07 12:41:53,054 [INFO] CrossReferenceDbSqlite:203 - Set database path to: C:\Users\james\.stmcufinder\plugins\mcufinder//mcu/cs/
2023-12-07 12:41:53,187 [INFO] RulesReader:64 - Compatibility file has been processed (293 Rules)
2023-12-07 12:41:53,300 [INFO] DbMcusXml:78 - Set database path to: C:\ST\STM32CubeIDE_1.13.1\STM32CubeIDE\plugins\com.st.stm32cube.common.mx_6.9.1.202307191849\\db\/mcu/
2023-12-07 12:41:53,300 [INFO] ApiDb:274 - Set plugin database path to: C:\ST\STM32CubeIDE_1.13.1\STM32CubeIDE\plugins\com.st.stm32cube.common.mx_6.9.1.202307191849\\db\/plugins/boardmanager/
2023-12-07 12:41:53,300 [INFO] ApiDb:261 - Set plugin images path to: C:\ST\STM32CubeIDE_1.13.1\STM32CubeIDE\plugins\com.st.stm32cube.common.mx_6.9.1.202307191849\\db\/plugins/mcufinder/images/
2023-12-07 12:41:53,300 [WARN] DbFile:41 - Overriding database path with different value: C:\Users\james\.stmcufinder\plugins\mcufinder/ => C:\Users\james\.stmcufinder\plugins\mcufinder
2023-12-07 12:41:53,300 [INFO] ApiDb:250 - Set database path to: C:\Users\james\.stmcufinder\plugins\mcufinder//mcu/
2023-12-07 12:41:53,302 [WARN] DbFile:41 - Overriding database path with different value: C:\Users\james\.stmcufinder\plugins\mcufinder/ => C:\Users\james\.stmcufinder\plugins\mcufinder
2023-12-07 12:41:53,302 [INFO] DbMcusAds:125 - Set database path to: C:\Users\james\.stmcufinder\plugins\mcufinder//mcu/
2023-12-07 12:41:53,302 [WARN] DbFile:41 - Overriding database path with different value: C:\Users\james\.stmcufinder\plugins\mcufinder/ => C:\Users\james\.stmcufinder\plugins\mcufinder
2023-12-07 12:41:53,302 [WARN] DbFile:41 - Overriding database path with different value: C:\Users\james\.stmcufinder\plugins\mcufinder/ => C:\Users\james\.stmcufinder\plugins\mcufinder
2023-12-07 12:41:53,302 [INFO] CrossReferenceDbSqlite:203 - Set database path to: C:\Users\james\.stmcufinder\plugins\mcufinder//mcu/cs/
2023-12-07 12:41:53,382 [INFO] MainPanel:262 - HeapMemory: 268435456
2023-12-07 12:41:53,456 [INFO] DbMcusXml:78 - Set database path to: C:\ST\STM32CubeIDE_1.13.1\STM32CubeIDE\plugins\com.st.stm32cube.common.mx_6.9.1.202307191849\\db\/mcu/
2023-12-07 12:41:53,456 [INFO] ApiDb:274 - Set plugin database path to: C:\ST\STM32CubeIDE_1.13.1\STM32CubeIDE\plugins\com.st.stm32cube.common.mx_6.9.1.202307191849\\db\/plugins/boardmanager/
2023-12-07 12:41:53,457 [INFO] ApiDb:261 - Set plugin images path to: C:\ST\STM32CubeIDE_1.13.1\STM32CubeIDE\plugins\com.st.stm32cube.common.mx_6.9.1.202307191849\\db\/plugins/mcufinder/images/
2023-12-07 12:41:53,457 [WARN] DbFile:41 - Overriding database path with different value: C:\Users\james\.stmcufinder\plugins\mcufinder/ => C:\Users\james\.stmcufinder\plugins\mcufinder
2023-12-07 12:41:53,457 [INFO] ApiDb:250 - Set database path to: C:\Users\james\.stmcufinder\plugins\mcufinder//mcu/
2023-12-07 12:41:53,457 [WARN] DbFile:41 - Overriding database path with different value: C:\Users\james\.stmcufinder\plugins\mcufinder/ => C:\Users\james\.stmcufinder\plugins\mcufinder
2023-12-07 12:41:53,458 [INFO] DbMcusAds:125 - Set database path to: C:\Users\james\.stmcufinder\plugins\mcufinder//mcu/
2023-12-07 12:41:53,458 [WARN] DbFile:41 - Overriding database path with different value: C:\Users\james\.stmcufinder\plugins\mcufinder/ => C:\Users\james\.stmcufinder\plugins\mcufinder
2023-12-07 12:41:53,458 [WARN] DbFile:41 - Overriding database path with different value: C:\Users\james\.stmcufinder\plugins\mcufinder/ => C:\Users\james\.stmcufinder\plugins\mcufinder
2023-12-07 12:41:53,458 [INFO] CrossReferenceDbSqlite:203 - Set database path to: C:\Users\james\.stmcufinder\plugins\mcufinder//mcu/cs/
2023-12-07 12:41:53,477 [INFO] ApplicationProperties:184 - Using Application install path: C:\ST\STM32CubeIDE_1.13.1\STM32CubeIDE\plugins\com.st.stm32cube.common.mx_6.9.1.202307191849
2023-12-07 12:41:53,478 [INFO] PluginManage:196 - Search for loadable plugins [exclusion list=, ]
2023-12-07 12:41:53,480 [INFO] PluginManage:310 - Check plugin analytics
2023-12-07 12:41:53,644 [INFO] AnalyticsPlugin:253 - Accepted Software Licenses: 
2023-12-07 12:41:53,646 [INFO] AnalyticsPlugin:255 - Accepted CMSIS Pack Licenses: 
2023-12-07 12:41:53,646 [INFO] AnalyticsPlugin:257 - Accepted Firmware Licenses: FW.L4.1.18.0
2023-12-07 12:41:53,648 [INFO] PluginManage:359 - Loaded plugin analytics (category:tool,tabindex:-1)
2023-12-07 12:41:53,649 [INFO] PluginManage:310 - Check plugin cadmodel
2023-12-07 12:41:53,653 [INFO] CADModel:105 - Init CAD model plugin
2023-12-07 12:41:53,653 [INFO] PluginManage:359 - Loaded plugin cadmodel (category:power,tabindex:5)
2023-12-07 12:41:53,654 [INFO] PluginManage:310 - Check plugin clock
2023-12-07 12:41:53,664 [INFO] PluginManage:359 - Loaded plugin clock (category:base,tabindex:2)
2023-12-07 12:41:53,664 [INFO] PluginManage:310 - Check plugin ddr
2023-12-07 12:41:53,667 [INFO] PluginManage:359 - Loaded plugin ddr (category:tool,tabindex:6)
2023-12-07 12:41:53,667 [INFO] PluginManage:310 - Check plugin filemanager
2023-12-07 12:41:53,817 [INFO] PluginManage:359 - Loaded plugin filemanager (category:base,tabindex:10)
2023-12-07 12:41:53,817 [INFO] PluginManage:310 - Check plugin ipmanager
2023-12-07 12:41:53,827 [INFO] PluginManage:359 - Loaded plugin ipmanager (category:base,tabindex:5)
2023-12-07 12:41:53,827 [INFO] PluginManage:310 - Check plugin lpbam
2023-12-07 12:41:53,836 [INFO] PluginManage:359 - Loaded plugin lpbam (category:base,tabindex:0)
2023-12-07 12:41:53,837 [INFO] PluginManage:310 - Check plugin memorymap
2023-12-07 12:41:53,854 [INFO] PluginManage:359 - Loaded plugin memorymap (category:base,tabindex:4)
2023-12-07 12:41:53,855 [INFO] PluginManage:310 - Check plugin pinoutandconfiguration
2023-12-07 12:41:53,868 [INFO] PluginManage:359 - Loaded plugin pinoutandconfiguration (category:base,tabindex:1)
2023-12-07 12:41:53,868 [INFO] PluginManage:310 - Check plugin pinoutconfig
2023-12-07 12:41:53,986 [WARN] SupportedApi:132 - Cannot load RTOS API schema: s4s-elt-must-match.1: The content of 'definitions' must match (annotation?, (simpleType | complexType)?, (unique | key | keyref)*)). A problem was found starting at: attribute.
2023-12-07 12:41:54,131 [INFO] PluginManage:359 - Loaded plugin pinoutconfig (category:base,tabindex:0)
2023-12-07 12:41:54,131 [INFO] PluginManage:310 - Check plugin power
2023-12-07 12:41:54,141 [INFO] PluginManage:359 - Loaded plugin power (category:power,tabindex:4)
2023-12-07 12:41:54,141 [INFO] PluginManage:310 - Check plugin projectmanager
2023-12-07 12:41:54,157 [INFO] PluginManage:359 - Loaded plugin projectmanager (category:projectmanager,tabindex:3)
2023-12-07 12:41:54,157 [INFO] PluginManage:310 - Check plugin thirdparty
2023-12-07 12:41:54,281 [INFO] PluginManage:359 - Loaded plugin thirdparty (category:base,tabindex:-1)
2023-12-07 12:41:54,281 [WARN] IntegrityCheckThread:84 - waiting for thirdparty lock release [integrity check]
2023-12-07 12:41:54,282 [INFO] PluginManage:310 - Check plugin tools
2023-12-07 12:41:54,282 [INFO] IntegrityCheckThread:86 - entering critical section [integrity check]
2023-12-07 12:41:54,282 [INFO] ThirdPartyUpdaterWithRetryManager:70 - Updater plugin not ready yet. [1/15]
2023-12-07 12:41:54,284 [INFO] PluginManage:359 - Loaded plugin tools (category:base,tabindex:7)
2023-12-07 12:41:54,285 [INFO] PluginManage:310 - Check plugin tutovideos
2023-12-07 12:41:54,438 [INFO] PluginManage:359 - Loaded plugin tutovideos (category:base,tabindex:-1)
2023-12-07 12:41:54,438 [INFO] PluginManage:310 - Check plugin updater
2023-12-07 12:41:54,447 [INFO] PluginManage:359 - Loaded plugin updater (category:base,tabindex:12)
2023-12-07 12:41:54,447 [INFO] PluginManage:310 - Check plugin userauth
2023-12-07 12:41:54,451 [INFO] UserAuth:113 - Init User Auth plugin
2023-12-07 12:41:54,451 [INFO] PluginManage:359 - Loaded plugin userauth (category:base,tabindex:14)
2023-12-07 12:41:54,452 [INFO] PluginManage:283 - PluginManage : Loaded plugins [17]
2023-12-07 12:41:54,662 [INFO] PinOutPanel:1499 - setPackage(No Configuration,No Configuration)
2023-12-07 12:41:54,773 [INFO] CADModel:165 - CPN selected for project level
2023-12-07 12:41:54,773 [INFO] CADModel:114 - Register for checkConnection events
2023-12-07 12:41:54,787 [INFO] IPUIPlugin:80 - create IPUIPlugin
2023-12-07 12:41:54,787 [INFO] PluginManager:220 - loadIPPluginJar : add adc
2023-12-07 12:41:54,790 [INFO] IPUIPlugin:80 - create IPUIPlugin
2023-12-07 12:41:54,790 [INFO] PluginManager:220 - loadIPPluginJar : add aes
2023-12-07 12:41:54,792 [INFO] IPUIPlugin:80 - create IPUIPlugin
2023-12-07 12:41:54,792 [INFO] PluginManager:220 - loadIPPluginJar : add can
2023-12-07 12:41:54,794 [INFO] IPUIPlugin:80 - create IPUIPlugin
2023-12-07 12:41:54,794 [INFO] PluginManager:220 - loadIPPluginJar : add comp
2023-12-07 12:41:54,796 [INFO] IPUIPlugin:80 - create IPUIPlugin
2023-12-07 12:41:54,797 [INFO] PluginManager:220 - loadIPPluginJar : add cryp
2023-12-07 12:41:54,799 [INFO] IPUIPlugin:80 - create IPUIPlugin
2023-12-07 12:41:54,799 [INFO] PluginManager:220 - loadIPPluginJar : add dfsdm
2023-12-07 12:41:54,804 [INFO] IPUIPlugin:80 - create IPUIPlugin
2023-12-07 12:41:54,804 [INFO] PluginManager:220 - loadIPPluginJar : add dma
2023-12-07 12:41:54,806 [INFO] IPUIPlugin:80 - create IPUIPlugin
2023-12-07 12:41:54,807 [INFO] PluginManager:220 - loadIPPluginJar : add dma3
2023-12-07 12:41:54,808 [INFO] IPUIPlugin:80 - create IPUIPlugin
2023-12-07 12:41:54,808 [INFO] PluginManager:220 - loadIPPluginJar : add fatfs
2023-12-07 12:41:54,812 [INFO] IPUIPlugin:80 - create IPUIPlugin
2023-12-07 12:41:54,812 [INFO] PluginManager:220 - loadIPPluginJar : add fmc
2023-12-07 12:41:54,817 [INFO] IPUIPlugin:80 - create IPUIPlugin
2023-12-07 12:41:54,817 [INFO] PluginManager:220 - loadIPPluginJar : add freertos
2023-12-07 12:41:54,819 [INFO] IPUIPlugin:80 - create IPUIPlugin
2023-12-07 12:41:54,819 [INFO] PluginManager:220 - loadIPPluginJar : add genericplugin
2023-12-07 12:41:54,821 [INFO] IPUIPlugin:80 - create IPUIPlugin
2023-12-07 12:41:54,821 [INFO] PluginManager:220 - loadIPPluginJar : add gfxmmu
2023-12-07 12:41:54,826 [INFO] IPUIPlugin:80 - create IPUIPlugin
2023-12-07 12:41:54,826 [INFO] PluginManager:220 - loadIPPluginJar : add gic
2023-12-07 12:41:54,830 [INFO] IPUIPlugin:80 - create IPUIPlugin
2023-12-07 12:41:54,830 [INFO] PluginManager:220 - loadIPPluginJar : add gpio
2023-12-07 12:41:54,833 [INFO] IPUIPlugin:80 - create IPUIPlugin
2023-12-07 12:41:54,833 [INFO] PluginManager:220 - loadIPPluginJar : add gtzc
2023-12-07 12:41:54,835 [INFO] IPUIPlugin:80 - create IPUIPlugin
2023-12-07 12:41:54,835 [INFO] PluginManager:220 - loadIPPluginJar : add hash
2023-12-07 12:41:54,838 [INFO] IPUIPlugin:80 - create IPUIPlugin
2023-12-07 12:41:54,838 [INFO] PluginManager:220 - loadIPPluginJar : add i2c
2023-12-07 12:41:54,840 [INFO] IPUIPlugin:80 - create IPUIPlugin
2023-12-07 12:41:54,840 [INFO] PluginManager:220 - loadIPPluginJar : add i2s
2023-12-07 12:41:54,843 [INFO] IPUIPlugin:80 - create IPUIPlugin
2023-12-07 12:41:54,843 [INFO] PluginManager:220 - loadIPPluginJar : add i3c
2023-12-07 12:41:54,846 [INFO] IPUIPlugin:80 - create IPUIPlugin
2023-12-07 12:41:54,847 [INFO] PluginManager:220 - loadIPPluginJar : add ipddr
2023-12-07 12:41:54,853 [INFO] IPUIPlugin:80 - create IPUIPlugin
2023-12-07 12:41:54,853 [INFO] PluginManager:220 - loadIPPluginJar : add linkedlist
2023-12-07 12:41:54,856 [INFO] IPUIPlugin:80 - create IPUIPlugin
2023-12-07 12:41:54,856 [INFO] PluginManager:220 - loadIPPluginJar : add lorawan
2023-12-07 12:41:54,858 [INFO] IPUIPlugin:80 - create IPUIPlugin
2023-12-07 12:41:54,858 [INFO] PluginManager:220 - loadIPPluginJar : add ltdc
2023-12-07 12:41:54,864 [INFO] IPUIPlugin:80 - create IPUIPlugin
2023-12-07 12:41:54,864 [INFO] PluginManager:220 - loadIPPluginJar : add mdma
2023-12-07 12:41:54,868 [INFO] IPUIPlugin:80 - create IPUIPlugin
2023-12-07 12:41:54,868 [INFO] PluginManager:220 - loadIPPluginJar : add nvic
2023-12-07 12:41:54,871 [INFO] IPUIPlugin:80 - create IPUIPlugin
2023-12-07 12:41:54,871 [INFO] PluginManager:220 - loadIPPluginJar : add opamp
2023-12-07 12:41:54,874 [INFO] IPUIPlugin:80 - create IPUIPlugin
2023-12-07 12:41:54,875 [INFO] PluginManager:220 - loadIPPluginJar : add openamp
2023-12-07 12:41:54,877 [INFO] IPUIPlugin:80 - create IPUIPlugin
2023-12-07 12:41:54,877 [INFO] PluginManager:220 - loadIPPluginJar : add pdm2pcm
2023-12-07 12:41:54,883 [INFO] IPUIPlugin:80 - create IPUIPlugin
2023-12-07 12:41:54,885 [INFO] PluginManager:220 - loadIPPluginJar : add plateformsettings
2023-12-07 12:41:54,887 [INFO] IPUIPlugin:80 - create IPUIPlugin
2023-12-07 12:41:54,887 [INFO] PluginManager:220 - loadIPPluginJar : add quadspi
2023-12-07 12:41:54,891 [INFO] IPUIPlugin:80 - create IPUIPlugin
2023-12-07 12:41:54,891 [INFO] PluginManager:220 - loadIPPluginJar : add resmgrutility
2023-12-07 12:41:54,894 [INFO] IPUIPlugin:80 - create IPUIPlugin
2023-12-07 12:41:54,894 [INFO] PluginManager:220 - loadIPPluginJar : add sai
2023-12-07 12:41:54,896 [INFO] IPUIPlugin:80 - create IPUIPlugin
2023-12-07 12:41:54,897 [INFO] PluginManager:220 - loadIPPluginJar : add spi
2023-12-07 12:41:54,901 [INFO] IPUIPlugin:80 - create IPUIPlugin
2023-12-07 12:41:54,901 [INFO] PluginManager:220 - loadIPPluginJar : add stm32_wpan
2023-12-07 12:41:54,903 [INFO] IPUIPlugin:80 - create IPUIPlugin
2023-12-07 12:41:54,903 [INFO] PluginManager:220 - loadIPPluginJar : add tim
2023-12-07 12:41:54,906 [INFO] IPUIPlugin:80 - create IPUIPlugin
2023-12-07 12:41:54,906 [INFO] PluginManager:220 - loadIPPluginJar : add touchsensing
2023-12-07 12:41:54,908 [INFO] IPUIPlugin:80 - create IPUIPlugin
2023-12-07 12:41:54,908 [INFO] PluginManager:220 - loadIPPluginJar : add tracer_emb
2023-12-07 12:41:54,910 [INFO] IPUIPlugin:80 - create IPUIPlugin
2023-12-07 12:41:54,910 [INFO] PluginManager:220 - loadIPPluginJar : add ts
2023-12-07 12:41:54,912 [INFO] IPUIPlugin:80 - create IPUIPlugin
2023-12-07 12:41:54,912 [INFO] PluginManager:220 - loadIPPluginJar : add tsc
2023-12-07 12:41:54,915 [INFO] IPUIPlugin:80 - create IPUIPlugin
2023-12-07 12:41:54,915 [INFO] PluginManager:220 - loadIPPluginJar : add ucpd
2023-12-07 12:41:54,917 [INFO] IPUIPlugin:80 - create IPUIPlugin
2023-12-07 12:41:54,917 [INFO] PluginManager:220 - loadIPPluginJar : add usart
2023-12-07 12:41:54,920 [INFO] IPUIPlugin:80 - create IPUIPlugin
2023-12-07 12:41:54,920 [INFO] PluginManager:220 - loadIPPluginJar : add usbx
2023-12-07 12:41:55,058 [INFO] CADModel:165 - CPN selected for project level
2023-12-07 12:41:55,058 [INFO] CADModel:114 - Register for checkConnection events
2023-12-07 12:41:55,059 [FATAL] Updater:308 - Updater called before beeing initialized
2023-12-07 12:41:55,059 [ERROR] CADModel:125 - Updater not yet initialized, retry later 
2023-12-07 12:41:55,217 [INFO] CADModel:165 - CPN selected for project level
2023-12-07 12:41:55,217 [INFO] CADModel:114 - Register for checkConnection events
2023-12-07 12:41:55,217 [FATAL] Updater:308 - Updater called before beeing initialized
2023-12-07 12:41:55,217 [ERROR] CADModel:125 - Updater not yet initialized, retry later 
2023-12-07 12:41:55,220 [FATAL] Updater:308 - Updater called before beeing initialized
2023-12-07 12:41:55,342 [FATAL] Updater:308 - Updater called before beeing initialized
2023-12-07 12:41:55,354 [INFO] DbMcusAds:53 - JSON generation date=Tue Mar 07 03:50:55 EST 2023 (1678179055114)
2023-12-07 12:41:55,354 [FATAL] Updater:308 - Updater called before beeing initialized
2023-12-07 12:41:55,400 [WARN] DetailPanel:346 - Failed to get advertising image, set to default
2023-12-07 12:41:55,515 [FATAL] Updater:308 - Updater called before beeing initialized
2023-12-07 12:41:55,516 [FATAL] Updater:308 - Updater called before beeing initialized
2023-12-07 12:41:55,516 [FATAL] Updater:308 - Updater called before beeing initialized
2023-12-07 12:41:55,516 [WARN] DetailPanel:346 - Failed to get advertising image, set to default
2023-12-07 12:41:55,517 [FATAL] Updater:308 - Updater called before beeing initialized
2023-12-07 12:41:55,561 [ERROR] Updater:1120 - MainUpdater not yet initialized. External WinMGr cannot be set.
2023-12-07 12:41:55,563 [INFO] Updater:1056 - Updater Version found : 6.9.1
2023-12-07 12:41:55,579 [INFO] ApplicationProperties:184 - Using Application install path: C:\ST\STM32CubeIDE_1.13.1\STM32CubeIDE\plugins\com.st.stm32cube.common.mx_6.9.1.202307191849
2023-12-07 12:41:55,726 [INFO] MainUpdater:2868 - connection check result : 10
2023-12-07 12:41:55,726 [INFO] MainUpdater:3562 - Updater definition file requires update
2023-12-07 12:41:55,727 [INFO] MainUpdater:285 - Updater Check For Update Now.
2023-12-07 12:41:55,728 [INFO] MicroXplorer:498 - Change Database Version : DB.6.0.91
2023-12-07 12:41:55,735 [INFO] McuFinderGlobals:63 - Set McuFinder mode to 2 (CubeIDE integrated)
2023-12-07 12:41:55,736 [INFO] UserAuth:179 - activating auth plugin
2023-12-07 12:41:55,737 [INFO] UserAuth:393 - Internet connection configuration mode: 1
2023-12-07 12:41:55,750 [INFO] JxBrowserEngine:151 - Initiate JxBrowser Engine with user profile folder
2023-12-07 12:41:55,765 [INFO] ServerAccessManage:473 - Download File updaters.zip
2023-12-07 12:41:55,842 [INFO] FileExtend:240 - Unzip File : updaters.zip
2023-12-07 12:41:55,842 [INFO] FileExtend:255 - Standard Zip Deflate
2023-12-07 12:41:56,594 [INFO] ServerAccessManage:473 - Download File PacksControlFlags.xml
2023-12-07 12:41:56,653 [INFO] ServerAccessManage:473 - Download File cubemx.pidx
2023-12-07 12:41:56,879 [INFO] WebApp:157 - Instantiating new browser for Auth
2023-12-07 12:41:57,264 [INFO] ServerAccessManage:473 - Download File STMicroelectronics.X-CUBE-ISPU.pdsc
2023-12-07 12:41:57,283 [WARN] MainUpdater:1189 - Updater busy. Cannot search thirdparties
2023-12-07 12:41:57,283 [INFO] ThirdPartyUpdaterWithRetryManager:96 - Updater plugin is busy. [1/15]
2023-12-07 12:41:57,697 [INFO] WebApp:753 - Register for checkConnection events
2023-12-07 12:41:57,697 [INFO] WebApp:390 - Apply proxy settings
2023-12-07 12:41:57,698 [INFO] WebApp:475 - Chromium requires no authentication
2023-12-07 12:41:57,709 [INFO] WebApp:418 - Direct internet connection detected
2023-12-07 12:41:57,739 [INFO] ServerAccessManage:473 - Download File STMicroelectronics.X-CUBE-AZRTOS-H7.pdsc
2023-12-07 12:41:57,902 [INFO] WebApp:188 - Starting web application
2023-12-07 12:41:57,902 [INFO] WebApp:520 - Web application path used C:\ST\STM32CubeIDE_1.13.1\STM32CubeIDE\plugins\com.st.stm32cube.common.mx_6.9.1.202307191849\db\plugins\mcufinder\reactClient1\index.html
2023-12-07 12:41:58,414 [ERROR] ServerAccessManage:1096 - Problem, Http access forbiden
2023-12-07 12:41:58,415 [ERROR] ServerAccessManage:651 - Problem, Http access forbiden : RoweBots.I-CUBE-UNISONRTOS.pdsc.
2023-12-07 12:41:58,566 [WARN] PackLoader:240 - Cannot read IP mode file for STMicroelectronics.X-CUBE-ISPU.2.0.0
2023-12-07 12:41:58,607 [WARN] PackLoader:240 - Cannot read IP mode file for STMicroelectronics.X-CUBE-AZRTOS-H7.3.2.0
2023-12-07 12:41:58,613 [INFO] PopulateThirdPartyThread:66 - Ending populate Thread
2023-12-07 12:41:58,617 [INFO] ThirdParty:1030 - CMSIS Pack Vendor :STMicroelectronics X-CUBE-AZRTOS-H7 3.2.0
2023-12-07 12:41:58,617 [INFO] ThirdParty:1030 - CMSIS Pack Vendor :STMicroelectronics X-CUBE-ISPU 2.0.0
2023-12-07 12:41:58,617 [INFO] LoadServerUpdatesThread:373 - End of LoadServerUpdate Thread
2023-12-07 12:41:58,688 [INFO] CheckServerUpdateThread:120 - End of CheckServer Thread
2023-12-07 12:42:00,565 [WARN] PackLoader:240 - Cannot read IP mode file for STMicroelectronics.X-CUBE-SMBUS.2.1.0
2023-12-07 12:42:00,584 [WARN] PackLoader:240 - Cannot read IP mode file for STMicroelectronics.X-CUBE-AZRTOS-F7.1.1.0
2023-12-07 12:42:00,594 [WARN] PackLoader:240 - Cannot read IP mode file for STMicroelectronics.FP-SNS-MOTENV1.4.3.2
2023-12-07 12:42:00,604 [WARN] PackLoader:240 - Cannot read IP mode file for STMicroelectronics.X-CUBE-DISPLAY.3.0.0
2023-12-07 12:42:00,617 [WARN] PackLoader:240 - Cannot read IP mode file for emotas.I-CUBE-CANOPEN.1.3.0
2023-12-07 12:42:00,622 [WARN] PackLoader:240 - Cannot read IP mode file for STMicroelectronics.X-CUBE-TOUCHGFX.4.22.0
2023-12-07 12:42:00,625 [WARN] PackLoader:240 - Cannot read IP mode file for STMicroelectronics.X-CUBE-TOUCHGFX.4.22.1
2023-12-07 12:42:00,631 [WARN] PackLoader:240 - Cannot read IP mode file for STMicroelectronics.FP-SNS-SMARTAG2.1.2.0
2023-12-07 12:42:00,642 [INFO] LogOutputStream:77 - [STDOUT_REDIRECT] 1 : Invalid condition id : UX_CORESTACK_Condition cause : null
2023-12-07 12:42:00,643 [INFO] LogOutputStream:77 - [STDOUT_REDIRECT] 1 : Invalid condition id : UX_CORESTACK_Condition cause : null
2023-12-07 12:42:00,645 [INFO] LogOutputStream:77 - [STDOUT_REDIRECT] 1 : Invalid condition id : UX_CORESTACK_Condition cause : null
2023-12-07 12:42:00,646 [INFO] LogOutputStream:77 - [STDOUT_REDIRECT] 1 : Invalid condition id : UX_CORESTACK_Condition cause : null
2023-12-07 12:42:00,648 [INFO] LogOutputStream:77 - [STDOUT_REDIRECT] 1 : Invalid condition id : UX_CORESTACK_Condition cause : null
2023-12-07 12:42:00,652 [WARN] PackLoader:240 - Cannot read IP mode file for STMicroelectronics.X-CUBE-AZRTOS-WL.2.0.0
2023-12-07 12:42:00,662 [WARN] PackLoader:240 - Cannot read IP mode file for WES.I-CUBE-Cesium.1.3.0
2023-12-07 12:42:00,670 [WARN] PackLoader:240 - Cannot read IP mode file for STMicroelectronics.X-CUBE-BLE2.3.3.0
2023-12-07 12:42:00,676 [WARN] PackLoader:240 - Cannot read IP mode file for STMicroelectronics.X-CUBE-ALGOBUILD.1.3.0
2023-12-07 12:42:00,693 [WARN] PackLoader:240 - Cannot read IP mode file for STMicroelectronics.X-CUBE-AZRTOS-G0.1.1.0
2023-12-07 12:42:00,701 [WARN] PackLoader:240 - Cannot read IP mode file for STMicroelectronics.X-CUBE-NFC4.3.0.0
2023-12-07 12:42:00,710 [WARN] PackLoader:240 - Cannot read IP mode file for STMicroelectronics.X-CUBE-BLEMGR.3.0.0
2023-12-07 12:42:00,716 [WARN] PackLoader:240 - Cannot read IP mode file for STMicroelectronics.FP-ATR-SIGFOX1.3.2.0
2023-12-07 12:42:00,746 [WARN] PackLoader:240 - Cannot read IP mode file for SEGGER.I-CUBE-embOS.1.3.1
2023-12-07 12:42:00,786 [WARN] PackLoader:240 - Cannot read IP mode file for STMicroelectronics.X-CUBE-GNSS1.6.0.0
2023-12-07 12:42:00,806 [WARN] PackLoader:240 - Cannot read IP mode file for STMicroelectronics.X-CUBE-AZRTOS-F4.1.1.0
2023-12-07 12:42:00,813 [WARN] PackLoader:240 - Cannot read IP mode file for wolfSSL.I-CUBE-wolfSSL.5.6.3
2023-12-07 12:42:00,832 [WARN] PackLoader:240 - Cannot read IP mode file for STMicroelectronics.X-CUBE-AZRTOS-L5.2.0.0
2023-12-07 12:42:00,869 [WARN] PackLoader:240 - Cannot read IP mode file for STMicroelectronics.X-CUBE-MEMS1.9.6.0
2023-12-07 12:42:01,028 [WARN] PackLoader:240 - Cannot read IP mode file for STMicroelectronics.X-CUBE-EEPRMA1.4.2.0
2023-12-07 12:42:01,037 [WARN] PackLoader:240 - Cannot read IP mode file for ITTIA_DB.I-CUBE-ITTIADB.8.8.0
2023-12-07 12:42:01,045 [WARN] PackLoader:240 - Cannot read IP mode file for STMicroelectronics.X-CUBE-BLEMGR.2.0.0
2023-12-07 12:42:01,062 [WARN] ConditionMgr:438 - getConditionDescription Invalid condition id : UX DEVICE CLASS RTOS Condition cause : null
2023-12-07 12:42:01,062 [WARN] ConditionMgr:438 - getConditionDescription Invalid condition id : UX DEVICE CLASS RTOS Condition cause : null
2023-12-07 12:42:01,065 [WARN] PackLoader:240 - Cannot read IP mode file for STMicroelectronics.X-CUBE-AZRTOS-H7.3.1.0
2023-12-07 12:42:01,066 [WARN] ConditionMgr:1039 - genDependencies : Invalid condition id : UX DEVICE CLASS RTOS Condition cause : null
2023-12-07 12:42:01,066 [WARN] ConditionMgr:1039 - genDependencies : Invalid condition id : UX DEVICE CLASS RTOS Condition cause : null
2023-12-07 12:42:01,067 [WARN] ConditionMgr:1039 - genDependencies : Invalid condition id : UX DEVICE CLASS RTOS Condition cause : null
2023-12-07 12:42:01,067 [WARN] ConditionMgr:1039 - genDependencies : Invalid condition id : UX DEVICE CLASS RTOS Condition cause : null
2023-12-07 12:42:01,068 [WARN] ConditionMgr:1039 - genDependencies : Invalid condition id : UX DEVICE CLASS RTOS Condition cause : null
2023-12-07 12:42:01,074 [WARN] PackLoader:240 - Cannot read IP mode file for STMicroelectronics.X-CUBE-NFC7.1.0.1
2023-12-07 12:42:01,082 [WARN] PackLoader:240 - Cannot read IP mode file for STMicroelectronics.X-CUBE-NFC6.3.0.0
2023-12-07 12:42:01,088 [WARN] PackLoader:240 - Cannot read IP mode file for STMicroelectronics.X-CUBE-EEPRMA1.4.1.0
2023-12-07 12:42:01,118 [WARN] ConditionMgr:438 - getConditionDescription Invalid condition id : LAN8742 Phy interface Condition cause : null
2023-12-07 12:42:01,119 [WARN] PackLoader:240 - Cannot read IP mode file for STMicroelectronics.X-CUBE-AZRTOS-L4.2.0.0
2023-12-07 12:42:01,122 [WARN] ConditionMgr:1039 - genDependencies : Invalid condition id : LAN8742 Phy interface Condition cause : null
2023-12-07 12:42:01,123 [WARN] ConditionMgr:1039 - genDependencies : Invalid condition id : LAN8742 Phy interface Condition cause : null
2023-12-07 12:42:01,124 [WARN] ConditionMgr:1039 - genDependencies : Invalid condition id : LAN8742 Phy interface Condition cause : null
2023-12-07 12:42:01,134 [WARN] PackLoader:240 - Cannot read IP mode file for STMicroelectronics.X-CUBE-SFXS2LP1.4.0.0
2023-12-07 12:42:01,141 [WARN] PackLoader:240 - Cannot read IP mode file for STMicroelectronics.X-CUBE-ISPU.1.1.0
2023-12-07 12:42:01,156 [WARN] ConditionMgr:438 - getConditionDescription Invalid condition id : UX DEVICE CLASS RTOS Condition cause : null
2023-12-07 12:42:01,157 [WARN] ConditionMgr:438 - getConditionDescription Invalid condition id : UX DEVICE CLASS RTOS Condition cause : null
2023-12-07 12:42:01,160 [WARN] PackLoader:240 - Cannot read IP mode file for STMicroelectronics.X-CUBE-AZRTOS-WB.2.0.0
2023-12-07 12:42:01,161 [WARN] ConditionMgr:1039 - genDependencies : Invalid condition id : UX DEVICE CLASS RTOS Condition cause : null
2023-12-07 12:42:01,161 [WARN] ConditionMgr:1039 - genDependencies : Invalid condition id : UX DEVICE CLASS RTOS Condition cause : null
2023-12-07 12:42:01,161 [WARN] ConditionMgr:1039 - genDependencies : Invalid condition id : UX DEVICE CLASS RTOS Condition cause : null
2023-12-07 12:42:01,162 [WARN] ConditionMgr:1039 - genDependencies : Invalid condition id : UX DEVICE CLASS RTOS Condition cause : null
2023-12-07 12:42:01,162 [WARN] ConditionMgr:1039 - genDependencies : Invalid condition id : UX DEVICE CLASS RTOS Condition cause : null
2023-12-07 12:42:01,173 [WARN] PackLoader:240 - Cannot read IP mode file for STMicroelectronics.X-CUBE-SUBG2.5.0.0
2023-12-07 12:42:01,196 [WARN] PackLoader:240 - Cannot read IP mode file for STMicroelectronics.X-CUBE-TOF1.3.3.1
2023-12-07 12:42:01,218 [WARN] PackLoader:240 - Cannot read IP mode file for STMicroelectronics.X-CUBE-AZRTOS-G4.2.0.0
2023-12-07 12:42:01,230 [WARN] PackLoader:240 - Cannot read IP mode file for Infineon.AIROC-Wi-Fi-Bluetooth-STM32.1.5.1
2023-12-07 12:42:01,236 [WARN] PackLoader:240 - Cannot read IP mode file for STMicroelectronics.FP-SNS-MOTENVWB1.1.3.0
2023-12-07 12:42:01,239 [WARN] PackLoader:240 - Cannot read IP mode file for STMicroelectronics.FP-SNS-MOTENVWB1.1.3.1
2023-12-07 12:42:01,243 [WARN] PackLoader:240 - Cannot read IP mode file for STMicroelectronics.X-CUBE-ISPU.2.0.0
2023-12-07 12:42:01,284 [WARN] PackLoader:240 - Cannot read IP mode file for STMicroelectronics.X-CUBE-MEMS1.10.0.0
2023-12-07 12:42:01,397 [WARN] PackLoader:240 - Cannot read IP mode file for portGmbH.I-Cube-SoM-uGOAL.1.1.0
2023-12-07 12:42:01,402 [WARN] PackLoader:240 - Cannot read IP mode file for STMicroelectronics.X-CUBE-ALS.1.0.1
2023-12-07 12:42:01,406 [WARN] PackLoader:240 - Cannot read IP mode file for STMicroelectronics.FP-ATR-ASTRA1.2.0.0
2023-12-07 12:42:01,415 [WARN] PackLoader:240 - Cannot read IP mode file for STMicroelectronics.X-CUBE-TOF1.3.4.0
2023-12-07 12:42:01,443 [WARN] PackLoader:240 - Cannot read IP mode file for STMicroelectronics.X-CUBE-AZRTOS-H7.3.2.0
2023-12-07 12:42:01,447 [INFO] ThirdParty:978 - Integrity check success = true
2023-12-07 12:42:01,447 [INFO] IntegrityCheckThread:100 - exiting critical section [integrity check]
2023-12-07 12:42:01,447 [INFO] IntegrityCheckThread:103 - End integrity checks thread
2023-12-07 12:42:18,699 [ERROR] LogOutputStream:75 - [STDERR_REDIRECT] SLF4J: Failed to load class "org.slf4j.impl.StaticLoggerBinder".
2023-12-07 12:42:18,699 [ERROR] LogOutputStream:75 - [STDERR_REDIRECT] SLF4J: Defaulting to no-operation (NOP) logger implementation
2023-12-07 12:42:18,700 [ERROR] LogOutputStream:75 - [STDERR_REDIRECT] SLF4J: See http://www.slf4j.org/codes.html#StaticLoggerBinder for further details.
2023-12-07 13:29:58,024 [ERROR] LogOutputStream:75 - [STDERR_REDIRECT] 
2023-12-07 14:30:44,364 [INFO] Activator:176 - 


2023-12-07 14:30:44,364 [INFO] Activator:177 - !SESSION log4j initialized
2023-12-07 14:30:49,642 [INFO] LogOutputStream:77 - [STDOUT_REDIRECT] 
2023-12-07 14:30:50,626 [INFO] ApplicationProperties:184 - Using Application install path: C:\ST\STM32CubeIDE_1.13.1\STM32CubeIDE\plugins\com.st.stm32cube.common.mx_6.9.1.202307191849
2023-12-07 14:30:50,647 [INFO] DbMcusXml:78 - Set database path to: C:\ST\STM32CubeIDE_1.13.1\STM32CubeIDE\plugins\com.st.stm32cube.common.mx_6.9.1.202307191849\\db\/mcu/
2023-12-07 14:30:50,648 [INFO] ApiDb:274 - Set plugin database path to: C:\ST\STM32CubeIDE_1.13.1\STM32CubeIDE\plugins\com.st.stm32cube.common.mx_6.9.1.202307191849\\db\/plugins/boardmanager/
2023-12-07 14:30:50,648 [WARN] ApiDb:259 - Overriding images path with different value:  => C:\ST\STM32CubeIDE_1.13.1\STM32CubeIDE\plugins\com.st.stm32cube.common.mx_6.9.1.202307191849\\db\/plugins/mcufinder/images/
2023-12-07 14:30:50,660 [INFO] ApiDb:250 - Set database path to: C:\Users\james\.stmcufinder\plugins\mcufinder//mcu/
2023-12-07 14:30:50,662 [INFO] DbMcusAds:125 - Set database path to: C:\Users\james\.stmcufinder\plugins\mcufinder//mcu/
2023-12-07 14:30:50,665 [INFO] CrossReferenceDbSqlite:203 - Set database path to: C:\Users\james\.stmcufinder\plugins\mcufinder//mcu/cs/
2023-12-07 14:30:50,813 [INFO] RulesReader:64 - Compatibility file has been processed (293 Rules)
2023-12-07 14:30:50,940 [INFO] DbMcusXml:78 - Set database path to: C:\ST\STM32CubeIDE_1.13.1\STM32CubeIDE\plugins\com.st.stm32cube.common.mx_6.9.1.202307191849\\db\/mcu/
2023-12-07 14:30:50,940 [INFO] ApiDb:274 - Set plugin database path to: C:\ST\STM32CubeIDE_1.13.1\STM32CubeIDE\plugins\com.st.stm32cube.common.mx_6.9.1.202307191849\\db\/plugins/boardmanager/
2023-12-07 14:30:50,940 [INFO] ApiDb:261 - Set plugin images path to: C:\ST\STM32CubeIDE_1.13.1\STM32CubeIDE\plugins\com.st.stm32cube.common.mx_6.9.1.202307191849\\db\/plugins/mcufinder/images/
2023-12-07 14:30:50,940 [WARN] DbFile:41 - Overriding database path with different value: C:\Users\james\.stmcufinder\plugins\mcufinder/ => C:\Users\james\.stmcufinder\plugins\mcufinder
2023-12-07 14:30:50,941 [INFO] ApiDb:250 - Set database path to: C:\Users\james\.stmcufinder\plugins\mcufinder//mcu/
2023-12-07 14:30:50,941 [WARN] DbFile:41 - Overriding database path with different value: C:\Users\james\.stmcufinder\plugins\mcufinder/ => C:\Users\james\.stmcufinder\plugins\mcufinder
2023-12-07 14:30:50,941 [INFO] DbMcusAds:125 - Set database path to: C:\Users\james\.stmcufinder\plugins\mcufinder//mcu/
2023-12-07 14:30:50,941 [WARN] DbFile:41 - Overriding database path with different value: C:\Users\james\.stmcufinder\plugins\mcufinder/ => C:\Users\james\.stmcufinder\plugins\mcufinder
2023-12-07 14:30:50,941 [WARN] DbFile:41 - Overriding database path with different value: C:\Users\james\.stmcufinder\plugins\mcufinder/ => C:\Users\james\.stmcufinder\plugins\mcufinder
2023-12-07 14:30:50,941 [INFO] CrossReferenceDbSqlite:203 - Set database path to: C:\Users\james\.stmcufinder\plugins\mcufinder//mcu/cs/
2023-12-07 14:30:51,029 [INFO] MainPanel:262 - HeapMemory: 268435456
2023-12-07 14:30:51,101 [INFO] DbMcusXml:78 - Set database path to: C:\ST\STM32CubeIDE_1.13.1\STM32CubeIDE\plugins\com.st.stm32cube.common.mx_6.9.1.202307191849\\db\/mcu/
2023-12-07 14:30:51,101 [INFO] ApiDb:274 - Set plugin database path to: C:\ST\STM32CubeIDE_1.13.1\STM32CubeIDE\plugins\com.st.stm32cube.common.mx_6.9.1.202307191849\\db\/plugins/boardmanager/
2023-12-07 14:30:51,101 [INFO] ApiDb:261 - Set plugin images path to: C:\ST\STM32CubeIDE_1.13.1\STM32CubeIDE\plugins\com.st.stm32cube.common.mx_6.9.1.202307191849\\db\/plugins/mcufinder/images/
2023-12-07 14:30:51,101 [WARN] DbFile:41 - Overriding database path with different value: C:\Users\james\.stmcufinder\plugins\mcufinder/ => C:\Users\james\.stmcufinder\plugins\mcufinder
2023-12-07 14:30:51,101 [INFO] ApiDb:250 - Set database path to: C:\Users\james\.stmcufinder\plugins\mcufinder//mcu/
2023-12-07 14:30:51,101 [WARN] DbFile:41 - Overriding database path with different value: C:\Users\james\.stmcufinder\plugins\mcufinder/ => C:\Users\james\.stmcufinder\plugins\mcufinder
2023-12-07 14:30:51,101 [INFO] DbMcusAds:125 - Set database path to: C:\Users\james\.stmcufinder\plugins\mcufinder//mcu/
2023-12-07 14:30:51,101 [WARN] DbFile:41 - Overriding database path with different value: C:\Users\james\.stmcufinder\plugins\mcufinder/ => C:\Users\james\.stmcufinder\plugins\mcufinder
2023-12-07 14:30:51,101 [WARN] DbFile:41 - Overriding database path with different value: C:\Users\james\.stmcufinder\plugins\mcufinder/ => C:\Users\james\.stmcufinder\plugins\mcufinder
2023-12-07 14:30:51,101 [INFO] CrossReferenceDbSqlite:203 - Set database path to: C:\Users\james\.stmcufinder\plugins\mcufinder//mcu/cs/
2023-12-07 14:30:51,121 [INFO] ApplicationProperties:184 - Using Application install path: C:\ST\STM32CubeIDE_1.13.1\STM32CubeIDE\plugins\com.st.stm32cube.common.mx_6.9.1.202307191849
2023-12-07 14:30:51,123 [INFO] PluginManage:196 - Search for loadable plugins [exclusion list=, ]
2023-12-07 14:30:51,124 [INFO] PluginManage:310 - Check plugin analytics
2023-12-07 14:30:51,290 [INFO] AnalyticsPlugin:253 - Accepted Software Licenses: 
2023-12-07 14:30:51,290 [INFO] AnalyticsPlugin:255 - Accepted CMSIS Pack Licenses: 
2023-12-07 14:30:51,290 [INFO] AnalyticsPlugin:257 - Accepted Firmware Licenses: FW.L4.1.18.0
2023-12-07 14:30:51,293 [INFO] PluginManage:359 - Loaded plugin analytics (category:tool,tabindex:-1)
2023-12-07 14:30:51,294 [INFO] PluginManage:310 - Check plugin cadmodel
2023-12-07 14:30:51,297 [INFO] CADModel:105 - Init CAD model plugin
2023-12-07 14:30:51,297 [INFO] PluginManage:359 - Loaded plugin cadmodel (category:power,tabindex:5)
2023-12-07 14:30:51,298 [INFO] PluginManage:310 - Check plugin clock
2023-12-07 14:30:51,306 [INFO] PluginManage:359 - Loaded plugin clock (category:base,tabindex:2)
2023-12-07 14:30:51,306 [INFO] PluginManage:310 - Check plugin ddr
2023-12-07 14:30:51,308 [INFO] PluginManage:359 - Loaded plugin ddr (category:tool,tabindex:6)
2023-12-07 14:30:51,308 [INFO] PluginManage:310 - Check plugin filemanager
2023-12-07 14:30:51,450 [INFO] PluginManage:359 - Loaded plugin filemanager (category:base,tabindex:10)
2023-12-07 14:30:51,450 [INFO] PluginManage:310 - Check plugin ipmanager
2023-12-07 14:30:51,459 [INFO] PluginManage:359 - Loaded plugin ipmanager (category:base,tabindex:5)
2023-12-07 14:30:51,459 [INFO] PluginManage:310 - Check plugin lpbam
2023-12-07 14:30:51,467 [INFO] PluginManage:359 - Loaded plugin lpbam (category:base,tabindex:0)
2023-12-07 14:30:51,467 [INFO] PluginManage:310 - Check plugin memorymap
2023-12-07 14:30:51,478 [INFO] PluginManage:359 - Loaded plugin memorymap (category:base,tabindex:4)
2023-12-07 14:30:51,479 [INFO] PluginManage:310 - Check plugin pinoutandconfiguration
2023-12-07 14:30:51,485 [INFO] PluginManage:359 - Loaded plugin pinoutandconfiguration (category:base,tabindex:1)
2023-12-07 14:30:51,485 [INFO] PluginManage:310 - Check plugin pinoutconfig
2023-12-07 14:30:51,577 [WARN] SupportedApi:132 - Cannot load RTOS API schema: s4s-elt-must-match.1: The content of 'definitions' must match (annotation?, (simpleType | complexType)?, (unique | key | keyref)*)). A problem was found starting at: attribute.
2023-12-07 14:30:51,706 [INFO] PluginManage:359 - Loaded plugin pinoutconfig (category:base,tabindex:0)
2023-12-07 14:30:51,706 [INFO] PluginManage:310 - Check plugin power
2023-12-07 14:30:51,714 [INFO] PluginManage:359 - Loaded plugin power (category:power,tabindex:4)
2023-12-07 14:30:51,715 [INFO] PluginManage:310 - Check plugin projectmanager
2023-12-07 14:30:51,735 [INFO] PluginManage:359 - Loaded plugin projectmanager (category:projectmanager,tabindex:3)
2023-12-07 14:30:51,735 [INFO] PluginManage:310 - Check plugin thirdparty
2023-12-07 14:30:51,860 [INFO] PluginManage:359 - Loaded plugin thirdparty (category:base,tabindex:-1)
2023-12-07 14:30:51,860 [WARN] IntegrityCheckThread:84 - waiting for thirdparty lock release [integrity check]
2023-12-07 14:30:51,860 [INFO] IntegrityCheckThread:86 - entering critical section [integrity check]
2023-12-07 14:30:51,860 [INFO] PluginManage:310 - Check plugin tools
2023-12-07 14:30:51,860 [INFO] ThirdPartyUpdaterWithRetryManager:70 - Updater plugin not ready yet. [1/15]
2023-12-07 14:30:51,862 [INFO] PluginManage:359 - Loaded plugin tools (category:base,tabindex:7)
2023-12-07 14:30:51,862 [INFO] PluginManage:310 - Check plugin tutovideos
2023-12-07 14:30:52,030 [INFO] PluginManage:359 - Loaded plugin tutovideos (category:base,tabindex:-1)
2023-12-07 14:30:52,031 [INFO] PluginManage:310 - Check plugin updater
2023-12-07 14:30:52,040 [INFO] PluginManage:359 - Loaded plugin updater (category:base,tabindex:12)
2023-12-07 14:30:52,040 [INFO] PluginManage:310 - Check plugin userauth
2023-12-07 14:30:52,045 [INFO] UserAuth:113 - Init User Auth plugin
2023-12-07 14:30:52,045 [INFO] PluginManage:359 - Loaded plugin userauth (category:base,tabindex:14)
2023-12-07 14:30:52,046 [INFO] PluginManage:283 - PluginManage : Loaded plugins [17]
2023-12-07 14:30:52,274 [INFO] PinOutPanel:1499 - setPackage(No Configuration,No Configuration)
2023-12-07 14:30:52,395 [INFO] CADModel:165 - CPN selected for project level
2023-12-07 14:30:52,395 [INFO] CADModel:114 - Register for checkConnection events
2023-12-07 14:30:52,412 [INFO] IPUIPlugin:80 - create IPUIPlugin
2023-12-07 14:30:52,413 [INFO] PluginManager:220 - loadIPPluginJar : add adc
2023-12-07 14:30:52,415 [INFO] IPUIPlugin:80 - create IPUIPlugin
2023-12-07 14:30:52,416 [INFO] PluginManager:220 - loadIPPluginJar : add aes
2023-12-07 14:30:52,418 [INFO] IPUIPlugin:80 - create IPUIPlugin
2023-12-07 14:30:52,418 [INFO] PluginManager:220 - loadIPPluginJar : add can
2023-12-07 14:30:52,420 [INFO] IPUIPlugin:80 - create IPUIPlugin
2023-12-07 14:30:52,420 [INFO] PluginManager:220 - loadIPPluginJar : add comp
2023-12-07 14:30:52,423 [INFO] IPUIPlugin:80 - create IPUIPlugin
2023-12-07 14:30:52,423 [INFO] PluginManager:220 - loadIPPluginJar : add cryp
2023-12-07 14:30:52,425 [INFO] IPUIPlugin:80 - create IPUIPlugin
2023-12-07 14:30:52,425 [INFO] PluginManager:220 - loadIPPluginJar : add dfsdm
2023-12-07 14:30:52,430 [INFO] IPUIPlugin:80 - create IPUIPlugin
2023-12-07 14:30:52,431 [INFO] PluginManager:220 - loadIPPluginJar : add dma
2023-12-07 14:30:52,433 [INFO] IPUIPlugin:80 - create IPUIPlugin
2023-12-07 14:30:52,433 [INFO] PluginManager:220 - loadIPPluginJar : add dma3
2023-12-07 14:30:52,435 [INFO] IPUIPlugin:80 - create IPUIPlugin
2023-12-07 14:30:52,435 [INFO] PluginManager:220 - loadIPPluginJar : add fatfs
2023-12-07 14:30:52,439 [INFO] IPUIPlugin:80 - create IPUIPlugin
2023-12-07 14:30:52,439 [INFO] PluginManager:220 - loadIPPluginJar : add fmc
2023-12-07 14:30:52,444 [INFO] IPUIPlugin:80 - create IPUIPlugin
2023-12-07 14:30:52,444 [INFO] PluginManager:220 - loadIPPluginJar : add freertos
2023-12-07 14:30:52,446 [INFO] IPUIPlugin:80 - create IPUIPlugin
2023-12-07 14:30:52,446 [INFO] PluginManager:220 - loadIPPluginJar : add genericplugin
2023-12-07 14:30:52,448 [INFO] IPUIPlugin:80 - create IPUIPlugin
2023-12-07 14:30:52,448 [INFO] PluginManager:220 - loadIPPluginJar : add gfxmmu
2023-12-07 14:30:52,453 [INFO] IPUIPlugin:80 - create IPUIPlugin
2023-12-07 14:30:52,453 [INFO] PluginManager:220 - loadIPPluginJar : add gic
2023-12-07 14:30:52,457 [INFO] IPUIPlugin:80 - create IPUIPlugin
2023-12-07 14:30:52,457 [INFO] PluginManager:220 - loadIPPluginJar : add gpio
2023-12-07 14:30:52,460 [INFO] IPUIPlugin:80 - create IPUIPlugin
2023-12-07 14:30:52,460 [INFO] PluginManager:220 - loadIPPluginJar : add gtzc
2023-12-07 14:30:52,463 [INFO] IPUIPlugin:80 - create IPUIPlugin
2023-12-07 14:30:52,463 [INFO] PluginManager:220 - loadIPPluginJar : add hash
2023-12-07 14:30:52,465 [INFO] IPUIPlugin:80 - create IPUIPlugin
2023-12-07 14:30:52,466 [INFO] PluginManager:220 - loadIPPluginJar : add i2c
2023-12-07 14:30:52,468 [INFO] IPUIPlugin:80 - create IPUIPlugin
2023-12-07 14:30:52,469 [INFO] PluginManager:220 - loadIPPluginJar : add i2s
2023-12-07 14:30:52,473 [INFO] IPUIPlugin:80 - create IPUIPlugin
2023-12-07 14:30:52,473 [INFO] PluginManager:220 - loadIPPluginJar : add i3c
2023-12-07 14:30:52,476 [INFO] IPUIPlugin:80 - create IPUIPlugin
2023-12-07 14:30:52,477 [INFO] PluginManager:220 - loadIPPluginJar : add ipddr
2023-12-07 14:30:52,483 [INFO] IPUIPlugin:80 - create IPUIPlugin
2023-12-07 14:30:52,483 [INFO] PluginManager:220 - loadIPPluginJar : add linkedlist
2023-12-07 14:30:52,486 [INFO] IPUIPlugin:80 - create IPUIPlugin
2023-12-07 14:30:52,486 [INFO] PluginManager:220 - loadIPPluginJar : add lorawan
2023-12-07 14:30:52,487 [INFO] IPUIPlugin:80 - create IPUIPlugin
2023-12-07 14:30:52,487 [INFO] PluginManager:220 - loadIPPluginJar : add ltdc
2023-12-07 14:30:52,493 [INFO] IPUIPlugin:80 - create IPUIPlugin
2023-12-07 14:30:52,493 [INFO] PluginManager:220 - loadIPPluginJar : add mdma
2023-12-07 14:30:52,498 [INFO] IPUIPlugin:80 - create IPUIPlugin
2023-12-07 14:30:52,498 [INFO] PluginManager:220 - loadIPPluginJar : add nvic
2023-12-07 14:30:52,501 [INFO] IPUIPlugin:80 - create IPUIPlugin
2023-12-07 14:30:52,501 [INFO] PluginManager:220 - loadIPPluginJar : add opamp
2023-12-07 14:30:52,505 [INFO] IPUIPlugin:80 - create IPUIPlugin
2023-12-07 14:30:52,505 [INFO] PluginManager:220 - loadIPPluginJar : add openamp
2023-12-07 14:30:52,509 [INFO] IPUIPlugin:80 - create IPUIPlugin
2023-12-07 14:30:52,509 [INFO] PluginManager:220 - loadIPPluginJar : add pdm2pcm
2023-12-07 14:30:52,515 [INFO] IPUIPlugin:80 - create IPUIPlugin
2023-12-07 14:30:52,517 [INFO] PluginManager:220 - loadIPPluginJar : add plateformsettings
2023-12-07 14:30:52,520 [INFO] IPUIPlugin:80 - create IPUIPlugin
2023-12-07 14:30:52,520 [INFO] PluginManager:220 - loadIPPluginJar : add quadspi
2023-12-07 14:30:52,523 [INFO] IPUIPlugin:80 - create IPUIPlugin
2023-12-07 14:30:52,523 [INFO] PluginManager:220 - loadIPPluginJar : add resmgrutility
2023-12-07 14:30:52,526 [INFO] IPUIPlugin:80 - create IPUIPlugin
2023-12-07 14:30:52,526 [INFO] PluginManager:220 - loadIPPluginJar : add sai
2023-12-07 14:30:52,528 [INFO] IPUIPlugin:80 - create IPUIPlugin
2023-12-07 14:30:52,528 [INFO] PluginManager:220 - loadIPPluginJar : add spi
2023-12-07 14:30:52,533 [INFO] IPUIPlugin:80 - create IPUIPlugin
2023-12-07 14:30:52,533 [INFO] PluginManager:220 - loadIPPluginJar : add stm32_wpan
2023-12-07 14:30:52,535 [INFO] IPUIPlugin:80 - create IPUIPlugin
2023-12-07 14:30:52,535 [INFO] PluginManager:220 - loadIPPluginJar : add tim
2023-12-07 14:30:52,539 [INFO] IPUIPlugin:80 - create IPUIPlugin
2023-12-07 14:30:52,539 [INFO] PluginManager:220 - loadIPPluginJar : add touchsensing
2023-12-07 14:30:52,542 [INFO] IPUIPlugin:80 - create IPUIPlugin
2023-12-07 14:30:52,542 [INFO] PluginManager:220 - loadIPPluginJar : add tracer_emb
2023-12-07 14:30:52,544 [INFO] IPUIPlugin:80 - create IPUIPlugin
2023-12-07 14:30:52,544 [INFO] PluginManager:220 - loadIPPluginJar : add ts
2023-12-07 14:30:52,546 [INFO] IPUIPlugin:80 - create IPUIPlugin
2023-12-07 14:30:52,546 [INFO] PluginManager:220 - loadIPPluginJar : add tsc
2023-12-07 14:30:52,548 [INFO] IPUIPlugin:80 - create IPUIPlugin
2023-12-07 14:30:52,548 [INFO] PluginManager:220 - loadIPPluginJar : add ucpd
2023-12-07 14:30:52,551 [INFO] IPUIPlugin:80 - create IPUIPlugin
2023-12-07 14:30:52,551 [INFO] PluginManager:220 - loadIPPluginJar : add usart
2023-12-07 14:30:52,555 [INFO] IPUIPlugin:80 - create IPUIPlugin
2023-12-07 14:30:52,555 [INFO] PluginManager:220 - loadIPPluginJar : add usbx
2023-12-07 14:30:52,692 [INFO] CADModel:165 - CPN selected for project level
2023-12-07 14:30:52,693 [INFO] CADModel:114 - Register for checkConnection events
2023-12-07 14:30:52,693 [FATAL] Updater:308 - Updater called before beeing initialized
2023-12-07 14:30:52,693 [ERROR] CADModel:125 - Updater not yet initialized, retry later 
2023-12-07 14:30:52,862 [INFO] CADModel:165 - CPN selected for project level
2023-12-07 14:30:52,862 [INFO] CADModel:114 - Register for checkConnection events
2023-12-07 14:30:52,862 [FATAL] Updater:308 - Updater called before beeing initialized
2023-12-07 14:30:52,862 [ERROR] CADModel:125 - Updater not yet initialized, retry later 
2023-12-07 14:30:52,866 [FATAL] Updater:308 - Updater called before beeing initialized
2023-12-07 14:30:52,985 [FATAL] Updater:308 - Updater called before beeing initialized
2023-12-07 14:30:52,992 [INFO] DbMcusAds:53 - JSON generation date=Tue Mar 07 03:50:55 EST 2023 (1678179055114)
2023-12-07 14:30:52,992 [FATAL] Updater:308 - Updater called before beeing initialized
2023-12-07 14:30:53,034 [WARN] DetailPanel:346 - Failed to get advertising image, set to default
2023-12-07 14:30:53,151 [FATAL] Updater:308 - Updater called before beeing initialized
2023-12-07 14:30:53,153 [FATAL] Updater:308 - Updater called before beeing initialized
2023-12-07 14:30:53,153 [FATAL] Updater:308 - Updater called before beeing initialized
2023-12-07 14:30:53,153 [WARN] DetailPanel:346 - Failed to get advertising image, set to default
2023-12-07 14:30:53,153 [FATAL] Updater:308 - Updater called before beeing initialized
2023-12-07 14:30:53,201 [ERROR] Updater:1120 - MainUpdater not yet initialized. External WinMGr cannot be set.
2023-12-07 14:30:53,202 [INFO] Updater:1056 - Updater Version found : 6.9.1
2023-12-07 14:30:53,219 [INFO] ApplicationProperties:184 - Using Application install path: C:\ST\STM32CubeIDE_1.13.1\STM32CubeIDE\plugins\com.st.stm32cube.common.mx_6.9.1.202307191849
2023-12-07 14:30:53,372 [INFO] MainUpdater:2868 - connection check result : 10
2023-12-07 14:30:53,373 [INFO] MainUpdater:285 - Updater Check For Update Now.
2023-12-07 14:30:53,373 [INFO] MicroXplorer:498 - Change Database Version : DB.6.0.91
2023-12-07 14:30:53,380 [INFO] McuFinderGlobals:63 - Set McuFinder mode to 2 (CubeIDE integrated)
2023-12-07 14:30:53,381 [INFO] UserAuth:179 - activating auth plugin
2023-12-07 14:30:53,384 [INFO] UserAuth:393 - Internet connection configuration mode: 1
2023-12-07 14:30:53,399 [INFO] JxBrowserEngine:151 - Initiate JxBrowser Engine with user profile folder
2023-12-07 14:30:53,550 [INFO] CheckServerUpdateThread:120 - End of CheckServer Thread
2023-12-07 14:30:54,063 [INFO] WebApp:157 - Instantiating new browser for Auth
2023-12-07 14:30:54,577 [INFO] WebApp:753 - Register for checkConnection events
2023-12-07 14:30:54,577 [INFO] WebApp:390 - Apply proxy settings
2023-12-07 14:30:54,577 [INFO] WebApp:475 - Chromium requires no authentication
2023-12-07 14:30:54,584 [INFO] WebApp:418 - Direct internet connection detected
2023-12-07 14:30:54,744 [INFO] WebApp:188 - Starting web application
2023-12-07 14:30:54,744 [INFO] WebApp:520 - Web application path used C:\ST\STM32CubeIDE_1.13.1\STM32CubeIDE\plugins\com.st.stm32cube.common.mx_6.9.1.202307191849\db\plugins\mcufinder\reactClient1\index.html
2023-12-07 14:30:55,113 [WARN] PackLoader:240 - Cannot read IP mode file for STMicroelectronics.X-CUBE-SMBUS.2.1.0
2023-12-07 14:30:55,164 [WARN] PackLoader:240 - Cannot read IP mode file for STMicroelectronics.X-CUBE-AZRTOS-F7.1.1.0
2023-12-07 14:30:55,181 [WARN] PackLoader:240 - Cannot read IP mode file for STMicroelectronics.FP-SNS-MOTENV1.4.3.2
2023-12-07 14:30:55,193 [WARN] PackLoader:240 - Cannot read IP mode file for STMicroelectronics.X-CUBE-DISPLAY.3.0.0
2023-12-07 14:30:55,206 [WARN] PackLoader:240 - Cannot read IP mode file for emotas.I-CUBE-CANOPEN.1.3.0
2023-12-07 14:30:55,213 [WARN] PackLoader:240 - Cannot read IP mode file for STMicroelectronics.X-CUBE-TOUCHGFX.4.22.0
2023-12-07 14:30:55,216 [WARN] PackLoader:240 - Cannot read IP mode file for STMicroelectronics.X-CUBE-TOUCHGFX.4.22.1
2023-12-07 14:30:55,222 [WARN] PackLoader:240 - Cannot read IP mode file for STMicroelectronics.FP-SNS-SMARTAG2.1.2.0
2023-12-07 14:30:55,235 [INFO] LogOutputStream:77 - [STDOUT_REDIRECT] 1 : Invalid condition id : UX_CORESTACK_Condition cause : null
2023-12-07 14:30:55,236 [INFO] LogOutputStream:77 - [STDOUT_REDIRECT] 1 : Invalid condition id : UX_CORESTACK_Condition cause : null
2023-12-07 14:30:55,237 [INFO] LogOutputStream:77 - [STDOUT_REDIRECT] 1 : Invalid condition id : UX_CORESTACK_Condition cause : null
2023-12-07 14:30:55,238 [INFO] LogOutputStream:77 - [STDOUT_REDIRECT] 1 : Invalid condition id : UX_CORESTACK_Condition cause : null
2023-12-07 14:30:55,239 [INFO] LogOutputStream:77 - [STDOUT_REDIRECT] 1 : Invalid condition id : UX_CORESTACK_Condition cause : null
2023-12-07 14:30:55,245 [WARN] PackLoader:240 - Cannot read IP mode file for STMicroelectronics.X-CUBE-AZRTOS-WL.2.0.0
2023-12-07 14:30:55,258 [WARN] PackLoader:240 - Cannot read IP mode file for WES.I-CUBE-Cesium.1.3.0
2023-12-07 14:30:55,266 [WARN] PackLoader:240 - Cannot read IP mode file for STMicroelectronics.X-CUBE-BLE2.3.3.0
2023-12-07 14:30:55,275 [WARN] PackLoader:240 - Cannot read IP mode file for STMicroelectronics.X-CUBE-ALGOBUILD.1.3.0
2023-12-07 14:30:55,297 [WARN] PackLoader:240 - Cannot read IP mode file for STMicroelectronics.X-CUBE-AZRTOS-G0.1.1.0
2023-12-07 14:30:55,308 [WARN] PackLoader:240 - Cannot read IP mode file for STMicroelectronics.X-CUBE-NFC4.3.0.0
2023-12-07 14:30:55,323 [WARN] PackLoader:240 - Cannot read IP mode file for STMicroelectronics.X-CUBE-BLEMGR.3.0.0
2023-12-07 14:30:55,331 [WARN] PackLoader:240 - Cannot read IP mode file for STMicroelectronics.FP-ATR-SIGFOX1.3.2.0
2023-12-07 14:30:55,374 [WARN] PackLoader:240 - Cannot read IP mode file for SEGGER.I-CUBE-embOS.1.3.1
2023-12-07 14:30:55,415 [WARN] PackLoader:240 - Cannot read IP mode file for STMicroelectronics.X-CUBE-GNSS1.6.0.0
2023-12-07 14:30:55,439 [WARN] PackLoader:240 - Cannot read IP mode file for STMicroelectronics.X-CUBE-AZRTOS-F4.1.1.0
2023-12-07 14:30:55,449 [WARN] PackLoader:240 - Cannot read IP mode file for wolfSSL.I-CUBE-wolfSSL.5.6.3
2023-12-07 14:30:55,470 [WARN] PackLoader:240 - Cannot read IP mode file for STMicroelectronics.X-CUBE-AZRTOS-L5.2.0.0
2023-12-07 14:30:55,541 [WARN] PackLoader:240 - Cannot read IP mode file for STMicroelectronics.X-CUBE-MEMS1.9.6.0
2023-12-07 14:30:55,722 [WARN] PackLoader:240 - Cannot read IP mode file for STMicroelectronics.X-CUBE-EEPRMA1.4.2.0
2023-12-07 14:30:55,728 [WARN] PackLoader:240 - Cannot read IP mode file for ITTIA_DB.I-CUBE-ITTIADB.8.8.0
2023-12-07 14:30:55,734 [WARN] PackLoader:240 - Cannot read IP mode file for STMicroelectronics.X-CUBE-BLEMGR.2.0.0
2023-12-07 14:30:55,755 [WARN] ConditionMgr:438 - getConditionDescription Invalid condition id : UX DEVICE CLASS RTOS Condition cause : null
2023-12-07 14:30:55,755 [WARN] ConditionMgr:438 - getConditionDescription Invalid condition id : UX DEVICE CLASS RTOS Condition cause : null
2023-12-07 14:30:55,758 [WARN] PackLoader:240 - Cannot read IP mode file for STMicroelectronics.X-CUBE-AZRTOS-H7.3.1.0
2023-12-07 14:30:55,759 [WARN] ConditionMgr:1039 - genDependencies : Invalid condition id : UX DEVICE CLASS RTOS Condition cause : null
2023-12-07 14:30:55,759 [WARN] ConditionMgr:1039 - genDependencies : Invalid condition id : UX DEVICE CLASS RTOS Condition cause : null
2023-12-07 14:30:55,760 [WARN] ConditionMgr:1039 - genDependencies : Invalid condition id : UX DEVICE CLASS RTOS Condition cause : null
2023-12-07 14:30:55,760 [WARN] ConditionMgr:1039 - genDependencies : Invalid condition id : UX DEVICE CLASS RTOS Condition cause : null
2023-12-07 14:30:55,760 [WARN] ConditionMgr:1039 - genDependencies : Invalid condition id : UX DEVICE CLASS RTOS Condition cause : null
2023-12-07 14:30:55,767 [WARN] PackLoader:240 - Cannot read IP mode file for STMicroelectronics.X-CUBE-NFC7.1.0.1
2023-12-07 14:30:55,775 [WARN] PackLoader:240 - Cannot read IP mode file for STMicroelectronics.X-CUBE-NFC6.3.0.0
2023-12-07 14:30:55,781 [WARN] PackLoader:240 - Cannot read IP mode file for STMicroelectronics.X-CUBE-EEPRMA1.4.1.0
2023-12-07 14:30:55,797 [WARN] ConditionMgr:438 - getConditionDescription Invalid condition id : LAN8742 Phy interface Condition cause : null
2023-12-07 14:30:55,798 [WARN] PackLoader:240 - Cannot read IP mode file for STMicroelectronics.X-CUBE-AZRTOS-L4.2.0.0
2023-12-07 14:30:55,799 [WARN] ConditionMgr:1039 - genDependencies : Invalid condition id : LAN8742 Phy interface Condition cause : null
2023-12-07 14:30:55,799 [WARN] ConditionMgr:1039 - genDependencies : Invalid condition id : LAN8742 Phy interface Condition cause : null
2023-12-07 14:30:55,800 [WARN] ConditionMgr:1039 - genDependencies : Invalid condition id : LAN8742 Phy interface Condition cause : null
2023-12-07 14:30:55,807 [WARN] PackLoader:240 - Cannot read IP mode file for STMicroelectronics.X-CUBE-SFXS2LP1.4.0.0
2023-12-07 14:30:55,812 [WARN] PackLoader:240 - Cannot read IP mode file for STMicroelectronics.X-CUBE-ISPU.1.1.0
2023-12-07 14:30:55,824 [WARN] ConditionMgr:438 - getConditionDescription Invalid condition id : UX DEVICE CLASS RTOS Condition cause : null
2023-12-07 14:30:55,824 [WARN] ConditionMgr:438 - getConditionDescription Invalid condition id : UX DEVICE CLASS RTOS Condition cause : null
2023-12-07 14:30:55,826 [WARN] PackLoader:240 - Cannot read IP mode file for STMicroelectronics.X-CUBE-AZRTOS-WB.2.0.0
2023-12-07 14:30:55,827 [WARN] ConditionMgr:1039 - genDependencies : Invalid condition id : UX DEVICE CLASS RTOS Condition cause : null
2023-12-07 14:30:55,827 [WARN] ConditionMgr:1039 - genDependencies : Invalid condition id : UX DEVICE CLASS RTOS Condition cause : null
2023-12-07 14:30:55,827 [WARN] ConditionMgr:1039 - genDependencies : Invalid condition id : UX DEVICE CLASS RTOS Condition cause : null
2023-12-07 14:30:55,828 [WARN] ConditionMgr:1039 - genDependencies : Invalid condition id : UX DEVICE CLASS RTOS Condition cause : null
2023-12-07 14:30:55,828 [WARN] ConditionMgr:1039 - genDependencies : Invalid condition id : UX DEVICE CLASS RTOS Condition cause : null
2023-12-07 14:30:55,837 [WARN] PackLoader:240 - Cannot read IP mode file for STMicroelectronics.X-CUBE-SUBG2.5.0.0
2023-12-07 14:30:55,850 [WARN] PackLoader:240 - Cannot read IP mode file for STMicroelectronics.X-CUBE-TOF1.3.3.1
2023-12-07 14:30:55,877 [WARN] PackLoader:240 - Cannot read IP mode file for STMicroelectronics.X-CUBE-AZRTOS-G4.2.0.0
2023-12-07 14:30:55,897 [WARN] PackLoader:240 - Cannot read IP mode file for Infineon.AIROC-Wi-Fi-Bluetooth-STM32.1.5.1
2023-12-07 14:30:55,908 [WARN] PackLoader:240 - Cannot read IP mode file for STMicroelectronics.FP-SNS-MOTENVWB1.1.3.0
2023-12-07 14:30:55,913 [WARN] PackLoader:240 - Cannot read IP mode file for STMicroelectronics.FP-SNS-MOTENVWB1.1.3.1
2023-12-07 14:30:55,918 [WARN] PackLoader:240 - Cannot read IP mode file for STMicroelectronics.X-CUBE-ISPU.2.0.0
2023-12-07 14:30:55,984 [WARN] PackLoader:240 - Cannot read IP mode file for STMicroelectronics.X-CUBE-MEMS1.10.0.0
2023-12-07 14:30:56,100 [WARN] PackLoader:240 - Cannot read IP mode file for portGmbH.I-Cube-SoM-uGOAL.1.1.0
2023-12-07 14:30:56,105 [WARN] PackLoader:240 - Cannot read IP mode file for STMicroelectronics.X-CUBE-ALS.1.0.1
2023-12-07 14:30:56,111 [WARN] PackLoader:240 - Cannot read IP mode file for STMicroelectronics.FP-ATR-ASTRA1.2.0.0
2023-12-07 14:30:56,122 [WARN] PackLoader:240 - Cannot read IP mode file for STMicroelectronics.X-CUBE-TOF1.3.4.0
2023-12-07 14:30:56,154 [WARN] PackLoader:240 - Cannot read IP mode file for STMicroelectronics.X-CUBE-AZRTOS-H7.3.2.0
2023-12-07 14:30:56,157 [INFO] ThirdParty:978 - Integrity check success = true
2023-12-07 14:30:56,157 [INFO] IntegrityCheckThread:100 - exiting critical section [integrity check]
2023-12-07 14:30:56,157 [INFO] IntegrityCheckThread:103 - End integrity checks thread
2023-12-07 14:31:15,435 [ERROR] LogOutputStream:75 - [STDERR_REDIRECT] SLF4J: Failed to load class "org.slf4j.impl.StaticLoggerBinder".
2023-12-07 14:31:15,436 [ERROR] LogOutputStream:75 - [STDERR_REDIRECT] SLF4J: Defaulting to no-operation (NOP) logger implementation
2023-12-07 14:31:15,437 [ERROR] LogOutputStream:75 - [STDERR_REDIRECT] SLF4J: See http://www.slf4j.org/codes.html#StaticLoggerBinder for further details.
2023-12-07 15:21:01,221 [ERROR] LogOutputStream:75 - [STDERR_REDIRECT] 
2023-12-07 15:26:32,456 [INFO] Activator:176 - 


2023-12-07 15:26:32,458 [INFO] Activator:177 - !SESSION log4j initialized
2023-12-07 15:26:38,024 [INFO] LogOutputStream:77 - [STDOUT_REDIRECT] 
2023-12-07 15:26:38,958 [INFO] ApplicationProperties:184 - Using Application install path: C:\ST\STM32CubeIDE_1.13.1\STM32CubeIDE\plugins\com.st.stm32cube.common.mx_6.9.1.202307191849
2023-12-07 15:26:38,980 [INFO] DbMcusXml:78 - Set database path to: C:\ST\STM32CubeIDE_1.13.1\STM32CubeIDE\plugins\com.st.stm32cube.common.mx_6.9.1.202307191849\\db\/mcu/
2023-12-07 15:26:38,981 [INFO] ApiDb:274 - Set plugin database path to: C:\ST\STM32CubeIDE_1.13.1\STM32CubeIDE\plugins\com.st.stm32cube.common.mx_6.9.1.202307191849\\db\/plugins/boardmanager/
2023-12-07 15:26:38,981 [WARN] ApiDb:259 - Overriding images path with different value:  => C:\ST\STM32CubeIDE_1.13.1\STM32CubeIDE\plugins\com.st.stm32cube.common.mx_6.9.1.202307191849\\db\/plugins/mcufinder/images/
2023-12-07 15:26:38,994 [INFO] ApiDb:250 - Set database path to: C:\Users\james\.stmcufinder\plugins\mcufinder//mcu/
2023-12-07 15:26:38,995 [INFO] DbMcusAds:125 - Set database path to: C:\Users\james\.stmcufinder\plugins\mcufinder//mcu/
2023-12-07 15:26:38,998 [INFO] CrossReferenceDbSqlite:203 - Set database path to: C:\Users\james\.stmcufinder\plugins\mcufinder//mcu/cs/
2023-12-07 15:26:39,130 [INFO] RulesReader:64 - Compatibility file has been processed (293 Rules)
2023-12-07 15:26:39,230 [INFO] DbMcusXml:78 - Set database path to: C:\ST\STM32CubeIDE_1.13.1\STM32CubeIDE\plugins\com.st.stm32cube.common.mx_6.9.1.202307191849\\db\/mcu/
2023-12-07 15:26:39,230 [INFO] ApiDb:274 - Set plugin database path to: C:\ST\STM32CubeIDE_1.13.1\STM32CubeIDE\plugins\com.st.stm32cube.common.mx_6.9.1.202307191849\\db\/plugins/boardmanager/
2023-12-07 15:26:39,230 [INFO] ApiDb:261 - Set plugin images path to: C:\ST\STM32CubeIDE_1.13.1\STM32CubeIDE\plugins\com.st.stm32cube.common.mx_6.9.1.202307191849\\db\/plugins/mcufinder/images/
2023-12-07 15:26:39,231 [WARN] DbFile:41 - Overriding database path with different value: C:\Users\james\.stmcufinder\plugins\mcufinder/ => C:\Users\james\.stmcufinder\plugins\mcufinder
2023-12-07 15:26:39,231 [INFO] ApiDb:250 - Set database path to: C:\Users\james\.stmcufinder\plugins\mcufinder//mcu/
2023-12-07 15:26:39,231 [WARN] DbFile:41 - Overriding database path with different value: C:\Users\james\.stmcufinder\plugins\mcufinder/ => C:\Users\james\.stmcufinder\plugins\mcufinder
2023-12-07 15:26:39,231 [INFO] DbMcusAds:125 - Set database path to: C:\Users\james\.stmcufinder\plugins\mcufinder//mcu/
2023-12-07 15:26:39,231 [WARN] DbFile:41 - Overriding database path with different value: C:\Users\james\.stmcufinder\plugins\mcufinder/ => C:\Users\james\.stmcufinder\plugins\mcufinder
2023-12-07 15:26:39,231 [WARN] DbFile:41 - Overriding database path with different value: C:\Users\james\.stmcufinder\plugins\mcufinder/ => C:\Users\james\.stmcufinder\plugins\mcufinder
2023-12-07 15:26:39,231 [INFO] CrossReferenceDbSqlite:203 - Set database path to: C:\Users\james\.stmcufinder\plugins\mcufinder//mcu/cs/
2023-12-07 15:26:39,322 [INFO] MainPanel:262 - HeapMemory: 268435456
2023-12-07 15:26:39,399 [INFO] DbMcusXml:78 - Set database path to: C:\ST\STM32CubeIDE_1.13.1\STM32CubeIDE\plugins\com.st.stm32cube.common.mx_6.9.1.202307191849\\db\/mcu/
2023-12-07 15:26:39,399 [INFO] ApiDb:274 - Set plugin database path to: C:\ST\STM32CubeIDE_1.13.1\STM32CubeIDE\plugins\com.st.stm32cube.common.mx_6.9.1.202307191849\\db\/plugins/boardmanager/
2023-12-07 15:26:39,399 [INFO] ApiDb:261 - Set plugin images path to: C:\ST\STM32CubeIDE_1.13.1\STM32CubeIDE\plugins\com.st.stm32cube.common.mx_6.9.1.202307191849\\db\/plugins/mcufinder/images/
2023-12-07 15:26:39,400 [WARN] DbFile:41 - Overriding database path with different value: C:\Users\james\.stmcufinder\plugins\mcufinder/ => C:\Users\james\.stmcufinder\plugins\mcufinder
2023-12-07 15:26:39,400 [INFO] ApiDb:250 - Set database path to: C:\Users\james\.stmcufinder\plugins\mcufinder//mcu/
2023-12-07 15:26:39,400 [WARN] DbFile:41 - Overriding database path with different value: C:\Users\james\.stmcufinder\plugins\mcufinder/ => C:\Users\james\.stmcufinder\plugins\mcufinder
2023-12-07 15:26:39,400 [INFO] DbMcusAds:125 - Set database path to: C:\Users\james\.stmcufinder\plugins\mcufinder//mcu/
2023-12-07 15:26:39,400 [WARN] DbFile:41 - Overriding database path with different value: C:\Users\james\.stmcufinder\plugins\mcufinder/ => C:\Users\james\.stmcufinder\plugins\mcufinder
2023-12-07 15:26:39,400 [WARN] DbFile:41 - Overriding database path with different value: C:\Users\james\.stmcufinder\plugins\mcufinder/ => C:\Users\james\.stmcufinder\plugins\mcufinder
2023-12-07 15:26:39,400 [INFO] CrossReferenceDbSqlite:203 - Set database path to: C:\Users\james\.stmcufinder\plugins\mcufinder//mcu/cs/
2023-12-07 15:26:39,423 [INFO] ApplicationProperties:184 - Using Application install path: C:\ST\STM32CubeIDE_1.13.1\STM32CubeIDE\plugins\com.st.stm32cube.common.mx_6.9.1.202307191849
2023-12-07 15:26:39,424 [INFO] PluginManage:196 - Search for loadable plugins [exclusion list=, ]
2023-12-07 15:26:39,426 [INFO] PluginManage:310 - Check plugin analytics
2023-12-07 15:26:39,605 [INFO] AnalyticsPlugin:253 - Accepted Software Licenses: 
2023-12-07 15:26:39,605 [INFO] AnalyticsPlugin:255 - Accepted CMSIS Pack Licenses: 
2023-12-07 15:26:39,606 [INFO] AnalyticsPlugin:257 - Accepted Firmware Licenses: FW.L4.1.18.0
2023-12-07 15:26:39,609 [INFO] PluginManage:359 - Loaded plugin analytics (category:tool,tabindex:-1)
2023-12-07 15:26:39,610 [INFO] PluginManage:310 - Check plugin cadmodel
2023-12-07 15:26:39,614 [INFO] CADModel:105 - Init CAD model plugin
2023-12-07 15:26:39,615 [INFO] PluginManage:359 - Loaded plugin cadmodel (category:power,tabindex:5)
2023-12-07 15:26:39,615 [INFO] PluginManage:310 - Check plugin clock
2023-12-07 15:26:39,625 [INFO] PluginManage:359 - Loaded plugin clock (category:base,tabindex:2)
2023-12-07 15:26:39,625 [INFO] PluginManage:310 - Check plugin ddr
2023-12-07 15:26:39,627 [INFO] PluginManage:359 - Loaded plugin ddr (category:tool,tabindex:6)
2023-12-07 15:26:39,627 [INFO] PluginManage:310 - Check plugin filemanager
2023-12-07 15:26:39,797 [INFO] PluginManage:359 - Loaded plugin filemanager (category:base,tabindex:10)
2023-12-07 15:26:39,798 [INFO] PluginManage:310 - Check plugin ipmanager
2023-12-07 15:26:39,808 [INFO] PluginManage:359 - Loaded plugin ipmanager (category:base,tabindex:5)
2023-12-07 15:26:39,809 [INFO] PluginManage:310 - Check plugin lpbam
2023-12-07 15:26:39,818 [INFO] PluginManage:359 - Loaded plugin lpbam (category:base,tabindex:0)
2023-12-07 15:26:39,818 [INFO] PluginManage:310 - Check plugin memorymap
2023-12-07 15:26:39,833 [INFO] PluginManage:359 - Loaded plugin memorymap (category:base,tabindex:4)
2023-12-07 15:26:39,833 [INFO] PluginManage:310 - Check plugin pinoutandconfiguration
2023-12-07 15:26:39,844 [INFO] PluginManage:359 - Loaded plugin pinoutandconfiguration (category:base,tabindex:1)
2023-12-07 15:26:39,844 [INFO] PluginManage:310 - Check plugin pinoutconfig
2023-12-07 15:26:39,963 [WARN] SupportedApi:132 - Cannot load RTOS API schema: s4s-elt-must-match.1: The content of 'definitions' must match (annotation?, (simpleType | complexType)?, (unique | key | keyref)*)). A problem was found starting at: attribute.
2023-12-07 15:26:40,141 [INFO] PluginManage:359 - Loaded plugin pinoutconfig (category:base,tabindex:0)
2023-12-07 15:26:40,142 [INFO] PluginManage:310 - Check plugin power
2023-12-07 15:26:40,155 [INFO] PluginManage:359 - Loaded plugin power (category:power,tabindex:4)
2023-12-07 15:26:40,155 [INFO] PluginManage:310 - Check plugin projectmanager
2023-12-07 15:26:40,174 [INFO] PluginManage:359 - Loaded plugin projectmanager (category:projectmanager,tabindex:3)
2023-12-07 15:26:40,174 [INFO] PluginManage:310 - Check plugin thirdparty
2023-12-07 15:26:40,332 [INFO] PluginManage:359 - Loaded plugin thirdparty (category:base,tabindex:-1)
2023-12-07 15:26:40,332 [WARN] IntegrityCheckThread:84 - waiting for thirdparty lock release [integrity check]
2023-12-07 15:26:40,332 [INFO] PluginManage:310 - Check plugin tools
2023-12-07 15:26:40,332 [INFO] IntegrityCheckThread:86 - entering critical section [integrity check]
2023-12-07 15:26:40,333 [INFO] ThirdPartyUpdaterWithRetryManager:70 - Updater plugin not ready yet. [1/15]
2023-12-07 15:26:40,336 [INFO] PluginManage:359 - Loaded plugin tools (category:base,tabindex:7)
2023-12-07 15:26:40,337 [INFO] PluginManage:310 - Check plugin tutovideos
2023-12-07 15:26:40,510 [INFO] PluginManage:359 - Loaded plugin tutovideos (category:base,tabindex:-1)
2023-12-07 15:26:40,510 [INFO] PluginManage:310 - Check plugin updater
2023-12-07 15:26:40,521 [INFO] PluginManage:359 - Loaded plugin updater (category:base,tabindex:12)
2023-12-07 15:26:40,521 [INFO] PluginManage:310 - Check plugin userauth
2023-12-07 15:26:40,526 [INFO] UserAuth:113 - Init User Auth plugin
2023-12-07 15:26:40,526 [INFO] PluginManage:359 - Loaded plugin userauth (category:base,tabindex:14)
2023-12-07 15:26:40,526 [INFO] PluginManage:283 - PluginManage : Loaded plugins [17]
2023-12-07 15:26:40,768 [INFO] PinOutPanel:1499 - setPackage(No Configuration,No Configuration)
2023-12-07 15:26:40,902 [INFO] CADModel:165 - CPN selected for project level
2023-12-07 15:26:40,902 [INFO] CADModel:114 - Register for checkConnection events
2023-12-07 15:26:40,920 [INFO] IPUIPlugin:80 - create IPUIPlugin
2023-12-07 15:26:40,920 [INFO] PluginManager:220 - loadIPPluginJar : add adc
2023-12-07 15:26:40,923 [INFO] IPUIPlugin:80 - create IPUIPlugin
2023-12-07 15:26:40,923 [INFO] PluginManager:220 - loadIPPluginJar : add aes
2023-12-07 15:26:40,926 [INFO] IPUIPlugin:80 - create IPUIPlugin
2023-12-07 15:26:40,926 [INFO] PluginManager:220 - loadIPPluginJar : add can
2023-12-07 15:26:40,927 [INFO] IPUIPlugin:80 - create IPUIPlugin
2023-12-07 15:26:40,928 [INFO] PluginManager:220 - loadIPPluginJar : add comp
2023-12-07 15:26:40,930 [INFO] IPUIPlugin:80 - create IPUIPlugin
2023-12-07 15:26:40,930 [INFO] PluginManager:220 - loadIPPluginJar : add cryp
2023-12-07 15:26:40,933 [INFO] IPUIPlugin:80 - create IPUIPlugin
2023-12-07 15:26:40,933 [INFO] PluginManager:220 - loadIPPluginJar : add dfsdm
2023-12-07 15:26:40,939 [INFO] IPUIPlugin:80 - create IPUIPlugin
2023-12-07 15:26:40,939 [INFO] PluginManager:220 - loadIPPluginJar : add dma
2023-12-07 15:26:40,942 [INFO] IPUIPlugin:80 - create IPUIPlugin
2023-12-07 15:26:40,942 [INFO] PluginManager:220 - loadIPPluginJar : add dma3
2023-12-07 15:26:40,944 [INFO] IPUIPlugin:80 - create IPUIPlugin
2023-12-07 15:26:40,944 [INFO] PluginManager:220 - loadIPPluginJar : add fatfs
2023-12-07 15:26:40,948 [INFO] IPUIPlugin:80 - create IPUIPlugin
2023-12-07 15:26:40,948 [INFO] PluginManager:220 - loadIPPluginJar : add fmc
2023-12-07 15:26:40,953 [INFO] IPUIPlugin:80 - create IPUIPlugin
2023-12-07 15:26:40,954 [INFO] PluginManager:220 - loadIPPluginJar : add freertos
2023-12-07 15:26:40,955 [INFO] IPUIPlugin:80 - create IPUIPlugin
2023-12-07 15:26:40,955 [INFO] PluginManager:220 - loadIPPluginJar : add genericplugin
2023-12-07 15:26:40,957 [INFO] IPUIPlugin:80 - create IPUIPlugin
2023-12-07 15:26:40,957 [INFO] PluginManager:220 - loadIPPluginJar : add gfxmmu
2023-12-07 15:26:40,962 [INFO] IPUIPlugin:80 - create IPUIPlugin
2023-12-07 15:26:40,962 [INFO] PluginManager:220 - loadIPPluginJar : add gic
2023-12-07 15:26:40,967 [INFO] IPUIPlugin:80 - create IPUIPlugin
2023-12-07 15:26:40,967 [INFO] PluginManager:220 - loadIPPluginJar : add gpio
2023-12-07 15:26:40,969 [INFO] IPUIPlugin:80 - create IPUIPlugin
2023-12-07 15:26:40,969 [INFO] PluginManager:220 - loadIPPluginJar : add gtzc
2023-12-07 15:26:40,971 [INFO] IPUIPlugin:80 - create IPUIPlugin
2023-12-07 15:26:40,971 [INFO] PluginManager:220 - loadIPPluginJar : add hash
2023-12-07 15:26:40,974 [INFO] IPUIPlugin:80 - create IPUIPlugin
2023-12-07 15:26:40,974 [INFO] PluginManager:220 - loadIPPluginJar : add i2c
2023-12-07 15:26:40,976 [INFO] IPUIPlugin:80 - create IPUIPlugin
2023-12-07 15:26:40,977 [INFO] PluginManager:220 - loadIPPluginJar : add i2s
2023-12-07 15:26:40,979 [INFO] IPUIPlugin:80 - create IPUIPlugin
2023-12-07 15:26:40,980 [INFO] PluginManager:220 - loadIPPluginJar : add i3c
2023-12-07 15:26:40,982 [INFO] IPUIPlugin:80 - create IPUIPlugin
2023-12-07 15:26:40,983 [INFO] PluginManager:220 - loadIPPluginJar : add ipddr
2023-12-07 15:26:40,991 [INFO] IPUIPlugin:80 - create IPUIPlugin
2023-12-07 15:26:40,991 [INFO] PluginManager:220 - loadIPPluginJar : add linkedlist
2023-12-07 15:26:40,995 [INFO] IPUIPlugin:80 - create IPUIPlugin
2023-12-07 15:26:40,995 [INFO] PluginManager:220 - loadIPPluginJar : add lorawan
2023-12-07 15:26:40,997 [INFO] IPUIPlugin:80 - create IPUIPlugin
2023-12-07 15:26:40,997 [INFO] PluginManager:220 - loadIPPluginJar : add ltdc
2023-12-07 15:26:41,006 [INFO] IPUIPlugin:80 - create IPUIPlugin
2023-12-07 15:26:41,006 [INFO] PluginManager:220 - loadIPPluginJar : add mdma
2023-12-07 15:26:41,010 [INFO] IPUIPlugin:80 - create IPUIPlugin
2023-12-07 15:26:41,010 [INFO] PluginManager:220 - loadIPPluginJar : add nvic
2023-12-07 15:26:41,013 [INFO] IPUIPlugin:80 - create IPUIPlugin
2023-12-07 15:26:41,014 [INFO] PluginManager:220 - loadIPPluginJar : add opamp
2023-12-07 15:26:41,017 [INFO] IPUIPlugin:80 - create IPUIPlugin
2023-12-07 15:26:41,017 [INFO] PluginManager:220 - loadIPPluginJar : add openamp
2023-12-07 15:26:41,020 [INFO] IPUIPlugin:80 - create IPUIPlugin
2023-12-07 15:26:41,020 [INFO] PluginManager:220 - loadIPPluginJar : add pdm2pcm
2023-12-07 15:26:41,026 [INFO] IPUIPlugin:80 - create IPUIPlugin
2023-12-07 15:26:41,029 [INFO] PluginManager:220 - loadIPPluginJar : add plateformsettings
2023-12-07 15:26:41,030 [INFO] IPUIPlugin:80 - create IPUIPlugin
2023-12-07 15:26:41,030 [INFO] PluginManager:220 - loadIPPluginJar : add quadspi
2023-12-07 15:26:41,034 [INFO] IPUIPlugin:80 - create IPUIPlugin
2023-12-07 15:26:41,034 [INFO] PluginManager:220 - loadIPPluginJar : add resmgrutility
2023-12-07 15:26:41,037 [INFO] IPUIPlugin:80 - create IPUIPlugin
2023-12-07 15:26:41,037 [INFO] PluginManager:220 - loadIPPluginJar : add sai
2023-12-07 15:26:41,039 [INFO] IPUIPlugin:80 - create IPUIPlugin
2023-12-07 15:26:41,039 [INFO] PluginManager:220 - loadIPPluginJar : add spi
2023-12-07 15:26:41,044 [INFO] IPUIPlugin:80 - create IPUIPlugin
2023-12-07 15:26:41,045 [INFO] PluginManager:220 - loadIPPluginJar : add stm32_wpan
2023-12-07 15:26:41,047 [INFO] IPUIPlugin:80 - create IPUIPlugin
2023-12-07 15:26:41,047 [INFO] PluginManager:220 - loadIPPluginJar : add tim
2023-12-07 15:26:41,050 [INFO] IPUIPlugin:80 - create IPUIPlugin
2023-12-07 15:26:41,050 [INFO] PluginManager:220 - loadIPPluginJar : add touchsensing
2023-12-07 15:26:41,052 [INFO] IPUIPlugin:80 - create IPUIPlugin
2023-12-07 15:26:41,052 [INFO] PluginManager:220 - loadIPPluginJar : add tracer_emb
2023-12-07 15:26:41,054 [INFO] IPUIPlugin:80 - create IPUIPlugin
2023-12-07 15:26:41,054 [INFO] PluginManager:220 - loadIPPluginJar : add ts
2023-12-07 15:26:41,056 [INFO] IPUIPlugin:80 - create IPUIPlugin
2023-12-07 15:26:41,056 [INFO] PluginManager:220 - loadIPPluginJar : add tsc
2023-12-07 15:26:41,057 [INFO] IPUIPlugin:80 - create IPUIPlugin
2023-12-07 15:26:41,058 [INFO] PluginManager:220 - loadIPPluginJar : add ucpd
2023-12-07 15:26:41,060 [INFO] IPUIPlugin:80 - create IPUIPlugin
2023-12-07 15:26:41,060 [INFO] PluginManager:220 - loadIPPluginJar : add usart
2023-12-07 15:26:41,063 [INFO] IPUIPlugin:80 - create IPUIPlugin
2023-12-07 15:26:41,064 [INFO] PluginManager:220 - loadIPPluginJar : add usbx
2023-12-07 15:26:41,202 [INFO] CADModel:165 - CPN selected for project level
2023-12-07 15:26:41,202 [INFO] CADModel:114 - Register for checkConnection events
2023-12-07 15:26:41,203 [FATAL] Updater:308 - Updater called before beeing initialized
2023-12-07 15:26:41,203 [ERROR] CADModel:125 - Updater not yet initialized, retry later 
2023-12-07 15:26:41,357 [INFO] CADModel:165 - CPN selected for project level
2023-12-07 15:26:41,357 [INFO] CADModel:114 - Register for checkConnection events
2023-12-07 15:26:41,358 [FATAL] Updater:308 - Updater called before beeing initialized
2023-12-07 15:26:41,358 [ERROR] CADModel:125 - Updater not yet initialized, retry later 
2023-12-07 15:26:41,361 [FATAL] Updater:308 - Updater called before beeing initialized
2023-12-07 15:26:41,484 [FATAL] Updater:308 - Updater called before beeing initialized
2023-12-07 15:26:41,490 [INFO] DbMcusAds:53 - JSON generation date=Tue Mar 07 03:50:55 EST 2023 (1678179055114)
2023-12-07 15:26:41,491 [FATAL] Updater:308 - Updater called before beeing initialized
2023-12-07 15:26:41,534 [WARN] DetailPanel:346 - Failed to get advertising image, set to default
2023-12-07 15:26:41,647 [FATAL] Updater:308 - Updater called before beeing initialized
2023-12-07 15:26:41,649 [FATAL] Updater:308 - Updater called before beeing initialized
2023-12-07 15:26:41,650 [FATAL] Updater:308 - Updater called before beeing initialized
2023-12-07 15:26:41,650 [WARN] DetailPanel:346 - Failed to get advertising image, set to default
2023-12-07 15:26:41,651 [FATAL] Updater:308 - Updater called before beeing initialized
2023-12-07 15:26:41,699 [ERROR] Updater:1120 - MainUpdater not yet initialized. External WinMGr cannot be set.
2023-12-07 15:26:41,702 [INFO] Updater:1056 - Updater Version found : 6.9.1
2023-12-07 15:26:41,721 [INFO] ApplicationProperties:184 - Using Application install path: C:\ST\STM32CubeIDE_1.13.1\STM32CubeIDE\plugins\com.st.stm32cube.common.mx_6.9.1.202307191849
2023-12-07 15:26:41,845 [INFO] MainUpdater:2868 - connection check result : 10
2023-12-07 15:26:41,846 [INFO] MainUpdater:285 - Updater Check For Update Now.
2023-12-07 15:26:41,846 [INFO] MicroXplorer:498 - Change Database Version : DB.6.0.91
2023-12-07 15:26:41,855 [INFO] McuFinderGlobals:63 - Set McuFinder mode to 2 (CubeIDE integrated)
2023-12-07 15:26:41,855 [INFO] UserAuth:179 - activating auth plugin
2023-12-07 15:26:41,858 [INFO] UserAuth:393 - Internet connection configuration mode: 1
2023-12-07 15:26:41,878 [INFO] JxBrowserEngine:151 - Initiate JxBrowser Engine with user profile folder
2023-12-07 15:26:42,036 [INFO] CheckServerUpdateThread:120 - End of CheckServer Thread
2023-12-07 15:26:42,697 [INFO] WebApp:157 - Instantiating new browser for Auth
2023-12-07 15:26:43,260 [INFO] WebApp:753 - Register for checkConnection events
2023-12-07 15:26:43,260 [INFO] WebApp:390 - Apply proxy settings
2023-12-07 15:26:43,260 [INFO] WebApp:475 - Chromium requires no authentication
2023-12-07 15:26:43,268 [INFO] WebApp:418 - Direct internet connection detected
2023-12-07 15:26:43,475 [INFO] WebApp:188 - Starting web application
2023-12-07 15:26:43,475 [INFO] WebApp:520 - Web application path used C:\ST\STM32CubeIDE_1.13.1\STM32CubeIDE\plugins\com.st.stm32cube.common.mx_6.9.1.202307191849\db\plugins\mcufinder\reactClient1\index.html
2023-12-07 15:26:43,588 [WARN] PackLoader:240 - Cannot read IP mode file for STMicroelectronics.X-CUBE-SMBUS.2.1.0
2023-12-07 15:26:43,654 [WARN] PackLoader:240 - Cannot read IP mode file for STMicroelectronics.X-CUBE-AZRTOS-F7.1.1.0
2023-12-07 15:26:43,669 [WARN] PackLoader:240 - Cannot read IP mode file for STMicroelectronics.FP-SNS-MOTENV1.4.3.2
2023-12-07 15:26:43,689 [WARN] PackLoader:240 - Cannot read IP mode file for STMicroelectronics.X-CUBE-DISPLAY.3.0.0
2023-12-07 15:26:43,712 [WARN] PackLoader:240 - Cannot read IP mode file for emotas.I-CUBE-CANOPEN.1.3.0
2023-12-07 15:26:43,721 [WARN] PackLoader:240 - Cannot read IP mode file for STMicroelectronics.X-CUBE-TOUCHGFX.4.22.0
2023-12-07 15:26:43,726 [WARN] PackLoader:240 - Cannot read IP mode file for STMicroelectronics.X-CUBE-TOUCHGFX.4.22.1
2023-12-07 15:26:43,735 [WARN] PackLoader:240 - Cannot read IP mode file for STMicroelectronics.FP-SNS-SMARTAG2.1.2.0
2023-12-07 15:26:43,754 [INFO] LogOutputStream:77 - [STDOUT_REDIRECT] 1 : Invalid condition id : UX_CORESTACK_Condition cause : null
2023-12-07 15:26:43,755 [INFO] LogOutputStream:77 - [STDOUT_REDIRECT] 1 : Invalid condition id : UX_CORESTACK_Condition cause : null
2023-12-07 15:26:43,758 [INFO] LogOutputStream:77 - [STDOUT_REDIRECT] 1 : Invalid condition id : UX_CORESTACK_Condition cause : null
2023-12-07 15:26:43,759 [INFO] LogOutputStream:77 - [STDOUT_REDIRECT] 1 : Invalid condition id : UX_CORESTACK_Condition cause : null
2023-12-07 15:26:43,763 [INFO] LogOutputStream:77 - [STDOUT_REDIRECT] 1 : Invalid condition id : UX_CORESTACK_Condition cause : null
2023-12-07 15:26:43,772 [WARN] PackLoader:240 - Cannot read IP mode file for STMicroelectronics.X-CUBE-AZRTOS-WL.2.0.0
2023-12-07 15:26:43,789 [WARN] PackLoader:240 - Cannot read IP mode file for WES.I-CUBE-Cesium.1.3.0
2023-12-07 15:26:43,807 [WARN] PackLoader:240 - Cannot read IP mode file for STMicroelectronics.X-CUBE-BLE2.3.3.0
2023-12-07 15:26:43,822 [WARN] PackLoader:240 - Cannot read IP mode file for STMicroelectronics.X-CUBE-ALGOBUILD.1.3.0
2023-12-07 15:26:43,867 [WARN] PackLoader:240 - Cannot read IP mode file for STMicroelectronics.X-CUBE-AZRTOS-G0.1.1.0
2023-12-07 15:26:43,879 [WARN] PackLoader:240 - Cannot read IP mode file for STMicroelectronics.X-CUBE-NFC4.3.0.0
2023-12-07 15:26:43,896 [WARN] PackLoader:240 - Cannot read IP mode file for STMicroelectronics.X-CUBE-BLEMGR.3.0.0
2023-12-07 15:26:43,905 [WARN] PackLoader:240 - Cannot read IP mode file for STMicroelectronics.FP-ATR-SIGFOX1.3.2.0
2023-12-07 15:26:43,951 [WARN] PackLoader:240 - Cannot read IP mode file for SEGGER.I-CUBE-embOS.1.3.1
2023-12-07 15:26:43,999 [WARN] PackLoader:240 - Cannot read IP mode file for STMicroelectronics.X-CUBE-GNSS1.6.0.0
2023-12-07 15:26:44,016 [WARN] PackLoader:240 - Cannot read IP mode file for STMicroelectronics.X-CUBE-AZRTOS-F4.1.1.0
2023-12-07 15:26:44,023 [WARN] PackLoader:240 - Cannot read IP mode file for wolfSSL.I-CUBE-wolfSSL.5.6.3
2023-12-07 15:26:44,043 [WARN] PackLoader:240 - Cannot read IP mode file for STMicroelectronics.X-CUBE-AZRTOS-L5.2.0.0
2023-12-07 15:26:44,108 [WARN] PackLoader:240 - Cannot read IP mode file for STMicroelectronics.X-CUBE-MEMS1.9.6.0
2023-12-07 15:26:44,349 [WARN] PackLoader:240 - Cannot read IP mode file for STMicroelectronics.X-CUBE-EEPRMA1.4.2.0
2023-12-07 15:26:44,357 [WARN] PackLoader:240 - Cannot read IP mode file for ITTIA_DB.I-CUBE-ITTIADB.8.8.0
2023-12-07 15:26:44,364 [WARN] PackLoader:240 - Cannot read IP mode file for STMicroelectronics.X-CUBE-BLEMGR.2.0.0
2023-12-07 15:26:44,385 [WARN] ConditionMgr:438 - getConditionDescription Invalid condition id : UX DEVICE CLASS RTOS Condition cause : null
2023-12-07 15:26:44,385 [WARN] ConditionMgr:438 - getConditionDescription Invalid condition id : UX DEVICE CLASS RTOS Condition cause : null
2023-12-07 15:26:44,388 [WARN] PackLoader:240 - Cannot read IP mode file for STMicroelectronics.X-CUBE-AZRTOS-H7.3.1.0
2023-12-07 15:26:44,390 [WARN] ConditionMgr:1039 - genDependencies : Invalid condition id : UX DEVICE CLASS RTOS Condition cause : null
2023-12-07 15:26:44,390 [WARN] ConditionMgr:1039 - genDependencies : Invalid condition id : UX DEVICE CLASS RTOS Condition cause : null
2023-12-07 15:26:44,391 [WARN] ConditionMgr:1039 - genDependencies : Invalid condition id : UX DEVICE CLASS RTOS Condition cause : null
2023-12-07 15:26:44,392 [WARN] ConditionMgr:1039 - genDependencies : Invalid condition id : UX DEVICE CLASS RTOS Condition cause : null
2023-12-07 15:26:44,392 [WARN] ConditionMgr:1039 - genDependencies : Invalid condition id : UX DEVICE CLASS RTOS Condition cause : null
2023-12-07 15:26:44,399 [WARN] PackLoader:240 - Cannot read IP mode file for STMicroelectronics.X-CUBE-NFC7.1.0.1
2023-12-07 15:26:44,412 [WARN] PackLoader:240 - Cannot read IP mode file for STMicroelectronics.X-CUBE-NFC6.3.0.0
2023-12-07 15:26:44,419 [WARN] PackLoader:240 - Cannot read IP mode file for STMicroelectronics.X-CUBE-EEPRMA1.4.1.0
2023-12-07 15:26:44,445 [WARN] ConditionMgr:438 - getConditionDescription Invalid condition id : LAN8742 Phy interface Condition cause : null
2023-12-07 15:26:44,446 [WARN] PackLoader:240 - Cannot read IP mode file for STMicroelectronics.X-CUBE-AZRTOS-L4.2.0.0
2023-12-07 15:26:44,448 [WARN] ConditionMgr:1039 - genDependencies : Invalid condition id : LAN8742 Phy interface Condition cause : null
2023-12-07 15:26:44,448 [WARN] ConditionMgr:1039 - genDependencies : Invalid condition id : LAN8742 Phy interface Condition cause : null
2023-12-07 15:26:44,449 [WARN] ConditionMgr:1039 - genDependencies : Invalid condition id : LAN8742 Phy interface Condition cause : null
2023-12-07 15:26:44,459 [WARN] PackLoader:240 - Cannot read IP mode file for STMicroelectronics.X-CUBE-SFXS2LP1.4.0.0
2023-12-07 15:26:44,465 [WARN] PackLoader:240 - Cannot read IP mode file for STMicroelectronics.X-CUBE-ISPU.1.1.0
2023-12-07 15:26:44,478 [WARN] ConditionMgr:438 - getConditionDescription Invalid condition id : UX DEVICE CLASS RTOS Condition cause : null
2023-12-07 15:26:44,479 [WARN] ConditionMgr:438 - getConditionDescription Invalid condition id : UX DEVICE CLASS RTOS Condition cause : null
2023-12-07 15:26:44,481 [WARN] PackLoader:240 - Cannot read IP mode file for STMicroelectronics.X-CUBE-AZRTOS-WB.2.0.0
2023-12-07 15:26:44,481 [WARN] ConditionMgr:1039 - genDependencies : Invalid condition id : UX DEVICE CLASS RTOS Condition cause : null
2023-12-07 15:26:44,481 [WARN] ConditionMgr:1039 - genDependencies : Invalid condition id : UX DEVICE CLASS RTOS Condition cause : null
2023-12-07 15:26:44,482 [WARN] ConditionMgr:1039 - genDependencies : Invalid condition id : UX DEVICE CLASS RTOS Condition cause : null
2023-12-07 15:26:44,482 [WARN] ConditionMgr:1039 - genDependencies : Invalid condition id : UX DEVICE CLASS RTOS Condition cause : null
2023-12-07 15:26:44,482 [WARN] ConditionMgr:1039 - genDependencies : Invalid condition id : UX DEVICE CLASS RTOS Condition cause : null
2023-12-07 15:26:44,493 [WARN] PackLoader:240 - Cannot read IP mode file for STMicroelectronics.X-CUBE-SUBG2.5.0.0
2023-12-07 15:26:44,507 [WARN] PackLoader:240 - Cannot read IP mode file for STMicroelectronics.X-CUBE-TOF1.3.3.1
2023-12-07 15:26:44,528 [WARN] PackLoader:240 - Cannot read IP mode file for STMicroelectronics.X-CUBE-AZRTOS-G4.2.0.0
2023-12-07 15:26:44,541 [WARN] PackLoader:240 - Cannot read IP mode file for Infineon.AIROC-Wi-Fi-Bluetooth-STM32.1.5.1
2023-12-07 15:26:44,548 [WARN] PackLoader:240 - Cannot read IP mode file for STMicroelectronics.FP-SNS-MOTENVWB1.1.3.0
2023-12-07 15:26:44,552 [WARN] PackLoader:240 - Cannot read IP mode file for STMicroelectronics.FP-SNS-MOTENVWB1.1.3.1
2023-12-07 15:26:44,556 [WARN] PackLoader:240 - Cannot read IP mode file for STMicroelectronics.X-CUBE-ISPU.2.0.0
2023-12-07 15:26:44,590 [WARN] PackLoader:240 - Cannot read IP mode file for STMicroelectronics.X-CUBE-MEMS1.10.0.0
2023-12-07 15:26:44,728 [WARN] PackLoader:240 - Cannot read IP mode file for portGmbH.I-Cube-SoM-uGOAL.1.1.0
2023-12-07 15:26:44,735 [WARN] PackLoader:240 - Cannot read IP mode file for STMicroelectronics.X-CUBE-ALS.1.0.1
2023-12-07 15:26:44,744 [WARN] PackLoader:240 - Cannot read IP mode file for STMicroelectronics.FP-ATR-ASTRA1.2.0.0
2023-12-07 15:26:44,760 [WARN] PackLoader:240 - Cannot read IP mode file for STMicroelectronics.X-CUBE-TOF1.3.4.0
2023-12-07 15:26:44,818 [WARN] PackLoader:240 - Cannot read IP mode file for STMicroelectronics.X-CUBE-AZRTOS-H7.3.2.0
2023-12-07 15:26:44,823 [INFO] ThirdParty:978 - Integrity check success = true
2023-12-07 15:26:44,823 [INFO] IntegrityCheckThread:100 - exiting critical section [integrity check]
2023-12-07 15:26:44,823 [INFO] IntegrityCheckThread:103 - End integrity checks thread
2023-12-07 15:27:04,325 [ERROR] LogOutputStream:75 - [STDERR_REDIRECT] SLF4J: Failed to load class "org.slf4j.impl.StaticLoggerBinder".
2023-12-07 15:27:04,326 [ERROR] LogOutputStream:75 - [STDERR_REDIRECT] SLF4J: Defaulting to no-operation (NOP) logger implementation
2023-12-07 15:27:04,327 [ERROR] LogOutputStream:75 - [STDERR_REDIRECT] SLF4J: See http://www.slf4j.org/codes.html#StaticLoggerBinder for further details.
2023-12-07 16:20:03,301 [ERROR] LogOutputStream:75 - [STDERR_REDIRECT] 
