2024-02-11 13:34:58,334 [INFO] Activator:176 - 


2024-02-11 13:34:58,350 [INFO] Activator:177 - !SESSION log4j initialized
2024-02-11 13:35:04,537 [INFO] LogOutputStream:77 - [STDOUT_REDIRECT] 
2024-02-11 13:35:05,698 [INFO] ApplicationProperties:184 - Using Application install path: C:\ST\STM32CubeIDE_1.13.1\STM32CubeIDE\plugins\com.st.stm32cube.common.mx_6.9.1.202307191849
2024-02-11 13:35:05,724 [INFO] DbMcusXml:78 - Set database path to: C:\ST\STM32CubeIDE_1.13.1\STM32CubeIDE\plugins\com.st.stm32cube.common.mx_6.9.1.202307191849\\db\/mcu/
2024-02-11 13:35:05,724 [INFO] ApiDb:274 - Set plugin database path to: C:\ST\STM32CubeIDE_1.13.1\STM32CubeIDE\plugins\com.st.stm32cube.common.mx_6.9.1.202307191849\\db\/plugins/boardmanager/
2024-02-11 13:35:05,725 [WARN] ApiDb:259 - Overriding images path with different value:  => C:\ST\STM32CubeIDE_1.13.1\STM32CubeIDE\plugins\com.st.stm32cube.common.mx_6.9.1.202307191849\\db\/plugins/mcufinder/images/
2024-02-11 13:35:05,742 [INFO] ApiDb:250 - Set database path to: C:\Users\james\.stmcufinder\plugins\mcufinder//mcu/
2024-02-11 13:35:05,744 [INFO] DbMcusAds:125 - Set database path to: C:\Users\james\.stmcufinder\plugins\mcufinder//mcu/
2024-02-11 13:35:05,746 [INFO] CrossReferenceDbSqlite:203 - Set database path to: C:\Users\james\.stmcufinder\plugins\mcufinder//mcu/cs/
2024-02-11 13:35:05,918 [INFO] RulesReader:64 - Compatibility file has been processed (293 Rules)
2024-02-11 13:35:06,079 [INFO] DbMcusXml:78 - Set database path to: C:\ST\STM32CubeIDE_1.13.1\STM32CubeIDE\plugins\com.st.stm32cube.common.mx_6.9.1.202307191849\\db\/mcu/
2024-02-11 13:35:06,079 [INFO] ApiDb:274 - Set plugin database path to: C:\ST\STM32CubeIDE_1.13.1\STM32CubeIDE\plugins\com.st.stm32cube.common.mx_6.9.1.202307191849\\db\/plugins/boardmanager/
2024-02-11 13:35:06,079 [INFO] ApiDb:261 - Set plugin images path to: C:\ST\STM32CubeIDE_1.13.1\STM32CubeIDE\plugins\com.st.stm32cube.common.mx_6.9.1.202307191849\\db\/plugins/mcufinder/images/
2024-02-11 13:35:06,079 [WARN] DbFile:41 - Overriding database path with different value: C:\Users\james\.stmcufinder\plugins\mcufinder/ => C:\Users\james\.stmcufinder\plugins\mcufinder
2024-02-11 13:35:06,080 [INFO] ApiDb:250 - Set database path to: C:\Users\james\.stmcufinder\plugins\mcufinder//mcu/
2024-02-11 13:35:06,080 [WARN] DbFile:41 - Overriding database path with different value: C:\Users\james\.stmcufinder\plugins\mcufinder/ => C:\Users\james\.stmcufinder\plugins\mcufinder
2024-02-11 13:35:06,080 [INFO] DbMcusAds:125 - Set database path to: C:\Users\james\.stmcufinder\plugins\mcufinder//mcu/
2024-02-11 13:35:06,080 [WARN] DbFile:41 - Overriding database path with different value: C:\Users\james\.stmcufinder\plugins\mcufinder/ => C:\Users\james\.stmcufinder\plugins\mcufinder
2024-02-11 13:35:06,080 [WARN] DbFile:41 - Overriding database path with different value: C:\Users\james\.stmcufinder\plugins\mcufinder/ => C:\Users\james\.stmcufinder\plugins\mcufinder
2024-02-11 13:35:06,080 [INFO] CrossReferenceDbSqlite:203 - Set database path to: C:\Users\james\.stmcufinder\plugins\mcufinder//mcu/cs/
2024-02-11 13:35:06,200 [INFO] MainPanel:262 - HeapMemory: 268435456
2024-02-11 13:35:06,355 [INFO] DbMcusXml:78 - Set database path to: C:\ST\STM32CubeIDE_1.13.1\STM32CubeIDE\plugins\com.st.stm32cube.common.mx_6.9.1.202307191849\\db\/mcu/
2024-02-11 13:35:06,355 [INFO] ApiDb:274 - Set plugin database path to: C:\ST\STM32CubeIDE_1.13.1\STM32CubeIDE\plugins\com.st.stm32cube.common.mx_6.9.1.202307191849\\db\/plugins/boardmanager/
2024-02-11 13:35:06,355 [INFO] ApiDb:261 - Set plugin images path to: C:\ST\STM32CubeIDE_1.13.1\STM32CubeIDE\plugins\com.st.stm32cube.common.mx_6.9.1.202307191849\\db\/plugins/mcufinder/images/
2024-02-11 13:35:06,356 [WARN] DbFile:41 - Overriding database path with different value: C:\Users\james\.stmcufinder\plugins\mcufinder/ => C:\Users\james\.stmcufinder\plugins\mcufinder
2024-02-11 13:35:06,356 [INFO] ApiDb:250 - Set database path to: C:\Users\james\.stmcufinder\plugins\mcufinder//mcu/
2024-02-11 13:35:06,356 [WARN] DbFile:41 - Overriding database path with different value: C:\Users\james\.stmcufinder\plugins\mcufinder/ => C:\Users\james\.stmcufinder\plugins\mcufinder
2024-02-11 13:35:06,356 [INFO] DbMcusAds:125 - Set database path to: C:\Users\james\.stmcufinder\plugins\mcufinder//mcu/
2024-02-11 13:35:06,356 [WARN] DbFile:41 - Overriding database path with different value: C:\Users\james\.stmcufinder\plugins\mcufinder/ => C:\Users\james\.stmcufinder\plugins\mcufinder
2024-02-11 13:35:06,357 [WARN] DbFile:41 - Overriding database path with different value: C:\Users\james\.stmcufinder\plugins\mcufinder/ => C:\Users\james\.stmcufinder\plugins\mcufinder
2024-02-11 13:35:06,357 [INFO] CrossReferenceDbSqlite:203 - Set database path to: C:\Users\james\.stmcufinder\plugins\mcufinder//mcu/cs/
2024-02-11 13:35:06,382 [INFO] ApplicationProperties:184 - Using Application install path: C:\ST\STM32CubeIDE_1.13.1\STM32CubeIDE\plugins\com.st.stm32cube.common.mx_6.9.1.202307191849
2024-02-11 13:35:06,384 [INFO] PluginManage:196 - Search for loadable plugins [exclusion list=, ]
2024-02-11 13:35:06,386 [INFO] PluginManage:310 - Check plugin analytics
2024-02-11 13:35:06,626 [INFO] AnalyticsPlugin:253 - Accepted Software Licenses: 
2024-02-11 13:35:06,626 [INFO] AnalyticsPlugin:255 - Accepted CMSIS Pack Licenses: 
2024-02-11 13:35:06,627 [INFO] AnalyticsPlugin:257 - Accepted Firmware Licenses: FW.L4.1.18.0
2024-02-11 13:35:06,630 [INFO] PluginManage:359 - Loaded plugin analytics (category:tool,tabindex:-1)
2024-02-11 13:35:06,631 [INFO] PluginManage:310 - Check plugin cadmodel
2024-02-11 13:35:06,637 [INFO] CADModel:105 - Init CAD model plugin
2024-02-11 13:35:06,637 [INFO] PluginManage:359 - Loaded plugin cadmodel (category:power,tabindex:5)
2024-02-11 13:35:06,637 [INFO] PluginManage:310 - Check plugin clock
2024-02-11 13:35:06,653 [INFO] PluginManage:359 - Loaded plugin clock (category:base,tabindex:2)
2024-02-11 13:35:06,653 [INFO] PluginManage:310 - Check plugin ddr
2024-02-11 13:35:06,656 [INFO] PluginManage:359 - Loaded plugin ddr (category:tool,tabindex:6)
2024-02-11 13:35:06,657 [INFO] PluginManage:310 - Check plugin filemanager
2024-02-11 13:35:06,861 [INFO] PluginManage:359 - Loaded plugin filemanager (category:base,tabindex:10)
2024-02-11 13:35:06,862 [INFO] PluginManage:310 - Check plugin ipmanager
2024-02-11 13:35:06,871 [INFO] PluginManage:359 - Loaded plugin ipmanager (category:base,tabindex:5)
2024-02-11 13:35:06,871 [INFO] PluginManage:310 - Check plugin lpbam
2024-02-11 13:35:06,884 [INFO] PluginManage:359 - Loaded plugin lpbam (category:base,tabindex:0)
2024-02-11 13:35:06,885 [INFO] PluginManage:310 - Check plugin memorymap
2024-02-11 13:35:06,907 [INFO] PluginManage:359 - Loaded plugin memorymap (category:base,tabindex:4)
2024-02-11 13:35:06,908 [INFO] PluginManage:310 - Check plugin pinoutandconfiguration
2024-02-11 13:35:06,921 [INFO] PluginManage:359 - Loaded plugin pinoutandconfiguration (category:base,tabindex:1)
2024-02-11 13:35:06,921 [INFO] PluginManage:310 - Check plugin pinoutconfig
2024-02-11 13:35:07,060 [WARN] SupportedApi:132 - Cannot load RTOS API schema: s4s-elt-must-match.1: The content of 'definitions' must match (annotation?, (simpleType | complexType)?, (unique | key | keyref)*)). A problem was found starting at: attribute.
2024-02-11 13:35:07,263 [INFO] PluginManage:359 - Loaded plugin pinoutconfig (category:base,tabindex:0)
2024-02-11 13:35:07,263 [INFO] PluginManage:310 - Check plugin power
2024-02-11 13:35:07,279 [INFO] PluginManage:359 - Loaded plugin power (category:power,tabindex:4)
2024-02-11 13:35:07,279 [INFO] PluginManage:310 - Check plugin projectmanager
2024-02-11 13:35:07,301 [INFO] PluginManage:359 - Loaded plugin projectmanager (category:projectmanager,tabindex:3)
2024-02-11 13:35:07,302 [INFO] PluginManage:310 - Check plugin thirdparty
2024-02-11 13:35:07,481 [WARN] IntegrityCheckThread:84 - waiting for thirdparty lock release [integrity check]
2024-02-11 13:35:07,482 [INFO] IntegrityCheckThread:86 - entering critical section [integrity check]
2024-02-11 13:35:07,482 [INFO] PluginManage:359 - Loaded plugin thirdparty (category:base,tabindex:-1)
2024-02-11 13:35:07,482 [INFO] PluginManage:310 - Check plugin tools
2024-02-11 13:35:07,482 [INFO] ThirdPartyUpdaterWithRetryManager:70 - Updater plugin not ready yet. [1/15]
2024-02-11 13:35:07,485 [INFO] PluginManage:359 - Loaded plugin tools (category:base,tabindex:7)
2024-02-11 13:35:07,486 [INFO] PluginManage:310 - Check plugin tutovideos
2024-02-11 13:35:07,749 [INFO] PluginManage:359 - Loaded plugin tutovideos (category:base,tabindex:-1)
2024-02-11 13:35:07,749 [INFO] PluginManage:310 - Check plugin updater
2024-02-11 13:35:07,765 [INFO] PluginManage:359 - Loaded plugin updater (category:base,tabindex:12)
2024-02-11 13:35:07,766 [INFO] PluginManage:310 - Check plugin userauth
2024-02-11 13:35:07,773 [INFO] UserAuth:113 - Init User Auth plugin
2024-02-11 13:35:07,773 [INFO] PluginManage:359 - Loaded plugin userauth (category:base,tabindex:14)
2024-02-11 13:35:07,773 [INFO] PluginManage:283 - PluginManage : Loaded plugins [17]
2024-02-11 13:35:08,087 [INFO] PinOutPanel:1499 - setPackage(No Configuration,No Configuration)
2024-02-11 13:35:08,233 [INFO] CADModel:165 - CPN selected for project level
2024-02-11 13:35:08,233 [INFO] CADModel:114 - Register for checkConnection events
2024-02-11 13:35:08,256 [INFO] IPUIPlugin:80 - create IPUIPlugin
2024-02-11 13:35:08,256 [INFO] PluginManager:220 - loadIPPluginJar : add adc
2024-02-11 13:35:08,259 [INFO] IPUIPlugin:80 - create IPUIPlugin
2024-02-11 13:35:08,260 [INFO] PluginManager:220 - loadIPPluginJar : add aes
2024-02-11 13:35:08,262 [INFO] IPUIPlugin:80 - create IPUIPlugin
2024-02-11 13:35:08,263 [INFO] PluginManager:220 - loadIPPluginJar : add can
2024-02-11 13:35:08,264 [INFO] IPUIPlugin:80 - create IPUIPlugin
2024-02-11 13:35:08,264 [INFO] PluginManager:220 - loadIPPluginJar : add comp
2024-02-11 13:35:08,267 [INFO] IPUIPlugin:80 - create IPUIPlugin
2024-02-11 13:35:08,267 [INFO] PluginManager:220 - loadIPPluginJar : add cryp
2024-02-11 13:35:08,270 [INFO] IPUIPlugin:80 - create IPUIPlugin
2024-02-11 13:35:08,270 [INFO] PluginManager:220 - loadIPPluginJar : add dfsdm
2024-02-11 13:35:08,277 [INFO] IPUIPlugin:80 - create IPUIPlugin
2024-02-11 13:35:08,279 [INFO] PluginManager:220 - loadIPPluginJar : add dma
2024-02-11 13:35:08,282 [INFO] IPUIPlugin:80 - create IPUIPlugin
2024-02-11 13:35:08,282 [INFO] PluginManager:220 - loadIPPluginJar : add dma3
2024-02-11 13:35:08,284 [INFO] IPUIPlugin:80 - create IPUIPlugin
2024-02-11 13:35:08,284 [INFO] PluginManager:220 - loadIPPluginJar : add fatfs
2024-02-11 13:35:08,290 [INFO] IPUIPlugin:80 - create IPUIPlugin
2024-02-11 13:35:08,290 [INFO] PluginManager:220 - loadIPPluginJar : add fmc
2024-02-11 13:35:08,301 [INFO] IPUIPlugin:80 - create IPUIPlugin
2024-02-11 13:35:08,301 [INFO] PluginManager:220 - loadIPPluginJar : add freertos
2024-02-11 13:35:08,304 [INFO] IPUIPlugin:80 - create IPUIPlugin
2024-02-11 13:35:08,304 [INFO] PluginManager:220 - loadIPPluginJar : add genericplugin
2024-02-11 13:35:08,308 [INFO] IPUIPlugin:80 - create IPUIPlugin
2024-02-11 13:35:08,308 [INFO] PluginManager:220 - loadIPPluginJar : add gfxmmu
2024-02-11 13:35:08,314 [INFO] IPUIPlugin:80 - create IPUIPlugin
2024-02-11 13:35:08,314 [INFO] PluginManager:220 - loadIPPluginJar : add gic
2024-02-11 13:35:08,322 [INFO] IPUIPlugin:80 - create IPUIPlugin
2024-02-11 13:35:08,322 [INFO] PluginManager:220 - loadIPPluginJar : add gpio
2024-02-11 13:35:08,327 [INFO] IPUIPlugin:80 - create IPUIPlugin
2024-02-11 13:35:08,327 [INFO] PluginManager:220 - loadIPPluginJar : add gtzc
2024-02-11 13:35:08,330 [INFO] IPUIPlugin:80 - create IPUIPlugin
2024-02-11 13:35:08,331 [INFO] PluginManager:220 - loadIPPluginJar : add hash
2024-02-11 13:35:08,336 [INFO] IPUIPlugin:80 - create IPUIPlugin
2024-02-11 13:35:08,336 [INFO] PluginManager:220 - loadIPPluginJar : add i2c
2024-02-11 13:35:08,340 [INFO] IPUIPlugin:80 - create IPUIPlugin
2024-02-11 13:35:08,340 [INFO] PluginManager:220 - loadIPPluginJar : add i2s
2024-02-11 13:35:08,344 [INFO] IPUIPlugin:80 - create IPUIPlugin
2024-02-11 13:35:08,344 [INFO] PluginManager:220 - loadIPPluginJar : add i3c
2024-02-11 13:35:08,350 [INFO] IPUIPlugin:80 - create IPUIPlugin
2024-02-11 13:35:08,350 [INFO] PluginManager:220 - loadIPPluginJar : add ipddr
2024-02-11 13:35:08,364 [INFO] IPUIPlugin:80 - create IPUIPlugin
2024-02-11 13:35:08,364 [INFO] PluginManager:220 - loadIPPluginJar : add linkedlist
2024-02-11 13:35:08,368 [INFO] IPUIPlugin:80 - create IPUIPlugin
2024-02-11 13:35:08,368 [INFO] PluginManager:220 - loadIPPluginJar : add lorawan
2024-02-11 13:35:08,372 [INFO] IPUIPlugin:80 - create IPUIPlugin
2024-02-11 13:35:08,372 [INFO] PluginManager:220 - loadIPPluginJar : add ltdc
2024-02-11 13:35:08,380 [INFO] IPUIPlugin:80 - create IPUIPlugin
2024-02-11 13:35:08,380 [INFO] PluginManager:220 - loadIPPluginJar : add mdma
2024-02-11 13:35:08,385 [INFO] IPUIPlugin:80 - create IPUIPlugin
2024-02-11 13:35:08,385 [INFO] PluginManager:220 - loadIPPluginJar : add nvic
2024-02-11 13:35:08,390 [INFO] IPUIPlugin:80 - create IPUIPlugin
2024-02-11 13:35:08,390 [INFO] PluginManager:220 - loadIPPluginJar : add opamp
2024-02-11 13:35:08,394 [INFO] IPUIPlugin:80 - create IPUIPlugin
2024-02-11 13:35:08,394 [INFO] PluginManager:220 - loadIPPluginJar : add openamp
2024-02-11 13:35:08,400 [INFO] IPUIPlugin:80 - create IPUIPlugin
2024-02-11 13:35:08,401 [INFO] PluginManager:220 - loadIPPluginJar : add pdm2pcm
2024-02-11 13:35:08,410 [INFO] IPUIPlugin:80 - create IPUIPlugin
2024-02-11 13:35:08,414 [INFO] PluginManager:220 - loadIPPluginJar : add plateformsettings
2024-02-11 13:35:08,419 [INFO] IPUIPlugin:80 - create IPUIPlugin
2024-02-11 13:35:08,419 [INFO] PluginManager:220 - loadIPPluginJar : add quadspi
2024-02-11 13:35:08,426 [INFO] IPUIPlugin:80 - create IPUIPlugin
2024-02-11 13:35:08,426 [INFO] PluginManager:220 - loadIPPluginJar : add resmgrutility
2024-02-11 13:35:08,432 [INFO] IPUIPlugin:80 - create IPUIPlugin
2024-02-11 13:35:08,433 [INFO] PluginManager:220 - loadIPPluginJar : add sai
2024-02-11 13:35:08,438 [INFO] IPUIPlugin:80 - create IPUIPlugin
2024-02-11 13:35:08,438 [INFO] PluginManager:220 - loadIPPluginJar : add spi
2024-02-11 13:35:08,445 [INFO] IPUIPlugin:80 - create IPUIPlugin
2024-02-11 13:35:08,445 [INFO] PluginManager:220 - loadIPPluginJar : add stm32_wpan
2024-02-11 13:35:08,449 [INFO] IPUIPlugin:80 - create IPUIPlugin
2024-02-11 13:35:08,449 [INFO] PluginManager:220 - loadIPPluginJar : add tim
2024-02-11 13:35:08,456 [INFO] IPUIPlugin:80 - create IPUIPlugin
2024-02-11 13:35:08,456 [INFO] PluginManager:220 - loadIPPluginJar : add touchsensing
2024-02-11 13:35:08,460 [INFO] IPUIPlugin:80 - create IPUIPlugin
2024-02-11 13:35:08,460 [INFO] PluginManager:220 - loadIPPluginJar : add tracer_emb
2024-02-11 13:35:08,464 [INFO] IPUIPlugin:80 - create IPUIPlugin
2024-02-11 13:35:08,464 [INFO] PluginManager:220 - loadIPPluginJar : add ts
2024-02-11 13:35:08,468 [INFO] IPUIPlugin:80 - create IPUIPlugin
2024-02-11 13:35:08,469 [INFO] PluginManager:220 - loadIPPluginJar : add tsc
2024-02-11 13:35:08,473 [INFO] IPUIPlugin:80 - create IPUIPlugin
2024-02-11 13:35:08,473 [INFO] PluginManager:220 - loadIPPluginJar : add ucpd
2024-02-11 13:35:08,477 [INFO] IPUIPlugin:80 - create IPUIPlugin
2024-02-11 13:35:08,477 [INFO] PluginManager:220 - loadIPPluginJar : add usart
2024-02-11 13:35:08,483 [INFO] IPUIPlugin:80 - create IPUIPlugin
2024-02-11 13:35:08,483 [INFO] PluginManager:220 - loadIPPluginJar : add usbx
2024-02-11 13:35:08,638 [INFO] CADModel:165 - CPN selected for project level
2024-02-11 13:35:08,639 [INFO] CADModel:114 - Register for checkConnection events
2024-02-11 13:35:08,639 [FATAL] Updater:308 - Updater called before beeing initialized
2024-02-11 13:35:08,640 [ERROR] CADModel:125 - Updater not yet initialized, retry later 
2024-02-11 13:35:08,898 [INFO] CADModel:165 - CPN selected for project level
2024-02-11 13:35:08,898 [INFO] CADModel:114 - Register for checkConnection events
2024-02-11 13:35:08,898 [FATAL] Updater:308 - Updater called before beeing initialized
2024-02-11 13:35:08,898 [ERROR] CADModel:125 - Updater not yet initialized, retry later 
2024-02-11 13:35:08,902 [FATAL] Updater:308 - Updater called before beeing initialized
2024-02-11 13:35:09,034 [FATAL] Updater:308 - Updater called before beeing initialized
2024-02-11 13:35:09,041 [INFO] DbMcusAds:53 - JSON generation date=Tue Mar 07 03:50:55 EST 2023 (1678179055114)
2024-02-11 13:35:09,041 [FATAL] Updater:308 - Updater called before beeing initialized
2024-02-11 13:35:09,097 [WARN] DetailPanel:346 - Failed to get advertising image, set to default
2024-02-11 13:35:09,219 [FATAL] Updater:308 - Updater called before beeing initialized
2024-02-11 13:35:09,221 [FATAL] Updater:308 - Updater called before beeing initialized
2024-02-11 13:35:09,221 [FATAL] Updater:308 - Updater called before beeing initialized
2024-02-11 13:35:09,221 [WARN] DetailPanel:346 - Failed to get advertising image, set to default
2024-02-11 13:35:09,222 [FATAL] Updater:308 - Updater called before beeing initialized
2024-02-11 13:35:09,269 [ERROR] Updater:1120 - MainUpdater not yet initialized. External WinMGr cannot be set.
2024-02-11 13:35:09,271 [INFO] Updater:1056 - Updater Version found : 6.9.1
2024-02-11 13:35:09,291 [INFO] ApplicationProperties:184 - Using Application install path: C:\ST\STM32CubeIDE_1.13.1\STM32CubeIDE\plugins\com.st.stm32cube.common.mx_6.9.1.202307191849
2024-02-11 13:35:09,425 [INFO] MainUpdater:2868 - connection check result : 10
2024-02-11 13:35:09,425 [INFO] MainUpdater:3562 - Updater definition file requires update
2024-02-11 13:35:09,426 [INFO] MainUpdater:285 - Updater Check For Update Now.
2024-02-11 13:35:09,427 [INFO] MicroXplorer:498 - Change Database Version : DB.6.0.91
2024-02-11 13:35:09,435 [INFO] McuFinderGlobals:63 - Set McuFinder mode to 2 (CubeIDE integrated)
2024-02-11 13:35:09,435 [INFO] UserAuth:179 - activating auth plugin
2024-02-11 13:35:09,437 [INFO] UserAuth:393 - Internet connection configuration mode: 1
2024-02-11 13:35:09,455 [INFO] JxBrowserEngine:151 - Initiate JxBrowser Engine with user profile folder
2024-02-11 13:35:09,462 [INFO] ServerAccessManage:473 - Download File updaters.zip
2024-02-11 13:35:09,550 [INFO] FileExtend:240 - Unzip File : updaters.zip
2024-02-11 13:35:09,550 [INFO] FileExtend:255 - Standard Zip Deflate
2024-02-11 13:35:10,074 [INFO] ServerAccessManage:473 - Download File PacksControlFlags.xml
2024-02-11 13:35:10,171 [INFO] ServerAccessManage:473 - Download File cubemx.pidx
2024-02-11 13:35:10,299 [INFO] LoadServerUpdatesThread:373 - End of LoadServerUpdate Thread
2024-02-11 13:35:10,476 [INFO] CheckServerUpdateThread:120 - End of CheckServer Thread
2024-02-11 13:35:10,696 [INFO] WebApp:157 - Instantiating new browser for Auth
2024-02-11 13:35:10,859 [WARN] PackLoader:240 - Cannot read IP mode file for STMicroelectronics.X-CUBE-SMBUS.2.1.0
2024-02-11 13:35:10,874 [WARN] PackLoader:240 - Cannot read IP mode file for STMicroelectronics.X-CUBE-TOUCHGFX.4.23.0
2024-02-11 13:35:10,923 [WARN] PackLoader:240 - Cannot read IP mode file for STMicroelectronics.X-CUBE-AZRTOS-F7.1.1.0
2024-02-11 13:35:10,939 [WARN] PackLoader:240 - Cannot read IP mode file for STMicroelectronics.FP-SNS-MOTENV1.4.3.2
2024-02-11 13:35:10,955 [WARN] PackLoader:240 - Cannot read IP mode file for STMicroelectronics.X-CUBE-DISPLAY.3.0.0
2024-02-11 13:35:10,975 [WARN] PackLoader:240 - Cannot read IP mode file for emotas.I-CUBE-CANOPEN.1.3.0
2024-02-11 13:35:10,980 [WARN] PackLoader:240 - Cannot read IP mode file for STMicroelectronics.X-CUBE-TOUCHGFX.4.22.0
2024-02-11 13:35:10,986 [WARN] PackLoader:240 - Cannot read IP mode file for STMicroelectronics.X-CUBE-TOUCHGFX.4.22.1
2024-02-11 13:35:10,998 [WARN] PackLoader:240 - Cannot read IP mode file for STMicroelectronics.FP-SNS-SMARTAG2.1.2.0
2024-02-11 13:35:11,017 [INFO] LogOutputStream:77 - [STDOUT_REDIRECT] 1 : Invalid condition id : UX_CORESTACK_Condition cause : null
2024-02-11 13:35:11,018 [INFO] LogOutputStream:77 - [STDOUT_REDIRECT] 1 : Invalid condition id : UX_CORESTACK_Condition cause : null
2024-02-11 13:35:11,022 [INFO] LogOutputStream:77 - [STDOUT_REDIRECT] 1 : Invalid condition id : UX_CORESTACK_Condition cause : null
2024-02-11 13:35:11,024 [INFO] LogOutputStream:77 - [STDOUT_REDIRECT] 1 : Invalid condition id : UX_CORESTACK_Condition cause : null
2024-02-11 13:35:11,028 [INFO] LogOutputStream:77 - [STDOUT_REDIRECT] 1 : Invalid condition id : UX_CORESTACK_Condition cause : null
2024-02-11 13:35:11,039 [WARN] PackLoader:240 - Cannot read IP mode file for STMicroelectronics.X-CUBE-AZRTOS-WL.2.0.0
2024-02-11 13:35:11,062 [WARN] PackLoader:240 - Cannot read IP mode file for WES.I-CUBE-Cesium.1.3.0
2024-02-11 13:35:11,078 [WARN] PackLoader:240 - Cannot read IP mode file for STMicroelectronics.X-CUBE-BLE2.3.3.0
2024-02-11 13:35:11,090 [WARN] PackLoader:240 - Cannot read IP mode file for STMicroelectronics.X-CUBE-ALGOBUILD.1.3.0
2024-02-11 13:35:11,123 [WARN] PackLoader:240 - Cannot read IP mode file for STMicroelectronics.X-CUBE-AZRTOS-G0.1.1.0
2024-02-11 13:35:11,137 [WARN] PackLoader:240 - Cannot read IP mode file for STMicroelectronics.X-CUBE-NFC4.3.0.0
2024-02-11 13:35:11,152 [WARN] PackLoader:240 - Cannot read IP mode file for STMicroelectronics.X-CUBE-BLEMGR.3.0.0
2024-02-11 13:35:11,162 [WARN] PackLoader:240 - Cannot read IP mode file for STMicroelectronics.FP-ATR-SIGFOX1.3.2.0
2024-02-11 13:35:11,169 [WARN] PackLoader:240 - Cannot read IP mode file for STMicroelectronics.X-CUBE-EEPRMA1.5.1.0
2024-02-11 13:35:11,214 [WARN] PackLoader:240 - Cannot read IP mode file for SEGGER.I-CUBE-embOS.1.3.1
2024-02-11 13:35:11,275 [WARN] PackLoader:240 - Cannot read IP mode file for STMicroelectronics.X-CUBE-GNSS1.6.0.0
2024-02-11 13:35:11,319 [WARN] PackLoader:240 - Cannot read IP mode file for STMicroelectronics.X-CUBE-AZRTOS-F4.1.1.0
2024-02-11 13:35:11,342 [WARN] PackLoader:240 - Cannot read IP mode file for wolfSSL.I-CUBE-wolfSSL.5.6.3
2024-02-11 13:35:11,380 [WARN] PackLoader:240 - Cannot read IP mode file for STMicroelectronics.X-CUBE-AZRTOS-L5.2.0.0
2024-02-11 13:35:11,451 [WARN] PackLoader:240 - Cannot read IP mode file for STMicroelectronics.X-CUBE-MEMS1.9.6.0
2024-02-11 13:35:11,664 [WARN] PackLoader:240 - Cannot read IP mode file for STMicroelectronics.X-CUBE-EEPRMA1.4.2.0
2024-02-11 13:35:11,674 [WARN] PackLoader:240 - Cannot read IP mode file for ITTIA_DB.I-CUBE-ITTIADB.8.8.0
2024-02-11 13:35:11,682 [WARN] PackLoader:240 - Cannot read IP mode file for STMicroelectronics.X-CUBE-BLEMGR.2.0.0
2024-02-11 13:35:11,702 [WARN] ConditionMgr:438 - getConditionDescription Invalid condition id : UX DEVICE CLASS RTOS Condition cause : null
2024-02-11 13:35:11,703 [WARN] ConditionMgr:438 - getConditionDescription Invalid condition id : UX DEVICE CLASS RTOS Condition cause : null
2024-02-11 13:35:11,706 [WARN] PackLoader:240 - Cannot read IP mode file for STMicroelectronics.X-CUBE-AZRTOS-H7.3.1.0
2024-02-11 13:35:11,708 [WARN] ConditionMgr:1039 - genDependencies : Invalid condition id : UX DEVICE CLASS RTOS Condition cause : null
2024-02-11 13:35:11,708 [WARN] ConditionMgr:1039 - genDependencies : Invalid condition id : UX DEVICE CLASS RTOS Condition cause : null
2024-02-11 13:35:11,708 [WARN] ConditionMgr:1039 - genDependencies : Invalid condition id : UX DEVICE CLASS RTOS Condition cause : null
2024-02-11 13:35:11,709 [WARN] ConditionMgr:1039 - genDependencies : Invalid condition id : UX DEVICE CLASS RTOS Condition cause : null
2024-02-11 13:35:11,709 [WARN] ConditionMgr:1039 - genDependencies : Invalid condition id : UX DEVICE CLASS RTOS Condition cause : null
2024-02-11 13:35:11,718 [WARN] PackLoader:240 - Cannot read IP mode file for STMicroelectronics.X-CUBE-NFC7.1.0.1
2024-02-11 13:35:11,728 [WARN] PackLoader:240 - Cannot read IP mode file for STMicroelectronics.X-CUBE-NFC6.3.0.0
2024-02-11 13:35:11,736 [WARN] PackLoader:240 - Cannot read IP mode file for STMicroelectronics.X-CUBE-EEPRMA1.4.1.0
2024-02-11 13:35:11,756 [WARN] ConditionMgr:438 - getConditionDescription Invalid condition id : LAN8742 Phy interface Condition cause : null
2024-02-11 13:35:11,757 [WARN] PackLoader:240 - Cannot read IP mode file for STMicroelectronics.X-CUBE-AZRTOS-L4.2.0.0
2024-02-11 13:35:11,758 [WARN] ConditionMgr:1039 - genDependencies : Invalid condition id : LAN8742 Phy interface Condition cause : null
2024-02-11 13:35:11,759 [WARN] ConditionMgr:1039 - genDependencies : Invalid condition id : LAN8742 Phy interface Condition cause : null
2024-02-11 13:35:11,759 [WARN] ConditionMgr:1039 - genDependencies : Invalid condition id : LAN8742 Phy interface Condition cause : null
2024-02-11 13:35:11,768 [WARN] PackLoader:240 - Cannot read IP mode file for STMicroelectronics.X-CUBE-SFXS2LP1.4.0.0
2024-02-11 13:35:11,775 [WARN] PackLoader:240 - Cannot read IP mode file for STMicroelectronics.X-CUBE-ISPU.1.1.0
2024-02-11 13:35:11,775 [INFO] WebApp:753 - Register for checkConnection events
2024-02-11 13:35:11,776 [INFO] WebApp:390 - Apply proxy settings
2024-02-11 13:35:11,776 [INFO] WebApp:475 - Chromium requires no authentication
2024-02-11 13:35:11,789 [WARN] ConditionMgr:438 - getConditionDescription Invalid condition id : UX DEVICE CLASS RTOS Condition cause : null
2024-02-11 13:35:11,790 [WARN] ConditionMgr:438 - getConditionDescription Invalid condition id : UX DEVICE CLASS RTOS Condition cause : null
2024-02-11 13:35:11,790 [INFO] WebApp:418 - Direct internet connection detected
2024-02-11 13:35:11,792 [WARN] PackLoader:240 - Cannot read IP mode file for STMicroelectronics.X-CUBE-AZRTOS-WB.2.0.0
2024-02-11 13:35:11,792 [WARN] ConditionMgr:1039 - genDependencies : Invalid condition id : UX DEVICE CLASS RTOS Condition cause : null
2024-02-11 13:35:11,793 [WARN] ConditionMgr:1039 - genDependencies : Invalid condition id : UX DEVICE CLASS RTOS Condition cause : null
2024-02-11 13:35:11,793 [WARN] ConditionMgr:1039 - genDependencies : Invalid condition id : UX DEVICE CLASS RTOS Condition cause : null
2024-02-11 13:35:11,793 [WARN] ConditionMgr:1039 - genDependencies : Invalid condition id : UX DEVICE CLASS RTOS Condition cause : null
2024-02-11 13:35:11,794 [WARN] ConditionMgr:1039 - genDependencies : Invalid condition id : UX DEVICE CLASS RTOS Condition cause : null
2024-02-11 13:35:11,812 [WARN] PackLoader:240 - Cannot read IP mode file for STMicroelectronics.X-CUBE-SUBG2.5.0.0
2024-02-11 13:35:11,828 [WARN] PackLoader:240 - Cannot read IP mode file for STMicroelectronics.X-CUBE-TOF1.3.3.1
2024-02-11 13:35:11,850 [WARN] PackLoader:240 - Cannot read IP mode file for STMicroelectronics.X-CUBE-AZRTOS-G4.2.0.0
2024-02-11 13:35:11,867 [WARN] PackLoader:240 - Cannot read IP mode file for Infineon.AIROC-Wi-Fi-Bluetooth-STM32.1.5.1
2024-02-11 13:35:11,886 [WARN] PackLoader:240 - Cannot read IP mode file for STMicroelectronics.FP-SNS-MOTENVWB1.1.3.0
2024-02-11 13:35:11,891 [WARN] PackLoader:240 - Cannot read IP mode file for STMicroelectronics.FP-SNS-MOTENVWB1.1.3.1
2024-02-11 13:35:11,897 [WARN] PackLoader:240 - Cannot read IP mode file for STMicroelectronics.X-CUBE-ISPU.2.0.0
2024-02-11 13:35:11,950 [WARN] PackLoader:240 - Cannot read IP mode file for STMicroelectronics.X-CUBE-MEMS1.10.0.0
2024-02-11 13:35:12,055 [WARN] PackLoader:240 - Cannot read IP mode file for portGmbH.I-Cube-SoM-uGOAL.1.1.0
2024-02-11 13:35:12,063 [WARN] PackLoader:240 - Cannot read IP mode file for STMicroelectronics.X-CUBE-ALS.1.0.1
2024-02-11 13:35:12,071 [WARN] PackLoader:240 - Cannot read IP mode file for STMicroelectronics.FP-ATR-ASTRA1.2.0.0
2024-02-11 13:35:12,079 [WARN] PackLoader:240 - Cannot read IP mode file for STMicroelectronics.X-CUBE-TOF1.3.4.0
2024-02-11 13:35:12,111 [WARN] PackLoader:240 - Cannot read IP mode file for STMicroelectronics.X-CUBE-AZRTOS-H7.3.2.0
2024-02-11 13:35:12,111 [INFO] ThirdParty:978 - Integrity check success = true
2024-02-11 13:35:12,111 [INFO] IntegrityCheckThread:100 - exiting critical section [integrity check]
2024-02-11 13:35:12,111 [INFO] IntegrityCheckThread:103 - End integrity checks thread
2024-02-11 13:35:12,135 [INFO] WebApp:188 - Starting web application
2024-02-11 13:35:12,135 [INFO] WebApp:520 - Web application path used C:\ST\STM32CubeIDE_1.13.1\STM32CubeIDE\plugins\com.st.stm32cube.common.mx_6.9.1.202307191849\db\plugins\mcufinder\reactClient1\index.html
2024-02-11 13:35:33,151 [ERROR] LogOutputStream:75 - [STDERR_REDIRECT] SLF4J: Failed to load class "org.slf4j.impl.StaticLoggerBinder".
2024-02-11 13:35:33,151 [ERROR] LogOutputStream:75 - [STDERR_REDIRECT] SLF4J: Defaulting to no-operation (NOP) logger implementation
2024-02-11 13:35:33,159 [ERROR] LogOutputStream:75 - [STDERR_REDIRECT] SLF4J: See http://www.slf4j.org/codes.html#StaticLoggerBinder for further details.
2024-02-11 13:38:35,075 [ERROR] LogOutputStream:75 - [STDERR_REDIRECT] 
