2024-01-25 18:19:36,751 [INFO] Activator:176 - 


2024-01-25 18:19:36,762 [INFO] Activator:177 - !SESSION log4j initialized
2024-01-25 18:19:41,014 [INFO] LogOutputStream:77 - [STDOUT_REDIRECT] 
2024-01-25 18:19:41,871 [INFO] ApplicationProperties:184 - Using Application install path: C:\ST\STM32CubeIDE_1.13.1\STM32CubeIDE\plugins\com.st.stm32cube.common.mx_6.9.1.202307191849
2024-01-25 18:19:41,888 [INFO] DbMcusXml:78 - Set database path to: C:\ST\STM32CubeIDE_1.13.1\STM32CubeIDE\plugins\com.st.stm32cube.common.mx_6.9.1.202307191849\\db\/mcu/
2024-01-25 18:19:41,888 [INFO] ApiDb:274 - Set plugin database path to: C:\ST\STM32CubeIDE_1.13.1\STM32CubeIDE\plugins\com.st.stm32cube.common.mx_6.9.1.202307191849\\db\/plugins/boardmanager/
2024-01-25 18:19:41,888 [WARN] ApiDb:259 - Overriding images path with different value:  => C:\ST\STM32CubeIDE_1.13.1\STM32CubeIDE\plugins\com.st.stm32cube.common.mx_6.9.1.202307191849\\db\/plugins/mcufinder/images/
2024-01-25 18:19:41,898 [INFO] ApiDb:250 - Set database path to: C:\Users\james\.stmcufinder\plugins\mcufinder//mcu/
2024-01-25 18:19:41,899 [INFO] DbMcusAds:125 - Set database path to: C:\Users\james\.stmcufinder\plugins\mcufinder//mcu/
2024-01-25 18:19:41,901 [INFO] CrossReferenceDbSqlite:203 - Set database path to: C:\Users\james\.stmcufinder\plugins\mcufinder//mcu/cs/
2024-01-25 18:19:41,994 [INFO] RulesReader:64 - Compatibility file has been processed (293 Rules)
2024-01-25 18:19:42,083 [INFO] DbMcusXml:78 - Set database path to: C:\ST\STM32CubeIDE_1.13.1\STM32CubeIDE\plugins\com.st.stm32cube.common.mx_6.9.1.202307191849\\db\/mcu/
2024-01-25 18:19:42,083 [INFO] ApiDb:274 - Set plugin database path to: C:\ST\STM32CubeIDE_1.13.1\STM32CubeIDE\plugins\com.st.stm32cube.common.mx_6.9.1.202307191849\\db\/plugins/boardmanager/
2024-01-25 18:19:42,083 [INFO] ApiDb:261 - Set plugin images path to: C:\ST\STM32CubeIDE_1.13.1\STM32CubeIDE\plugins\com.st.stm32cube.common.mx_6.9.1.202307191849\\db\/plugins/mcufinder/images/
2024-01-25 18:19:42,083 [WARN] DbFile:41 - Overriding database path with different value: C:\Users\james\.stmcufinder\plugins\mcufinder/ => C:\Users\james\.stmcufinder\plugins\mcufinder
2024-01-25 18:19:42,084 [INFO] ApiDb:250 - Set database path to: C:\Users\james\.stmcufinder\plugins\mcufinder//mcu/
2024-01-25 18:19:42,084 [WARN] DbFile:41 - Overriding database path with different value: C:\Users\james\.stmcufinder\plugins\mcufinder/ => C:\Users\james\.stmcufinder\plugins\mcufinder
2024-01-25 18:19:42,084 [INFO] DbMcusAds:125 - Set database path to: C:\Users\james\.stmcufinder\plugins\mcufinder//mcu/
2024-01-25 18:19:42,084 [WARN] DbFile:41 - Overriding database path with different value: C:\Users\james\.stmcufinder\plugins\mcufinder/ => C:\Users\james\.stmcufinder\plugins\mcufinder
2024-01-25 18:19:42,084 [WARN] DbFile:41 - Overriding database path with different value: C:\Users\james\.stmcufinder\plugins\mcufinder/ => C:\Users\james\.stmcufinder\plugins\mcufinder
2024-01-25 18:19:42,084 [INFO] CrossReferenceDbSqlite:203 - Set database path to: C:\Users\james\.stmcufinder\plugins\mcufinder//mcu/cs/
2024-01-25 18:19:42,169 [INFO] MainPanel:262 - HeapMemory: 268435456
2024-01-25 18:19:42,270 [INFO] DbMcusXml:78 - Set database path to: C:\ST\STM32CubeIDE_1.13.1\STM32CubeIDE\plugins\com.st.stm32cube.common.mx_6.9.1.202307191849\\db\/mcu/
2024-01-25 18:19:42,270 [INFO] ApiDb:274 - Set plugin database path to: C:\ST\STM32CubeIDE_1.13.1\STM32CubeIDE\plugins\com.st.stm32cube.common.mx_6.9.1.202307191849\\db\/plugins/boardmanager/
2024-01-25 18:19:42,270 [INFO] ApiDb:261 - Set plugin images path to: C:\ST\STM32CubeIDE_1.13.1\STM32CubeIDE\plugins\com.st.stm32cube.common.mx_6.9.1.202307191849\\db\/plugins/mcufinder/images/
2024-01-25 18:19:42,270 [WARN] DbFile:41 - Overriding database path with different value: C:\Users\james\.stmcufinder\plugins\mcufinder/ => C:\Users\james\.stmcufinder\plugins\mcufinder
2024-01-25 18:19:42,270 [INFO] ApiDb:250 - Set database path to: C:\Users\james\.stmcufinder\plugins\mcufinder//mcu/
2024-01-25 18:19:42,271 [WARN] DbFile:41 - Overriding database path with different value: C:\Users\james\.stmcufinder\plugins\mcufinder/ => C:\Users\james\.stmcufinder\plugins\mcufinder
2024-01-25 18:19:42,271 [INFO] DbMcusAds:125 - Set database path to: C:\Users\james\.stmcufinder\plugins\mcufinder//mcu/
2024-01-25 18:19:42,271 [WARN] DbFile:41 - Overriding database path with different value: C:\Users\james\.stmcufinder\plugins\mcufinder/ => C:\Users\james\.stmcufinder\plugins\mcufinder
2024-01-25 18:19:42,271 [WARN] DbFile:41 - Overriding database path with different value: C:\Users\james\.stmcufinder\plugins\mcufinder/ => C:\Users\james\.stmcufinder\plugins\mcufinder
2024-01-25 18:19:42,271 [INFO] CrossReferenceDbSqlite:203 - Set database path to: C:\Users\james\.stmcufinder\plugins\mcufinder//mcu/cs/
2024-01-25 18:19:42,290 [INFO] ApplicationProperties:184 - Using Application install path: C:\ST\STM32CubeIDE_1.13.1\STM32CubeIDE\plugins\com.st.stm32cube.common.mx_6.9.1.202307191849
2024-01-25 18:19:42,291 [INFO] PluginManage:196 - Search for loadable plugins [exclusion list=, ]
2024-01-25 18:19:42,292 [INFO] PluginManage:310 - Check plugin analytics
2024-01-25 18:19:42,447 [INFO] AnalyticsPlugin:253 - Accepted Software Licenses: 
2024-01-25 18:19:42,447 [INFO] AnalyticsPlugin:255 - Accepted CMSIS Pack Licenses: 
2024-01-25 18:19:42,447 [INFO] AnalyticsPlugin:257 - Accepted Firmware Licenses: FW.L4.1.18.0
2024-01-25 18:19:42,450 [INFO] PluginManage:359 - Loaded plugin analytics (category:tool,tabindex:-1)
2024-01-25 18:19:42,451 [INFO] PluginManage:310 - Check plugin cadmodel
2024-01-25 18:19:42,459 [INFO] CADModel:105 - Init CAD model plugin
2024-01-25 18:19:42,459 [INFO] PluginManage:359 - Loaded plugin cadmodel (category:power,tabindex:5)
2024-01-25 18:19:42,459 [INFO] PluginManage:310 - Check plugin clock
2024-01-25 18:19:42,475 [INFO] PluginManage:359 - Loaded plugin clock (category:base,tabindex:2)
2024-01-25 18:19:42,475 [INFO] PluginManage:310 - Check plugin ddr
2024-01-25 18:19:42,477 [INFO] PluginManage:359 - Loaded plugin ddr (category:tool,tabindex:6)
2024-01-25 18:19:42,478 [INFO] PluginManage:310 - Check plugin filemanager
2024-01-25 18:19:42,595 [INFO] PluginManage:359 - Loaded plugin filemanager (category:base,tabindex:10)
2024-01-25 18:19:42,595 [INFO] PluginManage:310 - Check plugin ipmanager
2024-01-25 18:19:42,602 [INFO] PluginManage:359 - Loaded plugin ipmanager (category:base,tabindex:5)
2024-01-25 18:19:42,602 [INFO] PluginManage:310 - Check plugin lpbam
2024-01-25 18:19:42,609 [INFO] PluginManage:359 - Loaded plugin lpbam (category:base,tabindex:0)
2024-01-25 18:19:42,609 [INFO] PluginManage:310 - Check plugin memorymap
2024-01-25 18:19:42,624 [INFO] PluginManage:359 - Loaded plugin memorymap (category:base,tabindex:4)
2024-01-25 18:19:42,625 [INFO] PluginManage:310 - Check plugin pinoutandconfiguration
2024-01-25 18:19:42,633 [INFO] PluginManage:359 - Loaded plugin pinoutandconfiguration (category:base,tabindex:1)
2024-01-25 18:19:42,634 [INFO] PluginManage:310 - Check plugin pinoutconfig
2024-01-25 18:19:42,711 [WARN] SupportedApi:132 - Cannot load RTOS API schema: s4s-elt-must-match.1: The content of 'definitions' must match (annotation?, (simpleType | complexType)?, (unique | key | keyref)*)). A problem was found starting at: attribute.
2024-01-25 18:19:42,818 [INFO] PluginManage:359 - Loaded plugin pinoutconfig (category:base,tabindex:0)
2024-01-25 18:19:42,818 [INFO] PluginManage:310 - Check plugin power
2024-01-25 18:19:42,829 [INFO] PluginManage:359 - Loaded plugin power (category:power,tabindex:4)
2024-01-25 18:19:42,829 [INFO] PluginManage:310 - Check plugin projectmanager
2024-01-25 18:19:42,840 [INFO] PluginManage:359 - Loaded plugin projectmanager (category:projectmanager,tabindex:3)
2024-01-25 18:19:42,840 [INFO] PluginManage:310 - Check plugin thirdparty
2024-01-25 18:19:42,943 [INFO] PluginManage:359 - Loaded plugin thirdparty (category:base,tabindex:-1)
2024-01-25 18:19:42,943 [WARN] IntegrityCheckThread:84 - waiting for thirdparty lock release [integrity check]
2024-01-25 18:19:42,943 [INFO] PluginManage:310 - Check plugin tools
2024-01-25 18:19:42,943 [INFO] IntegrityCheckThread:86 - entering critical section [integrity check]
2024-01-25 18:19:42,944 [INFO] ThirdPartyUpdaterWithRetryManager:70 - Updater plugin not ready yet. [1/15]
2024-01-25 18:19:42,946 [INFO] PluginManage:359 - Loaded plugin tools (category:base,tabindex:7)
2024-01-25 18:19:42,946 [INFO] PluginManage:310 - Check plugin tutovideos
2024-01-25 18:19:43,095 [INFO] PluginManage:359 - Loaded plugin tutovideos (category:base,tabindex:-1)
2024-01-25 18:19:43,095 [INFO] PluginManage:310 - Check plugin updater
2024-01-25 18:19:43,106 [INFO] PluginManage:359 - Loaded plugin updater (category:base,tabindex:12)
2024-01-25 18:19:43,106 [INFO] PluginManage:310 - Check plugin userauth
2024-01-25 18:19:43,112 [INFO] UserAuth:113 - Init User Auth plugin
2024-01-25 18:19:43,112 [INFO] PluginManage:359 - Loaded plugin userauth (category:base,tabindex:14)
2024-01-25 18:19:43,113 [INFO] PluginManage:283 - PluginManage : Loaded plugins [17]
2024-01-25 18:19:43,301 [INFO] PinOutPanel:1499 - setPackage(No Configuration,No Configuration)
2024-01-25 18:19:43,402 [INFO] CADModel:165 - CPN selected for project level
2024-01-25 18:19:43,402 [INFO] CADModel:114 - Register for checkConnection events
2024-01-25 18:19:43,417 [INFO] IPUIPlugin:80 - create IPUIPlugin
2024-01-25 18:19:43,417 [INFO] PluginManager:220 - loadIPPluginJar : add adc
2024-01-25 18:19:43,419 [INFO] IPUIPlugin:80 - create IPUIPlugin
2024-01-25 18:19:43,420 [INFO] PluginManager:220 - loadIPPluginJar : add aes
2024-01-25 18:19:43,422 [INFO] IPUIPlugin:80 - create IPUIPlugin
2024-01-25 18:19:43,423 [INFO] PluginManager:220 - loadIPPluginJar : add can
2024-01-25 18:19:43,424 [INFO] IPUIPlugin:80 - create IPUIPlugin
2024-01-25 18:19:43,424 [INFO] PluginManager:220 - loadIPPluginJar : add comp
2024-01-25 18:19:43,427 [INFO] IPUIPlugin:80 - create IPUIPlugin
2024-01-25 18:19:43,427 [INFO] PluginManager:220 - loadIPPluginJar : add cryp
2024-01-25 18:19:43,429 [INFO] IPUIPlugin:80 - create IPUIPlugin
2024-01-25 18:19:43,429 [INFO] PluginManager:220 - loadIPPluginJar : add dfsdm
2024-01-25 18:19:43,433 [INFO] IPUIPlugin:80 - create IPUIPlugin
2024-01-25 18:19:43,433 [INFO] PluginManager:220 - loadIPPluginJar : add dma
2024-01-25 18:19:43,436 [INFO] IPUIPlugin:80 - create IPUIPlugin
2024-01-25 18:19:43,436 [INFO] PluginManager:220 - loadIPPluginJar : add dma3
2024-01-25 18:19:43,436 [INFO] IPUIPlugin:80 - create IPUIPlugin
2024-01-25 18:19:43,436 [INFO] PluginManager:220 - loadIPPluginJar : add fatfs
2024-01-25 18:19:43,440 [INFO] IPUIPlugin:80 - create IPUIPlugin
2024-01-25 18:19:43,440 [INFO] PluginManager:220 - loadIPPluginJar : add fmc
2024-01-25 18:19:43,445 [INFO] IPUIPlugin:80 - create IPUIPlugin
2024-01-25 18:19:43,445 [INFO] PluginManager:220 - loadIPPluginJar : add freertos
2024-01-25 18:19:43,446 [INFO] IPUIPlugin:80 - create IPUIPlugin
2024-01-25 18:19:43,446 [INFO] PluginManager:220 - loadIPPluginJar : add genericplugin
2024-01-25 18:19:43,448 [INFO] IPUIPlugin:80 - create IPUIPlugin
2024-01-25 18:19:43,448 [INFO] PluginManager:220 - loadIPPluginJar : add gfxmmu
2024-01-25 18:19:43,451 [INFO] IPUIPlugin:80 - create IPUIPlugin
2024-01-25 18:19:43,451 [INFO] PluginManager:220 - loadIPPluginJar : add gic
2024-01-25 18:19:43,455 [INFO] IPUIPlugin:80 - create IPUIPlugin
2024-01-25 18:19:43,455 [INFO] PluginManager:220 - loadIPPluginJar : add gpio
2024-01-25 18:19:43,457 [INFO] IPUIPlugin:80 - create IPUIPlugin
2024-01-25 18:19:43,457 [INFO] PluginManager:220 - loadIPPluginJar : add gtzc
2024-01-25 18:19:43,459 [INFO] IPUIPlugin:80 - create IPUIPlugin
2024-01-25 18:19:43,459 [INFO] PluginManager:220 - loadIPPluginJar : add hash
2024-01-25 18:19:43,461 [INFO] IPUIPlugin:80 - create IPUIPlugin
2024-01-25 18:19:43,461 [INFO] PluginManager:220 - loadIPPluginJar : add i2c
2024-01-25 18:19:43,463 [INFO] IPUIPlugin:80 - create IPUIPlugin
2024-01-25 18:19:43,463 [INFO] PluginManager:220 - loadIPPluginJar : add i2s
2024-01-25 18:19:43,465 [INFO] IPUIPlugin:80 - create IPUIPlugin
2024-01-25 18:19:43,465 [INFO] PluginManager:220 - loadIPPluginJar : add i3c
2024-01-25 18:19:43,468 [INFO] IPUIPlugin:80 - create IPUIPlugin
2024-01-25 18:19:43,468 [INFO] PluginManager:220 - loadIPPluginJar : add ipddr
2024-01-25 18:19:43,473 [INFO] IPUIPlugin:80 - create IPUIPlugin
2024-01-25 18:19:43,474 [INFO] PluginManager:220 - loadIPPluginJar : add linkedlist
2024-01-25 18:19:43,476 [INFO] IPUIPlugin:80 - create IPUIPlugin
2024-01-25 18:19:43,476 [INFO] PluginManager:220 - loadIPPluginJar : add lorawan
2024-01-25 18:19:43,477 [INFO] IPUIPlugin:80 - create IPUIPlugin
2024-01-25 18:19:43,477 [INFO] PluginManager:220 - loadIPPluginJar : add ltdc
2024-01-25 18:19:43,482 [INFO] IPUIPlugin:80 - create IPUIPlugin
2024-01-25 18:19:43,482 [INFO] PluginManager:220 - loadIPPluginJar : add mdma
2024-01-25 18:19:43,485 [INFO] IPUIPlugin:80 - create IPUIPlugin
2024-01-25 18:19:43,486 [INFO] PluginManager:220 - loadIPPluginJar : add nvic
2024-01-25 18:19:43,488 [INFO] IPUIPlugin:80 - create IPUIPlugin
2024-01-25 18:19:43,488 [INFO] PluginManager:220 - loadIPPluginJar : add opamp
2024-01-25 18:19:43,491 [INFO] IPUIPlugin:80 - create IPUIPlugin
2024-01-25 18:19:43,491 [INFO] PluginManager:220 - loadIPPluginJar : add openamp
2024-01-25 18:19:43,493 [INFO] IPUIPlugin:80 - create IPUIPlugin
2024-01-25 18:19:43,493 [INFO] PluginManager:220 - loadIPPluginJar : add pdm2pcm
2024-01-25 18:19:43,498 [INFO] IPUIPlugin:80 - create IPUIPlugin
2024-01-25 18:19:43,500 [INFO] PluginManager:220 - loadIPPluginJar : add plateformsettings
2024-01-25 18:19:43,501 [INFO] IPUIPlugin:80 - create IPUIPlugin
2024-01-25 18:19:43,501 [INFO] PluginManager:220 - loadIPPluginJar : add quadspi
2024-01-25 18:19:43,504 [INFO] IPUIPlugin:80 - create IPUIPlugin
2024-01-25 18:19:43,504 [INFO] PluginManager:220 - loadIPPluginJar : add resmgrutility
2024-01-25 18:19:43,507 [INFO] IPUIPlugin:80 - create IPUIPlugin
2024-01-25 18:19:43,507 [INFO] PluginManager:220 - loadIPPluginJar : add sai
2024-01-25 18:19:43,509 [INFO] IPUIPlugin:80 - create IPUIPlugin
2024-01-25 18:19:43,509 [INFO] PluginManager:220 - loadIPPluginJar : add spi
2024-01-25 18:19:43,512 [INFO] IPUIPlugin:80 - create IPUIPlugin
2024-01-25 18:19:43,512 [INFO] PluginManager:220 - loadIPPluginJar : add stm32_wpan
2024-01-25 18:19:43,514 [INFO] IPUIPlugin:80 - create IPUIPlugin
2024-01-25 18:19:43,514 [INFO] PluginManager:220 - loadIPPluginJar : add tim
2024-01-25 18:19:43,516 [INFO] IPUIPlugin:80 - create IPUIPlugin
2024-01-25 18:19:43,516 [INFO] PluginManager:220 - loadIPPluginJar : add touchsensing
2024-01-25 18:19:43,518 [INFO] IPUIPlugin:80 - create IPUIPlugin
2024-01-25 18:19:43,518 [INFO] PluginManager:220 - loadIPPluginJar : add tracer_emb
2024-01-25 18:19:43,519 [INFO] IPUIPlugin:80 - create IPUIPlugin
2024-01-25 18:19:43,520 [INFO] PluginManager:220 - loadIPPluginJar : add ts
2024-01-25 18:19:43,521 [INFO] IPUIPlugin:80 - create IPUIPlugin
2024-01-25 18:19:43,521 [INFO] PluginManager:220 - loadIPPluginJar : add tsc
2024-01-25 18:19:43,523 [INFO] IPUIPlugin:80 - create IPUIPlugin
2024-01-25 18:19:43,523 [INFO] PluginManager:220 - loadIPPluginJar : add ucpd
2024-01-25 18:19:43,525 [INFO] IPUIPlugin:80 - create IPUIPlugin
2024-01-25 18:19:43,525 [INFO] PluginManager:220 - loadIPPluginJar : add usart
2024-01-25 18:19:43,528 [INFO] IPUIPlugin:80 - create IPUIPlugin
2024-01-25 18:19:43,528 [INFO] PluginManager:220 - loadIPPluginJar : add usbx
2024-01-25 18:19:43,643 [INFO] CADModel:165 - CPN selected for project level
2024-01-25 18:19:43,643 [INFO] CADModel:114 - Register for checkConnection events
2024-01-25 18:19:43,644 [FATAL] Updater:308 - Updater called before beeing initialized
2024-01-25 18:19:43,644 [ERROR] CADModel:125 - Updater not yet initialized, retry later 
2024-01-25 18:19:43,774 [INFO] CADModel:165 - CPN selected for project level
2024-01-25 18:19:43,774 [INFO] CADModel:114 - Register for checkConnection events
2024-01-25 18:19:43,774 [FATAL] Updater:308 - Updater called before beeing initialized
2024-01-25 18:19:43,774 [ERROR] CADModel:125 - Updater not yet initialized, retry later 
2024-01-25 18:19:43,777 [FATAL] Updater:308 - Updater called before beeing initialized
2024-01-25 18:19:43,860 [FATAL] Updater:308 - Updater called before beeing initialized
2024-01-25 18:19:43,864 [INFO] DbMcusAds:53 - JSON generation date=Tue Mar 07 03:50:55 EST 2023 (1678179055114)
2024-01-25 18:19:43,864 [FATAL] Updater:308 - Updater called before beeing initialized
2024-01-25 18:19:43,902 [WARN] DetailPanel:346 - Failed to get advertising image, set to default
2024-01-25 18:19:44,002 [FATAL] Updater:308 - Updater called before beeing initialized
2024-01-25 18:19:44,003 [FATAL] Updater:308 - Updater called before beeing initialized
2024-01-25 18:19:44,003 [FATAL] Updater:308 - Updater called before beeing initialized
2024-01-25 18:19:44,003 [WARN] DetailPanel:346 - Failed to get advertising image, set to default
2024-01-25 18:19:44,004 [FATAL] Updater:308 - Updater called before beeing initialized
2024-01-25 18:19:44,039 [ERROR] Updater:1120 - MainUpdater not yet initialized. External WinMGr cannot be set.
2024-01-25 18:19:44,040 [INFO] Updater:1056 - Updater Version found : 6.9.1
2024-01-25 18:19:44,056 [INFO] ApplicationProperties:184 - Using Application install path: C:\ST\STM32CubeIDE_1.13.1\STM32CubeIDE\plugins\com.st.stm32cube.common.mx_6.9.1.202307191849
2024-01-25 18:19:44,339 [INFO] MainUpdater:2868 - connection check result : 10
2024-01-25 18:19:44,340 [INFO] MainUpdater:285 - Updater Check For Update Now.
2024-01-25 18:19:44,340 [INFO] MicroXplorer:498 - Change Database Version : DB.6.0.91
2024-01-25 18:19:44,346 [INFO] McuFinderGlobals:63 - Set McuFinder mode to 2 (CubeIDE integrated)
2024-01-25 18:19:44,346 [INFO] UserAuth:179 - activating auth plugin
2024-01-25 18:19:44,348 [INFO] UserAuth:393 - Internet connection configuration mode: 1
2024-01-25 18:19:44,364 [INFO] JxBrowserEngine:151 - Initiate JxBrowser Engine with user profile folder
2024-01-25 18:19:44,499 [INFO] CheckServerUpdateThread:120 - End of CheckServer Thread
2024-01-25 18:19:45,230 [INFO] WebApp:157 - Instantiating new browser for Auth
2024-01-25 18:19:45,745 [INFO] WebApp:753 - Register for checkConnection events
2024-01-25 18:19:45,745 [INFO] WebApp:390 - Apply proxy settings
2024-01-25 18:19:45,745 [INFO] WebApp:475 - Chromium requires no authentication
2024-01-25 18:19:45,751 [INFO] WebApp:418 - Direct internet connection detected
2024-01-25 18:19:45,891 [INFO] WebApp:188 - Starting web application
2024-01-25 18:19:45,891 [INFO] WebApp:520 - Web application path used C:\ST\STM32CubeIDE_1.13.1\STM32CubeIDE\plugins\com.st.stm32cube.common.mx_6.9.1.202307191849\db\plugins\mcufinder\reactClient1\index.html
2024-01-25 18:19:46,144 [WARN] PackLoader:240 - Cannot read IP mode file for STMicroelectronics.X-CUBE-SMBUS.2.1.0
2024-01-25 18:19:46,153 [WARN] PackLoader:240 - Cannot read IP mode file for STMicroelectronics.X-CUBE-TOUCHGFX.4.23.0
2024-01-25 18:19:46,177 [WARN] PackLoader:240 - Cannot read IP mode file for STMicroelectronics.X-CUBE-AZRTOS-F7.1.1.0
2024-01-25 18:19:46,187 [WARN] PackLoader:240 - Cannot read IP mode file for STMicroelectronics.FP-SNS-MOTENV1.4.3.2
2024-01-25 18:19:46,198 [WARN] PackLoader:240 - Cannot read IP mode file for STMicroelectronics.X-CUBE-DISPLAY.3.0.0
2024-01-25 18:19:46,212 [WARN] PackLoader:240 - Cannot read IP mode file for emotas.I-CUBE-CANOPEN.1.3.0
2024-01-25 18:19:46,216 [WARN] PackLoader:240 - Cannot read IP mode file for STMicroelectronics.X-CUBE-TOUCHGFX.4.22.0
2024-01-25 18:19:46,220 [WARN] PackLoader:240 - Cannot read IP mode file for STMicroelectronics.X-CUBE-TOUCHGFX.4.22.1
2024-01-25 18:19:46,224 [WARN] PackLoader:240 - Cannot read IP mode file for STMicroelectronics.FP-SNS-SMARTAG2.1.2.0
2024-01-25 18:19:46,239 [INFO] LogOutputStream:77 - [STDOUT_REDIRECT] 1 : Invalid condition id : UX_CORESTACK_Condition cause : null
2024-01-25 18:19:46,239 [INFO] LogOutputStream:77 - [STDOUT_REDIRECT] 1 : Invalid condition id : UX_CORESTACK_Condition cause : null
2024-01-25 18:19:46,240 [INFO] LogOutputStream:77 - [STDOUT_REDIRECT] 1 : Invalid condition id : UX_CORESTACK_Condition cause : null
2024-01-25 18:19:46,241 [INFO] LogOutputStream:77 - [STDOUT_REDIRECT] 1 : Invalid condition id : UX_CORESTACK_Condition cause : null
2024-01-25 18:19:46,242 [INFO] LogOutputStream:77 - [STDOUT_REDIRECT] 1 : Invalid condition id : UX_CORESTACK_Condition cause : null
2024-01-25 18:19:46,249 [WARN] PackLoader:240 - Cannot read IP mode file for STMicroelectronics.X-CUBE-AZRTOS-WL.2.0.0
2024-01-25 18:19:46,259 [WARN] PackLoader:240 - Cannot read IP mode file for WES.I-CUBE-Cesium.1.3.0
2024-01-25 18:19:46,268 [WARN] PackLoader:240 - Cannot read IP mode file for STMicroelectronics.X-CUBE-BLE2.3.3.0
2024-01-25 18:19:46,276 [WARN] PackLoader:240 - Cannot read IP mode file for STMicroelectronics.X-CUBE-ALGOBUILD.1.3.0
2024-01-25 18:19:46,297 [WARN] PackLoader:240 - Cannot read IP mode file for STMicroelectronics.X-CUBE-AZRTOS-G0.1.1.0
2024-01-25 18:19:46,305 [WARN] PackLoader:240 - Cannot read IP mode file for STMicroelectronics.X-CUBE-NFC4.3.0.0
2024-01-25 18:19:46,316 [WARN] PackLoader:240 - Cannot read IP mode file for STMicroelectronics.X-CUBE-BLEMGR.3.0.0
2024-01-25 18:19:46,325 [WARN] PackLoader:240 - Cannot read IP mode file for STMicroelectronics.FP-ATR-SIGFOX1.3.2.0
2024-01-25 18:19:46,330 [WARN] PackLoader:240 - Cannot read IP mode file for STMicroelectronics.X-CUBE-EEPRMA1.5.1.0
2024-01-25 18:19:46,356 [WARN] PackLoader:240 - Cannot read IP mode file for SEGGER.I-CUBE-embOS.1.3.1
2024-01-25 18:19:46,385 [WARN] PackLoader:240 - Cannot read IP mode file for STMicroelectronics.X-CUBE-GNSS1.6.0.0
2024-01-25 18:19:46,406 [WARN] PackLoader:240 - Cannot read IP mode file for STMicroelectronics.X-CUBE-AZRTOS-F4.1.1.0
2024-01-25 18:19:46,412 [WARN] PackLoader:240 - Cannot read IP mode file for wolfSSL.I-CUBE-wolfSSL.5.6.3
2024-01-25 18:19:46,428 [WARN] PackLoader:240 - Cannot read IP mode file for STMicroelectronics.X-CUBE-AZRTOS-L5.2.0.0
2024-01-25 18:19:46,463 [WARN] PackLoader:240 - Cannot read IP mode file for STMicroelectronics.X-CUBE-MEMS1.9.6.0
2024-01-25 18:19:46,608 [WARN] PackLoader:240 - Cannot read IP mode file for STMicroelectronics.X-CUBE-EEPRMA1.4.2.0
2024-01-25 18:19:46,615 [WARN] PackLoader:240 - Cannot read IP mode file for ITTIA_DB.I-CUBE-ITTIADB.8.8.0
2024-01-25 18:19:46,622 [WARN] PackLoader:240 - Cannot read IP mode file for STMicroelectronics.X-CUBE-BLEMGR.2.0.0
2024-01-25 18:19:46,639 [WARN] ConditionMgr:438 - getConditionDescription Invalid condition id : UX DEVICE CLASS RTOS Condition cause : null
2024-01-25 18:19:46,639 [WARN] ConditionMgr:438 - getConditionDescription Invalid condition id : UX DEVICE CLASS RTOS Condition cause : null
2024-01-25 18:19:46,642 [WARN] PackLoader:240 - Cannot read IP mode file for STMicroelectronics.X-CUBE-AZRTOS-H7.3.1.0
2024-01-25 18:19:46,643 [WARN] ConditionMgr:1039 - genDependencies : Invalid condition id : UX DEVICE CLASS RTOS Condition cause : null
2024-01-25 18:19:46,643 [WARN] ConditionMgr:1039 - genDependencies : Invalid condition id : UX DEVICE CLASS RTOS Condition cause : null
2024-01-25 18:19:46,643 [WARN] ConditionMgr:1039 - genDependencies : Invalid condition id : UX DEVICE CLASS RTOS Condition cause : null
2024-01-25 18:19:46,643 [WARN] ConditionMgr:1039 - genDependencies : Invalid condition id : UX DEVICE CLASS RTOS Condition cause : null
2024-01-25 18:19:46,644 [WARN] ConditionMgr:1039 - genDependencies : Invalid condition id : UX DEVICE CLASS RTOS Condition cause : null
2024-01-25 18:19:46,659 [WARN] PackLoader:240 - Cannot read IP mode file for STMicroelectronics.X-CUBE-NFC7.1.0.1
2024-01-25 18:19:46,667 [WARN] PackLoader:240 - Cannot read IP mode file for STMicroelectronics.X-CUBE-NFC6.3.0.0
2024-01-25 18:19:46,676 [WARN] PackLoader:240 - Cannot read IP mode file for STMicroelectronics.X-CUBE-EEPRMA1.4.1.0
2024-01-25 18:19:46,706 [WARN] ConditionMgr:438 - getConditionDescription Invalid condition id : LAN8742 Phy interface Condition cause : null
2024-01-25 18:19:46,706 [WARN] PackLoader:240 - Cannot read IP mode file for STMicroelectronics.X-CUBE-AZRTOS-L4.2.0.0
2024-01-25 18:19:46,707 [WARN] ConditionMgr:1039 - genDependencies : Invalid condition id : LAN8742 Phy interface Condition cause : null
2024-01-25 18:19:46,707 [WARN] ConditionMgr:1039 - genDependencies : Invalid condition id : LAN8742 Phy interface Condition cause : null
2024-01-25 18:19:46,708 [WARN] ConditionMgr:1039 - genDependencies : Invalid condition id : LAN8742 Phy interface Condition cause : null
2024-01-25 18:19:46,713 [WARN] PackLoader:240 - Cannot read IP mode file for STMicroelectronics.X-CUBE-SFXS2LP1.4.0.0
2024-01-25 18:19:46,719 [WARN] PackLoader:240 - Cannot read IP mode file for STMicroelectronics.X-CUBE-ISPU.1.1.0
2024-01-25 18:19:46,731 [WARN] ConditionMgr:438 - getConditionDescription Invalid condition id : UX DEVICE CLASS RTOS Condition cause : null
2024-01-25 18:19:46,731 [WARN] ConditionMgr:438 - getConditionDescription Invalid condition id : UX DEVICE CLASS RTOS Condition cause : null
2024-01-25 18:19:46,733 [WARN] PackLoader:240 - Cannot read IP mode file for STMicroelectronics.X-CUBE-AZRTOS-WB.2.0.0
2024-01-25 18:19:46,733 [WARN] ConditionMgr:1039 - genDependencies : Invalid condition id : UX DEVICE CLASS RTOS Condition cause : null
2024-01-25 18:19:46,734 [WARN] ConditionMgr:1039 - genDependencies : Invalid condition id : UX DEVICE CLASS RTOS Condition cause : null
2024-01-25 18:19:46,734 [WARN] ConditionMgr:1039 - genDependencies : Invalid condition id : UX DEVICE CLASS RTOS Condition cause : null
2024-01-25 18:19:46,734 [WARN] ConditionMgr:1039 - genDependencies : Invalid condition id : UX DEVICE CLASS RTOS Condition cause : null
2024-01-25 18:19:46,734 [WARN] ConditionMgr:1039 - genDependencies : Invalid condition id : UX DEVICE CLASS RTOS Condition cause : null
2024-01-25 18:19:46,743 [WARN] PackLoader:240 - Cannot read IP mode file for STMicroelectronics.X-CUBE-SUBG2.5.0.0
2024-01-25 18:19:46,756 [WARN] PackLoader:240 - Cannot read IP mode file for STMicroelectronics.X-CUBE-TOF1.3.3.1
2024-01-25 18:19:46,777 [WARN] PackLoader:240 - Cannot read IP mode file for STMicroelectronics.X-CUBE-AZRTOS-G4.2.0.0
2024-01-25 18:19:46,790 [WARN] PackLoader:240 - Cannot read IP mode file for Infineon.AIROC-Wi-Fi-Bluetooth-STM32.1.5.1
2024-01-25 18:19:46,798 [WARN] PackLoader:240 - Cannot read IP mode file for STMicroelectronics.FP-SNS-MOTENVWB1.1.3.0
2024-01-25 18:19:46,801 [WARN] PackLoader:240 - Cannot read IP mode file for STMicroelectronics.FP-SNS-MOTENVWB1.1.3.1
2024-01-25 18:19:46,804 [WARN] PackLoader:240 - Cannot read IP mode file for STMicroelectronics.X-CUBE-ISPU.2.0.0
2024-01-25 18:19:46,830 [WARN] PackLoader:240 - Cannot read IP mode file for STMicroelectronics.X-CUBE-MEMS1.10.0.0
2024-01-25 18:19:46,914 [WARN] PackLoader:240 - Cannot read IP mode file for portGmbH.I-Cube-SoM-uGOAL.1.1.0
2024-01-25 18:19:46,918 [WARN] PackLoader:240 - Cannot read IP mode file for STMicroelectronics.X-CUBE-ALS.1.0.1
2024-01-25 18:19:46,922 [WARN] PackLoader:240 - Cannot read IP mode file for STMicroelectronics.FP-ATR-ASTRA1.2.0.0
2024-01-25 18:19:46,928 [WARN] PackLoader:240 - Cannot read IP mode file for STMicroelectronics.X-CUBE-TOF1.3.4.0
2024-01-25 18:19:46,948 [WARN] PackLoader:240 - Cannot read IP mode file for STMicroelectronics.X-CUBE-AZRTOS-H7.3.2.0
2024-01-25 18:19:46,950 [INFO] ThirdParty:978 - Integrity check success = true
2024-01-25 18:19:46,951 [INFO] IntegrityCheckThread:100 - exiting critical section [integrity check]
2024-01-25 18:19:46,951 [INFO] IntegrityCheckThread:103 - End integrity checks thread
2024-01-25 18:20:06,469 [ERROR] LogOutputStream:75 - [STDERR_REDIRECT] SLF4J: Failed to load class "org.slf4j.impl.StaticLoggerBinder".
2024-01-25 18:20:06,469 [ERROR] LogOutputStream:75 - [STDERR_REDIRECT] SLF4J: Defaulting to no-operation (NOP) logger implementation
2024-01-25 18:20:06,471 [ERROR] LogOutputStream:75 - [STDERR_REDIRECT] SLF4J: See http://www.slf4j.org/codes.html#StaticLoggerBinder for further details.
