2024-01-24 17:39:21,695 [INFO] Activator:176 - 


2024-01-24 17:39:21,705 [INFO] Activator:177 - !SESSION log4j initialized
2024-01-24 17:39:26,006 [INFO] LogOutputStream:77 - [STDOUT_REDIRECT] 
2024-01-24 17:39:26,765 [INFO] ApplicationProperties:184 - Using Application install path: C:\ST\STM32CubeIDE_1.13.1\STM32CubeIDE\plugins\com.st.stm32cube.common.mx_6.9.1.202307191849
2024-01-24 17:39:26,779 [INFO] DbMcusXml:78 - Set database path to: C:\ST\STM32CubeIDE_1.13.1\STM32CubeIDE\plugins\com.st.stm32cube.common.mx_6.9.1.202307191849\\db\/mcu/
2024-01-24 17:39:26,779 [INFO] ApiDb:274 - Set plugin database path to: C:\ST\STM32CubeIDE_1.13.1\STM32CubeIDE\plugins\com.st.stm32cube.common.mx_6.9.1.202307191849\\db\/plugins/boardmanager/
2024-01-24 17:39:26,779 [WARN] ApiDb:259 - Overriding images path with different value:  => C:\ST\STM32CubeIDE_1.13.1\STM32CubeIDE\plugins\com.st.stm32cube.common.mx_6.9.1.202307191849\\db\/plugins/mcufinder/images/
2024-01-24 17:39:26,788 [INFO] ApiDb:250 - Set database path to: C:\Users\james\.stmcufinder\plugins\mcufinder//mcu/
2024-01-24 17:39:26,789 [INFO] DbMcusAds:125 - Set database path to: C:\Users\james\.stmcufinder\plugins\mcufinder//mcu/
2024-01-24 17:39:26,790 [INFO] CrossReferenceDbSqlite:203 - Set database path to: C:\Users\james\.stmcufinder\plugins\mcufinder//mcu/cs/
2024-01-24 17:39:26,878 [INFO] RulesReader:64 - Compatibility file has been processed (293 Rules)
2024-01-24 17:39:26,954 [INFO] DbMcusXml:78 - Set database path to: C:\ST\STM32CubeIDE_1.13.1\STM32CubeIDE\plugins\com.st.stm32cube.common.mx_6.9.1.202307191849\\db\/mcu/
2024-01-24 17:39:26,954 [INFO] ApiDb:274 - Set plugin database path to: C:\ST\STM32CubeIDE_1.13.1\STM32CubeIDE\plugins\com.st.stm32cube.common.mx_6.9.1.202307191849\\db\/plugins/boardmanager/
2024-01-24 17:39:26,954 [INFO] ApiDb:261 - Set plugin images path to: C:\ST\STM32CubeIDE_1.13.1\STM32CubeIDE\plugins\com.st.stm32cube.common.mx_6.9.1.202307191849\\db\/plugins/mcufinder/images/
2024-01-24 17:39:26,955 [WARN] DbFile:41 - Overriding database path with different value: C:\Users\james\.stmcufinder\plugins\mcufinder/ => C:\Users\james\.stmcufinder\plugins\mcufinder
2024-01-24 17:39:26,955 [INFO] ApiDb:250 - Set database path to: C:\Users\james\.stmcufinder\plugins\mcufinder//mcu/
2024-01-24 17:39:26,955 [WARN] DbFile:41 - Overriding database path with different value: C:\Users\james\.stmcufinder\plugins\mcufinder/ => C:\Users\james\.stmcufinder\plugins\mcufinder
2024-01-24 17:39:26,955 [INFO] DbMcusAds:125 - Set database path to: C:\Users\james\.stmcufinder\plugins\mcufinder//mcu/
2024-01-24 17:39:26,955 [WARN] DbFile:41 - Overriding database path with different value: C:\Users\james\.stmcufinder\plugins\mcufinder/ => C:\Users\james\.stmcufinder\plugins\mcufinder
2024-01-24 17:39:26,955 [WARN] DbFile:41 - Overriding database path with different value: C:\Users\james\.stmcufinder\plugins\mcufinder/ => C:\Users\james\.stmcufinder\plugins\mcufinder
2024-01-24 17:39:26,955 [INFO] CrossReferenceDbSqlite:203 - Set database path to: C:\Users\james\.stmcufinder\plugins\mcufinder//mcu/cs/
2024-01-24 17:39:27,022 [INFO] MainPanel:262 - HeapMemory: 268435456
2024-01-24 17:39:27,096 [INFO] DbMcusXml:78 - Set database path to: C:\ST\STM32CubeIDE_1.13.1\STM32CubeIDE\plugins\com.st.stm32cube.common.mx_6.9.1.202307191849\\db\/mcu/
2024-01-24 17:39:27,097 [INFO] ApiDb:274 - Set plugin database path to: C:\ST\STM32CubeIDE_1.13.1\STM32CubeIDE\plugins\com.st.stm32cube.common.mx_6.9.1.202307191849\\db\/plugins/boardmanager/
2024-01-24 17:39:27,097 [INFO] ApiDb:261 - Set plugin images path to: C:\ST\STM32CubeIDE_1.13.1\STM32CubeIDE\plugins\com.st.stm32cube.common.mx_6.9.1.202307191849\\db\/plugins/mcufinder/images/
2024-01-24 17:39:27,097 [WARN] DbFile:41 - Overriding database path with different value: C:\Users\james\.stmcufinder\plugins\mcufinder/ => C:\Users\james\.stmcufinder\plugins\mcufinder
2024-01-24 17:39:27,097 [INFO] ApiDb:250 - Set database path to: C:\Users\james\.stmcufinder\plugins\mcufinder//mcu/
2024-01-24 17:39:27,097 [WARN] DbFile:41 - Overriding database path with different value: C:\Users\james\.stmcufinder\plugins\mcufinder/ => C:\Users\james\.stmcufinder\plugins\mcufinder
2024-01-24 17:39:27,098 [INFO] DbMcusAds:125 - Set database path to: C:\Users\james\.stmcufinder\plugins\mcufinder//mcu/
2024-01-24 17:39:27,098 [WARN] DbFile:41 - Overriding database path with different value: C:\Users\james\.stmcufinder\plugins\mcufinder/ => C:\Users\james\.stmcufinder\plugins\mcufinder
2024-01-24 17:39:27,098 [WARN] DbFile:41 - Overriding database path with different value: C:\Users\james\.stmcufinder\plugins\mcufinder/ => C:\Users\james\.stmcufinder\plugins\mcufinder
2024-01-24 17:39:27,098 [INFO] CrossReferenceDbSqlite:203 - Set database path to: C:\Users\james\.stmcufinder\plugins\mcufinder//mcu/cs/
2024-01-24 17:39:27,116 [INFO] ApplicationProperties:184 - Using Application install path: C:\ST\STM32CubeIDE_1.13.1\STM32CubeIDE\plugins\com.st.stm32cube.common.mx_6.9.1.202307191849
2024-01-24 17:39:27,117 [INFO] PluginManage:196 - Search for loadable plugins [exclusion list=, ]
2024-01-24 17:39:27,118 [INFO] PluginManage:310 - Check plugin analytics
2024-01-24 17:39:27,249 [INFO] AnalyticsPlugin:253 - Accepted Software Licenses: 
2024-01-24 17:39:27,250 [INFO] AnalyticsPlugin:255 - Accepted CMSIS Pack Licenses: 
2024-01-24 17:39:27,250 [INFO] AnalyticsPlugin:257 - Accepted Firmware Licenses: FW.L4.1.18.0
2024-01-24 17:39:27,252 [INFO] PluginManage:359 - Loaded plugin analytics (category:tool,tabindex:-1)
2024-01-24 17:39:27,252 [INFO] PluginManage:310 - Check plugin cadmodel
2024-01-24 17:39:27,255 [INFO] CADModel:105 - Init CAD model plugin
2024-01-24 17:39:27,256 [INFO] PluginManage:359 - Loaded plugin cadmodel (category:power,tabindex:5)
2024-01-24 17:39:27,256 [INFO] PluginManage:310 - Check plugin clock
2024-01-24 17:39:27,264 [INFO] PluginManage:359 - Loaded plugin clock (category:base,tabindex:2)
2024-01-24 17:39:27,265 [INFO] PluginManage:310 - Check plugin ddr
2024-01-24 17:39:27,267 [INFO] PluginManage:359 - Loaded plugin ddr (category:tool,tabindex:6)
2024-01-24 17:39:27,267 [INFO] PluginManage:310 - Check plugin filemanager
2024-01-24 17:39:27,374 [INFO] PluginManage:359 - Loaded plugin filemanager (category:base,tabindex:10)
2024-01-24 17:39:27,374 [INFO] PluginManage:310 - Check plugin ipmanager
2024-01-24 17:39:27,381 [INFO] PluginManage:359 - Loaded plugin ipmanager (category:base,tabindex:5)
2024-01-24 17:39:27,381 [INFO] PluginManage:310 - Check plugin lpbam
2024-01-24 17:39:27,389 [INFO] PluginManage:359 - Loaded plugin lpbam (category:base,tabindex:0)
2024-01-24 17:39:27,389 [INFO] PluginManage:310 - Check plugin memorymap
2024-01-24 17:39:27,401 [INFO] PluginManage:359 - Loaded plugin memorymap (category:base,tabindex:4)
2024-01-24 17:39:27,401 [INFO] PluginManage:310 - Check plugin pinoutandconfiguration
2024-01-24 17:39:27,407 [INFO] PluginManage:359 - Loaded plugin pinoutandconfiguration (category:base,tabindex:1)
2024-01-24 17:39:27,408 [INFO] PluginManage:310 - Check plugin pinoutconfig
2024-01-24 17:39:27,483 [WARN] SupportedApi:132 - Cannot load RTOS API schema: s4s-elt-must-match.1: The content of 'definitions' must match (annotation?, (simpleType | complexType)?, (unique | key | keyref)*)). A problem was found starting at: attribute.
2024-01-24 17:39:27,599 [INFO] PluginManage:359 - Loaded plugin pinoutconfig (category:base,tabindex:0)
2024-01-24 17:39:27,599 [INFO] PluginManage:310 - Check plugin power
2024-01-24 17:39:27,608 [INFO] PluginManage:359 - Loaded plugin power (category:power,tabindex:4)
2024-01-24 17:39:27,608 [INFO] PluginManage:310 - Check plugin projectmanager
2024-01-24 17:39:27,620 [INFO] PluginManage:359 - Loaded plugin projectmanager (category:projectmanager,tabindex:3)
2024-01-24 17:39:27,620 [INFO] PluginManage:310 - Check plugin thirdparty
2024-01-24 17:39:27,721 [INFO] PluginManage:359 - Loaded plugin thirdparty (category:base,tabindex:-1)
2024-01-24 17:39:27,721 [WARN] IntegrityCheckThread:84 - waiting for thirdparty lock release [integrity check]
2024-01-24 17:39:27,721 [INFO] PluginManage:310 - Check plugin tools
2024-01-24 17:39:27,721 [INFO] IntegrityCheckThread:86 - entering critical section [integrity check]
2024-01-24 17:39:27,721 [INFO] ThirdPartyUpdaterWithRetryManager:70 - Updater plugin not ready yet. [1/15]
2024-01-24 17:39:27,723 [INFO] PluginManage:359 - Loaded plugin tools (category:base,tabindex:7)
2024-01-24 17:39:27,723 [INFO] PluginManage:310 - Check plugin tutovideos
2024-01-24 17:39:27,875 [INFO] PluginManage:359 - Loaded plugin tutovideos (category:base,tabindex:-1)
2024-01-24 17:39:27,875 [INFO] PluginManage:310 - Check plugin updater
2024-01-24 17:39:27,885 [INFO] PluginManage:359 - Loaded plugin updater (category:base,tabindex:12)
2024-01-24 17:39:27,885 [INFO] PluginManage:310 - Check plugin userauth
2024-01-24 17:39:27,890 [INFO] UserAuth:113 - Init User Auth plugin
2024-01-24 17:39:27,890 [INFO] PluginManage:359 - Loaded plugin userauth (category:base,tabindex:14)
2024-01-24 17:39:27,890 [INFO] PluginManage:283 - PluginManage : Loaded plugins [17]
2024-01-24 17:39:28,092 [INFO] PinOutPanel:1499 - setPackage(No Configuration,No Configuration)
2024-01-24 17:39:28,192 [INFO] CADModel:165 - CPN selected for project level
2024-01-24 17:39:28,192 [INFO] CADModel:114 - Register for checkConnection events
2024-01-24 17:39:28,207 [INFO] IPUIPlugin:80 - create IPUIPlugin
2024-01-24 17:39:28,207 [INFO] PluginManager:220 - loadIPPluginJar : add adc
2024-01-24 17:39:28,209 [INFO] IPUIPlugin:80 - create IPUIPlugin
2024-01-24 17:39:28,209 [INFO] PluginManager:220 - loadIPPluginJar : add aes
2024-01-24 17:39:28,211 [INFO] IPUIPlugin:80 - create IPUIPlugin
2024-01-24 17:39:28,211 [INFO] PluginManager:220 - loadIPPluginJar : add can
2024-01-24 17:39:28,211 [INFO] IPUIPlugin:80 - create IPUIPlugin
2024-01-24 17:39:28,211 [INFO] PluginManager:220 - loadIPPluginJar : add comp
2024-01-24 17:39:28,214 [INFO] IPUIPlugin:80 - create IPUIPlugin
2024-01-24 17:39:28,214 [INFO] PluginManager:220 - loadIPPluginJar : add cryp
2024-01-24 17:39:28,216 [INFO] IPUIPlugin:80 - create IPUIPlugin
2024-01-24 17:39:28,216 [INFO] PluginManager:220 - loadIPPluginJar : add dfsdm
2024-01-24 17:39:28,220 [INFO] IPUIPlugin:80 - create IPUIPlugin
2024-01-24 17:39:28,220 [INFO] PluginManager:220 - loadIPPluginJar : add dma
2024-01-24 17:39:28,222 [INFO] IPUIPlugin:80 - create IPUIPlugin
2024-01-24 17:39:28,222 [INFO] PluginManager:220 - loadIPPluginJar : add dma3
2024-01-24 17:39:28,223 [INFO] IPUIPlugin:80 - create IPUIPlugin
2024-01-24 17:39:28,223 [INFO] PluginManager:220 - loadIPPluginJar : add fatfs
2024-01-24 17:39:28,227 [INFO] IPUIPlugin:80 - create IPUIPlugin
2024-01-24 17:39:28,227 [INFO] PluginManager:220 - loadIPPluginJar : add fmc
2024-01-24 17:39:28,232 [INFO] IPUIPlugin:80 - create IPUIPlugin
2024-01-24 17:39:28,232 [INFO] PluginManager:220 - loadIPPluginJar : add freertos
2024-01-24 17:39:28,233 [INFO] IPUIPlugin:80 - create IPUIPlugin
2024-01-24 17:39:28,233 [INFO] PluginManager:220 - loadIPPluginJar : add genericplugin
2024-01-24 17:39:28,236 [INFO] IPUIPlugin:80 - create IPUIPlugin
2024-01-24 17:39:28,236 [INFO] PluginManager:220 - loadIPPluginJar : add gfxmmu
2024-01-24 17:39:28,239 [INFO] IPUIPlugin:80 - create IPUIPlugin
2024-01-24 17:39:28,239 [INFO] PluginManager:220 - loadIPPluginJar : add gic
2024-01-24 17:39:28,243 [INFO] IPUIPlugin:80 - create IPUIPlugin
2024-01-24 17:39:28,243 [INFO] PluginManager:220 - loadIPPluginJar : add gpio
2024-01-24 17:39:28,246 [INFO] IPUIPlugin:80 - create IPUIPlugin
2024-01-24 17:39:28,246 [INFO] PluginManager:220 - loadIPPluginJar : add gtzc
2024-01-24 17:39:28,248 [INFO] IPUIPlugin:80 - create IPUIPlugin
2024-01-24 17:39:28,248 [INFO] PluginManager:220 - loadIPPluginJar : add hash
2024-01-24 17:39:28,250 [INFO] IPUIPlugin:80 - create IPUIPlugin
2024-01-24 17:39:28,250 [INFO] PluginManager:220 - loadIPPluginJar : add i2c
2024-01-24 17:39:28,252 [INFO] IPUIPlugin:80 - create IPUIPlugin
2024-01-24 17:39:28,253 [INFO] PluginManager:220 - loadIPPluginJar : add i2s
2024-01-24 17:39:28,255 [INFO] IPUIPlugin:80 - create IPUIPlugin
2024-01-24 17:39:28,255 [INFO] PluginManager:220 - loadIPPluginJar : add i3c
2024-01-24 17:39:28,258 [INFO] IPUIPlugin:80 - create IPUIPlugin
2024-01-24 17:39:28,258 [INFO] PluginManager:220 - loadIPPluginJar : add ipddr
2024-01-24 17:39:28,264 [INFO] IPUIPlugin:80 - create IPUIPlugin
2024-01-24 17:39:28,264 [INFO] PluginManager:220 - loadIPPluginJar : add linkedlist
2024-01-24 17:39:28,267 [INFO] IPUIPlugin:80 - create IPUIPlugin
2024-01-24 17:39:28,267 [INFO] PluginManager:220 - loadIPPluginJar : add lorawan
2024-01-24 17:39:28,269 [INFO] IPUIPlugin:80 - create IPUIPlugin
2024-01-24 17:39:28,269 [INFO] PluginManager:220 - loadIPPluginJar : add ltdc
2024-01-24 17:39:28,274 [INFO] IPUIPlugin:80 - create IPUIPlugin
2024-01-24 17:39:28,274 [INFO] PluginManager:220 - loadIPPluginJar : add mdma
2024-01-24 17:39:28,277 [INFO] IPUIPlugin:80 - create IPUIPlugin
2024-01-24 17:39:28,277 [INFO] PluginManager:220 - loadIPPluginJar : add nvic
2024-01-24 17:39:28,279 [INFO] IPUIPlugin:80 - create IPUIPlugin
2024-01-24 17:39:28,280 [INFO] PluginManager:220 - loadIPPluginJar : add opamp
2024-01-24 17:39:28,281 [INFO] IPUIPlugin:80 - create IPUIPlugin
2024-01-24 17:39:28,281 [INFO] PluginManager:220 - loadIPPluginJar : add openamp
2024-01-24 17:39:28,284 [INFO] IPUIPlugin:80 - create IPUIPlugin
2024-01-24 17:39:28,284 [INFO] PluginManager:220 - loadIPPluginJar : add pdm2pcm
2024-01-24 17:39:28,289 [INFO] IPUIPlugin:80 - create IPUIPlugin
2024-01-24 17:39:28,291 [INFO] PluginManager:220 - loadIPPluginJar : add plateformsettings
2024-01-24 17:39:28,293 [INFO] IPUIPlugin:80 - create IPUIPlugin
2024-01-24 17:39:28,294 [INFO] PluginManager:220 - loadIPPluginJar : add quadspi
2024-01-24 17:39:28,299 [INFO] IPUIPlugin:80 - create IPUIPlugin
2024-01-24 17:39:28,299 [INFO] PluginManager:220 - loadIPPluginJar : add resmgrutility
2024-01-24 17:39:28,302 [INFO] IPUIPlugin:80 - create IPUIPlugin
2024-01-24 17:39:28,302 [INFO] PluginManager:220 - loadIPPluginJar : add sai
2024-01-24 17:39:28,304 [INFO] IPUIPlugin:80 - create IPUIPlugin
2024-01-24 17:39:28,304 [INFO] PluginManager:220 - loadIPPluginJar : add spi
2024-01-24 17:39:28,308 [INFO] IPUIPlugin:80 - create IPUIPlugin
2024-01-24 17:39:28,309 [INFO] PluginManager:220 - loadIPPluginJar : add stm32_wpan
2024-01-24 17:39:28,310 [INFO] IPUIPlugin:80 - create IPUIPlugin
2024-01-24 17:39:28,310 [INFO] PluginManager:220 - loadIPPluginJar : add tim
2024-01-24 17:39:28,314 [INFO] IPUIPlugin:80 - create IPUIPlugin
2024-01-24 17:39:28,314 [INFO] PluginManager:220 - loadIPPluginJar : add touchsensing
2024-01-24 17:39:28,316 [INFO] IPUIPlugin:80 - create IPUIPlugin
2024-01-24 17:39:28,316 [INFO] PluginManager:220 - loadIPPluginJar : add tracer_emb
2024-01-24 17:39:28,318 [INFO] IPUIPlugin:80 - create IPUIPlugin
2024-01-24 17:39:28,318 [INFO] PluginManager:220 - loadIPPluginJar : add ts
2024-01-24 17:39:28,320 [INFO] IPUIPlugin:80 - create IPUIPlugin
2024-01-24 17:39:28,320 [INFO] PluginManager:220 - loadIPPluginJar : add tsc
2024-01-24 17:39:28,321 [INFO] IPUIPlugin:80 - create IPUIPlugin
2024-01-24 17:39:28,321 [INFO] PluginManager:220 - loadIPPluginJar : add ucpd
2024-01-24 17:39:28,323 [INFO] IPUIPlugin:80 - create IPUIPlugin
2024-01-24 17:39:28,323 [INFO] PluginManager:220 - loadIPPluginJar : add usart
2024-01-24 17:39:28,325 [INFO] IPUIPlugin:80 - create IPUIPlugin
2024-01-24 17:39:28,326 [INFO] PluginManager:220 - loadIPPluginJar : add usbx
2024-01-24 17:39:28,439 [INFO] CADModel:165 - CPN selected for project level
2024-01-24 17:39:28,439 [INFO] CADModel:114 - Register for checkConnection events
2024-01-24 17:39:28,440 [FATAL] Updater:308 - Updater called before beeing initialized
2024-01-24 17:39:28,440 [ERROR] CADModel:125 - Updater not yet initialized, retry later 
2024-01-24 17:39:28,559 [INFO] CADModel:165 - CPN selected for project level
2024-01-24 17:39:28,560 [INFO] CADModel:114 - Register for checkConnection events
2024-01-24 17:39:28,560 [FATAL] Updater:308 - Updater called before beeing initialized
2024-01-24 17:39:28,560 [ERROR] CADModel:125 - Updater not yet initialized, retry later 
2024-01-24 17:39:28,562 [FATAL] Updater:308 - Updater called before beeing initialized
2024-01-24 17:39:28,649 [FATAL] Updater:308 - Updater called before beeing initialized
2024-01-24 17:39:28,654 [INFO] DbMcusAds:53 - JSON generation date=Tue Mar 07 03:50:55 EST 2023 (1678179055114)
2024-01-24 17:39:28,654 [FATAL] Updater:308 - Updater called before beeing initialized
2024-01-24 17:39:28,694 [WARN] DetailPanel:346 - Failed to get advertising image, set to default
2024-01-24 17:39:28,792 [FATAL] Updater:308 - Updater called before beeing initialized
2024-01-24 17:39:28,794 [FATAL] Updater:308 - Updater called before beeing initialized
2024-01-24 17:39:28,794 [FATAL] Updater:308 - Updater called before beeing initialized
2024-01-24 17:39:28,794 [WARN] DetailPanel:346 - Failed to get advertising image, set to default
2024-01-24 17:39:28,795 [FATAL] Updater:308 - Updater called before beeing initialized
2024-01-24 17:39:28,834 [ERROR] Updater:1120 - MainUpdater not yet initialized. External WinMGr cannot be set.
2024-01-24 17:39:28,836 [INFO] Updater:1056 - Updater Version found : 6.9.1
2024-01-24 17:39:28,851 [INFO] ApplicationProperties:184 - Using Application install path: C:\ST\STM32CubeIDE_1.13.1\STM32CubeIDE\plugins\com.st.stm32cube.common.mx_6.9.1.202307191849
2024-01-24 17:39:29,395 [INFO] MainUpdater:2868 - connection check result : 10
2024-01-24 17:39:29,395 [INFO] MainUpdater:3562 - Updater definition file requires update
2024-01-24 17:39:29,397 [INFO] MainUpdater:285 - Updater Check For Update Now.
2024-01-24 17:39:29,397 [INFO] MicroXplorer:498 - Change Database Version : DB.6.0.91
2024-01-24 17:39:29,403 [INFO] McuFinderGlobals:63 - Set McuFinder mode to 2 (CubeIDE integrated)
2024-01-24 17:39:29,403 [INFO] UserAuth:179 - activating auth plugin
2024-01-24 17:39:29,405 [INFO] UserAuth:393 - Internet connection configuration mode: 1
2024-01-24 17:39:29,419 [INFO] JxBrowserEngine:151 - Initiate JxBrowser Engine with user profile folder
2024-01-24 17:39:29,503 [INFO] ServerAccessManage:473 - Download File updaters.zip
2024-01-24 17:39:29,630 [INFO] FileExtend:240 - Unzip File : updaters.zip
2024-01-24 17:39:29,630 [INFO] FileExtend:255 - Standard Zip Deflate
2024-01-24 17:39:30,179 [INFO] ServerAccessManage:473 - Download File PacksControlFlags.xml
2024-01-24 17:39:30,244 [INFO] ServerAccessManage:473 - Download File cubemx.pidx
2024-01-24 17:39:30,273 [INFO] WebApp:157 - Instantiating new browser for Auth
2024-01-24 17:39:30,617 [INFO] ServerAccessManage:473 - Download File STMicroelectronics.X-CUBE-EEPRMA1.pdsc
2024-01-24 17:39:30,735 [WARN] MainUpdater:1189 - Updater busy. Cannot search thirdparties
2024-01-24 17:39:30,735 [INFO] ThirdPartyUpdaterWithRetryManager:96 - Updater plugin is busy. [1/15]
2024-01-24 17:39:30,829 [ERROR] ServerAccessManage:1089 - Problem, file not found on Server
2024-01-24 17:39:30,871 [INFO] WebApp:753 - Register for checkConnection events
2024-01-24 17:39:30,872 [INFO] WebApp:390 - Apply proxy settings
2024-01-24 17:39:30,872 [INFO] WebApp:475 - Chromium requires no authentication
2024-01-24 17:39:30,878 [INFO] WebApp:418 - Direct internet connection detected
2024-01-24 17:39:31,018 [INFO] WebApp:188 - Starting web application
2024-01-24 17:39:31,018 [INFO] WebApp:520 - Web application path used C:\ST\STM32CubeIDE_1.13.1\STM32CubeIDE\plugins\com.st.stm32cube.common.mx_6.9.1.202307191849\db\plugins\mcufinder\reactClient1\index.html
2024-01-24 17:39:31,280 [ERROR] ServerAccessManage:1089 - Problem, file not found on Server
2024-01-24 17:39:31,969 [INFO] ServerAccessManage:473 - Download File STMicroelectronics.X-CUBE-TOUCHGFX.pdsc
2024-01-24 17:39:33,736 [WARN] MainUpdater:1189 - Updater busy. Cannot search thirdparties
2024-01-24 17:39:33,736 [INFO] ThirdPartyUpdaterWithRetryManager:96 - Updater plugin is busy. [2/15]
2024-01-24 17:39:36,750 [WARN] MainUpdater:1189 - Updater busy. Cannot search thirdparties
2024-01-24 17:39:36,750 [INFO] ThirdPartyUpdaterWithRetryManager:96 - Updater plugin is busy. [3/15]
2024-01-24 17:39:38,877 [ERROR] ServerAccessManage:1096 - Problem, Http access forbiden
2024-01-24 17:39:38,879 [ERROR] ServerAccessManage:651 - Problem, Http access forbiden : RoweBots.I-CUBE-UNISONRTOS.pdsc.
2024-01-24 17:39:39,007 [WARN] PackLoader:240 - Cannot read IP mode file for STMicroelectronics.X-CUBE-EEPRMA1.5.1.0
2024-01-24 17:39:39,015 [WARN] PackLoader:240 - Cannot read IP mode file for STMicroelectronics.X-CUBE-TOUCHGFX.4.23.0
2024-01-24 17:39:39,015 [INFO] PopulateThirdPartyThread:66 - Ending populate Thread
2024-01-24 17:39:39,017 [INFO] ThirdParty:1030 - CMSIS Pack Vendor :STMicroelectronics X-CUBE-EEPRMA1 5.1.0
2024-01-24 17:39:39,017 [INFO] ThirdParty:1030 - CMSIS Pack Vendor :STMicroelectronics X-CUBE-TOUCHGFX 4.23.0
2024-01-24 17:39:39,017 [INFO] LoadServerUpdatesThread:373 - End of LoadServerUpdate Thread
2024-01-24 17:39:39,139 [INFO] CheckServerUpdateThread:120 - End of CheckServer Thread
2024-01-24 17:39:39,904 [WARN] PackLoader:240 - Cannot read IP mode file for STMicroelectronics.X-CUBE-SMBUS.2.1.0
2024-01-24 17:39:39,907 [WARN] PackLoader:240 - Cannot read IP mode file for STMicroelectronics.X-CUBE-TOUCHGFX.4.23.0
2024-01-24 17:39:39,926 [WARN] PackLoader:240 - Cannot read IP mode file for STMicroelectronics.X-CUBE-AZRTOS-F7.1.1.0
2024-01-24 17:39:39,936 [WARN] PackLoader:240 - Cannot read IP mode file for STMicroelectronics.FP-SNS-MOTENV1.4.3.2
2024-01-24 17:39:39,944 [WARN] PackLoader:240 - Cannot read IP mode file for STMicroelectronics.X-CUBE-DISPLAY.3.0.0
2024-01-24 17:39:39,953 [WARN] PackLoader:240 - Cannot read IP mode file for emotas.I-CUBE-CANOPEN.1.3.0
2024-01-24 17:39:39,958 [WARN] PackLoader:240 - Cannot read IP mode file for STMicroelectronics.X-CUBE-TOUCHGFX.4.22.0
2024-01-24 17:39:39,961 [WARN] PackLoader:240 - Cannot read IP mode file for STMicroelectronics.X-CUBE-TOUCHGFX.4.22.1
2024-01-24 17:39:39,964 [WARN] PackLoader:240 - Cannot read IP mode file for STMicroelectronics.FP-SNS-SMARTAG2.1.2.0
2024-01-24 17:39:39,973 [INFO] LogOutputStream:77 - [STDOUT_REDIRECT] 1 : Invalid condition id : UX_CORESTACK_Condition cause : null
2024-01-24 17:39:39,973 [INFO] LogOutputStream:77 - [STDOUT_REDIRECT] 1 : Invalid condition id : UX_CORESTACK_Condition cause : null
2024-01-24 17:39:39,974 [INFO] LogOutputStream:77 - [STDOUT_REDIRECT] 1 : Invalid condition id : UX_CORESTACK_Condition cause : null
2024-01-24 17:39:39,975 [INFO] LogOutputStream:77 - [STDOUT_REDIRECT] 1 : Invalid condition id : UX_CORESTACK_Condition cause : null
2024-01-24 17:39:39,975 [INFO] LogOutputStream:77 - [STDOUT_REDIRECT] 1 : Invalid condition id : UX_CORESTACK_Condition cause : null
2024-01-24 17:39:39,978 [WARN] PackLoader:240 - Cannot read IP mode file for STMicroelectronics.X-CUBE-AZRTOS-WL.2.0.0
2024-01-24 17:39:39,985 [WARN] PackLoader:240 - Cannot read IP mode file for WES.I-CUBE-Cesium.1.3.0
2024-01-24 17:39:39,991 [WARN] PackLoader:240 - Cannot read IP mode file for STMicroelectronics.X-CUBE-BLE2.3.3.0
2024-01-24 17:39:39,997 [WARN] PackLoader:240 - Cannot read IP mode file for STMicroelectronics.X-CUBE-ALGOBUILD.1.3.0
2024-01-24 17:39:40,010 [WARN] PackLoader:240 - Cannot read IP mode file for STMicroelectronics.X-CUBE-AZRTOS-G0.1.1.0
2024-01-24 17:39:40,017 [WARN] PackLoader:240 - Cannot read IP mode file for STMicroelectronics.X-CUBE-NFC4.3.0.0
2024-01-24 17:39:40,026 [WARN] PackLoader:240 - Cannot read IP mode file for STMicroelectronics.X-CUBE-BLEMGR.3.0.0
2024-01-24 17:39:40,032 [WARN] PackLoader:240 - Cannot read IP mode file for STMicroelectronics.FP-ATR-SIGFOX1.3.2.0
2024-01-24 17:39:40,036 [WARN] PackLoader:240 - Cannot read IP mode file for STMicroelectronics.X-CUBE-EEPRMA1.5.1.0
2024-01-24 17:39:40,076 [WARN] PackLoader:240 - Cannot read IP mode file for SEGGER.I-CUBE-embOS.1.3.1
2024-01-24 17:39:40,124 [WARN] PackLoader:240 - Cannot read IP mode file for STMicroelectronics.X-CUBE-GNSS1.6.0.0
2024-01-24 17:39:40,142 [WARN] PackLoader:240 - Cannot read IP mode file for STMicroelectronics.X-CUBE-AZRTOS-F4.1.1.0
2024-01-24 17:39:40,149 [WARN] PackLoader:240 - Cannot read IP mode file for wolfSSL.I-CUBE-wolfSSL.5.6.3
2024-01-24 17:39:40,167 [WARN] PackLoader:240 - Cannot read IP mode file for STMicroelectronics.X-CUBE-AZRTOS-L5.2.0.0
2024-01-24 17:39:40,221 [WARN] PackLoader:240 - Cannot read IP mode file for STMicroelectronics.X-CUBE-MEMS1.9.6.0
2024-01-24 17:39:40,381 [WARN] PackLoader:240 - Cannot read IP mode file for STMicroelectronics.X-CUBE-EEPRMA1.4.2.0
2024-01-24 17:39:40,387 [WARN] PackLoader:240 - Cannot read IP mode file for ITTIA_DB.I-CUBE-ITTIADB.8.8.0
2024-01-24 17:39:40,394 [WARN] PackLoader:240 - Cannot read IP mode file for STMicroelectronics.X-CUBE-BLEMGR.2.0.0
2024-01-24 17:39:40,413 [WARN] ConditionMgr:438 - getConditionDescription Invalid condition id : UX DEVICE CLASS RTOS Condition cause : null
2024-01-24 17:39:40,414 [WARN] ConditionMgr:438 - getConditionDescription Invalid condition id : UX DEVICE CLASS RTOS Condition cause : null
2024-01-24 17:39:40,417 [WARN] PackLoader:240 - Cannot read IP mode file for STMicroelectronics.X-CUBE-AZRTOS-H7.3.1.0
2024-01-24 17:39:40,418 [WARN] ConditionMgr:1039 - genDependencies : Invalid condition id : UX DEVICE CLASS RTOS Condition cause : null
2024-01-24 17:39:40,418 [WARN] ConditionMgr:1039 - genDependencies : Invalid condition id : UX DEVICE CLASS RTOS Condition cause : null
2024-01-24 17:39:40,419 [WARN] ConditionMgr:1039 - genDependencies : Invalid condition id : UX DEVICE CLASS RTOS Condition cause : null
2024-01-24 17:39:40,419 [WARN] ConditionMgr:1039 - genDependencies : Invalid condition id : UX DEVICE CLASS RTOS Condition cause : null
2024-01-24 17:39:40,419 [WARN] ConditionMgr:1039 - genDependencies : Invalid condition id : UX DEVICE CLASS RTOS Condition cause : null
2024-01-24 17:39:40,424 [WARN] PackLoader:240 - Cannot read IP mode file for STMicroelectronics.X-CUBE-NFC7.1.0.1
2024-01-24 17:39:40,429 [WARN] PackLoader:240 - Cannot read IP mode file for STMicroelectronics.X-CUBE-NFC6.3.0.0
2024-01-24 17:39:40,433 [WARN] PackLoader:240 - Cannot read IP mode file for STMicroelectronics.X-CUBE-EEPRMA1.4.1.0
2024-01-24 17:39:40,445 [WARN] ConditionMgr:438 - getConditionDescription Invalid condition id : LAN8742 Phy interface Condition cause : null
2024-01-24 17:39:40,446 [WARN] PackLoader:240 - Cannot read IP mode file for STMicroelectronics.X-CUBE-AZRTOS-L4.2.0.0
2024-01-24 17:39:40,446 [WARN] ConditionMgr:1039 - genDependencies : Invalid condition id : LAN8742 Phy interface Condition cause : null
2024-01-24 17:39:40,446 [WARN] ConditionMgr:1039 - genDependencies : Invalid condition id : LAN8742 Phy interface Condition cause : null
2024-01-24 17:39:40,447 [WARN] ConditionMgr:1039 - genDependencies : Invalid condition id : LAN8742 Phy interface Condition cause : null
2024-01-24 17:39:40,452 [WARN] PackLoader:240 - Cannot read IP mode file for STMicroelectronics.X-CUBE-SFXS2LP1.4.0.0
2024-01-24 17:39:40,456 [WARN] PackLoader:240 - Cannot read IP mode file for STMicroelectronics.X-CUBE-ISPU.1.1.0
2024-01-24 17:39:40,465 [WARN] ConditionMgr:438 - getConditionDescription Invalid condition id : UX DEVICE CLASS RTOS Condition cause : null
2024-01-24 17:39:40,465 [WARN] ConditionMgr:438 - getConditionDescription Invalid condition id : UX DEVICE CLASS RTOS Condition cause : null
2024-01-24 17:39:40,466 [WARN] PackLoader:240 - Cannot read IP mode file for STMicroelectronics.X-CUBE-AZRTOS-WB.2.0.0
2024-01-24 17:39:40,467 [WARN] ConditionMgr:1039 - genDependencies : Invalid condition id : UX DEVICE CLASS RTOS Condition cause : null
2024-01-24 17:39:40,467 [WARN] ConditionMgr:1039 - genDependencies : Invalid condition id : UX DEVICE CLASS RTOS Condition cause : null
2024-01-24 17:39:40,467 [WARN] ConditionMgr:1039 - genDependencies : Invalid condition id : UX DEVICE CLASS RTOS Condition cause : null
2024-01-24 17:39:40,467 [WARN] ConditionMgr:1039 - genDependencies : Invalid condition id : UX DEVICE CLASS RTOS Condition cause : null
2024-01-24 17:39:40,467 [WARN] ConditionMgr:1039 - genDependencies : Invalid condition id : UX DEVICE CLASS RTOS Condition cause : null
2024-01-24 17:39:40,475 [WARN] PackLoader:240 - Cannot read IP mode file for STMicroelectronics.X-CUBE-SUBG2.5.0.0
2024-01-24 17:39:40,483 [WARN] PackLoader:240 - Cannot read IP mode file for STMicroelectronics.X-CUBE-TOF1.3.3.1
2024-01-24 17:39:40,497 [WARN] PackLoader:240 - Cannot read IP mode file for STMicroelectronics.X-CUBE-AZRTOS-G4.2.0.0
2024-01-24 17:39:40,507 [WARN] PackLoader:240 - Cannot read IP mode file for Infineon.AIROC-Wi-Fi-Bluetooth-STM32.1.5.1
2024-01-24 17:39:40,513 [WARN] PackLoader:240 - Cannot read IP mode file for STMicroelectronics.FP-SNS-MOTENVWB1.1.3.0
2024-01-24 17:39:40,517 [WARN] PackLoader:240 - Cannot read IP mode file for STMicroelectronics.FP-SNS-MOTENVWB1.1.3.1
2024-01-24 17:39:40,522 [WARN] PackLoader:240 - Cannot read IP mode file for STMicroelectronics.X-CUBE-ISPU.2.0.0
2024-01-24 17:39:40,547 [WARN] PackLoader:240 - Cannot read IP mode file for STMicroelectronics.X-CUBE-MEMS1.10.0.0
2024-01-24 17:39:40,631 [WARN] PackLoader:240 - Cannot read IP mode file for portGmbH.I-Cube-SoM-uGOAL.1.1.0
2024-01-24 17:39:40,635 [WARN] PackLoader:240 - Cannot read IP mode file for STMicroelectronics.X-CUBE-ALS.1.0.1
2024-01-24 17:39:40,639 [WARN] PackLoader:240 - Cannot read IP mode file for STMicroelectronics.FP-ATR-ASTRA1.2.0.0
2024-01-24 17:39:40,646 [WARN] PackLoader:240 - Cannot read IP mode file for STMicroelectronics.X-CUBE-TOF1.3.4.0
2024-01-24 17:39:40,665 [WARN] PackLoader:240 - Cannot read IP mode file for STMicroelectronics.X-CUBE-AZRTOS-H7.3.2.0
2024-01-24 17:39:40,667 [INFO] ThirdParty:978 - Integrity check success = true
2024-01-24 17:39:40,667 [INFO] IntegrityCheckThread:100 - exiting critical section [integrity check]
2024-01-24 17:39:40,667 [INFO] IntegrityCheckThread:103 - End integrity checks thread
2024-01-24 17:39:51,533 [ERROR] LogOutputStream:75 - [STDERR_REDIRECT] SLF4J: Failed to load class "org.slf4j.impl.StaticLoggerBinder".
2024-01-24 17:39:51,533 [ERROR] LogOutputStream:75 - [STDERR_REDIRECT] SLF4J: Defaulting to no-operation (NOP) logger implementation
2024-01-24 17:39:51,534 [ERROR] LogOutputStream:75 - [STDERR_REDIRECT] SLF4J: See http://www.slf4j.org/codes.html#StaticLoggerBinder for further details.
2024-01-24 17:47:38,900 [ERROR] LogOutputStream:75 - [STDERR_REDIRECT] 
2024-01-24 18:30:47,094 [INFO] Activator:176 - 


2024-01-24 18:30:47,098 [INFO] Activator:177 - !SESSION log4j initialized
2024-01-24 18:30:52,675 [INFO] LogOutputStream:77 - [STDOUT_REDIRECT] 
2024-01-24 18:30:53,587 [INFO] ApplicationProperties:184 - Using Application install path: C:\ST\STM32CubeIDE_1.13.1\STM32CubeIDE\plugins\com.st.stm32cube.common.mx_6.9.1.202307191849
2024-01-24 18:30:53,607 [INFO] DbMcusXml:78 - Set database path to: C:\ST\STM32CubeIDE_1.13.1\STM32CubeIDE\plugins\com.st.stm32cube.common.mx_6.9.1.202307191849\\db\/mcu/
2024-01-24 18:30:53,607 [INFO] ApiDb:274 - Set plugin database path to: C:\ST\STM32CubeIDE_1.13.1\STM32CubeIDE\plugins\com.st.stm32cube.common.mx_6.9.1.202307191849\\db\/plugins/boardmanager/
2024-01-24 18:30:53,607 [WARN] ApiDb:259 - Overriding images path with different value:  => C:\ST\STM32CubeIDE_1.13.1\STM32CubeIDE\plugins\com.st.stm32cube.common.mx_6.9.1.202307191849\\db\/plugins/mcufinder/images/
2024-01-24 18:30:53,619 [INFO] ApiDb:250 - Set database path to: C:\Users\james\.stmcufinder\plugins\mcufinder//mcu/
2024-01-24 18:30:53,619 [INFO] DbMcusAds:125 - Set database path to: C:\Users\james\.stmcufinder\plugins\mcufinder//mcu/
2024-01-24 18:30:53,623 [INFO] CrossReferenceDbSqlite:203 - Set database path to: C:\Users\james\.stmcufinder\plugins\mcufinder//mcu/cs/
2024-01-24 18:30:53,742 [INFO] RulesReader:64 - Compatibility file has been processed (293 Rules)
2024-01-24 18:30:53,847 [INFO] DbMcusXml:78 - Set database path to: C:\ST\STM32CubeIDE_1.13.1\STM32CubeIDE\plugins\com.st.stm32cube.common.mx_6.9.1.202307191849\\db\/mcu/
2024-01-24 18:30:53,847 [INFO] ApiDb:274 - Set plugin database path to: C:\ST\STM32CubeIDE_1.13.1\STM32CubeIDE\plugins\com.st.stm32cube.common.mx_6.9.1.202307191849\\db\/plugins/boardmanager/
2024-01-24 18:30:53,847 [INFO] ApiDb:261 - Set plugin images path to: C:\ST\STM32CubeIDE_1.13.1\STM32CubeIDE\plugins\com.st.stm32cube.common.mx_6.9.1.202307191849\\db\/plugins/mcufinder/images/
2024-01-24 18:30:53,847 [WARN] DbFile:41 - Overriding database path with different value: C:\Users\james\.stmcufinder\plugins\mcufinder/ => C:\Users\james\.stmcufinder\plugins\mcufinder
2024-01-24 18:30:53,847 [INFO] ApiDb:250 - Set database path to: C:\Users\james\.stmcufinder\plugins\mcufinder//mcu/
2024-01-24 18:30:53,847 [WARN] DbFile:41 - Overriding database path with different value: C:\Users\james\.stmcufinder\plugins\mcufinder/ => C:\Users\james\.stmcufinder\plugins\mcufinder
2024-01-24 18:30:53,851 [INFO] DbMcusAds:125 - Set database path to: C:\Users\james\.stmcufinder\plugins\mcufinder//mcu/
2024-01-24 18:30:53,851 [WARN] DbFile:41 - Overriding database path with different value: C:\Users\james\.stmcufinder\plugins\mcufinder/ => C:\Users\james\.stmcufinder\plugins\mcufinder
2024-01-24 18:30:53,851 [WARN] DbFile:41 - Overriding database path with different value: C:\Users\james\.stmcufinder\plugins\mcufinder/ => C:\Users\james\.stmcufinder\plugins\mcufinder
2024-01-24 18:30:53,851 [INFO] CrossReferenceDbSqlite:203 - Set database path to: C:\Users\james\.stmcufinder\plugins\mcufinder//mcu/cs/
2024-01-24 18:30:53,939 [INFO] MainPanel:262 - HeapMemory: 268435456
2024-01-24 18:30:54,022 [INFO] DbMcusXml:78 - Set database path to: C:\ST\STM32CubeIDE_1.13.1\STM32CubeIDE\plugins\com.st.stm32cube.common.mx_6.9.1.202307191849\\db\/mcu/
2024-01-24 18:30:54,022 [INFO] ApiDb:274 - Set plugin database path to: C:\ST\STM32CubeIDE_1.13.1\STM32CubeIDE\plugins\com.st.stm32cube.common.mx_6.9.1.202307191849\\db\/plugins/boardmanager/
2024-01-24 18:30:54,022 [INFO] ApiDb:261 - Set plugin images path to: C:\ST\STM32CubeIDE_1.13.1\STM32CubeIDE\plugins\com.st.stm32cube.common.mx_6.9.1.202307191849\\db\/plugins/mcufinder/images/
2024-01-24 18:30:54,022 [WARN] DbFile:41 - Overriding database path with different value: C:\Users\james\.stmcufinder\plugins\mcufinder/ => C:\Users\james\.stmcufinder\plugins\mcufinder
2024-01-24 18:30:54,022 [INFO] ApiDb:250 - Set database path to: C:\Users\james\.stmcufinder\plugins\mcufinder//mcu/
2024-01-24 18:30:54,022 [WARN] DbFile:41 - Overriding database path with different value: C:\Users\james\.stmcufinder\plugins\mcufinder/ => C:\Users\james\.stmcufinder\plugins\mcufinder
2024-01-24 18:30:54,022 [INFO] DbMcusAds:125 - Set database path to: C:\Users\james\.stmcufinder\plugins\mcufinder//mcu/
2024-01-24 18:30:54,022 [WARN] DbFile:41 - Overriding database path with different value: C:\Users\james\.stmcufinder\plugins\mcufinder/ => C:\Users\james\.stmcufinder\plugins\mcufinder
2024-01-24 18:30:54,027 [WARN] DbFile:41 - Overriding database path with different value: C:\Users\james\.stmcufinder\plugins\mcufinder/ => C:\Users\james\.stmcufinder\plugins\mcufinder
2024-01-24 18:30:54,027 [INFO] CrossReferenceDbSqlite:203 - Set database path to: C:\Users\james\.stmcufinder\plugins\mcufinder//mcu/cs/
2024-01-24 18:30:54,043 [INFO] ApplicationProperties:184 - Using Application install path: C:\ST\STM32CubeIDE_1.13.1\STM32CubeIDE\plugins\com.st.stm32cube.common.mx_6.9.1.202307191849
2024-01-24 18:30:54,046 [INFO] PluginManage:196 - Search for loadable plugins [exclusion list=, ]
2024-01-24 18:30:54,046 [INFO] PluginManage:310 - Check plugin analytics
2024-01-24 18:30:54,202 [INFO] AnalyticsPlugin:253 - Accepted Software Licenses: 
2024-01-24 18:30:54,202 [INFO] AnalyticsPlugin:255 - Accepted CMSIS Pack Licenses: 
2024-01-24 18:30:54,202 [INFO] AnalyticsPlugin:257 - Accepted Firmware Licenses: FW.L4.1.18.0
2024-01-24 18:30:54,202 [INFO] PluginManage:359 - Loaded plugin analytics (category:tool,tabindex:-1)
2024-01-24 18:30:54,202 [INFO] PluginManage:310 - Check plugin cadmodel
2024-01-24 18:30:54,206 [INFO] CADModel:105 - Init CAD model plugin
2024-01-24 18:30:54,206 [INFO] PluginManage:359 - Loaded plugin cadmodel (category:power,tabindex:5)
2024-01-24 18:30:54,206 [INFO] PluginManage:310 - Check plugin clock
2024-01-24 18:30:54,214 [INFO] PluginManage:359 - Loaded plugin clock (category:base,tabindex:2)
2024-01-24 18:30:54,218 [INFO] PluginManage:310 - Check plugin ddr
2024-01-24 18:30:54,218 [INFO] PluginManage:359 - Loaded plugin ddr (category:tool,tabindex:6)
2024-01-24 18:30:54,218 [INFO] PluginManage:310 - Check plugin filemanager
2024-01-24 18:30:54,347 [INFO] PluginManage:359 - Loaded plugin filemanager (category:base,tabindex:10)
2024-01-24 18:30:54,347 [INFO] PluginManage:310 - Check plugin ipmanager
2024-01-24 18:30:54,359 [INFO] PluginManage:359 - Loaded plugin ipmanager (category:base,tabindex:5)
2024-01-24 18:30:54,359 [INFO] PluginManage:310 - Check plugin lpbam
2024-01-24 18:30:54,367 [INFO] PluginManage:359 - Loaded plugin lpbam (category:base,tabindex:0)
2024-01-24 18:30:54,367 [INFO] PluginManage:310 - Check plugin memorymap
2024-01-24 18:30:54,379 [INFO] PluginManage:359 - Loaded plugin memorymap (category:base,tabindex:4)
2024-01-24 18:30:54,379 [INFO] PluginManage:310 - Check plugin pinoutandconfiguration
2024-01-24 18:30:54,387 [INFO] PluginManage:359 - Loaded plugin pinoutandconfiguration (category:base,tabindex:1)
2024-01-24 18:30:54,387 [INFO] PluginManage:310 - Check plugin pinoutconfig
2024-01-24 18:30:54,491 [WARN] SupportedApi:132 - Cannot load RTOS API schema: s4s-elt-must-match.1: The content of 'definitions' must match (annotation?, (simpleType | complexType)?, (unique | key | keyref)*)). A problem was found starting at: attribute.
2024-01-24 18:30:54,675 [INFO] PluginManage:359 - Loaded plugin pinoutconfig (category:base,tabindex:0)
2024-01-24 18:30:54,675 [INFO] PluginManage:310 - Check plugin power
2024-01-24 18:30:54,687 [INFO] PluginManage:359 - Loaded plugin power (category:power,tabindex:4)
2024-01-24 18:30:54,687 [INFO] PluginManage:310 - Check plugin projectmanager
2024-01-24 18:30:54,703 [INFO] PluginManage:359 - Loaded plugin projectmanager (category:projectmanager,tabindex:3)
2024-01-24 18:30:54,703 [INFO] PluginManage:310 - Check plugin thirdparty
2024-01-24 18:30:54,839 [WARN] IntegrityCheckThread:84 - waiting for thirdparty lock release [integrity check]
2024-01-24 18:30:54,839 [INFO] PluginManage:359 - Loaded plugin thirdparty (category:base,tabindex:-1)
2024-01-24 18:30:54,839 [INFO] IntegrityCheckThread:86 - entering critical section [integrity check]
2024-01-24 18:30:54,841 [INFO] PluginManage:310 - Check plugin tools
2024-01-24 18:30:54,841 [INFO] ThirdPartyUpdaterWithRetryManager:70 - Updater plugin not ready yet. [1/15]
2024-01-24 18:30:54,841 [INFO] PluginManage:359 - Loaded plugin tools (category:base,tabindex:7)
2024-01-24 18:30:54,841 [INFO] PluginManage:310 - Check plugin tutovideos
2024-01-24 18:30:55,049 [INFO] PluginManage:359 - Loaded plugin tutovideos (category:base,tabindex:-1)
2024-01-24 18:30:55,049 [INFO] PluginManage:310 - Check plugin updater
2024-01-24 18:30:55,061 [INFO] PluginManage:359 - Loaded plugin updater (category:base,tabindex:12)
2024-01-24 18:30:55,061 [INFO] PluginManage:310 - Check plugin userauth
2024-01-24 18:30:55,065 [INFO] UserAuth:113 - Init User Auth plugin
2024-01-24 18:30:55,065 [INFO] PluginManage:359 - Loaded plugin userauth (category:base,tabindex:14)
2024-01-24 18:30:55,065 [INFO] PluginManage:283 - PluginManage : Loaded plugins [17]
2024-01-24 18:30:55,321 [INFO] PinOutPanel:1499 - setPackage(No Configuration,No Configuration)
2024-01-24 18:30:55,447 [INFO] CADModel:165 - CPN selected for project level
2024-01-24 18:30:55,447 [INFO] CADModel:114 - Register for checkConnection events
2024-01-24 18:30:55,463 [INFO] IPUIPlugin:80 - create IPUIPlugin
2024-01-24 18:30:55,463 [INFO] PluginManager:220 - loadIPPluginJar : add adc
2024-01-24 18:30:55,467 [INFO] IPUIPlugin:80 - create IPUIPlugin
2024-01-24 18:30:55,467 [INFO] PluginManager:220 - loadIPPluginJar : add aes
2024-01-24 18:30:55,471 [INFO] IPUIPlugin:80 - create IPUIPlugin
2024-01-24 18:30:55,471 [INFO] PluginManager:220 - loadIPPluginJar : add can
2024-01-24 18:30:55,471 [INFO] IPUIPlugin:80 - create IPUIPlugin
2024-01-24 18:30:55,471 [INFO] PluginManager:220 - loadIPPluginJar : add comp
2024-01-24 18:30:55,475 [INFO] IPUIPlugin:80 - create IPUIPlugin
2024-01-24 18:30:55,475 [INFO] PluginManager:220 - loadIPPluginJar : add cryp
2024-01-24 18:30:55,479 [INFO] IPUIPlugin:80 - create IPUIPlugin
2024-01-24 18:30:55,479 [INFO] PluginManager:220 - loadIPPluginJar : add dfsdm
2024-01-24 18:30:55,483 [INFO] IPUIPlugin:80 - create IPUIPlugin
2024-01-24 18:30:55,483 [INFO] PluginManager:220 - loadIPPluginJar : add dma
2024-01-24 18:30:55,487 [INFO] IPUIPlugin:80 - create IPUIPlugin
2024-01-24 18:30:55,487 [INFO] PluginManager:220 - loadIPPluginJar : add dma3
2024-01-24 18:30:55,487 [INFO] IPUIPlugin:80 - create IPUIPlugin
2024-01-24 18:30:55,487 [INFO] PluginManager:220 - loadIPPluginJar : add fatfs
2024-01-24 18:30:55,491 [INFO] IPUIPlugin:80 - create IPUIPlugin
2024-01-24 18:30:55,491 [INFO] PluginManager:220 - loadIPPluginJar : add fmc
2024-01-24 18:30:55,495 [INFO] IPUIPlugin:80 - create IPUIPlugin
2024-01-24 18:30:55,495 [INFO] PluginManager:220 - loadIPPluginJar : add freertos
2024-01-24 18:30:55,495 [INFO] IPUIPlugin:80 - create IPUIPlugin
2024-01-24 18:30:55,499 [INFO] PluginManager:220 - loadIPPluginJar : add genericplugin
2024-01-24 18:30:55,499 [INFO] IPUIPlugin:80 - create IPUIPlugin
2024-01-24 18:30:55,499 [INFO] PluginManager:220 - loadIPPluginJar : add gfxmmu
2024-01-24 18:30:55,503 [INFO] IPUIPlugin:80 - create IPUIPlugin
2024-01-24 18:30:55,503 [INFO] PluginManager:220 - loadIPPluginJar : add gic
2024-01-24 18:30:55,507 [INFO] IPUIPlugin:80 - create IPUIPlugin
2024-01-24 18:30:55,507 [INFO] PluginManager:220 - loadIPPluginJar : add gpio
2024-01-24 18:30:55,511 [INFO] IPUIPlugin:80 - create IPUIPlugin
2024-01-24 18:30:55,511 [INFO] PluginManager:220 - loadIPPluginJar : add gtzc
2024-01-24 18:30:55,511 [INFO] IPUIPlugin:80 - create IPUIPlugin
2024-01-24 18:30:55,511 [INFO] PluginManager:220 - loadIPPluginJar : add hash
2024-01-24 18:30:55,515 [INFO] IPUIPlugin:80 - create IPUIPlugin
2024-01-24 18:30:55,515 [INFO] PluginManager:220 - loadIPPluginJar : add i2c
2024-01-24 18:30:55,515 [INFO] IPUIPlugin:80 - create IPUIPlugin
2024-01-24 18:30:55,515 [INFO] PluginManager:220 - loadIPPluginJar : add i2s
2024-01-24 18:30:55,519 [INFO] IPUIPlugin:80 - create IPUIPlugin
2024-01-24 18:30:55,519 [INFO] PluginManager:220 - loadIPPluginJar : add i3c
2024-01-24 18:30:55,524 [INFO] IPUIPlugin:80 - create IPUIPlugin
2024-01-24 18:30:55,524 [INFO] PluginManager:220 - loadIPPluginJar : add ipddr
2024-01-24 18:30:55,527 [INFO] IPUIPlugin:80 - create IPUIPlugin
2024-01-24 18:30:55,527 [INFO] PluginManager:220 - loadIPPluginJar : add linkedlist
2024-01-24 18:30:55,531 [INFO] IPUIPlugin:80 - create IPUIPlugin
2024-01-24 18:30:55,531 [INFO] PluginManager:220 - loadIPPluginJar : add lorawan
2024-01-24 18:30:55,535 [INFO] IPUIPlugin:80 - create IPUIPlugin
2024-01-24 18:30:55,535 [INFO] PluginManager:220 - loadIPPluginJar : add ltdc
2024-01-24 18:30:55,539 [INFO] IPUIPlugin:80 - create IPUIPlugin
2024-01-24 18:30:55,539 [INFO] PluginManager:220 - loadIPPluginJar : add mdma
2024-01-24 18:30:55,543 [INFO] IPUIPlugin:80 - create IPUIPlugin
2024-01-24 18:30:55,543 [INFO] PluginManager:220 - loadIPPluginJar : add nvic
2024-01-24 18:30:55,543 [INFO] IPUIPlugin:80 - create IPUIPlugin
2024-01-24 18:30:55,543 [INFO] PluginManager:220 - loadIPPluginJar : add opamp
2024-01-24 18:30:55,547 [INFO] IPUIPlugin:80 - create IPUIPlugin
2024-01-24 18:30:55,547 [INFO] PluginManager:220 - loadIPPluginJar : add openamp
2024-01-24 18:30:55,551 [INFO] IPUIPlugin:80 - create IPUIPlugin
2024-01-24 18:30:55,551 [INFO] PluginManager:220 - loadIPPluginJar : add pdm2pcm
2024-01-24 18:30:55,555 [INFO] IPUIPlugin:80 - create IPUIPlugin
2024-01-24 18:30:55,559 [INFO] PluginManager:220 - loadIPPluginJar : add plateformsettings
2024-01-24 18:30:55,563 [INFO] IPUIPlugin:80 - create IPUIPlugin
2024-01-24 18:30:55,563 [INFO] PluginManager:220 - loadIPPluginJar : add quadspi
2024-01-24 18:30:55,563 [INFO] IPUIPlugin:80 - create IPUIPlugin
2024-01-24 18:30:55,563 [INFO] PluginManager:220 - loadIPPluginJar : add resmgrutility
2024-01-24 18:30:55,567 [INFO] IPUIPlugin:80 - create IPUIPlugin
2024-01-24 18:30:55,567 [INFO] PluginManager:220 - loadIPPluginJar : add sai
2024-01-24 18:30:55,571 [INFO] IPUIPlugin:80 - create IPUIPlugin
2024-01-24 18:30:55,571 [INFO] PluginManager:220 - loadIPPluginJar : add spi
2024-01-24 18:30:55,575 [INFO] IPUIPlugin:80 - create IPUIPlugin
2024-01-24 18:30:55,575 [INFO] PluginManager:220 - loadIPPluginJar : add stm32_wpan
2024-01-24 18:30:55,579 [INFO] IPUIPlugin:80 - create IPUIPlugin
2024-01-24 18:30:55,579 [INFO] PluginManager:220 - loadIPPluginJar : add tim
2024-01-24 18:30:55,579 [INFO] IPUIPlugin:80 - create IPUIPlugin
2024-01-24 18:30:55,579 [INFO] PluginManager:220 - loadIPPluginJar : add touchsensing
2024-01-24 18:30:55,583 [INFO] IPUIPlugin:80 - create IPUIPlugin
2024-01-24 18:30:55,583 [INFO] PluginManager:220 - loadIPPluginJar : add tracer_emb
2024-01-24 18:30:55,583 [INFO] IPUIPlugin:80 - create IPUIPlugin
2024-01-24 18:30:55,583 [INFO] PluginManager:220 - loadIPPluginJar : add ts
2024-01-24 18:30:55,587 [INFO] IPUIPlugin:80 - create IPUIPlugin
2024-01-24 18:30:55,587 [INFO] PluginManager:220 - loadIPPluginJar : add tsc
2024-01-24 18:30:55,587 [INFO] IPUIPlugin:80 - create IPUIPlugin
2024-01-24 18:30:55,587 [INFO] PluginManager:220 - loadIPPluginJar : add ucpd
2024-01-24 18:30:55,591 [INFO] IPUIPlugin:80 - create IPUIPlugin
2024-01-24 18:30:55,591 [INFO] PluginManager:220 - loadIPPluginJar : add usart
2024-01-24 18:30:55,595 [INFO] IPUIPlugin:80 - create IPUIPlugin
2024-01-24 18:30:55,595 [INFO] PluginManager:220 - loadIPPluginJar : add usbx
2024-01-24 18:30:55,727 [INFO] CADModel:165 - CPN selected for project level
2024-01-24 18:30:55,727 [INFO] CADModel:114 - Register for checkConnection events
2024-01-24 18:30:55,727 [FATAL] Updater:308 - Updater called before beeing initialized
2024-01-24 18:30:55,727 [ERROR] CADModel:125 - Updater not yet initialized, retry later 
2024-01-24 18:30:55,876 [INFO] CADModel:165 - CPN selected for project level
2024-01-24 18:30:55,876 [INFO] CADModel:114 - Register for checkConnection events
2024-01-24 18:30:55,876 [FATAL] Updater:308 - Updater called before beeing initialized
2024-01-24 18:30:55,876 [ERROR] CADModel:125 - Updater not yet initialized, retry later 
2024-01-24 18:30:55,876 [FATAL] Updater:308 - Updater called before beeing initialized
2024-01-24 18:30:55,993 [FATAL] Updater:308 - Updater called before beeing initialized
2024-01-24 18:30:55,997 [INFO] DbMcusAds:53 - JSON generation date=Tue Mar 07 03:50:55 EST 2023 (1678179055114)
2024-01-24 18:30:55,997 [FATAL] Updater:308 - Updater called before beeing initialized
2024-01-24 18:30:56,041 [WARN] DetailPanel:346 - Failed to get advertising image, set to default
2024-01-24 18:30:56,171 [FATAL] Updater:308 - Updater called before beeing initialized
2024-01-24 18:30:56,171 [FATAL] Updater:308 - Updater called before beeing initialized
2024-01-24 18:30:56,171 [FATAL] Updater:308 - Updater called before beeing initialized
2024-01-24 18:30:56,171 [WARN] DetailPanel:346 - Failed to get advertising image, set to default
2024-01-24 18:30:56,175 [FATAL] Updater:308 - Updater called before beeing initialized
2024-01-24 18:30:56,223 [ERROR] Updater:1120 - MainUpdater not yet initialized. External WinMGr cannot be set.
2024-01-24 18:30:56,223 [INFO] Updater:1056 - Updater Version found : 6.9.1
2024-01-24 18:30:56,239 [INFO] ApplicationProperties:184 - Using Application install path: C:\ST\STM32CubeIDE_1.13.1\STM32CubeIDE\plugins\com.st.stm32cube.common.mx_6.9.1.202307191849
2024-01-24 18:30:56,409 [INFO] MainUpdater:2868 - connection check result : 10
2024-01-24 18:30:56,409 [INFO] MainUpdater:285 - Updater Check For Update Now.
2024-01-24 18:30:56,409 [INFO] MicroXplorer:498 - Change Database Version : DB.6.0.91
2024-01-24 18:30:56,417 [INFO] McuFinderGlobals:63 - Set McuFinder mode to 2 (CubeIDE integrated)
2024-01-24 18:30:56,417 [INFO] UserAuth:179 - activating auth plugin
2024-01-24 18:30:56,421 [INFO] UserAuth:393 - Internet connection configuration mode: 1
2024-01-24 18:30:56,437 [INFO] JxBrowserEngine:151 - Initiate JxBrowser Engine with user profile folder
2024-01-24 18:30:56,589 [INFO] CheckServerUpdateThread:120 - End of CheckServer Thread
2024-01-24 18:30:57,155 [INFO] WebApp:157 - Instantiating new browser for Auth
2024-01-24 18:30:57,685 [INFO] WebApp:753 - Register for checkConnection events
2024-01-24 18:30:57,685 [INFO] WebApp:390 - Apply proxy settings
2024-01-24 18:30:57,685 [INFO] WebApp:475 - Chromium requires no authentication
2024-01-24 18:30:57,693 [INFO] WebApp:418 - Direct internet connection detected
2024-01-24 18:30:57,841 [INFO] WebApp:188 - Starting web application
2024-01-24 18:30:57,841 [INFO] WebApp:520 - Web application path used C:\ST\STM32CubeIDE_1.13.1\STM32CubeIDE\plugins\com.st.stm32cube.common.mx_6.9.1.202307191849\db\plugins\mcufinder\reactClient1\index.html
2024-01-24 18:30:58,137 [WARN] PackLoader:240 - Cannot read IP mode file for STMicroelectronics.X-CUBE-SMBUS.2.1.0
2024-01-24 18:30:58,163 [WARN] PackLoader:240 - Cannot read IP mode file for STMicroelectronics.X-CUBE-TOUCHGFX.4.23.0
2024-01-24 18:30:58,216 [WARN] PackLoader:240 - Cannot read IP mode file for STMicroelectronics.X-CUBE-AZRTOS-F7.1.1.0
2024-01-24 18:30:58,234 [WARN] PackLoader:240 - Cannot read IP mode file for STMicroelectronics.FP-SNS-MOTENV1.4.3.2
2024-01-24 18:30:58,253 [WARN] PackLoader:240 - Cannot read IP mode file for STMicroelectronics.X-CUBE-DISPLAY.3.0.0
2024-01-24 18:30:58,275 [WARN] PackLoader:240 - Cannot read IP mode file for emotas.I-CUBE-CANOPEN.1.3.0
2024-01-24 18:30:58,278 [WARN] PackLoader:240 - Cannot read IP mode file for STMicroelectronics.X-CUBE-TOUCHGFX.4.22.0
2024-01-24 18:30:58,281 [WARN] PackLoader:240 - Cannot read IP mode file for STMicroelectronics.X-CUBE-TOUCHGFX.4.22.1
2024-01-24 18:30:58,290 [WARN] PackLoader:240 - Cannot read IP mode file for STMicroelectronics.FP-SNS-SMARTAG2.1.2.0
2024-01-24 18:30:58,308 [INFO] LogOutputStream:77 - [STDOUT_REDIRECT] 1 : Invalid condition id : UX_CORESTACK_Condition cause : null
2024-01-24 18:30:58,308 [INFO] LogOutputStream:77 - [STDOUT_REDIRECT] 1 : Invalid condition id : UX_CORESTACK_Condition cause : null
2024-01-24 18:30:58,310 [INFO] LogOutputStream:77 - [STDOUT_REDIRECT] 1 : Invalid condition id : UX_CORESTACK_Condition cause : null
2024-01-24 18:30:58,312 [INFO] LogOutputStream:77 - [STDOUT_REDIRECT] 1 : Invalid condition id : UX_CORESTACK_Condition cause : null
2024-01-24 18:30:58,313 [INFO] LogOutputStream:77 - [STDOUT_REDIRECT] 1 : Invalid condition id : UX_CORESTACK_Condition cause : null
2024-01-24 18:30:58,320 [WARN] PackLoader:240 - Cannot read IP mode file for STMicroelectronics.X-CUBE-AZRTOS-WL.2.0.0
2024-01-24 18:30:58,333 [WARN] PackLoader:240 - Cannot read IP mode file for WES.I-CUBE-Cesium.1.3.0
2024-01-24 18:30:58,343 [WARN] PackLoader:240 - Cannot read IP mode file for STMicroelectronics.X-CUBE-BLE2.3.3.0
2024-01-24 18:30:58,352 [WARN] PackLoader:240 - Cannot read IP mode file for STMicroelectronics.X-CUBE-ALGOBUILD.1.3.0
2024-01-24 18:30:58,376 [WARN] PackLoader:240 - Cannot read IP mode file for STMicroelectronics.X-CUBE-AZRTOS-G0.1.1.0
2024-01-24 18:30:58,386 [WARN] PackLoader:240 - Cannot read IP mode file for STMicroelectronics.X-CUBE-NFC4.3.0.0
2024-01-24 18:30:58,400 [WARN] PackLoader:240 - Cannot read IP mode file for STMicroelectronics.X-CUBE-BLEMGR.3.0.0
2024-01-24 18:30:58,407 [WARN] PackLoader:240 - Cannot read IP mode file for STMicroelectronics.FP-ATR-SIGFOX1.3.2.0
2024-01-24 18:30:58,414 [WARN] PackLoader:240 - Cannot read IP mode file for STMicroelectronics.X-CUBE-EEPRMA1.5.1.0
2024-01-24 18:30:58,453 [WARN] PackLoader:240 - Cannot read IP mode file for SEGGER.I-CUBE-embOS.1.3.1
2024-01-24 18:30:58,507 [WARN] PackLoader:240 - Cannot read IP mode file for STMicroelectronics.X-CUBE-GNSS1.6.0.0
2024-01-24 18:30:58,525 [WARN] PackLoader:240 - Cannot read IP mode file for STMicroelectronics.X-CUBE-AZRTOS-F4.1.1.0
2024-01-24 18:30:58,532 [WARN] PackLoader:240 - Cannot read IP mode file for wolfSSL.I-CUBE-wolfSSL.5.6.3
2024-01-24 18:30:58,549 [WARN] PackLoader:240 - Cannot read IP mode file for STMicroelectronics.X-CUBE-AZRTOS-L5.2.0.0
2024-01-24 18:30:58,593 [WARN] PackLoader:240 - Cannot read IP mode file for STMicroelectronics.X-CUBE-MEMS1.9.6.0
2024-01-24 18:30:58,764 [WARN] PackLoader:240 - Cannot read IP mode file for STMicroelectronics.X-CUBE-EEPRMA1.4.2.0
2024-01-24 18:30:58,773 [WARN] PackLoader:240 - Cannot read IP mode file for ITTIA_DB.I-CUBE-ITTIADB.8.8.0
2024-01-24 18:30:58,791 [WARN] PackLoader:240 - Cannot read IP mode file for STMicroelectronics.X-CUBE-BLEMGR.2.0.0
2024-01-24 18:30:58,823 [WARN] ConditionMgr:438 - getConditionDescription Invalid condition id : UX DEVICE CLASS RTOS Condition cause : null
2024-01-24 18:30:58,823 [WARN] ConditionMgr:438 - getConditionDescription Invalid condition id : UX DEVICE CLASS RTOS Condition cause : null
2024-01-24 18:30:58,829 [WARN] PackLoader:240 - Cannot read IP mode file for STMicroelectronics.X-CUBE-AZRTOS-H7.3.1.0
2024-01-24 18:30:58,830 [WARN] ConditionMgr:1039 - genDependencies : Invalid condition id : UX DEVICE CLASS RTOS Condition cause : null
2024-01-24 18:30:58,830 [WARN] ConditionMgr:1039 - genDependencies : Invalid condition id : UX DEVICE CLASS RTOS Condition cause : null
2024-01-24 18:30:58,831 [WARN] ConditionMgr:1039 - genDependencies : Invalid condition id : UX DEVICE CLASS RTOS Condition cause : null
2024-01-24 18:30:58,831 [WARN] ConditionMgr:1039 - genDependencies : Invalid condition id : UX DEVICE CLASS RTOS Condition cause : null
2024-01-24 18:30:58,832 [WARN] ConditionMgr:1039 - genDependencies : Invalid condition id : UX DEVICE CLASS RTOS Condition cause : null
2024-01-24 18:30:58,839 [WARN] PackLoader:240 - Cannot read IP mode file for STMicroelectronics.X-CUBE-NFC7.1.0.1
2024-01-24 18:30:58,848 [WARN] PackLoader:240 - Cannot read IP mode file for STMicroelectronics.X-CUBE-NFC6.3.0.0
2024-01-24 18:30:58,858 [WARN] PackLoader:240 - Cannot read IP mode file for STMicroelectronics.X-CUBE-EEPRMA1.4.1.0
2024-01-24 18:30:58,876 [WARN] ConditionMgr:438 - getConditionDescription Invalid condition id : LAN8742 Phy interface Condition cause : null
2024-01-24 18:30:58,877 [WARN] PackLoader:240 - Cannot read IP mode file for STMicroelectronics.X-CUBE-AZRTOS-L4.2.0.0
2024-01-24 18:30:58,878 [WARN] ConditionMgr:1039 - genDependencies : Invalid condition id : LAN8742 Phy interface Condition cause : null
2024-01-24 18:30:58,878 [WARN] ConditionMgr:1039 - genDependencies : Invalid condition id : LAN8742 Phy interface Condition cause : null
2024-01-24 18:30:58,879 [WARN] ConditionMgr:1039 - genDependencies : Invalid condition id : LAN8742 Phy interface Condition cause : null
2024-01-24 18:30:58,886 [WARN] PackLoader:240 - Cannot read IP mode file for STMicroelectronics.X-CUBE-SFXS2LP1.4.0.0
2024-01-24 18:30:58,891 [WARN] PackLoader:240 - Cannot read IP mode file for STMicroelectronics.X-CUBE-ISPU.1.1.0
2024-01-24 18:30:58,904 [WARN] ConditionMgr:438 - getConditionDescription Invalid condition id : UX DEVICE CLASS RTOS Condition cause : null
2024-01-24 18:30:58,904 [WARN] ConditionMgr:438 - getConditionDescription Invalid condition id : UX DEVICE CLASS RTOS Condition cause : null
2024-01-24 18:30:58,907 [WARN] PackLoader:240 - Cannot read IP mode file for STMicroelectronics.X-CUBE-AZRTOS-WB.2.0.0
2024-01-24 18:30:58,908 [WARN] ConditionMgr:1039 - genDependencies : Invalid condition id : UX DEVICE CLASS RTOS Condition cause : null
2024-01-24 18:30:58,908 [WARN] ConditionMgr:1039 - genDependencies : Invalid condition id : UX DEVICE CLASS RTOS Condition cause : null
2024-01-24 18:30:58,908 [WARN] ConditionMgr:1039 - genDependencies : Invalid condition id : UX DEVICE CLASS RTOS Condition cause : null
2024-01-24 18:30:58,909 [WARN] ConditionMgr:1039 - genDependencies : Invalid condition id : UX DEVICE CLASS RTOS Condition cause : null
2024-01-24 18:30:58,909 [WARN] ConditionMgr:1039 - genDependencies : Invalid condition id : UX DEVICE CLASS RTOS Condition cause : null
2024-01-24 18:30:58,923 [WARN] PackLoader:240 - Cannot read IP mode file for STMicroelectronics.X-CUBE-SUBG2.5.0.0
2024-01-24 18:30:58,936 [WARN] PackLoader:240 - Cannot read IP mode file for STMicroelectronics.X-CUBE-TOF1.3.3.1
2024-01-24 18:30:58,961 [WARN] PackLoader:240 - Cannot read IP mode file for STMicroelectronics.X-CUBE-AZRTOS-G4.2.0.0
2024-01-24 18:30:58,974 [WARN] PackLoader:240 - Cannot read IP mode file for Infineon.AIROC-Wi-Fi-Bluetooth-STM32.1.5.1
2024-01-24 18:30:58,981 [WARN] PackLoader:240 - Cannot read IP mode file for STMicroelectronics.FP-SNS-MOTENVWB1.1.3.0
2024-01-24 18:30:58,985 [WARN] PackLoader:240 - Cannot read IP mode file for STMicroelectronics.FP-SNS-MOTENVWB1.1.3.1
2024-01-24 18:30:58,988 [WARN] PackLoader:240 - Cannot read IP mode file for STMicroelectronics.X-CUBE-ISPU.2.0.0
2024-01-24 18:30:59,021 [WARN] PackLoader:240 - Cannot read IP mode file for STMicroelectronics.X-CUBE-MEMS1.10.0.0
2024-01-24 18:30:59,135 [WARN] PackLoader:240 - Cannot read IP mode file for portGmbH.I-Cube-SoM-uGOAL.1.1.0
2024-01-24 18:30:59,139 [WARN] PackLoader:240 - Cannot read IP mode file for STMicroelectronics.X-CUBE-ALS.1.0.1
2024-01-24 18:30:59,144 [WARN] PackLoader:240 - Cannot read IP mode file for STMicroelectronics.FP-ATR-ASTRA1.2.0.0
2024-01-24 18:30:59,159 [WARN] PackLoader:240 - Cannot read IP mode file for STMicroelectronics.X-CUBE-TOF1.3.4.0
2024-01-24 18:30:59,203 [WARN] PackLoader:240 - Cannot read IP mode file for STMicroelectronics.X-CUBE-AZRTOS-H7.3.2.0
2024-01-24 18:30:59,208 [INFO] ThirdParty:978 - Integrity check success = true
2024-01-24 18:30:59,208 [INFO] IntegrityCheckThread:100 - exiting critical section [integrity check]
2024-01-24 18:30:59,208 [INFO] IntegrityCheckThread:103 - End integrity checks thread
2024-01-24 18:31:18,710 [ERROR] LogOutputStream:75 - [STDERR_REDIRECT] SLF4J: Failed to load class "org.slf4j.impl.StaticLoggerBinder".
2024-01-24 18:31:18,714 [ERROR] LogOutputStream:75 - [STDERR_REDIRECT] SLF4J: Defaulting to no-operation (NOP) logger implementation
2024-01-24 18:31:18,714 [ERROR] LogOutputStream:75 - [STDERR_REDIRECT] SLF4J: See http://www.slf4j.org/codes.html#StaticLoggerBinder for further details.
2024-01-24 18:31:28,222 [INFO] LogOutputStream:77 - [STDOUT_REDIRECT] Unexpected error loading extension: org.eclipse.equinox.p2.metadata.repository.compositeRepository
2024-01-24 18:31:28,224 [ERROR] LogOutputStream:75 - [STDERR_REDIRECT] java.lang.IllegalStateException: bundle org.eclipse.equinox.p2.repositoryis not started
2024-01-24 18:31:28,226 [ERROR] LogOutputStream:75 - [STDERR_REDIRECT] 	at org.eclipse.equinox.internal.p2.repository.Activator.getContext(Activator.java:65)
2024-01-24 18:31:28,228 [ERROR] LogOutputStream:75 - [STDERR_REDIRECT] 	at org.eclipse.equinox.internal.p2.repository.helpers.AbstractRepositoryManager.restoreFromSystemProperty(AbstractRepositoryManager.java:1013)
2024-01-24 18:31:28,231 [ERROR] LogOutputStream:75 - [STDERR_REDIRECT] 	at org.eclipse.equinox.internal.p2.repository.helpers.AbstractRepositoryManager.restoreRepositories(AbstractRepositoryManager.java:1033)
2024-01-24 18:31:28,234 [ERROR] LogOutputStream:75 - [STDERR_REDIRECT] 	at org.eclipse.equinox.internal.p2.repository.helpers.AbstractRepositoryManager.sortSuffixes(AbstractRepositoryManager.java:1112)
2024-01-24 18:31:28,236 [ERROR] LogOutputStream:75 - [STDERR_REDIRECT] 	at org.eclipse.equinox.internal.p2.repository.helpers.AbstractRepositoryManager.loadRepository(AbstractRepositoryManager.java:676)
2024-01-24 18:31:28,239 [ERROR] LogOutputStream:75 - [STDERR_REDIRECT] 	at org.eclipse.equinox.internal.p2.metadata.repository.MetadataRepositoryManager.loadRepository(MetadataRepositoryManager.java:110)
2024-01-24 18:31:28,242 [ERROR] LogOutputStream:75 - [STDERR_REDIRECT] 	at org.eclipse.equinox.internal.p2.metadata.repository.MetadataRepositoryManager.loadRepository(MetadataRepositoryManager.java:105)
2024-01-24 18:31:28,244 [ERROR] LogOutputStream:75 - [STDERR_REDIRECT] 	at org.eclipse.equinox.internal.p2.metadata.repository.CompositeMetadataRepository.addChild(CompositeMetadataRepository.java:171)
2024-01-24 18:31:28,246 [ERROR] LogOutputStream:75 - [STDERR_REDIRECT] 	at org.eclipse.equinox.internal.p2.metadata.repository.CompositeMetadataRepository.<init>(CompositeMetadataRepository.java:113)
2024-01-24 18:31:28,249 [ERROR] LogOutputStream:75 - [STDERR_REDIRECT] 	at org.eclipse.equinox.internal.p2.metadata.repository.CompositeMetadataRepositoryFactory.load(CompositeMetadataRepositoryFactory.java:124)
2024-01-24 18:31:28,251 [ERROR] LogOutputStream:75 - [STDERR_REDIRECT] 	at org.eclipse.equinox.internal.p2.metadata.repository.MetadataRepositoryManager.factoryLoad(MetadataRepositoryManager.java:63)
2024-01-24 18:31:28,253 [ERROR] LogOutputStream:75 - [STDERR_REDIRECT] 	at org.eclipse.equinox.internal.p2.repository.helpers.AbstractRepositoryManager.loadRepository(AbstractRepositoryManager.java:787)
2024-01-24 18:31:28,256 [ERROR] LogOutputStream:75 - [STDERR_REDIRECT] 	at org.eclipse.equinox.internal.p2.repository.helpers.AbstractRepositoryManager.loadRepository(AbstractRepositoryManager.java:685)
2024-01-24 18:31:28,259 [ERROR] LogOutputStream:75 - [STDERR_REDIRECT] 	at org.eclipse.equinox.internal.p2.metadata.repository.MetadataRepositoryManager.loadRepository(MetadataRepositoryManager.java:110)
2024-01-24 18:31:28,261 [ERROR] LogOutputStream:75 - [STDERR_REDIRECT] 	at org.eclipse.equinox.internal.p2.metadata.repository.MetadataRepositoryManager.loadRepository(MetadataRepositoryManager.java:105)
2024-01-24 18:31:28,264 [ERROR] LogOutputStream:75 - [STDERR_REDIRECT] 	at org.eclipse.equinox.internal.p2.updatechecker.UpdateChecker.getAvailableRepositories(UpdateChecker.java:152)
2024-01-24 18:31:28,267 [ERROR] LogOutputStream:75 - [STDERR_REDIRECT] 	at org.eclipse.equinox.internal.p2.updatechecker.UpdateChecker.checkForUpdates(UpdateChecker.java:130)
2024-01-24 18:31:28,270 [ERROR] LogOutputStream:75 - [STDERR_REDIRECT] 	at org.eclipse.equinox.internal.p2.updatechecker.UpdateChecker$UpdateCheckThread.run(UpdateChecker.java:78)
2024-01-24 18:31:28,271 [ERROR] LogOutputStream:75 - [STDERR_REDIRECT] 
