2023-10-23 13:47:05,407 [INFO] Activator:176 - 


2023-10-23 13:47:05,421 [INFO] Activator:177 - !SESSION log4j initialized
2023-10-23 13:47:10,441 [INFO] LogOutputStream:77 - [STDOUT_REDIRECT] 
2023-10-23 13:47:11,358 [INFO] ApplicationProperties:184 - Using Application install path: C:\ST\STM32CubeIDE_1.13.1\STM32CubeIDE\plugins\com.st.stm32cube.common.mx_6.9.1.202307191849
2023-10-23 13:47:11,381 [INFO] DbMcusXml:78 - Set database path to: C:\ST\STM32CubeIDE_1.13.1\STM32CubeIDE\plugins\com.st.stm32cube.common.mx_6.9.1.202307191849\\db\/mcu/
2023-10-23 13:47:11,381 [INFO] ApiDb:274 - Set plugin database path to: C:\ST\STM32CubeIDE_1.13.1\STM32CubeIDE\plugins\com.st.stm32cube.common.mx_6.9.1.202307191849\\db\/plugins/boardmanager/
2023-10-23 13:47:11,381 [WARN] ApiDb:259 - Overriding images path with different value:  => C:\ST\STM32CubeIDE_1.13.1\STM32CubeIDE\plugins\com.st.stm32cube.common.mx_6.9.1.202307191849\\db\/plugins/mcufinder/images/
2023-10-23 13:47:11,392 [INFO] ApiDb:250 - Set database path to: C:\Users\james\.stmcufinder\plugins\mcufinder//mcu/
2023-10-23 13:47:11,393 [INFO] DbMcusAds:125 - Set database path to: C:\Users\james\.stmcufinder\plugins\mcufinder//mcu/
2023-10-23 13:47:11,395 [INFO] CrossReferenceDbSqlite:203 - Set database path to: C:\Users\james\.stmcufinder\plugins\mcufinder//mcu/cs/
2023-10-23 13:47:11,501 [INFO] RulesReader:64 - Compatibility file has been processed (293 Rules)
2023-10-23 13:47:11,581 [INFO] DbMcusXml:78 - Set database path to: C:\ST\STM32CubeIDE_1.13.1\STM32CubeIDE\plugins\com.st.stm32cube.common.mx_6.9.1.202307191849\\db\/mcu/
2023-10-23 13:47:11,582 [INFO] ApiDb:274 - Set plugin database path to: C:\ST\STM32CubeIDE_1.13.1\STM32CubeIDE\plugins\com.st.stm32cube.common.mx_6.9.1.202307191849\\db\/plugins/boardmanager/
2023-10-23 13:47:11,582 [INFO] ApiDb:261 - Set plugin images path to: C:\ST\STM32CubeIDE_1.13.1\STM32CubeIDE\plugins\com.st.stm32cube.common.mx_6.9.1.202307191849\\db\/plugins/mcufinder/images/
2023-10-23 13:47:11,582 [WARN] DbFile:41 - Overriding database path with different value: C:\Users\james\.stmcufinder\plugins\mcufinder/ => C:\Users\james\.stmcufinder\plugins\mcufinder
2023-10-23 13:47:11,582 [INFO] ApiDb:250 - Set database path to: C:\Users\james\.stmcufinder\plugins\mcufinder//mcu/
2023-10-23 13:47:11,582 [WARN] DbFile:41 - Overriding database path with different value: C:\Users\james\.stmcufinder\plugins\mcufinder/ => C:\Users\james\.stmcufinder\plugins\mcufinder
2023-10-23 13:47:11,582 [INFO] DbMcusAds:125 - Set database path to: C:\Users\james\.stmcufinder\plugins\mcufinder//mcu/
2023-10-23 13:47:11,582 [WARN] DbFile:41 - Overriding database path with different value: C:\Users\james\.stmcufinder\plugins\mcufinder/ => C:\Users\james\.stmcufinder\plugins\mcufinder
2023-10-23 13:47:11,583 [WARN] DbFile:41 - Overriding database path with different value: C:\Users\james\.stmcufinder\plugins\mcufinder/ => C:\Users\james\.stmcufinder\plugins\mcufinder
2023-10-23 13:47:11,583 [INFO] CrossReferenceDbSqlite:203 - Set database path to: C:\Users\james\.stmcufinder\plugins\mcufinder//mcu/cs/
2023-10-23 13:47:11,656 [INFO] MainPanel:262 - HeapMemory: 268435456
2023-10-23 13:47:11,721 [INFO] DbMcusXml:78 - Set database path to: C:\ST\STM32CubeIDE_1.13.1\STM32CubeIDE\plugins\com.st.stm32cube.common.mx_6.9.1.202307191849\\db\/mcu/
2023-10-23 13:47:11,721 [INFO] ApiDb:274 - Set plugin database path to: C:\ST\STM32CubeIDE_1.13.1\STM32CubeIDE\plugins\com.st.stm32cube.common.mx_6.9.1.202307191849\\db\/plugins/boardmanager/
2023-10-23 13:47:11,722 [INFO] ApiDb:261 - Set plugin images path to: C:\ST\STM32CubeIDE_1.13.1\STM32CubeIDE\plugins\com.st.stm32cube.common.mx_6.9.1.202307191849\\db\/plugins/mcufinder/images/
2023-10-23 13:47:11,722 [WARN] DbFile:41 - Overriding database path with different value: C:\Users\james\.stmcufinder\plugins\mcufinder/ => C:\Users\james\.stmcufinder\plugins\mcufinder
2023-10-23 13:47:11,722 [INFO] ApiDb:250 - Set database path to: C:\Users\james\.stmcufinder\plugins\mcufinder//mcu/
2023-10-23 13:47:11,722 [WARN] DbFile:41 - Overriding database path with different value: C:\Users\james\.stmcufinder\plugins\mcufinder/ => C:\Users\james\.stmcufinder\plugins\mcufinder
2023-10-23 13:47:11,723 [INFO] DbMcusAds:125 - Set database path to: C:\Users\james\.stmcufinder\plugins\mcufinder//mcu/
2023-10-23 13:47:11,723 [WARN] DbFile:41 - Overriding database path with different value: C:\Users\james\.stmcufinder\plugins\mcufinder/ => C:\Users\james\.stmcufinder\plugins\mcufinder
2023-10-23 13:47:11,723 [WARN] DbFile:41 - Overriding database path with different value: C:\Users\james\.stmcufinder\plugins\mcufinder/ => C:\Users\james\.stmcufinder\plugins\mcufinder
2023-10-23 13:47:11,723 [INFO] CrossReferenceDbSqlite:203 - Set database path to: C:\Users\james\.stmcufinder\plugins\mcufinder//mcu/cs/
2023-10-23 13:47:11,742 [INFO] ApplicationProperties:184 - Using Application install path: C:\ST\STM32CubeIDE_1.13.1\STM32CubeIDE\plugins\com.st.stm32cube.common.mx_6.9.1.202307191849
2023-10-23 13:47:11,743 [INFO] PluginManage:196 - Search for loadable plugins [exclusion list=, ]
2023-10-23 13:47:11,744 [INFO] PluginManage:310 - Check plugin analytics
2023-10-23 13:47:11,902 [INFO] AnalyticsPlugin:253 - Accepted Software Licenses: 
2023-10-23 13:47:11,902 [INFO] AnalyticsPlugin:255 - Accepted CMSIS Pack Licenses: 
2023-10-23 13:47:11,903 [INFO] AnalyticsPlugin:257 - Accepted Firmware Licenses: FW.L4.1.18.0
2023-10-23 13:47:11,905 [INFO] PluginManage:359 - Loaded plugin analytics (category:tool,tabindex:-1)
2023-10-23 13:47:11,905 [INFO] PluginManage:310 - Check plugin cadmodel
2023-10-23 13:47:11,909 [INFO] CADModel:105 - Init CAD model plugin
2023-10-23 13:47:11,909 [INFO] PluginManage:359 - Loaded plugin cadmodel (category:power,tabindex:5)
2023-10-23 13:47:11,909 [INFO] PluginManage:310 - Check plugin clock
2023-10-23 13:47:11,917 [INFO] PluginManage:359 - Loaded plugin clock (category:base,tabindex:2)
2023-10-23 13:47:11,917 [INFO] PluginManage:310 - Check plugin ddr
2023-10-23 13:47:11,918 [INFO] PluginManage:359 - Loaded plugin ddr (category:tool,tabindex:6)
2023-10-23 13:47:11,919 [INFO] PluginManage:310 - Check plugin filemanager
2023-10-23 13:47:12,050 [INFO] PluginManage:359 - Loaded plugin filemanager (category:base,tabindex:10)
2023-10-23 13:47:12,050 [INFO] PluginManage:310 - Check plugin ipmanager
2023-10-23 13:47:12,058 [INFO] PluginManage:359 - Loaded plugin ipmanager (category:base,tabindex:5)
2023-10-23 13:47:12,058 [INFO] PluginManage:310 - Check plugin lpbam
2023-10-23 13:47:12,066 [INFO] PluginManage:359 - Loaded plugin lpbam (category:base,tabindex:0)
2023-10-23 13:47:12,066 [INFO] PluginManage:310 - Check plugin memorymap
2023-10-23 13:47:12,076 [INFO] PluginManage:359 - Loaded plugin memorymap (category:base,tabindex:4)
2023-10-23 13:47:12,076 [INFO] PluginManage:310 - Check plugin pinoutandconfiguration
2023-10-23 13:47:12,082 [INFO] PluginManage:359 - Loaded plugin pinoutandconfiguration (category:base,tabindex:1)
2023-10-23 13:47:12,082 [INFO] PluginManage:310 - Check plugin pinoutconfig
2023-10-23 13:47:12,166 [WARN] SupportedApi:132 - Cannot load RTOS API schema: s4s-elt-must-match.1: The content of 'definitions' must match (annotation?, (simpleType | complexType)?, (unique | key | keyref)*)). A problem was found starting at: attribute.
2023-10-23 13:47:12,296 [INFO] PluginManage:359 - Loaded plugin pinoutconfig (category:base,tabindex:0)
2023-10-23 13:47:12,296 [INFO] PluginManage:310 - Check plugin power
2023-10-23 13:47:12,305 [INFO] PluginManage:359 - Loaded plugin power (category:power,tabindex:4)
2023-10-23 13:47:12,305 [INFO] PluginManage:310 - Check plugin projectmanager
2023-10-23 13:47:12,328 [INFO] PluginManage:359 - Loaded plugin projectmanager (category:projectmanager,tabindex:3)
2023-10-23 13:47:12,329 [INFO] PluginManage:310 - Check plugin thirdparty
2023-10-23 13:47:12,460 [WARN] IntegrityCheckThread:84 - waiting for thirdparty lock release [integrity check]
2023-10-23 13:47:12,460 [INFO] IntegrityCheckThread:86 - entering critical section [integrity check]
2023-10-23 13:47:12,460 [INFO] PluginManage:359 - Loaded plugin thirdparty (category:base,tabindex:-1)
2023-10-23 13:47:12,461 [INFO] PluginManage:310 - Check plugin tools
2023-10-23 13:47:12,461 [INFO] ThirdPartyUpdaterWithRetryManager:70 - Updater plugin not ready yet. [1/15]
2023-10-23 13:47:12,464 [INFO] PluginManage:359 - Loaded plugin tools (category:base,tabindex:7)
2023-10-23 13:47:12,464 [INFO] PluginManage:310 - Check plugin tutovideos
2023-10-23 13:47:12,641 [INFO] PluginManage:359 - Loaded plugin tutovideos (category:base,tabindex:-1)
2023-10-23 13:47:12,641 [INFO] PluginManage:310 - Check plugin updater
2023-10-23 13:47:12,651 [INFO] PluginManage:359 - Loaded plugin updater (category:base,tabindex:12)
2023-10-23 13:47:12,651 [INFO] PluginManage:310 - Check plugin userauth
2023-10-23 13:47:12,657 [INFO] UserAuth:113 - Init User Auth plugin
2023-10-23 13:47:12,657 [INFO] PluginManage:359 - Loaded plugin userauth (category:base,tabindex:14)
2023-10-23 13:47:12,657 [INFO] PluginManage:283 - PluginManage : Loaded plugins [17]
2023-10-23 13:47:12,891 [INFO] PinOutPanel:1499 - setPackage(No Configuration,No Configuration)
2023-10-23 13:47:13,003 [INFO] CADModel:165 - CPN selected for project level
2023-10-23 13:47:13,004 [INFO] CADModel:114 - Register for checkConnection events
2023-10-23 13:47:13,018 [INFO] IPUIPlugin:80 - create IPUIPlugin
2023-10-23 13:47:13,018 [INFO] PluginManager:220 - loadIPPluginJar : add adc
2023-10-23 13:47:13,020 [INFO] IPUIPlugin:80 - create IPUIPlugin
2023-10-23 13:47:13,020 [INFO] PluginManager:220 - loadIPPluginJar : add aes
2023-10-23 13:47:13,023 [INFO] IPUIPlugin:80 - create IPUIPlugin
2023-10-23 13:47:13,023 [INFO] PluginManager:220 - loadIPPluginJar : add can
2023-10-23 13:47:13,025 [INFO] IPUIPlugin:80 - create IPUIPlugin
2023-10-23 13:47:13,025 [INFO] PluginManager:220 - loadIPPluginJar : add comp
2023-10-23 13:47:13,027 [INFO] IPUIPlugin:80 - create IPUIPlugin
2023-10-23 13:47:13,027 [INFO] PluginManager:220 - loadIPPluginJar : add cryp
2023-10-23 13:47:13,030 [INFO] IPUIPlugin:80 - create IPUIPlugin
2023-10-23 13:47:13,030 [INFO] PluginManager:220 - loadIPPluginJar : add dfsdm
2023-10-23 13:47:13,035 [INFO] IPUIPlugin:80 - create IPUIPlugin
2023-10-23 13:47:13,035 [INFO] PluginManager:220 - loadIPPluginJar : add dma
2023-10-23 13:47:13,037 [INFO] IPUIPlugin:80 - create IPUIPlugin
2023-10-23 13:47:13,037 [INFO] PluginManager:220 - loadIPPluginJar : add dma3
2023-10-23 13:47:13,039 [INFO] IPUIPlugin:80 - create IPUIPlugin
2023-10-23 13:47:13,039 [INFO] PluginManager:220 - loadIPPluginJar : add fatfs
2023-10-23 13:47:13,042 [INFO] IPUIPlugin:80 - create IPUIPlugin
2023-10-23 13:47:13,043 [INFO] PluginManager:220 - loadIPPluginJar : add fmc
2023-10-23 13:47:13,047 [INFO] IPUIPlugin:80 - create IPUIPlugin
2023-10-23 13:47:13,047 [INFO] PluginManager:220 - loadIPPluginJar : add freertos
2023-10-23 13:47:13,049 [INFO] IPUIPlugin:80 - create IPUIPlugin
2023-10-23 13:47:13,049 [INFO] PluginManager:220 - loadIPPluginJar : add genericplugin
2023-10-23 13:47:13,051 [INFO] IPUIPlugin:80 - create IPUIPlugin
2023-10-23 13:47:13,051 [INFO] PluginManager:220 - loadIPPluginJar : add gfxmmu
2023-10-23 13:47:13,055 [INFO] IPUIPlugin:80 - create IPUIPlugin
2023-10-23 13:47:13,055 [INFO] PluginManager:220 - loadIPPluginJar : add gic
2023-10-23 13:47:13,059 [INFO] IPUIPlugin:80 - create IPUIPlugin
2023-10-23 13:47:13,059 [INFO] PluginManager:220 - loadIPPluginJar : add gpio
2023-10-23 13:47:13,062 [INFO] IPUIPlugin:80 - create IPUIPlugin
2023-10-23 13:47:13,062 [INFO] PluginManager:220 - loadIPPluginJar : add gtzc
2023-10-23 13:47:13,064 [INFO] IPUIPlugin:80 - create IPUIPlugin
2023-10-23 13:47:13,064 [INFO] PluginManager:220 - loadIPPluginJar : add hash
2023-10-23 13:47:13,067 [INFO] IPUIPlugin:80 - create IPUIPlugin
2023-10-23 13:47:13,067 [INFO] PluginManager:220 - loadIPPluginJar : add i2c
2023-10-23 13:47:13,069 [INFO] IPUIPlugin:80 - create IPUIPlugin
2023-10-23 13:47:13,069 [INFO] PluginManager:220 - loadIPPluginJar : add i2s
2023-10-23 13:47:13,072 [INFO] IPUIPlugin:80 - create IPUIPlugin
2023-10-23 13:47:13,072 [INFO] PluginManager:220 - loadIPPluginJar : add i3c
2023-10-23 13:47:13,075 [INFO] IPUIPlugin:80 - create IPUIPlugin
2023-10-23 13:47:13,075 [INFO] PluginManager:220 - loadIPPluginJar : add ipddr
2023-10-23 13:47:13,083 [INFO] IPUIPlugin:80 - create IPUIPlugin
2023-10-23 13:47:13,083 [INFO] PluginManager:220 - loadIPPluginJar : add linkedlist
2023-10-23 13:47:13,086 [INFO] IPUIPlugin:80 - create IPUIPlugin
2023-10-23 13:47:13,086 [INFO] PluginManager:220 - loadIPPluginJar : add lorawan
2023-10-23 13:47:13,087 [INFO] IPUIPlugin:80 - create IPUIPlugin
2023-10-23 13:47:13,087 [INFO] PluginManager:220 - loadIPPluginJar : add ltdc
2023-10-23 13:47:13,092 [INFO] IPUIPlugin:80 - create IPUIPlugin
2023-10-23 13:47:13,093 [INFO] PluginManager:220 - loadIPPluginJar : add mdma
2023-10-23 13:47:13,097 [INFO] IPUIPlugin:80 - create IPUIPlugin
2023-10-23 13:47:13,097 [INFO] PluginManager:220 - loadIPPluginJar : add nvic
2023-10-23 13:47:13,100 [INFO] IPUIPlugin:80 - create IPUIPlugin
2023-10-23 13:47:13,100 [INFO] PluginManager:220 - loadIPPluginJar : add opamp
2023-10-23 13:47:13,103 [INFO] IPUIPlugin:80 - create IPUIPlugin
2023-10-23 13:47:13,103 [INFO] PluginManager:220 - loadIPPluginJar : add openamp
2023-10-23 13:47:13,106 [INFO] IPUIPlugin:80 - create IPUIPlugin
2023-10-23 13:47:13,106 [INFO] PluginManager:220 - loadIPPluginJar : add pdm2pcm
2023-10-23 13:47:13,112 [INFO] IPUIPlugin:80 - create IPUIPlugin
2023-10-23 13:47:13,115 [INFO] PluginManager:220 - loadIPPluginJar : add plateformsettings
2023-10-23 13:47:13,117 [INFO] IPUIPlugin:80 - create IPUIPlugin
2023-10-23 13:47:13,117 [INFO] PluginManager:220 - loadIPPluginJar : add quadspi
2023-10-23 13:47:13,120 [INFO] IPUIPlugin:80 - create IPUIPlugin
2023-10-23 13:47:13,120 [INFO] PluginManager:220 - loadIPPluginJar : add resmgrutility
2023-10-23 13:47:13,123 [INFO] IPUIPlugin:80 - create IPUIPlugin
2023-10-23 13:47:13,123 [INFO] PluginManager:220 - loadIPPluginJar : add sai
2023-10-23 13:47:13,126 [INFO] IPUIPlugin:80 - create IPUIPlugin
2023-10-23 13:47:13,126 [INFO] PluginManager:220 - loadIPPluginJar : add spi
2023-10-23 13:47:13,130 [INFO] IPUIPlugin:80 - create IPUIPlugin
2023-10-23 13:47:13,130 [INFO] PluginManager:220 - loadIPPluginJar : add stm32_wpan
2023-10-23 13:47:13,132 [INFO] IPUIPlugin:80 - create IPUIPlugin
2023-10-23 13:47:13,132 [INFO] PluginManager:220 - loadIPPluginJar : add tim
2023-10-23 13:47:13,135 [INFO] IPUIPlugin:80 - create IPUIPlugin
2023-10-23 13:47:13,135 [INFO] PluginManager:220 - loadIPPluginJar : add touchsensing
2023-10-23 13:47:13,137 [INFO] IPUIPlugin:80 - create IPUIPlugin
2023-10-23 13:47:13,137 [INFO] PluginManager:220 - loadIPPluginJar : add tracer_emb
2023-10-23 13:47:13,139 [INFO] IPUIPlugin:80 - create IPUIPlugin
2023-10-23 13:47:13,139 [INFO] PluginManager:220 - loadIPPluginJar : add ts
2023-10-23 13:47:13,141 [INFO] IPUIPlugin:80 - create IPUIPlugin
2023-10-23 13:47:13,141 [INFO] PluginManager:220 - loadIPPluginJar : add tsc
2023-10-23 13:47:13,142 [INFO] IPUIPlugin:80 - create IPUIPlugin
2023-10-23 13:47:13,142 [INFO] PluginManager:220 - loadIPPluginJar : add ucpd
2023-10-23 13:47:13,145 [INFO] IPUIPlugin:80 - create IPUIPlugin
2023-10-23 13:47:13,145 [INFO] PluginManager:220 - loadIPPluginJar : add usart
2023-10-23 13:47:13,147 [INFO] IPUIPlugin:80 - create IPUIPlugin
2023-10-23 13:47:13,147 [INFO] PluginManager:220 - loadIPPluginJar : add usbx
2023-10-23 13:47:13,276 [INFO] CADModel:165 - CPN selected for project level
2023-10-23 13:47:13,277 [INFO] CADModel:114 - Register for checkConnection events
2023-10-23 13:47:13,277 [FATAL] Updater:308 - Updater called before beeing initialized
2023-10-23 13:47:13,278 [ERROR] CADModel:125 - Updater not yet initialized, retry later 
2023-10-23 13:47:13,475 [INFO] CADModel:165 - CPN selected for project level
2023-10-23 13:47:13,475 [INFO] CADModel:114 - Register for checkConnection events
2023-10-23 13:47:13,475 [FATAL] Updater:308 - Updater called before beeing initialized
2023-10-23 13:47:13,475 [ERROR] CADModel:125 - Updater not yet initialized, retry later 
2023-10-23 13:47:13,478 [FATAL] Updater:308 - Updater called before beeing initialized
2023-10-23 13:47:13,585 [FATAL] Updater:308 - Updater called before beeing initialized
2023-10-23 13:47:13,591 [INFO] DbMcusAds:53 - JSON generation date=Tue Mar 07 03:50:55 EST 2023 (1678179055114)
2023-10-23 13:47:13,591 [FATAL] Updater:308 - Updater called before beeing initialized
2023-10-23 13:47:13,633 [WARN] DetailPanel:346 - Failed to get advertising image, set to default
2023-10-23 13:47:13,744 [FATAL] Updater:308 - Updater called before beeing initialized
2023-10-23 13:47:13,745 [FATAL] Updater:308 - Updater called before beeing initialized
2023-10-23 13:47:13,745 [FATAL] Updater:308 - Updater called before beeing initialized
2023-10-23 13:47:13,745 [WARN] DetailPanel:346 - Failed to get advertising image, set to default
2023-10-23 13:47:13,746 [FATAL] Updater:308 - Updater called before beeing initialized
2023-10-23 13:47:13,791 [ERROR] Updater:1120 - MainUpdater not yet initialized. External WinMGr cannot be set.
2023-10-23 13:47:13,793 [INFO] Updater:1056 - Updater Version found : 6.9.1
2023-10-23 13:47:13,809 [INFO] ApplicationProperties:184 - Using Application install path: C:\ST\STM32CubeIDE_1.13.1\STM32CubeIDE\plugins\com.st.stm32cube.common.mx_6.9.1.202307191849
2023-10-23 13:47:13,967 [INFO] MainUpdater:2868 - connection check result : 10
2023-10-23 13:47:13,968 [INFO] MainUpdater:285 - Updater Check For Update Now.
2023-10-23 13:47:13,968 [INFO] MicroXplorer:498 - Change Database Version : DB.6.0.91
2023-10-23 13:47:13,977 [INFO] McuFinderGlobals:63 - Set McuFinder mode to 2 (CubeIDE integrated)
2023-10-23 13:47:13,978 [INFO] UserAuth:179 - activating auth plugin
2023-10-23 13:47:13,980 [INFO] UserAuth:393 - Internet connection configuration mode: 1
2023-10-23 13:47:13,993 [INFO] JxBrowserEngine:151 - Initiate JxBrowser Engine with user profile folder
2023-10-23 13:47:14,138 [INFO] CheckServerUpdateThread:120 - End of CheckServer Thread
2023-10-23 13:47:14,866 [INFO] WebApp:157 - Instantiating new browser for Auth
2023-10-23 13:47:15,341 [INFO] WebApp:753 - Register for checkConnection events
2023-10-23 13:47:15,342 [INFO] WebApp:390 - Apply proxy settings
2023-10-23 13:47:15,342 [INFO] WebApp:475 - Chromium requires no authentication
2023-10-23 13:47:15,348 [INFO] WebApp:418 - Direct internet connection detected
2023-10-23 13:47:15,509 [INFO] WebApp:188 - Starting web application
2023-10-23 13:47:15,509 [INFO] WebApp:520 - Web application path used C:\ST\STM32CubeIDE_1.13.1\STM32CubeIDE\plugins\com.st.stm32cube.common.mx_6.9.1.202307191849\db\plugins\mcufinder\reactClient1\index.html
2023-10-23 13:47:15,676 [WARN] PackLoader:240 - Cannot read IP mode file for STMicroelectronics.X-CUBE-SMBUS.2.1.0
2023-10-23 13:47:15,727 [WARN] PackLoader:240 - Cannot read IP mode file for STMicroelectronics.X-CUBE-AZRTOS-F7.1.1.0
2023-10-23 13:47:15,742 [WARN] PackLoader:240 - Cannot read IP mode file for STMicroelectronics.FP-SNS-MOTENV1.4.3.2
2023-10-23 13:47:15,759 [WARN] PackLoader:240 - Cannot read IP mode file for STMicroelectronics.X-CUBE-DISPLAY.3.0.0
2023-10-23 13:47:15,776 [WARN] PackLoader:240 - Cannot read IP mode file for emotas.I-CUBE-CANOPEN.1.3.0
2023-10-23 13:47:15,782 [WARN] PackLoader:240 - Cannot read IP mode file for STMicroelectronics.X-CUBE-TOUCHGFX.4.22.0
2023-10-23 13:47:15,785 [WARN] PackLoader:240 - Cannot read IP mode file for STMicroelectronics.X-CUBE-TOUCHGFX.4.22.1
2023-10-23 13:47:15,793 [WARN] PackLoader:240 - Cannot read IP mode file for STMicroelectronics.FP-SNS-SMARTAG2.1.2.0
2023-10-23 13:47:15,809 [INFO] LogOutputStream:77 - [STDOUT_REDIRECT] 1 : Invalid condition id : UX_CORESTACK_Condition cause : null
2023-10-23 13:47:15,810 [INFO] LogOutputStream:77 - [STDOUT_REDIRECT] 1 : Invalid condition id : UX_CORESTACK_Condition cause : null
2023-10-23 13:47:15,811 [INFO] LogOutputStream:77 - [STDOUT_REDIRECT] 1 : Invalid condition id : UX_CORESTACK_Condition cause : null
2023-10-23 13:47:15,813 [INFO] LogOutputStream:77 - [STDOUT_REDIRECT] 1 : Invalid condition id : UX_CORESTACK_Condition cause : null
2023-10-23 13:47:15,815 [INFO] LogOutputStream:77 - [STDOUT_REDIRECT] 1 : Invalid condition id : UX_CORESTACK_Condition cause : null
2023-10-23 13:47:15,820 [WARN] PackLoader:240 - Cannot read IP mode file for STMicroelectronics.X-CUBE-AZRTOS-WL.2.0.0
2023-10-23 13:47:15,832 [WARN] PackLoader:240 - Cannot read IP mode file for WES.I-CUBE-Cesium.1.3.0
2023-10-23 13:47:15,843 [WARN] PackLoader:240 - Cannot read IP mode file for STMicroelectronics.X-CUBE-BLE2.3.3.0
2023-10-23 13:47:15,850 [WARN] PackLoader:240 - Cannot read IP mode file for STMicroelectronics.X-CUBE-ALGOBUILD.1.3.0
2023-10-23 13:47:15,873 [WARN] PackLoader:240 - Cannot read IP mode file for STMicroelectronics.X-CUBE-AZRTOS-G0.1.1.0
2023-10-23 13:47:15,893 [WARN] PackLoader:240 - Cannot read IP mode file for STMicroelectronics.X-CUBE-NFC4.3.0.0
2023-10-23 13:47:15,905 [WARN] PackLoader:240 - Cannot read IP mode file for STMicroelectronics.FP-ATR-SIGFOX1.3.2.0
2023-10-23 13:47:15,937 [WARN] PackLoader:240 - Cannot read IP mode file for SEGGER.I-CUBE-embOS.1.3.1
2023-10-23 13:47:15,975 [WARN] PackLoader:240 - Cannot read IP mode file for STMicroelectronics.X-CUBE-GNSS1.6.0.0
2023-10-23 13:47:15,996 [WARN] PackLoader:240 - Cannot read IP mode file for STMicroelectronics.X-CUBE-AZRTOS-F4.1.1.0
2023-10-23 13:47:16,005 [WARN] PackLoader:240 - Cannot read IP mode file for wolfSSL.I-CUBE-wolfSSL.5.6.3
2023-10-23 13:47:16,026 [WARN] PackLoader:240 - Cannot read IP mode file for STMicroelectronics.X-CUBE-AZRTOS-L5.2.0.0
2023-10-23 13:47:16,069 [WARN] PackLoader:240 - Cannot read IP mode file for STMicroelectronics.X-CUBE-MEMS1.9.6.0
2023-10-23 13:47:16,299 [WARN] PackLoader:240 - Cannot read IP mode file for ITTIA_DB.I-CUBE-ITTIADB.8.8.0
2023-10-23 13:47:16,308 [WARN] PackLoader:240 - Cannot read IP mode file for STMicroelectronics.X-CUBE-BLEMGR.2.0.0
2023-10-23 13:47:16,328 [WARN] ConditionMgr:438 - getConditionDescription Invalid condition id : UX DEVICE CLASS RTOS Condition cause : null
2023-10-23 13:47:16,328 [WARN] ConditionMgr:438 - getConditionDescription Invalid condition id : UX DEVICE CLASS RTOS Condition cause : null
2023-10-23 13:47:16,332 [WARN] PackLoader:240 - Cannot read IP mode file for STMicroelectronics.X-CUBE-AZRTOS-H7.3.1.0
2023-10-23 13:47:16,333 [WARN] ConditionMgr:1039 - genDependencies : Invalid condition id : UX DEVICE CLASS RTOS Condition cause : null
2023-10-23 13:47:16,333 [WARN] ConditionMgr:1039 - genDependencies : Invalid condition id : UX DEVICE CLASS RTOS Condition cause : null
2023-10-23 13:47:16,334 [WARN] ConditionMgr:1039 - genDependencies : Invalid condition id : UX DEVICE CLASS RTOS Condition cause : null
2023-10-23 13:47:16,334 [WARN] ConditionMgr:1039 - genDependencies : Invalid condition id : UX DEVICE CLASS RTOS Condition cause : null
2023-10-23 13:47:16,334 [WARN] ConditionMgr:1039 - genDependencies : Invalid condition id : UX DEVICE CLASS RTOS Condition cause : null
2023-10-23 13:47:16,341 [WARN] PackLoader:240 - Cannot read IP mode file for STMicroelectronics.X-CUBE-NFC7.1.0.1
2023-10-23 13:47:16,350 [WARN] PackLoader:240 - Cannot read IP mode file for STMicroelectronics.X-CUBE-NFC6.3.0.0
2023-10-23 13:47:16,358 [WARN] PackLoader:240 - Cannot read IP mode file for STMicroelectronics.X-CUBE-EEPRMA1.4.1.0
2023-10-23 13:47:16,377 [WARN] ConditionMgr:438 - getConditionDescription Invalid condition id : LAN8742 Phy interface Condition cause : null
2023-10-23 13:47:16,378 [WARN] PackLoader:240 - Cannot read IP mode file for STMicroelectronics.X-CUBE-AZRTOS-L4.2.0.0
2023-10-23 13:47:16,379 [WARN] ConditionMgr:1039 - genDependencies : Invalid condition id : LAN8742 Phy interface Condition cause : null
2023-10-23 13:47:16,379 [WARN] ConditionMgr:1039 - genDependencies : Invalid condition id : LAN8742 Phy interface Condition cause : null
2023-10-23 13:47:16,380 [WARN] ConditionMgr:1039 - genDependencies : Invalid condition id : LAN8742 Phy interface Condition cause : null
2023-10-23 13:47:16,393 [WARN] PackLoader:240 - Cannot read IP mode file for STMicroelectronics.X-CUBE-SFXS2LP1.4.0.0
2023-10-23 13:47:16,399 [WARN] PackLoader:240 - Cannot read IP mode file for STMicroelectronics.X-CUBE-ISPU.1.1.0
2023-10-23 13:47:16,411 [WARN] ConditionMgr:438 - getConditionDescription Invalid condition id : UX DEVICE CLASS RTOS Condition cause : null
2023-10-23 13:47:16,411 [WARN] ConditionMgr:438 - getConditionDescription Invalid condition id : UX DEVICE CLASS RTOS Condition cause : null
2023-10-23 13:47:16,413 [WARN] PackLoader:240 - Cannot read IP mode file for STMicroelectronics.X-CUBE-AZRTOS-WB.2.0.0
2023-10-23 13:47:16,414 [WARN] ConditionMgr:1039 - genDependencies : Invalid condition id : UX DEVICE CLASS RTOS Condition cause : null
2023-10-23 13:47:16,414 [WARN] ConditionMgr:1039 - genDependencies : Invalid condition id : UX DEVICE CLASS RTOS Condition cause : null
2023-10-23 13:47:16,417 [WARN] ConditionMgr:1039 - genDependencies : Invalid condition id : UX DEVICE CLASS RTOS Condition cause : null
2023-10-23 13:47:16,417 [WARN] ConditionMgr:1039 - genDependencies : Invalid condition id : UX DEVICE CLASS RTOS Condition cause : null
2023-10-23 13:47:16,417 [WARN] ConditionMgr:1039 - genDependencies : Invalid condition id : UX DEVICE CLASS RTOS Condition cause : null
2023-10-23 13:47:16,426 [WARN] PackLoader:240 - Cannot read IP mode file for STMicroelectronics.X-CUBE-SUBG2.5.0.0
2023-10-23 13:47:16,443 [WARN] PackLoader:240 - Cannot read IP mode file for STMicroelectronics.X-CUBE-AZRTOS-G4.2.0.0
2023-10-23 13:47:16,457 [WARN] PackLoader:240 - Cannot read IP mode file for Infineon.AIROC-Wi-Fi-Bluetooth-STM32.1.5.1
2023-10-23 13:47:16,489 [WARN] PackLoader:240 - Cannot read IP mode file for STMicroelectronics.X-CUBE-MEMS1.10.0.0
2023-10-23 13:47:16,600 [WARN] PackLoader:240 - Cannot read IP mode file for portGmbH.I-Cube-SoM-uGOAL.1.1.0
2023-10-23 13:47:16,606 [WARN] PackLoader:240 - Cannot read IP mode file for STMicroelectronics.X-CUBE-ALS.1.0.1
2023-10-23 13:47:16,613 [WARN] PackLoader:240 - Cannot read IP mode file for STMicroelectronics.FP-ATR-ASTRA1.2.0.0
2023-10-23 13:47:16,614 [INFO] ThirdParty:978 - Integrity check success = true
2023-10-23 13:47:16,614 [INFO] IntegrityCheckThread:100 - exiting critical section [integrity check]
2023-10-23 13:47:16,614 [INFO] IntegrityCheckThread:103 - End integrity checks thread
2023-10-23 13:47:36,250 [ERROR] LogOutputStream:75 - [STDERR_REDIRECT] SLF4J: Failed to load class "org.slf4j.impl.StaticLoggerBinder".
2023-10-23 13:47:36,251 [ERROR] LogOutputStream:75 - [STDERR_REDIRECT] SLF4J: Defaulting to no-operation (NOP) logger implementation
2023-10-23 13:47:36,252 [ERROR] LogOutputStream:75 - [STDERR_REDIRECT] SLF4J: See http://www.slf4j.org/codes.html#StaticLoggerBinder for further details.
2023-10-23 17:23:04,797 [ERROR] LogOutputStream:75 - [STDERR_REDIRECT] 
