2023-09-05 15:31:45,504 [INFO] Activator:176 - 


2023-09-05 15:31:45,518 [INFO] Activator:177 - !SESSION log4j initialized
2023-09-05 15:31:50,971 [INFO] LogOutputStream:77 - [STDOUT_REDIRECT] 
2023-09-05 15:31:52,188 [INFO] ApplicationProperties:184 - Using Application install path: C:\ST\STM32CubeIDE_1.13.1\STM32CubeIDE\plugins\com.st.stm32cube.common.mx_6.9.1.202307191849
2023-09-05 15:31:52,208 [INFO] DbMcusXml:78 - Set database path to: C:\ST\STM32CubeIDE_1.13.1\STM32CubeIDE\plugins\com.st.stm32cube.common.mx_6.9.1.202307191849\\db\/mcu/
2023-09-05 15:31:52,208 [INFO] ApiDb:274 - Set plugin database path to: C:\ST\STM32CubeIDE_1.13.1\STM32CubeIDE\plugins\com.st.stm32cube.common.mx_6.9.1.202307191849\\db\/plugins/boardmanager/
2023-09-05 15:31:52,209 [WARN] ApiDb:259 - Overriding images path with different value:  => C:\ST\STM32CubeIDE_1.13.1\STM32CubeIDE\plugins\com.st.stm32cube.common.mx_6.9.1.202307191849\\db\/plugins/mcufinder/images/
2023-09-05 15:31:52,222 [INFO] ApiDb:250 - Set database path to: C:\Users\james\.stmcufinder\plugins\mcufinder//mcu/
2023-09-05 15:31:52,224 [INFO] DbMcusAds:125 - Set database path to: C:\Users\james\.stmcufinder\plugins\mcufinder//mcu/
2023-09-05 15:31:52,225 [INFO] CrossReferenceDbSqlite:203 - Set database path to: C:\Users\james\.stmcufinder\plugins\mcufinder//mcu/cs/
2023-09-05 15:31:52,350 [INFO] RulesReader:64 - Compatibility file has been processed (293 Rules)
2023-09-05 15:31:52,452 [INFO] DbMcusXml:78 - Set database path to: C:\ST\STM32CubeIDE_1.13.1\STM32CubeIDE\plugins\com.st.stm32cube.common.mx_6.9.1.202307191849\\db\/mcu/
2023-09-05 15:31:52,452 [INFO] ApiDb:274 - Set plugin database path to: C:\ST\STM32CubeIDE_1.13.1\STM32CubeIDE\plugins\com.st.stm32cube.common.mx_6.9.1.202307191849\\db\/plugins/boardmanager/
2023-09-05 15:31:52,452 [INFO] ApiDb:261 - Set plugin images path to: C:\ST\STM32CubeIDE_1.13.1\STM32CubeIDE\plugins\com.st.stm32cube.common.mx_6.9.1.202307191849\\db\/plugins/mcufinder/images/
2023-09-05 15:31:52,453 [WARN] DbFile:41 - Overriding database path with different value: C:\Users\james\.stmcufinder\plugins\mcufinder/ => C:\Users\james\.stmcufinder\plugins\mcufinder
2023-09-05 15:31:52,453 [INFO] ApiDb:250 - Set database path to: C:\Users\james\.stmcufinder\plugins\mcufinder//mcu/
2023-09-05 15:31:52,453 [WARN] DbFile:41 - Overriding database path with different value: C:\Users\james\.stmcufinder\plugins\mcufinder/ => C:\Users\james\.stmcufinder\plugins\mcufinder
2023-09-05 15:31:52,453 [INFO] DbMcusAds:125 - Set database path to: C:\Users\james\.stmcufinder\plugins\mcufinder//mcu/
2023-09-05 15:31:52,453 [WARN] DbFile:41 - Overriding database path with different value: C:\Users\james\.stmcufinder\plugins\mcufinder/ => C:\Users\james\.stmcufinder\plugins\mcufinder
2023-09-05 15:31:52,453 [WARN] DbFile:41 - Overriding database path with different value: C:\Users\james\.stmcufinder\plugins\mcufinder/ => C:\Users\james\.stmcufinder\plugins\mcufinder
2023-09-05 15:31:52,453 [INFO] CrossReferenceDbSqlite:203 - Set database path to: C:\Users\james\.stmcufinder\plugins\mcufinder//mcu/cs/
2023-09-05 15:31:52,557 [INFO] MainPanel:262 - HeapMemory: 268435456
2023-09-05 15:31:52,714 [INFO] DbMcusXml:78 - Set database path to: C:\ST\STM32CubeIDE_1.13.1\STM32CubeIDE\plugins\com.st.stm32cube.common.mx_6.9.1.202307191849\\db\/mcu/
2023-09-05 15:31:52,714 [INFO] ApiDb:274 - Set plugin database path to: C:\ST\STM32CubeIDE_1.13.1\STM32CubeIDE\plugins\com.st.stm32cube.common.mx_6.9.1.202307191849\\db\/plugins/boardmanager/
2023-09-05 15:31:52,714 [INFO] ApiDb:261 - Set plugin images path to: C:\ST\STM32CubeIDE_1.13.1\STM32CubeIDE\plugins\com.st.stm32cube.common.mx_6.9.1.202307191849\\db\/plugins/mcufinder/images/
2023-09-05 15:31:52,715 [WARN] DbFile:41 - Overriding database path with different value: C:\Users\james\.stmcufinder\plugins\mcufinder/ => C:\Users\james\.stmcufinder\plugins\mcufinder
2023-09-05 15:31:52,715 [INFO] ApiDb:250 - Set database path to: C:\Users\james\.stmcufinder\plugins\mcufinder//mcu/
2023-09-05 15:31:52,715 [WARN] DbFile:41 - Overriding database path with different value: C:\Users\james\.stmcufinder\plugins\mcufinder/ => C:\Users\james\.stmcufinder\plugins\mcufinder
2023-09-05 15:31:52,715 [INFO] DbMcusAds:125 - Set database path to: C:\Users\james\.stmcufinder\plugins\mcufinder//mcu/
2023-09-05 15:31:52,715 [WARN] DbFile:41 - Overriding database path with different value: C:\Users\james\.stmcufinder\plugins\mcufinder/ => C:\Users\james\.stmcufinder\plugins\mcufinder
2023-09-05 15:31:52,716 [WARN] DbFile:41 - Overriding database path with different value: C:\Users\james\.stmcufinder\plugins\mcufinder/ => C:\Users\james\.stmcufinder\plugins\mcufinder
2023-09-05 15:31:52,716 [INFO] CrossReferenceDbSqlite:203 - Set database path to: C:\Users\james\.stmcufinder\plugins\mcufinder//mcu/cs/
2023-09-05 15:31:52,743 [INFO] ApplicationProperties:184 - Using Application install path: C:\ST\STM32CubeIDE_1.13.1\STM32CubeIDE\plugins\com.st.stm32cube.common.mx_6.9.1.202307191849
2023-09-05 15:31:52,745 [INFO] PluginManage:196 - Search for loadable plugins [exclusion list=, ]
2023-09-05 15:31:52,747 [INFO] PluginManage:310 - Check plugin analytics
2023-09-05 15:31:52,960 [INFO] AnalyticsPlugin:253 - Accepted Software Licenses: 
2023-09-05 15:31:52,961 [INFO] AnalyticsPlugin:255 - Accepted CMSIS Pack Licenses: 
2023-09-05 15:31:52,961 [INFO] AnalyticsPlugin:257 - Accepted Firmware Licenses: FW.L4.1.18.0
2023-09-05 15:31:52,963 [INFO] PluginManage:359 - Loaded plugin analytics (category:tool,tabindex:-1)
2023-09-05 15:31:52,964 [INFO] PluginManage:310 - Check plugin cadmodel
2023-09-05 15:31:52,969 [INFO] CADModel:105 - Init CAD model plugin
2023-09-05 15:31:52,969 [INFO] PluginManage:359 - Loaded plugin cadmodel (category:power,tabindex:5)
2023-09-05 15:31:52,969 [INFO] PluginManage:310 - Check plugin clock
2023-09-05 15:31:52,979 [INFO] PluginManage:359 - Loaded plugin clock (category:base,tabindex:2)
2023-09-05 15:31:52,979 [INFO] PluginManage:310 - Check plugin ddr
2023-09-05 15:31:52,983 [INFO] PluginManage:359 - Loaded plugin ddr (category:tool,tabindex:6)
2023-09-05 15:31:52,983 [INFO] PluginManage:310 - Check plugin filemanager
2023-09-05 15:31:53,138 [INFO] PluginManage:359 - Loaded plugin filemanager (category:base,tabindex:10)
2023-09-05 15:31:53,138 [INFO] PluginManage:310 - Check plugin ipmanager
2023-09-05 15:31:53,147 [INFO] PluginManage:359 - Loaded plugin ipmanager (category:base,tabindex:5)
2023-09-05 15:31:53,148 [INFO] PluginManage:310 - Check plugin lpbam
2023-09-05 15:31:53,157 [INFO] PluginManage:359 - Loaded plugin lpbam (category:base,tabindex:0)
2023-09-05 15:31:53,158 [INFO] PluginManage:310 - Check plugin memorymap
2023-09-05 15:31:53,178 [INFO] PluginManage:359 - Loaded plugin memorymap (category:base,tabindex:4)
2023-09-05 15:31:53,178 [INFO] PluginManage:310 - Check plugin pinoutandconfiguration
2023-09-05 15:31:53,190 [INFO] PluginManage:359 - Loaded plugin pinoutandconfiguration (category:base,tabindex:1)
2023-09-05 15:31:53,190 [INFO] PluginManage:310 - Check plugin pinoutconfig
2023-09-05 15:31:53,302 [WARN] SupportedApi:132 - Cannot load RTOS API schema: s4s-elt-must-match.1: The content of 'definitions' must match (annotation?, (simpleType | complexType)?, (unique | key | keyref)*)). A problem was found starting at: attribute.
2023-09-05 15:31:53,450 [INFO] PluginManage:359 - Loaded plugin pinoutconfig (category:base,tabindex:0)
2023-09-05 15:31:53,450 [INFO] PluginManage:310 - Check plugin power
2023-09-05 15:31:53,464 [INFO] PluginManage:359 - Loaded plugin power (category:power,tabindex:4)
2023-09-05 15:31:53,465 [INFO] PluginManage:310 - Check plugin projectmanager
2023-09-05 15:31:53,479 [INFO] PluginManage:359 - Loaded plugin projectmanager (category:projectmanager,tabindex:3)
2023-09-05 15:31:53,479 [INFO] PluginManage:310 - Check plugin thirdparty
2023-09-05 15:31:53,634 [INFO] PluginManage:359 - Loaded plugin thirdparty (category:base,tabindex:-1)
2023-09-05 15:31:53,634 [INFO] PluginManage:310 - Check plugin tools
2023-09-05 15:31:53,634 [WARN] IntegrityCheckThread:84 - waiting for thirdparty lock release [integrity check]
2023-09-05 15:31:53,634 [INFO] IntegrityCheckThread:86 - entering critical section [integrity check]
2023-09-05 15:31:53,635 [INFO] ThirdPartyUpdaterWithRetryManager:70 - Updater plugin not ready yet. [1/15]
2023-09-05 15:31:53,638 [INFO] PluginManage:359 - Loaded plugin tools (category:base,tabindex:7)
2023-09-05 15:31:53,638 [INFO] PluginManage:310 - Check plugin tutovideos
2023-09-05 15:31:53,866 [INFO] PluginManage:359 - Loaded plugin tutovideos (category:base,tabindex:-1)
2023-09-05 15:31:53,866 [INFO] PluginManage:310 - Check plugin updater
2023-09-05 15:31:53,879 [INFO] PluginManage:359 - Loaded plugin updater (category:base,tabindex:12)
2023-09-05 15:31:53,879 [INFO] PluginManage:310 - Check plugin userauth
2023-09-05 15:31:53,884 [INFO] UserAuth:113 - Init User Auth plugin
2023-09-05 15:31:53,884 [INFO] PluginManage:359 - Loaded plugin userauth (category:base,tabindex:14)
2023-09-05 15:31:53,885 [INFO] PluginManage:283 - PluginManage : Loaded plugins [17]
2023-09-05 15:31:54,188 [INFO] PinOutPanel:1499 - setPackage(No Configuration,No Configuration)
2023-09-05 15:31:54,334 [INFO] CADModel:165 - CPN selected for project level
2023-09-05 15:31:54,334 [INFO] CADModel:114 - Register for checkConnection events
2023-09-05 15:31:54,356 [INFO] IPUIPlugin:80 - create IPUIPlugin
2023-09-05 15:31:54,356 [INFO] PluginManager:220 - loadIPPluginJar : add adc
2023-09-05 15:31:54,360 [INFO] IPUIPlugin:80 - create IPUIPlugin
2023-09-05 15:31:54,360 [INFO] PluginManager:220 - loadIPPluginJar : add aes
2023-09-05 15:31:54,365 [INFO] IPUIPlugin:80 - create IPUIPlugin
2023-09-05 15:31:54,365 [INFO] PluginManager:220 - loadIPPluginJar : add can
2023-09-05 15:31:54,369 [INFO] IPUIPlugin:80 - create IPUIPlugin
2023-09-05 15:31:54,370 [INFO] PluginManager:220 - loadIPPluginJar : add comp
2023-09-05 15:31:54,374 [INFO] IPUIPlugin:80 - create IPUIPlugin
2023-09-05 15:31:54,374 [INFO] PluginManager:220 - loadIPPluginJar : add cryp
2023-09-05 15:31:54,378 [INFO] IPUIPlugin:80 - create IPUIPlugin
2023-09-05 15:31:54,378 [INFO] PluginManager:220 - loadIPPluginJar : add dfsdm
2023-09-05 15:31:54,386 [INFO] IPUIPlugin:80 - create IPUIPlugin
2023-09-05 15:31:54,387 [INFO] PluginManager:220 - loadIPPluginJar : add dma
2023-09-05 15:31:54,391 [INFO] IPUIPlugin:80 - create IPUIPlugin
2023-09-05 15:31:54,392 [INFO] PluginManager:220 - loadIPPluginJar : add dma3
2023-09-05 15:31:54,394 [INFO] IPUIPlugin:80 - create IPUIPlugin
2023-09-05 15:31:54,394 [INFO] PluginManager:220 - loadIPPluginJar : add fatfs
2023-09-05 15:31:54,403 [INFO] IPUIPlugin:80 - create IPUIPlugin
2023-09-05 15:31:54,404 [INFO] PluginManager:220 - loadIPPluginJar : add fmc
2023-09-05 15:31:54,412 [INFO] IPUIPlugin:80 - create IPUIPlugin
2023-09-05 15:31:54,412 [INFO] PluginManager:220 - loadIPPluginJar : add freertos
2023-09-05 15:31:54,415 [INFO] IPUIPlugin:80 - create IPUIPlugin
2023-09-05 15:31:54,416 [INFO] PluginManager:220 - loadIPPluginJar : add genericplugin
2023-09-05 15:31:54,419 [INFO] IPUIPlugin:80 - create IPUIPlugin
2023-09-05 15:31:54,419 [INFO] PluginManager:220 - loadIPPluginJar : add gfxmmu
2023-09-05 15:31:54,426 [INFO] IPUIPlugin:80 - create IPUIPlugin
2023-09-05 15:31:54,426 [INFO] PluginManager:220 - loadIPPluginJar : add gic
2023-09-05 15:31:54,432 [INFO] IPUIPlugin:80 - create IPUIPlugin
2023-09-05 15:31:54,432 [INFO] PluginManager:220 - loadIPPluginJar : add gpio
2023-09-05 15:31:54,437 [INFO] IPUIPlugin:80 - create IPUIPlugin
2023-09-05 15:31:54,437 [INFO] PluginManager:220 - loadIPPluginJar : add gtzc
2023-09-05 15:31:54,441 [INFO] IPUIPlugin:80 - create IPUIPlugin
2023-09-05 15:31:54,441 [INFO] PluginManager:220 - loadIPPluginJar : add hash
2023-09-05 15:31:54,445 [INFO] IPUIPlugin:80 - create IPUIPlugin
2023-09-05 15:31:54,445 [INFO] PluginManager:220 - loadIPPluginJar : add i2c
2023-09-05 15:31:54,449 [INFO] IPUIPlugin:80 - create IPUIPlugin
2023-09-05 15:31:54,449 [INFO] PluginManager:220 - loadIPPluginJar : add i2s
2023-09-05 15:31:54,452 [INFO] IPUIPlugin:80 - create IPUIPlugin
2023-09-05 15:31:54,453 [INFO] PluginManager:220 - loadIPPluginJar : add i3c
2023-09-05 15:31:54,457 [INFO] IPUIPlugin:80 - create IPUIPlugin
2023-09-05 15:31:54,457 [INFO] PluginManager:220 - loadIPPluginJar : add ipddr
2023-09-05 15:31:54,468 [INFO] IPUIPlugin:80 - create IPUIPlugin
2023-09-05 15:31:54,468 [INFO] PluginManager:220 - loadIPPluginJar : add linkedlist
2023-09-05 15:31:54,472 [INFO] IPUIPlugin:80 - create IPUIPlugin
2023-09-05 15:31:54,472 [INFO] PluginManager:220 - loadIPPluginJar : add lorawan
2023-09-05 15:31:54,475 [INFO] IPUIPlugin:80 - create IPUIPlugin
2023-09-05 15:31:54,475 [INFO] PluginManager:220 - loadIPPluginJar : add ltdc
2023-09-05 15:31:54,484 [INFO] IPUIPlugin:80 - create IPUIPlugin
2023-09-05 15:31:54,484 [INFO] PluginManager:220 - loadIPPluginJar : add mdma
2023-09-05 15:31:54,490 [INFO] IPUIPlugin:80 - create IPUIPlugin
2023-09-05 15:31:54,490 [INFO] PluginManager:220 - loadIPPluginJar : add nvic
2023-09-05 15:31:54,494 [INFO] IPUIPlugin:80 - create IPUIPlugin
2023-09-05 15:31:54,494 [INFO] PluginManager:220 - loadIPPluginJar : add opamp
2023-09-05 15:31:54,499 [INFO] IPUIPlugin:80 - create IPUIPlugin
2023-09-05 15:31:54,499 [INFO] PluginManager:220 - loadIPPluginJar : add openamp
2023-09-05 15:31:54,504 [INFO] IPUIPlugin:80 - create IPUIPlugin
2023-09-05 15:31:54,504 [INFO] PluginManager:220 - loadIPPluginJar : add pdm2pcm
2023-09-05 15:31:54,512 [INFO] IPUIPlugin:80 - create IPUIPlugin
2023-09-05 15:31:54,515 [INFO] PluginManager:220 - loadIPPluginJar : add plateformsettings
2023-09-05 15:31:54,517 [INFO] IPUIPlugin:80 - create IPUIPlugin
2023-09-05 15:31:54,517 [INFO] PluginManager:220 - loadIPPluginJar : add quadspi
2023-09-05 15:31:54,523 [INFO] IPUIPlugin:80 - create IPUIPlugin
2023-09-05 15:31:54,523 [INFO] PluginManager:220 - loadIPPluginJar : add resmgrutility
2023-09-05 15:31:54,526 [INFO] IPUIPlugin:80 - create IPUIPlugin
2023-09-05 15:31:54,526 [INFO] PluginManager:220 - loadIPPluginJar : add sai
2023-09-05 15:31:54,529 [INFO] IPUIPlugin:80 - create IPUIPlugin
2023-09-05 15:31:54,530 [INFO] PluginManager:220 - loadIPPluginJar : add spi
2023-09-05 15:31:54,535 [INFO] IPUIPlugin:80 - create IPUIPlugin
2023-09-05 15:31:54,535 [INFO] PluginManager:220 - loadIPPluginJar : add stm32_wpan
2023-09-05 15:31:54,537 [INFO] IPUIPlugin:80 - create IPUIPlugin
2023-09-05 15:31:54,538 [INFO] PluginManager:220 - loadIPPluginJar : add tim
2023-09-05 15:31:54,541 [INFO] IPUIPlugin:80 - create IPUIPlugin
2023-09-05 15:31:54,542 [INFO] PluginManager:220 - loadIPPluginJar : add touchsensing
2023-09-05 15:31:54,545 [INFO] IPUIPlugin:80 - create IPUIPlugin
2023-09-05 15:31:54,545 [INFO] PluginManager:220 - loadIPPluginJar : add tracer_emb
2023-09-05 15:31:54,548 [INFO] IPUIPlugin:80 - create IPUIPlugin
2023-09-05 15:31:54,548 [INFO] PluginManager:220 - loadIPPluginJar : add ts
2023-09-05 15:31:54,550 [INFO] IPUIPlugin:80 - create IPUIPlugin
2023-09-05 15:31:54,551 [INFO] PluginManager:220 - loadIPPluginJar : add tsc
2023-09-05 15:31:54,553 [INFO] IPUIPlugin:80 - create IPUIPlugin
2023-09-05 15:31:54,553 [INFO] PluginManager:220 - loadIPPluginJar : add ucpd
2023-09-05 15:31:54,557 [INFO] IPUIPlugin:80 - create IPUIPlugin
2023-09-05 15:31:54,557 [INFO] PluginManager:220 - loadIPPluginJar : add usart
2023-09-05 15:31:54,561 [INFO] IPUIPlugin:80 - create IPUIPlugin
2023-09-05 15:31:54,561 [INFO] PluginManager:220 - loadIPPluginJar : add usbx
2023-09-05 15:31:54,698 [INFO] CADModel:165 - CPN selected for project level
2023-09-05 15:31:54,698 [INFO] CADModel:114 - Register for checkConnection events
2023-09-05 15:31:54,699 [FATAL] Updater:308 - Updater called before beeing initialized
2023-09-05 15:31:54,699 [ERROR] CADModel:125 - Updater not yet initialized, retry later 
2023-09-05 15:31:55,006 [INFO] CADModel:165 - CPN selected for project level
2023-09-05 15:31:55,006 [INFO] CADModel:114 - Register for checkConnection events
2023-09-05 15:31:55,006 [FATAL] Updater:308 - Updater called before beeing initialized
2023-09-05 15:31:55,007 [ERROR] CADModel:125 - Updater not yet initialized, retry later 
2023-09-05 15:31:55,010 [FATAL] Updater:308 - Updater called before beeing initialized
2023-09-05 15:31:55,117 [FATAL] Updater:308 - Updater called before beeing initialized
2023-09-05 15:31:55,126 [INFO] DbMcusAds:53 - JSON generation date=Tue Mar 07 03:50:55 EST 2023 (1678179055114)
2023-09-05 15:31:55,126 [FATAL] Updater:308 - Updater called before beeing initialized
2023-09-05 15:31:55,199 [WARN] DetailPanel:346 - Failed to get advertising image, set to default
2023-09-05 15:31:55,317 [FATAL] Updater:308 - Updater called before beeing initialized
2023-09-05 15:31:55,319 [FATAL] Updater:308 - Updater called before beeing initialized
2023-09-05 15:31:55,320 [FATAL] Updater:308 - Updater called before beeing initialized
2023-09-05 15:31:55,320 [WARN] DetailPanel:346 - Failed to get advertising image, set to default
2023-09-05 15:31:55,321 [FATAL] Updater:308 - Updater called before beeing initialized
2023-09-05 15:31:55,370 [ERROR] Updater:1120 - MainUpdater not yet initialized. External WinMGr cannot be set.
2023-09-05 15:31:55,373 [INFO] Updater:1056 - Updater Version found : 6.9.1
2023-09-05 15:31:55,395 [INFO] ApplicationProperties:184 - Using Application install path: C:\ST\STM32CubeIDE_1.13.1\STM32CubeIDE\plugins\com.st.stm32cube.common.mx_6.9.1.202307191849
2023-09-05 15:31:55,587 [INFO] MainUpdater:2868 - connection check result : 10
2023-09-05 15:31:55,588 [INFO] MainUpdater:285 - Updater Check For Update Now.
2023-09-05 15:31:55,588 [INFO] MicroXplorer:498 - Change Database Version : DB.6.0.91
2023-09-05 15:31:55,600 [INFO] McuFinderGlobals:63 - Set McuFinder mode to 2 (CubeIDE integrated)
2023-09-05 15:31:55,600 [INFO] UserAuth:179 - activating auth plugin
2023-09-05 15:31:55,603 [INFO] UserAuth:393 - Internet connection configuration mode: 1
2023-09-05 15:31:55,624 [INFO] JxBrowserEngine:151 - Initiate JxBrowser Engine with user profile folder
2023-09-05 15:31:55,756 [INFO] CheckServerUpdateThread:120 - End of CheckServer Thread
2023-09-05 15:31:56,791 [WARN] PackLoader:240 - Cannot read IP mode file for STMicroelectronics.X-CUBE-GNSS1.6.0.0
2023-09-05 15:31:56,804 [WARN] PackLoader:240 - Cannot read IP mode file for STMicroelectronics.X-CUBE-SMBUS.2.1.0
2023-09-05 15:31:56,875 [WARN] PackLoader:240 - Cannot read IP mode file for STMicroelectronics.X-CUBE-MEMS1.9.6.0
2023-09-05 15:31:57,038 [WARN] PackLoader:240 - Cannot read IP mode file for STMicroelectronics.FP-SNS-MOTENV1.4.3.2
2023-09-05 15:31:57,047 [WARN] PackLoader:240 - Cannot read IP mode file for STMicroelectronics.X-CUBE-BLEMGR.2.0.0
2023-09-05 15:31:57,057 [WARN] PackLoader:240 - Cannot read IP mode file for STMicroelectronics.X-CUBE-DISPLAY.3.0.0
2023-09-05 15:31:57,065 [WARN] PackLoader:240 - Cannot read IP mode file for STMicroelectronics.X-CUBE-TOUCHGFX.4.22.0
2023-09-05 15:31:57,070 [WARN] PackLoader:240 - Cannot read IP mode file for STMicroelectronics.X-CUBE-NFC7.1.0.1
2023-09-05 15:31:57,076 [WARN] PackLoader:240 - Cannot read IP mode file for STMicroelectronics.X-CUBE-EEPRMA1.4.1.0
2023-09-05 15:31:57,085 [WARN] PackLoader:240 - Cannot read IP mode file for STMicroelectronics.X-CUBE-SFXS2LP1.4.0.0
2023-09-05 15:31:57,091 [WARN] PackLoader:240 - Cannot read IP mode file for STMicroelectronics.X-CUBE-BLE2.3.3.0
2023-09-05 15:31:57,096 [WARN] PackLoader:240 - Cannot read IP mode file for STMicroelectronics.X-CUBE-ISPU.1.1.0
2023-09-05 15:31:57,110 [WARN] PackLoader:240 - Cannot read IP mode file for STMicroelectronics.X-CUBE-SUBG2.5.0.0
2023-09-05 15:31:57,120 [WARN] PackLoader:240 - Cannot read IP mode file for STMicroelectronics.X-CUBE-NFC4.3.0.0
2023-09-05 15:31:57,125 [WARN] PackLoader:240 - Cannot read IP mode file for STMicroelectronics.FP-ATR-SIGFOX1.3.2.0
2023-09-05 15:31:57,130 [WARN] PackLoader:240 - Cannot read IP mode file for STMicroelectronics.X-CUBE-ALS.1.0.1
2023-09-05 15:31:57,135 [WARN] PackLoader:240 - Cannot read IP mode file for STMicroelectronics.FP-ATR-ASTRA1.2.0.0
2023-09-05 15:31:57,136 [INFO] ThirdParty:978 - Integrity check success = true
2023-09-05 15:31:57,136 [INFO] IntegrityCheckThread:100 - exiting critical section [integrity check]
2023-09-05 15:31:57,136 [INFO] IntegrityCheckThread:103 - End integrity checks thread
2023-09-05 15:31:58,193 [INFO] WebApp:157 - Instantiating new browser for Auth
2023-09-05 15:31:58,891 [INFO] WebApp:753 - Register for checkConnection events
2023-09-05 15:31:58,891 [INFO] WebApp:390 - Apply proxy settings
2023-09-05 15:31:58,891 [INFO] WebApp:475 - Chromium requires no authentication
2023-09-05 15:31:58,903 [INFO] WebApp:418 - Direct internet connection detected
2023-09-05 15:31:59,180 [INFO] WebApp:188 - Starting web application
2023-09-05 15:31:59,180 [INFO] WebApp:520 - Web application path used C:\ST\STM32CubeIDE_1.13.1\STM32CubeIDE\plugins\com.st.stm32cube.common.mx_6.9.1.202307191849\db\plugins\mcufinder\reactClient1\index.html
2023-09-05 15:32:19,990 [ERROR] LogOutputStream:75 - [STDERR_REDIRECT] SLF4J: Failed to load class "org.slf4j.impl.StaticLoggerBinder".
2023-09-05 15:32:19,990 [ERROR] LogOutputStream:75 - [STDERR_REDIRECT] SLF4J: Defaulting to no-operation (NOP) logger implementation
2023-09-05 15:32:19,992 [ERROR] LogOutputStream:75 - [STDERR_REDIRECT] SLF4J: See http://www.slf4j.org/codes.html#StaticLoggerBinder for further details.
2023-09-05 16:30:39,749 [ERROR] LogOutputStream:75 - [STDERR_REDIRECT] 
