2023-10-24 11:20:32,148 [INFO] Activator:176 - 


2023-10-24 11:20:32,172 [INFO] Activator:177 - !SESSION log4j initialized
2023-10-24 11:20:37,223 [INFO] LogOutputStream:77 - [STDOUT_REDIRECT] 
2023-10-24 11:20:38,107 [INFO] ApplicationProperties:184 - Using Application install path: C:\ST\STM32CubeIDE_1.13.1\STM32CubeIDE\plugins\com.st.stm32cube.common.mx_6.9.1.202307191849
2023-10-24 11:20:38,126 [INFO] DbMcusXml:78 - Set database path to: C:\ST\STM32CubeIDE_1.13.1\STM32CubeIDE\plugins\com.st.stm32cube.common.mx_6.9.1.202307191849\\db\/mcu/
2023-10-24 11:20:38,127 [INFO] ApiDb:274 - Set plugin database path to: C:\ST\STM32CubeIDE_1.13.1\STM32CubeIDE\plugins\com.st.stm32cube.common.mx_6.9.1.202307191849\\db\/plugins/boardmanager/
2023-10-24 11:20:38,128 [WARN] ApiDb:259 - Overriding images path with different value:  => C:\ST\STM32CubeIDE_1.13.1\STM32CubeIDE\plugins\com.st.stm32cube.common.mx_6.9.1.202307191849\\db\/plugins/mcufinder/images/
2023-10-24 11:20:38,138 [INFO] ApiDb:250 - Set database path to: C:\Users\james\.stmcufinder\plugins\mcufinder//mcu/
2023-10-24 11:20:38,139 [INFO] DbMcusAds:125 - Set database path to: C:\Users\james\.stmcufinder\plugins\mcufinder//mcu/
2023-10-24 11:20:38,141 [INFO] CrossReferenceDbSqlite:203 - Set database path to: C:\Users\james\.stmcufinder\plugins\mcufinder//mcu/cs/
2023-10-24 11:20:38,249 [INFO] RulesReader:64 - Compatibility file has been processed (293 Rules)
2023-10-24 11:20:38,335 [INFO] DbMcusXml:78 - Set database path to: C:\ST\STM32CubeIDE_1.13.1\STM32CubeIDE\plugins\com.st.stm32cube.common.mx_6.9.1.202307191849\\db\/mcu/
2023-10-24 11:20:38,335 [INFO] ApiDb:274 - Set plugin database path to: C:\ST\STM32CubeIDE_1.13.1\STM32CubeIDE\plugins\com.st.stm32cube.common.mx_6.9.1.202307191849\\db\/plugins/boardmanager/
2023-10-24 11:20:38,335 [INFO] ApiDb:261 - Set plugin images path to: C:\ST\STM32CubeIDE_1.13.1\STM32CubeIDE\plugins\com.st.stm32cube.common.mx_6.9.1.202307191849\\db\/plugins/mcufinder/images/
2023-10-24 11:20:38,336 [WARN] DbFile:41 - Overriding database path with different value: C:\Users\james\.stmcufinder\plugins\mcufinder/ => C:\Users\james\.stmcufinder\plugins\mcufinder
2023-10-24 11:20:38,336 [INFO] ApiDb:250 - Set database path to: C:\Users\james\.stmcufinder\plugins\mcufinder//mcu/
2023-10-24 11:20:38,336 [WARN] DbFile:41 - Overriding database path with different value: C:\Users\james\.stmcufinder\plugins\mcufinder/ => C:\Users\james\.stmcufinder\plugins\mcufinder
2023-10-24 11:20:38,336 [INFO] DbMcusAds:125 - Set database path to: C:\Users\james\.stmcufinder\plugins\mcufinder//mcu/
2023-10-24 11:20:38,336 [WARN] DbFile:41 - Overriding database path with different value: C:\Users\james\.stmcufinder\plugins\mcufinder/ => C:\Users\james\.stmcufinder\plugins\mcufinder
2023-10-24 11:20:38,336 [WARN] DbFile:41 - Overriding database path with different value: C:\Users\james\.stmcufinder\plugins\mcufinder/ => C:\Users\james\.stmcufinder\plugins\mcufinder
2023-10-24 11:20:38,336 [INFO] CrossReferenceDbSqlite:203 - Set database path to: C:\Users\james\.stmcufinder\plugins\mcufinder//mcu/cs/
2023-10-24 11:20:38,408 [INFO] MainPanel:262 - HeapMemory: 268435456
2023-10-24 11:20:38,479 [INFO] DbMcusXml:78 - Set database path to: C:\ST\STM32CubeIDE_1.13.1\STM32CubeIDE\plugins\com.st.stm32cube.common.mx_6.9.1.202307191849\\db\/mcu/
2023-10-24 11:20:38,479 [INFO] ApiDb:274 - Set plugin database path to: C:\ST\STM32CubeIDE_1.13.1\STM32CubeIDE\plugins\com.st.stm32cube.common.mx_6.9.1.202307191849\\db\/plugins/boardmanager/
2023-10-24 11:20:38,479 [INFO] ApiDb:261 - Set plugin images path to: C:\ST\STM32CubeIDE_1.13.1\STM32CubeIDE\plugins\com.st.stm32cube.common.mx_6.9.1.202307191849\\db\/plugins/mcufinder/images/
2023-10-24 11:20:38,480 [WARN] DbFile:41 - Overriding database path with different value: C:\Users\james\.stmcufinder\plugins\mcufinder/ => C:\Users\james\.stmcufinder\plugins\mcufinder
2023-10-24 11:20:38,480 [INFO] ApiDb:250 - Set database path to: C:\Users\james\.stmcufinder\plugins\mcufinder//mcu/
2023-10-24 11:20:38,480 [WARN] DbFile:41 - Overriding database path with different value: C:\Users\james\.stmcufinder\plugins\mcufinder/ => C:\Users\james\.stmcufinder\plugins\mcufinder
2023-10-24 11:20:38,480 [INFO] DbMcusAds:125 - Set database path to: C:\Users\james\.stmcufinder\plugins\mcufinder//mcu/
2023-10-24 11:20:38,480 [WARN] DbFile:41 - Overriding database path with different value: C:\Users\james\.stmcufinder\plugins\mcufinder/ => C:\Users\james\.stmcufinder\plugins\mcufinder
2023-10-24 11:20:38,480 [WARN] DbFile:41 - Overriding database path with different value: C:\Users\james\.stmcufinder\plugins\mcufinder/ => C:\Users\james\.stmcufinder\plugins\mcufinder
2023-10-24 11:20:38,480 [INFO] CrossReferenceDbSqlite:203 - Set database path to: C:\Users\james\.stmcufinder\plugins\mcufinder//mcu/cs/
2023-10-24 11:20:38,498 [INFO] ApplicationProperties:184 - Using Application install path: C:\ST\STM32CubeIDE_1.13.1\STM32CubeIDE\plugins\com.st.stm32cube.common.mx_6.9.1.202307191849
2023-10-24 11:20:38,499 [INFO] PluginManage:196 - Search for loadable plugins [exclusion list=, ]
2023-10-24 11:20:38,500 [INFO] PluginManage:310 - Check plugin analytics
2023-10-24 11:20:38,658 [INFO] AnalyticsPlugin:253 - Accepted Software Licenses: 
2023-10-24 11:20:38,659 [INFO] AnalyticsPlugin:255 - Accepted CMSIS Pack Licenses: 
2023-10-24 11:20:38,659 [INFO] AnalyticsPlugin:257 - Accepted Firmware Licenses: FW.L4.1.18.0
2023-10-24 11:20:38,661 [INFO] PluginManage:359 - Loaded plugin analytics (category:tool,tabindex:-1)
2023-10-24 11:20:38,662 [INFO] PluginManage:310 - Check plugin cadmodel
2023-10-24 11:20:38,665 [INFO] CADModel:105 - Init CAD model plugin
2023-10-24 11:20:38,665 [INFO] PluginManage:359 - Loaded plugin cadmodel (category:power,tabindex:5)
2023-10-24 11:20:38,665 [INFO] PluginManage:310 - Check plugin clock
2023-10-24 11:20:38,673 [INFO] PluginManage:359 - Loaded plugin clock (category:base,tabindex:2)
2023-10-24 11:20:38,673 [INFO] PluginManage:310 - Check plugin ddr
2023-10-24 11:20:38,675 [INFO] PluginManage:359 - Loaded plugin ddr (category:tool,tabindex:6)
2023-10-24 11:20:38,675 [INFO] PluginManage:310 - Check plugin filemanager
2023-10-24 11:20:38,808 [INFO] PluginManage:359 - Loaded plugin filemanager (category:base,tabindex:10)
2023-10-24 11:20:38,809 [INFO] PluginManage:310 - Check plugin ipmanager
2023-10-24 11:20:38,817 [INFO] PluginManage:359 - Loaded plugin ipmanager (category:base,tabindex:5)
2023-10-24 11:20:38,817 [INFO] PluginManage:310 - Check plugin lpbam
2023-10-24 11:20:38,825 [INFO] PluginManage:359 - Loaded plugin lpbam (category:base,tabindex:0)
2023-10-24 11:20:38,826 [INFO] PluginManage:310 - Check plugin memorymap
2023-10-24 11:20:38,836 [INFO] PluginManage:359 - Loaded plugin memorymap (category:base,tabindex:4)
2023-10-24 11:20:38,836 [INFO] PluginManage:310 - Check plugin pinoutandconfiguration
2023-10-24 11:20:38,843 [INFO] PluginManage:359 - Loaded plugin pinoutandconfiguration (category:base,tabindex:1)
2023-10-24 11:20:38,843 [INFO] PluginManage:310 - Check plugin pinoutconfig
2023-10-24 11:20:38,936 [WARN] SupportedApi:132 - Cannot load RTOS API schema: s4s-elt-must-match.1: The content of 'definitions' must match (annotation?, (simpleType | complexType)?, (unique | key | keyref)*)). A problem was found starting at: attribute.
2023-10-24 11:20:39,066 [INFO] PluginManage:359 - Loaded plugin pinoutconfig (category:base,tabindex:0)
2023-10-24 11:20:39,066 [INFO] PluginManage:310 - Check plugin power
2023-10-24 11:20:39,075 [INFO] PluginManage:359 - Loaded plugin power (category:power,tabindex:4)
2023-10-24 11:20:39,075 [INFO] PluginManage:310 - Check plugin projectmanager
2023-10-24 11:20:39,089 [INFO] PluginManage:359 - Loaded plugin projectmanager (category:projectmanager,tabindex:3)
2023-10-24 11:20:39,089 [INFO] PluginManage:310 - Check plugin thirdparty
2023-10-24 11:20:39,216 [WARN] IntegrityCheckThread:84 - waiting for thirdparty lock release [integrity check]
2023-10-24 11:20:39,216 [INFO] PluginManage:359 - Loaded plugin thirdparty (category:base,tabindex:-1)
2023-10-24 11:20:39,216 [INFO] IntegrityCheckThread:86 - entering critical section [integrity check]
2023-10-24 11:20:39,216 [INFO] PluginManage:310 - Check plugin tools
2023-10-24 11:20:39,217 [INFO] ThirdPartyUpdaterWithRetryManager:70 - Updater plugin not ready yet. [1/15]
2023-10-24 11:20:39,219 [INFO] PluginManage:359 - Loaded plugin tools (category:base,tabindex:7)
2023-10-24 11:20:39,220 [INFO] PluginManage:310 - Check plugin tutovideos
2023-10-24 11:20:39,406 [INFO] PluginManage:359 - Loaded plugin tutovideos (category:base,tabindex:-1)
2023-10-24 11:20:39,407 [INFO] PluginManage:310 - Check plugin updater
2023-10-24 11:20:39,418 [INFO] PluginManage:359 - Loaded plugin updater (category:base,tabindex:12)
2023-10-24 11:20:39,418 [INFO] PluginManage:310 - Check plugin userauth
2023-10-24 11:20:39,423 [INFO] UserAuth:113 - Init User Auth plugin
2023-10-24 11:20:39,423 [INFO] PluginManage:359 - Loaded plugin userauth (category:base,tabindex:14)
2023-10-24 11:20:39,423 [INFO] PluginManage:283 - PluginManage : Loaded plugins [17]
2023-10-24 11:20:39,671 [INFO] PinOutPanel:1499 - setPackage(No Configuration,No Configuration)
2023-10-24 11:20:39,791 [INFO] CADModel:165 - CPN selected for project level
2023-10-24 11:20:39,792 [INFO] CADModel:114 - Register for checkConnection events
2023-10-24 11:20:39,809 [INFO] IPUIPlugin:80 - create IPUIPlugin
2023-10-24 11:20:39,809 [INFO] PluginManager:220 - loadIPPluginJar : add adc
2023-10-24 11:20:39,812 [INFO] IPUIPlugin:80 - create IPUIPlugin
2023-10-24 11:20:39,812 [INFO] PluginManager:220 - loadIPPluginJar : add aes
2023-10-24 11:20:39,814 [INFO] IPUIPlugin:80 - create IPUIPlugin
2023-10-24 11:20:39,814 [INFO] PluginManager:220 - loadIPPluginJar : add can
2023-10-24 11:20:39,815 [INFO] IPUIPlugin:80 - create IPUIPlugin
2023-10-24 11:20:39,816 [INFO] PluginManager:220 - loadIPPluginJar : add comp
2023-10-24 11:20:39,818 [INFO] IPUIPlugin:80 - create IPUIPlugin
2023-10-24 11:20:39,818 [INFO] PluginManager:220 - loadIPPluginJar : add cryp
2023-10-24 11:20:39,821 [INFO] IPUIPlugin:80 - create IPUIPlugin
2023-10-24 11:20:39,821 [INFO] PluginManager:220 - loadIPPluginJar : add dfsdm
2023-10-24 11:20:39,827 [INFO] IPUIPlugin:80 - create IPUIPlugin
2023-10-24 11:20:39,827 [INFO] PluginManager:220 - loadIPPluginJar : add dma
2023-10-24 11:20:39,830 [INFO] IPUIPlugin:80 - create IPUIPlugin
2023-10-24 11:20:39,830 [INFO] PluginManager:220 - loadIPPluginJar : add dma3
2023-10-24 11:20:39,831 [INFO] IPUIPlugin:80 - create IPUIPlugin
2023-10-24 11:20:39,831 [INFO] PluginManager:220 - loadIPPluginJar : add fatfs
2023-10-24 11:20:39,835 [INFO] IPUIPlugin:80 - create IPUIPlugin
2023-10-24 11:20:39,836 [INFO] PluginManager:220 - loadIPPluginJar : add fmc
2023-10-24 11:20:39,841 [INFO] IPUIPlugin:80 - create IPUIPlugin
2023-10-24 11:20:39,841 [INFO] PluginManager:220 - loadIPPluginJar : add freertos
2023-10-24 11:20:39,841 [INFO] IPUIPlugin:80 - create IPUIPlugin
2023-10-24 11:20:39,842 [INFO] PluginManager:220 - loadIPPluginJar : add genericplugin
2023-10-24 11:20:39,844 [INFO] IPUIPlugin:80 - create IPUIPlugin
2023-10-24 11:20:39,844 [INFO] PluginManager:220 - loadIPPluginJar : add gfxmmu
2023-10-24 11:20:39,848 [INFO] IPUIPlugin:80 - create IPUIPlugin
2023-10-24 11:20:39,848 [INFO] PluginManager:220 - loadIPPluginJar : add gic
2023-10-24 11:20:39,852 [INFO] IPUIPlugin:80 - create IPUIPlugin
2023-10-24 11:20:39,853 [INFO] PluginManager:220 - loadIPPluginJar : add gpio
2023-10-24 11:20:39,855 [INFO] IPUIPlugin:80 - create IPUIPlugin
2023-10-24 11:20:39,855 [INFO] PluginManager:220 - loadIPPluginJar : add gtzc
2023-10-24 11:20:39,857 [INFO] IPUIPlugin:80 - create IPUIPlugin
2023-10-24 11:20:39,858 [INFO] PluginManager:220 - loadIPPluginJar : add hash
2023-10-24 11:20:39,860 [INFO] IPUIPlugin:80 - create IPUIPlugin
2023-10-24 11:20:39,860 [INFO] PluginManager:220 - loadIPPluginJar : add i2c
2023-10-24 11:20:39,862 [INFO] IPUIPlugin:80 - create IPUIPlugin
2023-10-24 11:20:39,862 [INFO] PluginManager:220 - loadIPPluginJar : add i2s
2023-10-24 11:20:39,865 [INFO] IPUIPlugin:80 - create IPUIPlugin
2023-10-24 11:20:39,865 [INFO] PluginManager:220 - loadIPPluginJar : add i3c
2023-10-24 11:20:39,868 [INFO] IPUIPlugin:80 - create IPUIPlugin
2023-10-24 11:20:39,868 [INFO] PluginManager:220 - loadIPPluginJar : add ipddr
2023-10-24 11:20:39,875 [INFO] IPUIPlugin:80 - create IPUIPlugin
2023-10-24 11:20:39,875 [INFO] PluginManager:220 - loadIPPluginJar : add linkedlist
2023-10-24 11:20:39,877 [INFO] IPUIPlugin:80 - create IPUIPlugin
2023-10-24 11:20:39,878 [INFO] PluginManager:220 - loadIPPluginJar : add lorawan
2023-10-24 11:20:39,879 [INFO] IPUIPlugin:80 - create IPUIPlugin
2023-10-24 11:20:39,879 [INFO] PluginManager:220 - loadIPPluginJar : add ltdc
2023-10-24 11:20:39,884 [INFO] IPUIPlugin:80 - create IPUIPlugin
2023-10-24 11:20:39,884 [INFO] PluginManager:220 - loadIPPluginJar : add mdma
2023-10-24 11:20:39,888 [INFO] IPUIPlugin:80 - create IPUIPlugin
2023-10-24 11:20:39,888 [INFO] PluginManager:220 - loadIPPluginJar : add nvic
2023-10-24 11:20:39,891 [INFO] IPUIPlugin:80 - create IPUIPlugin
2023-10-24 11:20:39,891 [INFO] PluginManager:220 - loadIPPluginJar : add opamp
2023-10-24 11:20:39,894 [INFO] IPUIPlugin:80 - create IPUIPlugin
2023-10-24 11:20:39,894 [INFO] PluginManager:220 - loadIPPluginJar : add openamp
2023-10-24 11:20:39,898 [INFO] IPUIPlugin:80 - create IPUIPlugin
2023-10-24 11:20:39,898 [INFO] PluginManager:220 - loadIPPluginJar : add pdm2pcm
2023-10-24 11:20:39,903 [INFO] IPUIPlugin:80 - create IPUIPlugin
2023-10-24 11:20:39,906 [INFO] PluginManager:220 - loadIPPluginJar : add plateformsettings
2023-10-24 11:20:39,908 [INFO] IPUIPlugin:80 - create IPUIPlugin
2023-10-24 11:20:39,908 [INFO] PluginManager:220 - loadIPPluginJar : add quadspi
2023-10-24 11:20:39,911 [INFO] IPUIPlugin:80 - create IPUIPlugin
2023-10-24 11:20:39,911 [INFO] PluginManager:220 - loadIPPluginJar : add resmgrutility
2023-10-24 11:20:39,913 [INFO] IPUIPlugin:80 - create IPUIPlugin
2023-10-24 11:20:39,913 [INFO] PluginManager:220 - loadIPPluginJar : add sai
2023-10-24 11:20:39,915 [INFO] IPUIPlugin:80 - create IPUIPlugin
2023-10-24 11:20:39,915 [INFO] PluginManager:220 - loadIPPluginJar : add spi
2023-10-24 11:20:39,920 [INFO] IPUIPlugin:80 - create IPUIPlugin
2023-10-24 11:20:39,920 [INFO] PluginManager:220 - loadIPPluginJar : add stm32_wpan
2023-10-24 11:20:39,922 [INFO] IPUIPlugin:80 - create IPUIPlugin
2023-10-24 11:20:39,922 [INFO] PluginManager:220 - loadIPPluginJar : add tim
2023-10-24 11:20:39,924 [INFO] IPUIPlugin:80 - create IPUIPlugin
2023-10-24 11:20:39,924 [INFO] PluginManager:220 - loadIPPluginJar : add touchsensing
2023-10-24 11:20:39,927 [INFO] IPUIPlugin:80 - create IPUIPlugin
2023-10-24 11:20:39,928 [INFO] PluginManager:220 - loadIPPluginJar : add tracer_emb
2023-10-24 11:20:39,930 [INFO] IPUIPlugin:80 - create IPUIPlugin
2023-10-24 11:20:39,930 [INFO] PluginManager:220 - loadIPPluginJar : add ts
2023-10-24 11:20:39,931 [INFO] IPUIPlugin:80 - create IPUIPlugin
2023-10-24 11:20:39,932 [INFO] PluginManager:220 - loadIPPluginJar : add tsc
2023-10-24 11:20:39,933 [INFO] IPUIPlugin:80 - create IPUIPlugin
2023-10-24 11:20:39,934 [INFO] PluginManager:220 - loadIPPluginJar : add ucpd
2023-10-24 11:20:39,936 [INFO] IPUIPlugin:80 - create IPUIPlugin
2023-10-24 11:20:39,936 [INFO] PluginManager:220 - loadIPPluginJar : add usart
2023-10-24 11:20:39,939 [INFO] IPUIPlugin:80 - create IPUIPlugin
2023-10-24 11:20:39,939 [INFO] PluginManager:220 - loadIPPluginJar : add usbx
2023-10-24 11:20:40,069 [INFO] CADModel:165 - CPN selected for project level
2023-10-24 11:20:40,070 [INFO] CADModel:114 - Register for checkConnection events
2023-10-24 11:20:40,070 [FATAL] Updater:308 - Updater called before beeing initialized
2023-10-24 11:20:40,071 [ERROR] CADModel:125 - Updater not yet initialized, retry later 
2023-10-24 11:20:40,358 [INFO] CADModel:165 - CPN selected for project level
2023-10-24 11:20:40,358 [INFO] CADModel:114 - Register for checkConnection events
2023-10-24 11:20:40,358 [FATAL] Updater:308 - Updater called before beeing initialized
2023-10-24 11:20:40,358 [ERROR] CADModel:125 - Updater not yet initialized, retry later 
2023-10-24 11:20:40,361 [FATAL] Updater:308 - Updater called before beeing initialized
2023-10-24 11:20:40,465 [FATAL] Updater:308 - Updater called before beeing initialized
2023-10-24 11:20:40,471 [INFO] DbMcusAds:53 - JSON generation date=Tue Mar 07 03:50:55 EST 2023 (1678179055114)
2023-10-24 11:20:40,471 [FATAL] Updater:308 - Updater called before beeing initialized
2023-10-24 11:20:40,515 [WARN] DetailPanel:346 - Failed to get advertising image, set to default
2023-10-24 11:20:40,648 [FATAL] Updater:308 - Updater called before beeing initialized
2023-10-24 11:20:40,650 [FATAL] Updater:308 - Updater called before beeing initialized
2023-10-24 11:20:40,650 [FATAL] Updater:308 - Updater called before beeing initialized
2023-10-24 11:20:40,650 [WARN] DetailPanel:346 - Failed to get advertising image, set to default
2023-10-24 11:20:40,650 [FATAL] Updater:308 - Updater called before beeing initialized
2023-10-24 11:20:40,694 [ERROR] Updater:1120 - MainUpdater not yet initialized. External WinMGr cannot be set.
2023-10-24 11:20:40,696 [INFO] Updater:1056 - Updater Version found : 6.9.1
2023-10-24 11:20:40,722 [INFO] ApplicationProperties:184 - Using Application install path: C:\ST\STM32CubeIDE_1.13.1\STM32CubeIDE\plugins\com.st.stm32cube.common.mx_6.9.1.202307191849
2023-10-24 11:20:40,881 [INFO] MainUpdater:2868 - connection check result : 10
2023-10-24 11:20:40,882 [INFO] MainUpdater:285 - Updater Check For Update Now.
2023-10-24 11:20:40,882 [INFO] MicroXplorer:498 - Change Database Version : DB.6.0.91
2023-10-24 11:20:40,893 [INFO] McuFinderGlobals:63 - Set McuFinder mode to 2 (CubeIDE integrated)
2023-10-24 11:20:40,893 [INFO] UserAuth:179 - activating auth plugin
2023-10-24 11:20:40,895 [INFO] UserAuth:393 - Internet connection configuration mode: 1
2023-10-24 11:20:40,908 [INFO] JxBrowserEngine:151 - Initiate JxBrowser Engine with user profile folder
2023-10-24 11:20:41,054 [INFO] CheckServerUpdateThread:120 - End of CheckServer Thread
2023-10-24 11:20:41,766 [INFO] WebApp:157 - Instantiating new browser for Auth
2023-10-24 11:20:42,369 [INFO] WebApp:753 - Register for checkConnection events
2023-10-24 11:20:42,370 [INFO] WebApp:390 - Apply proxy settings
2023-10-24 11:20:42,370 [INFO] WebApp:475 - Chromium requires no authentication
2023-10-24 11:20:42,380 [INFO] WebApp:418 - Direct internet connection detected
2023-10-24 11:20:42,459 [WARN] PackLoader:240 - Cannot read IP mode file for STMicroelectronics.X-CUBE-SMBUS.2.1.0
2023-10-24 11:20:42,510 [WARN] PackLoader:240 - Cannot read IP mode file for STMicroelectronics.X-CUBE-AZRTOS-F7.1.1.0
2023-10-24 11:20:42,522 [WARN] PackLoader:240 - Cannot read IP mode file for STMicroelectronics.FP-SNS-MOTENV1.4.3.2
2023-10-24 11:20:42,533 [WARN] PackLoader:240 - Cannot read IP mode file for STMicroelectronics.X-CUBE-DISPLAY.3.0.0
2023-10-24 11:20:42,547 [WARN] PackLoader:240 - Cannot read IP mode file for emotas.I-CUBE-CANOPEN.1.3.0
2023-10-24 11:20:42,553 [WARN] PackLoader:240 - Cannot read IP mode file for STMicroelectronics.X-CUBE-TOUCHGFX.4.22.0
2023-10-24 11:20:42,555 [WARN] PackLoader:240 - Cannot read IP mode file for STMicroelectronics.X-CUBE-TOUCHGFX.4.22.1
2023-10-24 11:20:42,561 [WARN] PackLoader:240 - Cannot read IP mode file for STMicroelectronics.FP-SNS-SMARTAG2.1.2.0
2023-10-24 11:20:42,575 [INFO] LogOutputStream:77 - [STDOUT_REDIRECT] 1 : Invalid condition id : UX_CORESTACK_Condition cause : null
2023-10-24 11:20:42,576 [INFO] LogOutputStream:77 - [STDOUT_REDIRECT] 1 : Invalid condition id : UX_CORESTACK_Condition cause : null
2023-10-24 11:20:42,577 [INFO] LogOutputStream:77 - [STDOUT_REDIRECT] 1 : Invalid condition id : UX_CORESTACK_Condition cause : null
2023-10-24 11:20:42,579 [INFO] LogOutputStream:77 - [STDOUT_REDIRECT] 1 : Invalid condition id : UX_CORESTACK_Condition cause : null
2023-10-24 11:20:42,580 [INFO] LogOutputStream:77 - [STDOUT_REDIRECT] 1 : Invalid condition id : UX_CORESTACK_Condition cause : null
2023-10-24 11:20:42,585 [WARN] PackLoader:240 - Cannot read IP mode file for STMicroelectronics.X-CUBE-AZRTOS-WL.2.0.0
2023-10-24 11:20:42,598 [WARN] PackLoader:240 - Cannot read IP mode file for WES.I-CUBE-Cesium.1.3.0
2023-10-24 11:20:42,608 [WARN] PackLoader:240 - Cannot read IP mode file for STMicroelectronics.X-CUBE-BLE2.3.3.0
2023-10-24 11:20:42,616 [WARN] PackLoader:240 - Cannot read IP mode file for STMicroelectronics.X-CUBE-ALGOBUILD.1.3.0
2023-10-24 11:20:42,658 [WARN] PackLoader:240 - Cannot read IP mode file for STMicroelectronics.X-CUBE-AZRTOS-G0.1.1.0
2023-10-24 11:20:42,664 [INFO] WebApp:188 - Starting web application
2023-10-24 11:20:42,664 [INFO] WebApp:520 - Web application path used C:\ST\STM32CubeIDE_1.13.1\STM32CubeIDE\plugins\com.st.stm32cube.common.mx_6.9.1.202307191849\db\plugins\mcufinder\reactClient1\index.html
2023-10-24 11:20:42,671 [WARN] PackLoader:240 - Cannot read IP mode file for STMicroelectronics.X-CUBE-NFC4.3.0.0
2023-10-24 11:20:42,681 [WARN] PackLoader:240 - Cannot read IP mode file for STMicroelectronics.FP-ATR-SIGFOX1.3.2.0
2023-10-24 11:20:42,730 [WARN] PackLoader:240 - Cannot read IP mode file for SEGGER.I-CUBE-embOS.1.3.1
2023-10-24 11:20:42,774 [WARN] PackLoader:240 - Cannot read IP mode file for STMicroelectronics.X-CUBE-GNSS1.6.0.0
2023-10-24 11:20:42,797 [WARN] PackLoader:240 - Cannot read IP mode file for STMicroelectronics.X-CUBE-AZRTOS-F4.1.1.0
2023-10-24 11:20:42,806 [WARN] PackLoader:240 - Cannot read IP mode file for wolfSSL.I-CUBE-wolfSSL.5.6.3
2023-10-24 11:20:42,826 [WARN] PackLoader:240 - Cannot read IP mode file for STMicroelectronics.X-CUBE-AZRTOS-L5.2.0.0
2023-10-24 11:20:42,874 [WARN] PackLoader:240 - Cannot read IP mode file for STMicroelectronics.X-CUBE-MEMS1.9.6.0
2023-10-24 11:20:43,130 [WARN] PackLoader:240 - Cannot read IP mode file for ITTIA_DB.I-CUBE-ITTIADB.8.8.0
2023-10-24 11:20:43,139 [WARN] PackLoader:240 - Cannot read IP mode file for STMicroelectronics.X-CUBE-BLEMGR.2.0.0
2023-10-24 11:20:43,161 [WARN] ConditionMgr:438 - getConditionDescription Invalid condition id : UX DEVICE CLASS RTOS Condition cause : null
2023-10-24 11:20:43,162 [WARN] ConditionMgr:438 - getConditionDescription Invalid condition id : UX DEVICE CLASS RTOS Condition cause : null
2023-10-24 11:20:43,165 [WARN] PackLoader:240 - Cannot read IP mode file for STMicroelectronics.X-CUBE-AZRTOS-H7.3.1.0
2023-10-24 11:20:43,167 [WARN] ConditionMgr:1039 - genDependencies : Invalid condition id : UX DEVICE CLASS RTOS Condition cause : null
2023-10-24 11:20:43,167 [WARN] ConditionMgr:1039 - genDependencies : Invalid condition id : UX DEVICE CLASS RTOS Condition cause : null
2023-10-24 11:20:43,168 [WARN] ConditionMgr:1039 - genDependencies : Invalid condition id : UX DEVICE CLASS RTOS Condition cause : null
2023-10-24 11:20:43,168 [WARN] ConditionMgr:1039 - genDependencies : Invalid condition id : UX DEVICE CLASS RTOS Condition cause : null
2023-10-24 11:20:43,169 [WARN] ConditionMgr:1039 - genDependencies : Invalid condition id : UX DEVICE CLASS RTOS Condition cause : null
2023-10-24 11:20:43,176 [WARN] PackLoader:240 - Cannot read IP mode file for STMicroelectronics.X-CUBE-NFC7.1.0.1
2023-10-24 11:20:43,185 [WARN] PackLoader:240 - Cannot read IP mode file for STMicroelectronics.X-CUBE-NFC6.3.0.0
2023-10-24 11:20:43,193 [WARN] PackLoader:240 - Cannot read IP mode file for STMicroelectronics.X-CUBE-EEPRMA1.4.1.0
2023-10-24 11:20:43,213 [WARN] ConditionMgr:438 - getConditionDescription Invalid condition id : LAN8742 Phy interface Condition cause : null
2023-10-24 11:20:43,214 [WARN] PackLoader:240 - Cannot read IP mode file for STMicroelectronics.X-CUBE-AZRTOS-L4.2.0.0
2023-10-24 11:20:43,216 [WARN] ConditionMgr:1039 - genDependencies : Invalid condition id : LAN8742 Phy interface Condition cause : null
2023-10-24 11:20:43,216 [WARN] ConditionMgr:1039 - genDependencies : Invalid condition id : LAN8742 Phy interface Condition cause : null
2023-10-24 11:20:43,217 [WARN] ConditionMgr:1039 - genDependencies : Invalid condition id : LAN8742 Phy interface Condition cause : null
2023-10-24 11:20:43,228 [WARN] PackLoader:240 - Cannot read IP mode file for STMicroelectronics.X-CUBE-SFXS2LP1.4.0.0
2023-10-24 11:20:43,234 [WARN] PackLoader:240 - Cannot read IP mode file for STMicroelectronics.X-CUBE-ISPU.1.1.0
2023-10-24 11:20:43,259 [WARN] ConditionMgr:438 - getConditionDescription Invalid condition id : UX DEVICE CLASS RTOS Condition cause : null
2023-10-24 11:20:43,259 [WARN] ConditionMgr:438 - getConditionDescription Invalid condition id : UX DEVICE CLASS RTOS Condition cause : null
2023-10-24 11:20:43,262 [WARN] PackLoader:240 - Cannot read IP mode file for STMicroelectronics.X-CUBE-AZRTOS-WB.2.0.0
2023-10-24 11:20:43,263 [WARN] ConditionMgr:1039 - genDependencies : Invalid condition id : UX DEVICE CLASS RTOS Condition cause : null
2023-10-24 11:20:43,263 [WARN] ConditionMgr:1039 - genDependencies : Invalid condition id : UX DEVICE CLASS RTOS Condition cause : null
2023-10-24 11:20:43,264 [WARN] ConditionMgr:1039 - genDependencies : Invalid condition id : UX DEVICE CLASS RTOS Condition cause : null
2023-10-24 11:20:43,264 [WARN] ConditionMgr:1039 - genDependencies : Invalid condition id : UX DEVICE CLASS RTOS Condition cause : null
2023-10-24 11:20:43,265 [WARN] ConditionMgr:1039 - genDependencies : Invalid condition id : UX DEVICE CLASS RTOS Condition cause : null
2023-10-24 11:20:43,280 [WARN] PackLoader:240 - Cannot read IP mode file for STMicroelectronics.X-CUBE-SUBG2.5.0.0
2023-10-24 11:20:43,302 [WARN] PackLoader:240 - Cannot read IP mode file for STMicroelectronics.X-CUBE-AZRTOS-G4.2.0.0
2023-10-24 11:20:43,316 [WARN] PackLoader:240 - Cannot read IP mode file for Infineon.AIROC-Wi-Fi-Bluetooth-STM32.1.5.1
2023-10-24 11:20:43,358 [WARN] PackLoader:240 - Cannot read IP mode file for STMicroelectronics.X-CUBE-MEMS1.10.0.0
2023-10-24 11:20:43,475 [WARN] PackLoader:240 - Cannot read IP mode file for portGmbH.I-Cube-SoM-uGOAL.1.1.0
2023-10-24 11:20:43,481 [WARN] PackLoader:240 - Cannot read IP mode file for STMicroelectronics.X-CUBE-ALS.1.0.1
2023-10-24 11:20:43,486 [WARN] PackLoader:240 - Cannot read IP mode file for STMicroelectronics.FP-ATR-ASTRA1.2.0.0
2023-10-24 11:20:43,487 [INFO] ThirdParty:978 - Integrity check success = true
2023-10-24 11:20:43,487 [INFO] IntegrityCheckThread:100 - exiting critical section [integrity check]
2023-10-24 11:20:43,487 [INFO] IntegrityCheckThread:103 - End integrity checks thread
2023-10-24 11:21:03,584 [ERROR] LogOutputStream:75 - [STDERR_REDIRECT] SLF4J: Failed to load class "org.slf4j.impl.StaticLoggerBinder".
2023-10-24 11:21:03,585 [ERROR] LogOutputStream:75 - [STDERR_REDIRECT] SLF4J: Defaulting to no-operation (NOP) logger implementation
2023-10-24 11:21:03,586 [ERROR] LogOutputStream:75 - [STDERR_REDIRECT] SLF4J: See http://www.slf4j.org/codes.html#StaticLoggerBinder for further details.
2023-10-24 12:28:42,583 [ERROR] LogOutputStream:75 - [STDERR_REDIRECT] 
2023-10-24 12:34:33,196 [INFO] Activator:176 - 


2023-10-24 12:34:33,198 [INFO] Activator:177 - !SESSION log4j initialized
2023-10-24 12:34:37,776 [INFO] LogOutputStream:77 - [STDOUT_REDIRECT] 
2023-10-24 12:34:38,731 [INFO] ApplicationProperties:184 - Using Application install path: C:\ST\STM32CubeIDE_1.13.1\STM32CubeIDE\plugins\com.st.stm32cube.common.mx_6.9.1.202307191849
2023-10-24 12:34:38,748 [INFO] DbMcusXml:78 - Set database path to: C:\ST\STM32CubeIDE_1.13.1\STM32CubeIDE\plugins\com.st.stm32cube.common.mx_6.9.1.202307191849\\db\/mcu/
2023-10-24 12:34:38,749 [INFO] ApiDb:274 - Set plugin database path to: C:\ST\STM32CubeIDE_1.13.1\STM32CubeIDE\plugins\com.st.stm32cube.common.mx_6.9.1.202307191849\\db\/plugins/boardmanager/
2023-10-24 12:34:38,749 [WARN] ApiDb:259 - Overriding images path with different value:  => C:\ST\STM32CubeIDE_1.13.1\STM32CubeIDE\plugins\com.st.stm32cube.common.mx_6.9.1.202307191849\\db\/plugins/mcufinder/images/
2023-10-24 12:34:38,759 [INFO] ApiDb:250 - Set database path to: C:\Users\james\.stmcufinder\plugins\mcufinder//mcu/
2023-10-24 12:34:38,760 [INFO] DbMcusAds:125 - Set database path to: C:\Users\james\.stmcufinder\plugins\mcufinder//mcu/
2023-10-24 12:34:38,762 [INFO] CrossReferenceDbSqlite:203 - Set database path to: C:\Users\james\.stmcufinder\plugins\mcufinder//mcu/cs/
2023-10-24 12:34:38,874 [INFO] RulesReader:64 - Compatibility file has been processed (293 Rules)
2023-10-24 12:34:38,956 [INFO] DbMcusXml:78 - Set database path to: C:\ST\STM32CubeIDE_1.13.1\STM32CubeIDE\plugins\com.st.stm32cube.common.mx_6.9.1.202307191849\\db\/mcu/
2023-10-24 12:34:38,956 [INFO] ApiDb:274 - Set plugin database path to: C:\ST\STM32CubeIDE_1.13.1\STM32CubeIDE\plugins\com.st.stm32cube.common.mx_6.9.1.202307191849\\db\/plugins/boardmanager/
2023-10-24 12:34:38,956 [INFO] ApiDb:261 - Set plugin images path to: C:\ST\STM32CubeIDE_1.13.1\STM32CubeIDE\plugins\com.st.stm32cube.common.mx_6.9.1.202307191849\\db\/plugins/mcufinder/images/
2023-10-24 12:34:38,957 [WARN] DbFile:41 - Overriding database path with different value: C:\Users\james\.stmcufinder\plugins\mcufinder/ => C:\Users\james\.stmcufinder\plugins\mcufinder
2023-10-24 12:34:38,957 [INFO] ApiDb:250 - Set database path to: C:\Users\james\.stmcufinder\plugins\mcufinder//mcu/
2023-10-24 12:34:38,957 [WARN] DbFile:41 - Overriding database path with different value: C:\Users\james\.stmcufinder\plugins\mcufinder/ => C:\Users\james\.stmcufinder\plugins\mcufinder
2023-10-24 12:34:38,957 [INFO] DbMcusAds:125 - Set database path to: C:\Users\james\.stmcufinder\plugins\mcufinder//mcu/
2023-10-24 12:34:38,957 [WARN] DbFile:41 - Overriding database path with different value: C:\Users\james\.stmcufinder\plugins\mcufinder/ => C:\Users\james\.stmcufinder\plugins\mcufinder
2023-10-24 12:34:38,957 [WARN] DbFile:41 - Overriding database path with different value: C:\Users\james\.stmcufinder\plugins\mcufinder/ => C:\Users\james\.stmcufinder\plugins\mcufinder
2023-10-24 12:34:38,957 [INFO] CrossReferenceDbSqlite:203 - Set database path to: C:\Users\james\.stmcufinder\plugins\mcufinder//mcu/cs/
2023-10-24 12:34:39,030 [INFO] MainPanel:262 - HeapMemory: 268435456
2023-10-24 12:34:39,102 [INFO] DbMcusXml:78 - Set database path to: C:\ST\STM32CubeIDE_1.13.1\STM32CubeIDE\plugins\com.st.stm32cube.common.mx_6.9.1.202307191849\\db\/mcu/
2023-10-24 12:34:39,102 [INFO] ApiDb:274 - Set plugin database path to: C:\ST\STM32CubeIDE_1.13.1\STM32CubeIDE\plugins\com.st.stm32cube.common.mx_6.9.1.202307191849\\db\/plugins/boardmanager/
2023-10-24 12:34:39,102 [INFO] ApiDb:261 - Set plugin images path to: C:\ST\STM32CubeIDE_1.13.1\STM32CubeIDE\plugins\com.st.stm32cube.common.mx_6.9.1.202307191849\\db\/plugins/mcufinder/images/
2023-10-24 12:34:39,103 [WARN] DbFile:41 - Overriding database path with different value: C:\Users\james\.stmcufinder\plugins\mcufinder/ => C:\Users\james\.stmcufinder\plugins\mcufinder
2023-10-24 12:34:39,103 [INFO] ApiDb:250 - Set database path to: C:\Users\james\.stmcufinder\plugins\mcufinder//mcu/
2023-10-24 12:34:39,103 [WARN] DbFile:41 - Overriding database path with different value: C:\Users\james\.stmcufinder\plugins\mcufinder/ => C:\Users\james\.stmcufinder\plugins\mcufinder
2023-10-24 12:34:39,103 [INFO] DbMcusAds:125 - Set database path to: C:\Users\james\.stmcufinder\plugins\mcufinder//mcu/
2023-10-24 12:34:39,103 [WARN] DbFile:41 - Overriding database path with different value: C:\Users\james\.stmcufinder\plugins\mcufinder/ => C:\Users\james\.stmcufinder\plugins\mcufinder
2023-10-24 12:34:39,103 [WARN] DbFile:41 - Overriding database path with different value: C:\Users\james\.stmcufinder\plugins\mcufinder/ => C:\Users\james\.stmcufinder\plugins\mcufinder
2023-10-24 12:34:39,104 [INFO] CrossReferenceDbSqlite:203 - Set database path to: C:\Users\james\.stmcufinder\plugins\mcufinder//mcu/cs/
2023-10-24 12:34:39,125 [INFO] ApplicationProperties:184 - Using Application install path: C:\ST\STM32CubeIDE_1.13.1\STM32CubeIDE\plugins\com.st.stm32cube.common.mx_6.9.1.202307191849
2023-10-24 12:34:39,127 [INFO] PluginManage:196 - Search for loadable plugins [exclusion list=, ]
2023-10-24 12:34:39,128 [INFO] PluginManage:310 - Check plugin analytics
2023-10-24 12:34:39,279 [INFO] AnalyticsPlugin:253 - Accepted Software Licenses: 
2023-10-24 12:34:39,279 [INFO] AnalyticsPlugin:255 - Accepted CMSIS Pack Licenses: 
2023-10-24 12:34:39,279 [INFO] AnalyticsPlugin:257 - Accepted Firmware Licenses: FW.L4.1.18.0
2023-10-24 12:34:39,282 [INFO] PluginManage:359 - Loaded plugin analytics (category:tool,tabindex:-1)
2023-10-24 12:34:39,283 [INFO] PluginManage:310 - Check plugin cadmodel
2023-10-24 12:34:39,286 [INFO] CADModel:105 - Init CAD model plugin
2023-10-24 12:34:39,286 [INFO] PluginManage:359 - Loaded plugin cadmodel (category:power,tabindex:5)
2023-10-24 12:34:39,286 [INFO] PluginManage:310 - Check plugin clock
2023-10-24 12:34:39,295 [INFO] PluginManage:359 - Loaded plugin clock (category:base,tabindex:2)
2023-10-24 12:34:39,295 [INFO] PluginManage:310 - Check plugin ddr
2023-10-24 12:34:39,297 [INFO] PluginManage:359 - Loaded plugin ddr (category:tool,tabindex:6)
2023-10-24 12:34:39,297 [INFO] PluginManage:310 - Check plugin filemanager
2023-10-24 12:34:39,423 [INFO] PluginManage:359 - Loaded plugin filemanager (category:base,tabindex:10)
2023-10-24 12:34:39,423 [INFO] PluginManage:310 - Check plugin ipmanager
2023-10-24 12:34:39,431 [INFO] PluginManage:359 - Loaded plugin ipmanager (category:base,tabindex:5)
2023-10-24 12:34:39,431 [INFO] PluginManage:310 - Check plugin lpbam
2023-10-24 12:34:39,439 [INFO] PluginManage:359 - Loaded plugin lpbam (category:base,tabindex:0)
2023-10-24 12:34:39,439 [INFO] PluginManage:310 - Check plugin memorymap
2023-10-24 12:34:39,449 [INFO] PluginManage:359 - Loaded plugin memorymap (category:base,tabindex:4)
2023-10-24 12:34:39,450 [INFO] PluginManage:310 - Check plugin pinoutandconfiguration
2023-10-24 12:34:39,457 [INFO] PluginManage:359 - Loaded plugin pinoutandconfiguration (category:base,tabindex:1)
2023-10-24 12:34:39,458 [INFO] PluginManage:310 - Check plugin pinoutconfig
2023-10-24 12:34:39,548 [WARN] SupportedApi:132 - Cannot load RTOS API schema: s4s-elt-must-match.1: The content of 'definitions' must match (annotation?, (simpleType | complexType)?, (unique | key | keyref)*)). A problem was found starting at: attribute.
2023-10-24 12:34:39,677 [INFO] PluginManage:359 - Loaded plugin pinoutconfig (category:base,tabindex:0)
2023-10-24 12:34:39,677 [INFO] PluginManage:310 - Check plugin power
2023-10-24 12:34:39,684 [INFO] PluginManage:359 - Loaded plugin power (category:power,tabindex:4)
2023-10-24 12:34:39,684 [INFO] PluginManage:310 - Check plugin projectmanager
2023-10-24 12:34:39,698 [INFO] PluginManage:359 - Loaded plugin projectmanager (category:projectmanager,tabindex:3)
2023-10-24 12:34:39,699 [INFO] PluginManage:310 - Check plugin thirdparty
2023-10-24 12:34:39,824 [INFO] PluginManage:359 - Loaded plugin thirdparty (category:base,tabindex:-1)
2023-10-24 12:34:39,824 [WARN] IntegrityCheckThread:84 - waiting for thirdparty lock release [integrity check]
2023-10-24 12:34:39,824 [INFO] PluginManage:310 - Check plugin tools
2023-10-24 12:34:39,824 [INFO] IntegrityCheckThread:86 - entering critical section [integrity check]
2023-10-24 12:34:39,825 [INFO] ThirdPartyUpdaterWithRetryManager:70 - Updater plugin not ready yet. [1/15]
2023-10-24 12:34:39,827 [INFO] PluginManage:359 - Loaded plugin tools (category:base,tabindex:7)
2023-10-24 12:34:39,827 [INFO] PluginManage:310 - Check plugin tutovideos
2023-10-24 12:34:40,012 [INFO] PluginManage:359 - Loaded plugin tutovideos (category:base,tabindex:-1)
2023-10-24 12:34:40,013 [INFO] PluginManage:310 - Check plugin updater
2023-10-24 12:34:40,024 [INFO] PluginManage:359 - Loaded plugin updater (category:base,tabindex:12)
2023-10-24 12:34:40,024 [INFO] PluginManage:310 - Check plugin userauth
2023-10-24 12:34:40,030 [INFO] UserAuth:113 - Init User Auth plugin
2023-10-24 12:34:40,030 [INFO] PluginManage:359 - Loaded plugin userauth (category:base,tabindex:14)
2023-10-24 12:34:40,031 [INFO] PluginManage:283 - PluginManage : Loaded plugins [17]
2023-10-24 12:34:40,261 [INFO] PinOutPanel:1499 - setPackage(No Configuration,No Configuration)
2023-10-24 12:34:40,376 [INFO] CADModel:165 - CPN selected for project level
2023-10-24 12:34:40,376 [INFO] CADModel:114 - Register for checkConnection events
2023-10-24 12:34:40,390 [INFO] IPUIPlugin:80 - create IPUIPlugin
2023-10-24 12:34:40,391 [INFO] PluginManager:220 - loadIPPluginJar : add adc
2023-10-24 12:34:40,393 [INFO] IPUIPlugin:80 - create IPUIPlugin
2023-10-24 12:34:40,393 [INFO] PluginManager:220 - loadIPPluginJar : add aes
2023-10-24 12:34:40,395 [INFO] IPUIPlugin:80 - create IPUIPlugin
2023-10-24 12:34:40,395 [INFO] PluginManager:220 - loadIPPluginJar : add can
2023-10-24 12:34:40,397 [INFO] IPUIPlugin:80 - create IPUIPlugin
2023-10-24 12:34:40,397 [INFO] PluginManager:220 - loadIPPluginJar : add comp
2023-10-24 12:34:40,399 [INFO] IPUIPlugin:80 - create IPUIPlugin
2023-10-24 12:34:40,399 [INFO] PluginManager:220 - loadIPPluginJar : add cryp
2023-10-24 12:34:40,401 [INFO] IPUIPlugin:80 - create IPUIPlugin
2023-10-24 12:34:40,401 [INFO] PluginManager:220 - loadIPPluginJar : add dfsdm
2023-10-24 12:34:40,406 [INFO] IPUIPlugin:80 - create IPUIPlugin
2023-10-24 12:34:40,407 [INFO] PluginManager:220 - loadIPPluginJar : add dma
2023-10-24 12:34:40,409 [INFO] IPUIPlugin:80 - create IPUIPlugin
2023-10-24 12:34:40,409 [INFO] PluginManager:220 - loadIPPluginJar : add dma3
2023-10-24 12:34:40,410 [INFO] IPUIPlugin:80 - create IPUIPlugin
2023-10-24 12:34:40,410 [INFO] PluginManager:220 - loadIPPluginJar : add fatfs
2023-10-24 12:34:40,414 [INFO] IPUIPlugin:80 - create IPUIPlugin
2023-10-24 12:34:40,414 [INFO] PluginManager:220 - loadIPPluginJar : add fmc
2023-10-24 12:34:40,419 [INFO] IPUIPlugin:80 - create IPUIPlugin
2023-10-24 12:34:40,419 [INFO] PluginManager:220 - loadIPPluginJar : add freertos
2023-10-24 12:34:40,420 [INFO] IPUIPlugin:80 - create IPUIPlugin
2023-10-24 12:34:40,420 [INFO] PluginManager:220 - loadIPPluginJar : add genericplugin
2023-10-24 12:34:40,423 [INFO] IPUIPlugin:80 - create IPUIPlugin
2023-10-24 12:34:40,423 [INFO] PluginManager:220 - loadIPPluginJar : add gfxmmu
2023-10-24 12:34:40,427 [INFO] IPUIPlugin:80 - create IPUIPlugin
2023-10-24 12:34:40,428 [INFO] PluginManager:220 - loadIPPluginJar : add gic
2023-10-24 12:34:40,433 [INFO] IPUIPlugin:80 - create IPUIPlugin
2023-10-24 12:34:40,434 [INFO] PluginManager:220 - loadIPPluginJar : add gpio
2023-10-24 12:34:40,440 [INFO] IPUIPlugin:80 - create IPUIPlugin
2023-10-24 12:34:40,440 [INFO] PluginManager:220 - loadIPPluginJar : add gtzc
2023-10-24 12:34:40,442 [INFO] IPUIPlugin:80 - create IPUIPlugin
2023-10-24 12:34:40,442 [INFO] PluginManager:220 - loadIPPluginJar : add hash
2023-10-24 12:34:40,447 [INFO] IPUIPlugin:80 - create IPUIPlugin
2023-10-24 12:34:40,448 [INFO] PluginManager:220 - loadIPPluginJar : add i2c
2023-10-24 12:34:40,451 [INFO] IPUIPlugin:80 - create IPUIPlugin
2023-10-24 12:34:40,451 [INFO] PluginManager:220 - loadIPPluginJar : add i2s
2023-10-24 12:34:40,453 [INFO] IPUIPlugin:80 - create IPUIPlugin
2023-10-24 12:34:40,453 [INFO] PluginManager:220 - loadIPPluginJar : add i3c
2023-10-24 12:34:40,456 [INFO] IPUIPlugin:80 - create IPUIPlugin
2023-10-24 12:34:40,456 [INFO] PluginManager:220 - loadIPPluginJar : add ipddr
2023-10-24 12:34:40,463 [INFO] IPUIPlugin:80 - create IPUIPlugin
2023-10-24 12:34:40,463 [INFO] PluginManager:220 - loadIPPluginJar : add linkedlist
2023-10-24 12:34:40,466 [INFO] IPUIPlugin:80 - create IPUIPlugin
2023-10-24 12:34:40,466 [INFO] PluginManager:220 - loadIPPluginJar : add lorawan
2023-10-24 12:34:40,467 [INFO] IPUIPlugin:80 - create IPUIPlugin
2023-10-24 12:34:40,467 [INFO] PluginManager:220 - loadIPPluginJar : add ltdc
2023-10-24 12:34:40,473 [INFO] IPUIPlugin:80 - create IPUIPlugin
2023-10-24 12:34:40,473 [INFO] PluginManager:220 - loadIPPluginJar : add mdma
2023-10-24 12:34:40,477 [INFO] IPUIPlugin:80 - create IPUIPlugin
2023-10-24 12:34:40,477 [INFO] PluginManager:220 - loadIPPluginJar : add nvic
2023-10-24 12:34:40,480 [INFO] IPUIPlugin:80 - create IPUIPlugin
2023-10-24 12:34:40,480 [INFO] PluginManager:220 - loadIPPluginJar : add opamp
2023-10-24 12:34:40,483 [INFO] IPUIPlugin:80 - create IPUIPlugin
2023-10-24 12:34:40,484 [INFO] PluginManager:220 - loadIPPluginJar : add openamp
2023-10-24 12:34:40,487 [INFO] IPUIPlugin:80 - create IPUIPlugin
2023-10-24 12:34:40,487 [INFO] PluginManager:220 - loadIPPluginJar : add pdm2pcm
2023-10-24 12:34:40,493 [INFO] IPUIPlugin:80 - create IPUIPlugin
2023-10-24 12:34:40,496 [INFO] PluginManager:220 - loadIPPluginJar : add plateformsettings
2023-10-24 12:34:40,498 [INFO] IPUIPlugin:80 - create IPUIPlugin
2023-10-24 12:34:40,498 [INFO] PluginManager:220 - loadIPPluginJar : add quadspi
2023-10-24 12:34:40,502 [INFO] IPUIPlugin:80 - create IPUIPlugin
2023-10-24 12:34:40,502 [INFO] PluginManager:220 - loadIPPluginJar : add resmgrutility
2023-10-24 12:34:40,504 [INFO] IPUIPlugin:80 - create IPUIPlugin
2023-10-24 12:34:40,504 [INFO] PluginManager:220 - loadIPPluginJar : add sai
2023-10-24 12:34:40,507 [INFO] IPUIPlugin:80 - create IPUIPlugin
2023-10-24 12:34:40,507 [INFO] PluginManager:220 - loadIPPluginJar : add spi
2023-10-24 12:34:40,512 [INFO] IPUIPlugin:80 - create IPUIPlugin
2023-10-24 12:34:40,512 [INFO] PluginManager:220 - loadIPPluginJar : add stm32_wpan
2023-10-24 12:34:40,514 [INFO] IPUIPlugin:80 - create IPUIPlugin
2023-10-24 12:34:40,514 [INFO] PluginManager:220 - loadIPPluginJar : add tim
2023-10-24 12:34:40,516 [INFO] IPUIPlugin:80 - create IPUIPlugin
2023-10-24 12:34:40,517 [INFO] PluginManager:220 - loadIPPluginJar : add touchsensing
2023-10-24 12:34:40,520 [INFO] IPUIPlugin:80 - create IPUIPlugin
2023-10-24 12:34:40,520 [INFO] PluginManager:220 - loadIPPluginJar : add tracer_emb
2023-10-24 12:34:40,522 [INFO] IPUIPlugin:80 - create IPUIPlugin
2023-10-24 12:34:40,522 [INFO] PluginManager:220 - loadIPPluginJar : add ts
2023-10-24 12:34:40,524 [INFO] IPUIPlugin:80 - create IPUIPlugin
2023-10-24 12:34:40,524 [INFO] PluginManager:220 - loadIPPluginJar : add tsc
2023-10-24 12:34:40,526 [INFO] IPUIPlugin:80 - create IPUIPlugin
2023-10-24 12:34:40,526 [INFO] PluginManager:220 - loadIPPluginJar : add ucpd
2023-10-24 12:34:40,529 [INFO] IPUIPlugin:80 - create IPUIPlugin
2023-10-24 12:34:40,529 [INFO] PluginManager:220 - loadIPPluginJar : add usart
2023-10-24 12:34:40,532 [INFO] IPUIPlugin:80 - create IPUIPlugin
2023-10-24 12:34:40,532 [INFO] PluginManager:220 - loadIPPluginJar : add usbx
2023-10-24 12:34:40,667 [INFO] CADModel:165 - CPN selected for project level
2023-10-24 12:34:40,668 [INFO] CADModel:114 - Register for checkConnection events
2023-10-24 12:34:40,668 [FATAL] Updater:308 - Updater called before beeing initialized
2023-10-24 12:34:40,670 [ERROR] CADModel:125 - Updater not yet initialized, retry later 
2023-10-24 12:34:40,859 [INFO] CADModel:165 - CPN selected for project level
2023-10-24 12:34:40,859 [INFO] CADModel:114 - Register for checkConnection events
2023-10-24 12:34:40,859 [FATAL] Updater:308 - Updater called before beeing initialized
2023-10-24 12:34:40,859 [ERROR] CADModel:125 - Updater not yet initialized, retry later 
2023-10-24 12:34:40,862 [FATAL] Updater:308 - Updater called before beeing initialized
2023-10-24 12:34:40,967 [FATAL] Updater:308 - Updater called before beeing initialized
2023-10-24 12:34:40,973 [INFO] DbMcusAds:53 - JSON generation date=Tue Mar 07 03:50:55 EST 2023 (1678179055114)
2023-10-24 12:34:40,973 [FATAL] Updater:308 - Updater called before beeing initialized
2023-10-24 12:34:41,013 [WARN] DetailPanel:346 - Failed to get advertising image, set to default
2023-10-24 12:34:41,127 [FATAL] Updater:308 - Updater called before beeing initialized
2023-10-24 12:34:41,129 [FATAL] Updater:308 - Updater called before beeing initialized
2023-10-24 12:34:41,129 [FATAL] Updater:308 - Updater called before beeing initialized
2023-10-24 12:34:41,129 [WARN] DetailPanel:346 - Failed to get advertising image, set to default
2023-10-24 12:34:41,130 [FATAL] Updater:308 - Updater called before beeing initialized
2023-10-24 12:34:41,176 [ERROR] Updater:1120 - MainUpdater not yet initialized. External WinMGr cannot be set.
2023-10-24 12:34:41,178 [INFO] Updater:1056 - Updater Version found : 6.9.1
2023-10-24 12:34:41,195 [INFO] ApplicationProperties:184 - Using Application install path: C:\ST\STM32CubeIDE_1.13.1\STM32CubeIDE\plugins\com.st.stm32cube.common.mx_6.9.1.202307191849
2023-10-24 12:34:41,315 [INFO] MainUpdater:2868 - connection check result : 10
2023-10-24 12:34:41,316 [INFO] MainUpdater:285 - Updater Check For Update Now.
2023-10-24 12:34:41,317 [INFO] MicroXplorer:498 - Change Database Version : DB.6.0.91
2023-10-24 12:34:41,324 [INFO] McuFinderGlobals:63 - Set McuFinder mode to 2 (CubeIDE integrated)
2023-10-24 12:34:41,332 [INFO] UserAuth:179 - activating auth plugin
2023-10-24 12:34:41,336 [INFO] UserAuth:393 - Internet connection configuration mode: 1
2023-10-24 12:34:41,363 [INFO] JxBrowserEngine:151 - Initiate JxBrowser Engine with user profile folder
2023-10-24 12:34:41,510 [INFO] CheckServerUpdateThread:120 - End of CheckServer Thread
2023-10-24 12:34:42,028 [INFO] WebApp:157 - Instantiating new browser for Auth
2023-10-24 12:34:42,542 [INFO] WebApp:753 - Register for checkConnection events
2023-10-24 12:34:42,542 [INFO] WebApp:390 - Apply proxy settings
2023-10-24 12:34:42,542 [INFO] WebApp:475 - Chromium requires no authentication
2023-10-24 12:34:42,552 [INFO] WebApp:418 - Direct internet connection detected
2023-10-24 12:34:42,843 [INFO] WebApp:188 - Starting web application
2023-10-24 12:34:42,843 [INFO] WebApp:520 - Web application path used C:\ST\STM32CubeIDE_1.13.1\STM32CubeIDE\plugins\com.st.stm32cube.common.mx_6.9.1.202307191849\db\plugins\mcufinder\reactClient1\index.html
2023-10-24 12:34:43,183 [WARN] PackLoader:240 - Cannot read IP mode file for STMicroelectronics.X-CUBE-SMBUS.2.1.0
2023-10-24 12:34:43,256 [WARN] PackLoader:240 - Cannot read IP mode file for STMicroelectronics.X-CUBE-AZRTOS-F7.1.1.0
2023-10-24 12:34:43,291 [WARN] PackLoader:240 - Cannot read IP mode file for STMicroelectronics.FP-SNS-MOTENV1.4.3.2
2023-10-24 12:34:43,315 [WARN] PackLoader:240 - Cannot read IP mode file for STMicroelectronics.X-CUBE-DISPLAY.3.0.0
2023-10-24 12:34:43,337 [WARN] PackLoader:240 - Cannot read IP mode file for emotas.I-CUBE-CANOPEN.1.3.0
2023-10-24 12:34:43,346 [WARN] PackLoader:240 - Cannot read IP mode file for STMicroelectronics.X-CUBE-TOUCHGFX.4.22.0
2023-10-24 12:34:43,351 [WARN] PackLoader:240 - Cannot read IP mode file for STMicroelectronics.X-CUBE-TOUCHGFX.4.22.1
2023-10-24 12:34:43,375 [WARN] PackLoader:240 - Cannot read IP mode file for STMicroelectronics.FP-SNS-SMARTAG2.1.2.0
2023-10-24 12:34:43,414 [INFO] LogOutputStream:77 - [STDOUT_REDIRECT] 1 : Invalid condition id : UX_CORESTACK_Condition cause : null
2023-10-24 12:34:43,414 [INFO] LogOutputStream:77 - [STDOUT_REDIRECT] 1 : Invalid condition id : UX_CORESTACK_Condition cause : null
2023-10-24 12:34:43,416 [INFO] LogOutputStream:77 - [STDOUT_REDIRECT] 1 : Invalid condition id : UX_CORESTACK_Condition cause : null
2023-10-24 12:34:43,417 [INFO] LogOutputStream:77 - [STDOUT_REDIRECT] 1 : Invalid condition id : UX_CORESTACK_Condition cause : null
2023-10-24 12:34:43,420 [INFO] LogOutputStream:77 - [STDOUT_REDIRECT] 1 : Invalid condition id : UX_CORESTACK_Condition cause : null
2023-10-24 12:34:43,431 [WARN] PackLoader:240 - Cannot read IP mode file for STMicroelectronics.X-CUBE-AZRTOS-WL.2.0.0
2023-10-24 12:34:43,448 [WARN] PackLoader:240 - Cannot read IP mode file for WES.I-CUBE-Cesium.1.3.0
2023-10-24 12:34:43,462 [WARN] PackLoader:240 - Cannot read IP mode file for STMicroelectronics.X-CUBE-BLE2.3.3.0
2023-10-24 12:34:43,475 [WARN] PackLoader:240 - Cannot read IP mode file for STMicroelectronics.X-CUBE-ALGOBUILD.1.3.0
2023-10-24 12:34:43,520 [WARN] PackLoader:240 - Cannot read IP mode file for STMicroelectronics.X-CUBE-AZRTOS-G0.1.1.0
2023-10-24 12:34:43,530 [WARN] PackLoader:240 - Cannot read IP mode file for STMicroelectronics.X-CUBE-NFC4.3.0.0
2023-10-24 12:34:43,539 [WARN] PackLoader:240 - Cannot read IP mode file for STMicroelectronics.FP-ATR-SIGFOX1.3.2.0
2023-10-24 12:34:43,591 [WARN] PackLoader:240 - Cannot read IP mode file for SEGGER.I-CUBE-embOS.1.3.1
2023-10-24 12:34:43,642 [WARN] PackLoader:240 - Cannot read IP mode file for STMicroelectronics.X-CUBE-GNSS1.6.0.0
2023-10-24 12:34:43,660 [WARN] PackLoader:240 - Cannot read IP mode file for STMicroelectronics.X-CUBE-AZRTOS-F4.1.1.0
2023-10-24 12:34:43,668 [WARN] PackLoader:240 - Cannot read IP mode file for wolfSSL.I-CUBE-wolfSSL.5.6.3
2023-10-24 12:34:43,688 [WARN] PackLoader:240 - Cannot read IP mode file for STMicroelectronics.X-CUBE-AZRTOS-L5.2.0.0
2023-10-24 12:34:43,748 [WARN] PackLoader:240 - Cannot read IP mode file for STMicroelectronics.X-CUBE-MEMS1.9.6.0
2023-10-24 12:34:43,901 [WARN] PackLoader:240 - Cannot read IP mode file for ITTIA_DB.I-CUBE-ITTIADB.8.8.0
2023-10-24 12:34:43,909 [WARN] PackLoader:240 - Cannot read IP mode file for STMicroelectronics.X-CUBE-BLEMGR.2.0.0
2023-10-24 12:34:43,925 [WARN] ConditionMgr:438 - getConditionDescription Invalid condition id : UX DEVICE CLASS RTOS Condition cause : null
2023-10-24 12:34:43,925 [WARN] ConditionMgr:438 - getConditionDescription Invalid condition id : UX DEVICE CLASS RTOS Condition cause : null
2023-10-24 12:34:43,928 [WARN] PackLoader:240 - Cannot read IP mode file for STMicroelectronics.X-CUBE-AZRTOS-H7.3.1.0
2023-10-24 12:34:43,929 [WARN] ConditionMgr:1039 - genDependencies : Invalid condition id : UX DEVICE CLASS RTOS Condition cause : null
2023-10-24 12:34:43,929 [WARN] ConditionMgr:1039 - genDependencies : Invalid condition id : UX DEVICE CLASS RTOS Condition cause : null
2023-10-24 12:34:43,930 [WARN] ConditionMgr:1039 - genDependencies : Invalid condition id : UX DEVICE CLASS RTOS Condition cause : null
2023-10-24 12:34:43,930 [WARN] ConditionMgr:1039 - genDependencies : Invalid condition id : UX DEVICE CLASS RTOS Condition cause : null
2023-10-24 12:34:43,930 [WARN] ConditionMgr:1039 - genDependencies : Invalid condition id : UX DEVICE CLASS RTOS Condition cause : null
2023-10-24 12:34:43,937 [WARN] PackLoader:240 - Cannot read IP mode file for STMicroelectronics.X-CUBE-NFC7.1.0.1
2023-10-24 12:34:43,945 [WARN] PackLoader:240 - Cannot read IP mode file for STMicroelectronics.X-CUBE-NFC6.3.0.0
2023-10-24 12:34:43,953 [WARN] PackLoader:240 - Cannot read IP mode file for STMicroelectronics.X-CUBE-EEPRMA1.4.1.0
2023-10-24 12:34:43,972 [WARN] ConditionMgr:438 - getConditionDescription Invalid condition id : LAN8742 Phy interface Condition cause : null
2023-10-24 12:34:43,973 [WARN] PackLoader:240 - Cannot read IP mode file for STMicroelectronics.X-CUBE-AZRTOS-L4.2.0.0
2023-10-24 12:34:43,973 [WARN] ConditionMgr:1039 - genDependencies : Invalid condition id : LAN8742 Phy interface Condition cause : null
2023-10-24 12:34:43,973 [WARN] ConditionMgr:1039 - genDependencies : Invalid condition id : LAN8742 Phy interface Condition cause : null
2023-10-24 12:34:43,974 [WARN] ConditionMgr:1039 - genDependencies : Invalid condition id : LAN8742 Phy interface Condition cause : null
2023-10-24 12:34:43,982 [WARN] PackLoader:240 - Cannot read IP mode file for STMicroelectronics.X-CUBE-SFXS2LP1.4.0.0
2023-10-24 12:34:43,987 [WARN] PackLoader:240 - Cannot read IP mode file for STMicroelectronics.X-CUBE-ISPU.1.1.0
2023-10-24 12:34:44,000 [WARN] ConditionMgr:438 - getConditionDescription Invalid condition id : UX DEVICE CLASS RTOS Condition cause : null
2023-10-24 12:34:44,000 [WARN] ConditionMgr:438 - getConditionDescription Invalid condition id : UX DEVICE CLASS RTOS Condition cause : null
2023-10-24 12:34:44,003 [WARN] PackLoader:240 - Cannot read IP mode file for STMicroelectronics.X-CUBE-AZRTOS-WB.2.0.0
2023-10-24 12:34:44,003 [WARN] ConditionMgr:1039 - genDependencies : Invalid condition id : UX DEVICE CLASS RTOS Condition cause : null
2023-10-24 12:34:44,003 [WARN] ConditionMgr:1039 - genDependencies : Invalid condition id : UX DEVICE CLASS RTOS Condition cause : null
2023-10-24 12:34:44,004 [WARN] ConditionMgr:1039 - genDependencies : Invalid condition id : UX DEVICE CLASS RTOS Condition cause : null
2023-10-24 12:34:44,004 [WARN] ConditionMgr:1039 - genDependencies : Invalid condition id : UX DEVICE CLASS RTOS Condition cause : null
2023-10-24 12:34:44,004 [WARN] ConditionMgr:1039 - genDependencies : Invalid condition id : UX DEVICE CLASS RTOS Condition cause : null
2023-10-24 12:34:44,021 [WARN] PackLoader:240 - Cannot read IP mode file for STMicroelectronics.X-CUBE-SUBG2.5.0.0
2023-10-24 12:34:44,043 [WARN] PackLoader:240 - Cannot read IP mode file for STMicroelectronics.X-CUBE-AZRTOS-G4.2.0.0
2023-10-24 12:34:44,058 [WARN] PackLoader:240 - Cannot read IP mode file for Infineon.AIROC-Wi-Fi-Bluetooth-STM32.1.5.1
2023-10-24 12:34:44,096 [WARN] PackLoader:240 - Cannot read IP mode file for STMicroelectronics.X-CUBE-MEMS1.10.0.0
2023-10-24 12:34:44,195 [WARN] PackLoader:240 - Cannot read IP mode file for portGmbH.I-Cube-SoM-uGOAL.1.1.0
2023-10-24 12:34:44,199 [WARN] PackLoader:240 - Cannot read IP mode file for STMicroelectronics.X-CUBE-ALS.1.0.1
2023-10-24 12:34:44,210 [WARN] PackLoader:240 - Cannot read IP mode file for STMicroelectronics.FP-ATR-ASTRA1.2.0.0
2023-10-24 12:34:44,211 [INFO] ThirdParty:978 - Integrity check success = true
2023-10-24 12:34:44,211 [INFO] IntegrityCheckThread:100 - exiting critical section [integrity check]
2023-10-24 12:34:44,211 [INFO] IntegrityCheckThread:103 - End integrity checks thread
2023-10-24 12:35:03,685 [ERROR] LogOutputStream:75 - [STDERR_REDIRECT] SLF4J: Failed to load class "org.slf4j.impl.StaticLoggerBinder".
2023-10-24 12:35:03,686 [ERROR] LogOutputStream:75 - [STDERR_REDIRECT] SLF4J: Defaulting to no-operation (NOP) logger implementation
2023-10-24 12:35:03,687 [ERROR] LogOutputStream:75 - [STDERR_REDIRECT] SLF4J: See http://www.slf4j.org/codes.html#StaticLoggerBinder for further details.
2023-10-24 17:47:30,603 [ERROR] LogOutputStream:75 - [STDERR_REDIRECT] 
