2023-11-02 15:27:33,404 [INFO] Activator:176 - 


2023-11-02 15:27:33,416 [INFO] Activator:177 - !SESSION log4j initialized
2023-11-02 15:27:38,571 [INFO] LogOutputStream:77 - [STDOUT_REDIRECT] 
2023-11-02 15:27:39,558 [INFO] ApplicationProperties:184 - Using Application install path: C:\ST\STM32CubeIDE_1.13.1\STM32CubeIDE\plugins\com.st.stm32cube.common.mx_6.9.1.202307191849
2023-11-02 15:27:39,578 [INFO] DbMcusXml:78 - Set database path to: C:\ST\STM32CubeIDE_1.13.1\STM32CubeIDE\plugins\com.st.stm32cube.common.mx_6.9.1.202307191849\\db\/mcu/
2023-11-02 15:27:39,578 [INFO] ApiDb:274 - Set plugin database path to: C:\ST\STM32CubeIDE_1.13.1\STM32CubeIDE\plugins\com.st.stm32cube.common.mx_6.9.1.202307191849\\db\/plugins/boardmanager/
2023-11-02 15:27:39,579 [WARN] ApiDb:259 - Overriding images path with different value:  => C:\ST\STM32CubeIDE_1.13.1\STM32CubeIDE\plugins\com.st.stm32cube.common.mx_6.9.1.202307191849\\db\/plugins/mcufinder/images/
2023-11-02 15:27:39,589 [INFO] ApiDb:250 - Set database path to: C:\Users\james\.stmcufinder\plugins\mcufinder//mcu/
2023-11-02 15:27:39,590 [INFO] DbMcusAds:125 - Set database path to: C:\Users\james\.stmcufinder\plugins\mcufinder//mcu/
2023-11-02 15:27:39,592 [INFO] CrossReferenceDbSqlite:203 - Set database path to: C:\Users\james\.stmcufinder\plugins\mcufinder//mcu/cs/
2023-11-02 15:27:39,699 [INFO] RulesReader:64 - Compatibility file has been processed (293 Rules)
2023-11-02 15:27:39,782 [INFO] DbMcusXml:78 - Set database path to: C:\ST\STM32CubeIDE_1.13.1\STM32CubeIDE\plugins\com.st.stm32cube.common.mx_6.9.1.202307191849\\db\/mcu/
2023-11-02 15:27:39,783 [INFO] ApiDb:274 - Set plugin database path to: C:\ST\STM32CubeIDE_1.13.1\STM32CubeIDE\plugins\com.st.stm32cube.common.mx_6.9.1.202307191849\\db\/plugins/boardmanager/
2023-11-02 15:27:39,783 [INFO] ApiDb:261 - Set plugin images path to: C:\ST\STM32CubeIDE_1.13.1\STM32CubeIDE\plugins\com.st.stm32cube.common.mx_6.9.1.202307191849\\db\/plugins/mcufinder/images/
2023-11-02 15:27:39,783 [WARN] DbFile:41 - Overriding database path with different value: C:\Users\james\.stmcufinder\plugins\mcufinder/ => C:\Users\james\.stmcufinder\plugins\mcufinder
2023-11-02 15:27:39,783 [INFO] ApiDb:250 - Set database path to: C:\Users\james\.stmcufinder\plugins\mcufinder//mcu/
2023-11-02 15:27:39,783 [WARN] DbFile:41 - Overriding database path with different value: C:\Users\james\.stmcufinder\plugins\mcufinder/ => C:\Users\james\.stmcufinder\plugins\mcufinder
2023-11-02 15:27:39,783 [INFO] DbMcusAds:125 - Set database path to: C:\Users\james\.stmcufinder\plugins\mcufinder//mcu/
2023-11-02 15:27:39,783 [WARN] DbFile:41 - Overriding database path with different value: C:\Users\james\.stmcufinder\plugins\mcufinder/ => C:\Users\james\.stmcufinder\plugins\mcufinder
2023-11-02 15:27:39,783 [WARN] DbFile:41 - Overriding database path with different value: C:\Users\james\.stmcufinder\plugins\mcufinder/ => C:\Users\james\.stmcufinder\plugins\mcufinder
2023-11-02 15:27:39,784 [INFO] CrossReferenceDbSqlite:203 - Set database path to: C:\Users\james\.stmcufinder\plugins\mcufinder//mcu/cs/
2023-11-02 15:27:39,858 [INFO] MainPanel:262 - HeapMemory: 268435456
2023-11-02 15:27:39,926 [INFO] DbMcusXml:78 - Set database path to: C:\ST\STM32CubeIDE_1.13.1\STM32CubeIDE\plugins\com.st.stm32cube.common.mx_6.9.1.202307191849\\db\/mcu/
2023-11-02 15:27:39,926 [INFO] ApiDb:274 - Set plugin database path to: C:\ST\STM32CubeIDE_1.13.1\STM32CubeIDE\plugins\com.st.stm32cube.common.mx_6.9.1.202307191849\\db\/plugins/boardmanager/
2023-11-02 15:27:39,926 [INFO] ApiDb:261 - Set plugin images path to: C:\ST\STM32CubeIDE_1.13.1\STM32CubeIDE\plugins\com.st.stm32cube.common.mx_6.9.1.202307191849\\db\/plugins/mcufinder/images/
2023-11-02 15:27:39,927 [WARN] DbFile:41 - Overriding database path with different value: C:\Users\james\.stmcufinder\plugins\mcufinder/ => C:\Users\james\.stmcufinder\plugins\mcufinder
2023-11-02 15:27:39,927 [INFO] ApiDb:250 - Set database path to: C:\Users\james\.stmcufinder\plugins\mcufinder//mcu/
2023-11-02 15:27:39,927 [WARN] DbFile:41 - Overriding database path with different value: C:\Users\james\.stmcufinder\plugins\mcufinder/ => C:\Users\james\.stmcufinder\plugins\mcufinder
2023-11-02 15:27:39,927 [INFO] DbMcusAds:125 - Set database path to: C:\Users\james\.stmcufinder\plugins\mcufinder//mcu/
2023-11-02 15:27:39,927 [WARN] DbFile:41 - Overriding database path with different value: C:\Users\james\.stmcufinder\plugins\mcufinder/ => C:\Users\james\.stmcufinder\plugins\mcufinder
2023-11-02 15:27:39,928 [WARN] DbFile:41 - Overriding database path with different value: C:\Users\james\.stmcufinder\plugins\mcufinder/ => C:\Users\james\.stmcufinder\plugins\mcufinder
2023-11-02 15:27:39,928 [INFO] CrossReferenceDbSqlite:203 - Set database path to: C:\Users\james\.stmcufinder\plugins\mcufinder//mcu/cs/
2023-11-02 15:27:39,946 [INFO] ApplicationProperties:184 - Using Application install path: C:\ST\STM32CubeIDE_1.13.1\STM32CubeIDE\plugins\com.st.stm32cube.common.mx_6.9.1.202307191849
2023-11-02 15:27:39,947 [INFO] PluginManage:196 - Search for loadable plugins [exclusion list=, ]
2023-11-02 15:27:39,949 [INFO] PluginManage:310 - Check plugin analytics
2023-11-02 15:27:40,102 [INFO] AnalyticsPlugin:253 - Accepted Software Licenses: 
2023-11-02 15:27:40,102 [INFO] AnalyticsPlugin:255 - Accepted CMSIS Pack Licenses: 
2023-11-02 15:27:40,102 [INFO] AnalyticsPlugin:257 - Accepted Firmware Licenses: FW.L4.1.18.0
2023-11-02 15:27:40,105 [INFO] PluginManage:359 - Loaded plugin analytics (category:tool,tabindex:-1)
2023-11-02 15:27:40,105 [INFO] PluginManage:310 - Check plugin cadmodel
2023-11-02 15:27:40,109 [INFO] CADModel:105 - Init CAD model plugin
2023-11-02 15:27:40,109 [INFO] PluginManage:359 - Loaded plugin cadmodel (category:power,tabindex:5)
2023-11-02 15:27:40,109 [INFO] PluginManage:310 - Check plugin clock
2023-11-02 15:27:40,116 [INFO] PluginManage:359 - Loaded plugin clock (category:base,tabindex:2)
2023-11-02 15:27:40,116 [INFO] PluginManage:310 - Check plugin ddr
2023-11-02 15:27:40,118 [INFO] PluginManage:359 - Loaded plugin ddr (category:tool,tabindex:6)
2023-11-02 15:27:40,118 [INFO] PluginManage:310 - Check plugin filemanager
2023-11-02 15:27:40,242 [INFO] PluginManage:359 - Loaded plugin filemanager (category:base,tabindex:10)
2023-11-02 15:27:40,242 [INFO] PluginManage:310 - Check plugin ipmanager
2023-11-02 15:27:40,250 [INFO] PluginManage:359 - Loaded plugin ipmanager (category:base,tabindex:5)
2023-11-02 15:27:40,250 [INFO] PluginManage:310 - Check plugin lpbam
2023-11-02 15:27:40,257 [INFO] PluginManage:359 - Loaded plugin lpbam (category:base,tabindex:0)
2023-11-02 15:27:40,258 [INFO] PluginManage:310 - Check plugin memorymap
2023-11-02 15:27:40,268 [INFO] PluginManage:359 - Loaded plugin memorymap (category:base,tabindex:4)
2023-11-02 15:27:40,268 [INFO] PluginManage:310 - Check plugin pinoutandconfiguration
2023-11-02 15:27:40,275 [INFO] PluginManage:359 - Loaded plugin pinoutandconfiguration (category:base,tabindex:1)
2023-11-02 15:27:40,275 [INFO] PluginManage:310 - Check plugin pinoutconfig
2023-11-02 15:27:40,364 [WARN] SupportedApi:132 - Cannot load RTOS API schema: s4s-elt-must-match.1: The content of 'definitions' must match (annotation?, (simpleType | complexType)?, (unique | key | keyref)*)). A problem was found starting at: attribute.
2023-11-02 15:27:40,486 [INFO] PluginManage:359 - Loaded plugin pinoutconfig (category:base,tabindex:0)
2023-11-02 15:27:40,486 [INFO] PluginManage:310 - Check plugin power
2023-11-02 15:27:40,494 [INFO] PluginManage:359 - Loaded plugin power (category:power,tabindex:4)
2023-11-02 15:27:40,494 [INFO] PluginManage:310 - Check plugin projectmanager
2023-11-02 15:27:40,508 [INFO] PluginManage:359 - Loaded plugin projectmanager (category:projectmanager,tabindex:3)
2023-11-02 15:27:40,508 [INFO] PluginManage:310 - Check plugin thirdparty
2023-11-02 15:27:40,638 [INFO] PluginManage:359 - Loaded plugin thirdparty (category:base,tabindex:-1)
2023-11-02 15:27:40,638 [WARN] IntegrityCheckThread:84 - waiting for thirdparty lock release [integrity check]
2023-11-02 15:27:40,639 [INFO] PluginManage:310 - Check plugin tools
2023-11-02 15:27:40,639 [INFO] IntegrityCheckThread:86 - entering critical section [integrity check]
2023-11-02 15:27:40,639 [INFO] ThirdPartyUpdaterWithRetryManager:70 - Updater plugin not ready yet. [1/15]
2023-11-02 15:27:40,642 [INFO] PluginManage:359 - Loaded plugin tools (category:base,tabindex:7)
2023-11-02 15:27:40,642 [INFO] PluginManage:310 - Check plugin tutovideos
2023-11-02 15:27:40,816 [INFO] PluginManage:359 - Loaded plugin tutovideos (category:base,tabindex:-1)
2023-11-02 15:27:40,817 [INFO] PluginManage:310 - Check plugin updater
2023-11-02 15:27:40,825 [INFO] PluginManage:359 - Loaded plugin updater (category:base,tabindex:12)
2023-11-02 15:27:40,825 [INFO] PluginManage:310 - Check plugin userauth
2023-11-02 15:27:40,830 [INFO] UserAuth:113 - Init User Auth plugin
2023-11-02 15:27:40,830 [INFO] PluginManage:359 - Loaded plugin userauth (category:base,tabindex:14)
2023-11-02 15:27:40,830 [INFO] PluginManage:283 - PluginManage : Loaded plugins [17]
2023-11-02 15:27:41,050 [INFO] PinOutPanel:1499 - setPackage(No Configuration,No Configuration)
2023-11-02 15:27:41,163 [INFO] CADModel:165 - CPN selected for project level
2023-11-02 15:27:41,163 [INFO] CADModel:114 - Register for checkConnection events
2023-11-02 15:27:41,178 [INFO] IPUIPlugin:80 - create IPUIPlugin
2023-11-02 15:27:41,179 [INFO] PluginManager:220 - loadIPPluginJar : add adc
2023-11-02 15:27:41,181 [INFO] IPUIPlugin:80 - create IPUIPlugin
2023-11-02 15:27:41,181 [INFO] PluginManager:220 - loadIPPluginJar : add aes
2023-11-02 15:27:41,184 [INFO] IPUIPlugin:80 - create IPUIPlugin
2023-11-02 15:27:41,184 [INFO] PluginManager:220 - loadIPPluginJar : add can
2023-11-02 15:27:41,186 [INFO] IPUIPlugin:80 - create IPUIPlugin
2023-11-02 15:27:41,186 [INFO] PluginManager:220 - loadIPPluginJar : add comp
2023-11-02 15:27:41,189 [INFO] IPUIPlugin:80 - create IPUIPlugin
2023-11-02 15:27:41,189 [INFO] PluginManager:220 - loadIPPluginJar : add cryp
2023-11-02 15:27:41,191 [INFO] IPUIPlugin:80 - create IPUIPlugin
2023-11-02 15:27:41,191 [INFO] PluginManager:220 - loadIPPluginJar : add dfsdm
2023-11-02 15:27:41,197 [INFO] IPUIPlugin:80 - create IPUIPlugin
2023-11-02 15:27:41,197 [INFO] PluginManager:220 - loadIPPluginJar : add dma
2023-11-02 15:27:41,200 [INFO] IPUIPlugin:80 - create IPUIPlugin
2023-11-02 15:27:41,200 [INFO] PluginManager:220 - loadIPPluginJar : add dma3
2023-11-02 15:27:41,202 [INFO] IPUIPlugin:80 - create IPUIPlugin
2023-11-02 15:27:41,202 [INFO] PluginManager:220 - loadIPPluginJar : add fatfs
2023-11-02 15:27:41,206 [INFO] IPUIPlugin:80 - create IPUIPlugin
2023-11-02 15:27:41,207 [INFO] PluginManager:220 - loadIPPluginJar : add fmc
2023-11-02 15:27:41,212 [INFO] IPUIPlugin:80 - create IPUIPlugin
2023-11-02 15:27:41,212 [INFO] PluginManager:220 - loadIPPluginJar : add freertos
2023-11-02 15:27:41,213 [INFO] IPUIPlugin:80 - create IPUIPlugin
2023-11-02 15:27:41,213 [INFO] PluginManager:220 - loadIPPluginJar : add genericplugin
2023-11-02 15:27:41,216 [INFO] IPUIPlugin:80 - create IPUIPlugin
2023-11-02 15:27:41,216 [INFO] PluginManager:220 - loadIPPluginJar : add gfxmmu
2023-11-02 15:27:41,221 [INFO] IPUIPlugin:80 - create IPUIPlugin
2023-11-02 15:27:41,221 [INFO] PluginManager:220 - loadIPPluginJar : add gic
2023-11-02 15:27:41,225 [INFO] IPUIPlugin:80 - create IPUIPlugin
2023-11-02 15:27:41,225 [INFO] PluginManager:220 - loadIPPluginJar : add gpio
2023-11-02 15:27:41,228 [INFO] IPUIPlugin:80 - create IPUIPlugin
2023-11-02 15:27:41,228 [INFO] PluginManager:220 - loadIPPluginJar : add gtzc
2023-11-02 15:27:41,230 [INFO] IPUIPlugin:80 - create IPUIPlugin
2023-11-02 15:27:41,230 [INFO] PluginManager:220 - loadIPPluginJar : add hash
2023-11-02 15:27:41,233 [INFO] IPUIPlugin:80 - create IPUIPlugin
2023-11-02 15:27:41,233 [INFO] PluginManager:220 - loadIPPluginJar : add i2c
2023-11-02 15:27:41,236 [INFO] IPUIPlugin:80 - create IPUIPlugin
2023-11-02 15:27:41,236 [INFO] PluginManager:220 - loadIPPluginJar : add i2s
2023-11-02 15:27:41,239 [INFO] IPUIPlugin:80 - create IPUIPlugin
2023-11-02 15:27:41,239 [INFO] PluginManager:220 - loadIPPluginJar : add i3c
2023-11-02 15:27:41,242 [INFO] IPUIPlugin:80 - create IPUIPlugin
2023-11-02 15:27:41,242 [INFO] PluginManager:220 - loadIPPluginJar : add ipddr
2023-11-02 15:27:41,248 [INFO] IPUIPlugin:80 - create IPUIPlugin
2023-11-02 15:27:41,249 [INFO] PluginManager:220 - loadIPPluginJar : add linkedlist
2023-11-02 15:27:41,252 [INFO] IPUIPlugin:80 - create IPUIPlugin
2023-11-02 15:27:41,252 [INFO] PluginManager:220 - loadIPPluginJar : add lorawan
2023-11-02 15:27:41,254 [INFO] IPUIPlugin:80 - create IPUIPlugin
2023-11-02 15:27:41,254 [INFO] PluginManager:220 - loadIPPluginJar : add ltdc
2023-11-02 15:27:41,260 [INFO] IPUIPlugin:80 - create IPUIPlugin
2023-11-02 15:27:41,260 [INFO] PluginManager:220 - loadIPPluginJar : add mdma
2023-11-02 15:27:41,264 [INFO] IPUIPlugin:80 - create IPUIPlugin
2023-11-02 15:27:41,264 [INFO] PluginManager:220 - loadIPPluginJar : add nvic
2023-11-02 15:27:41,267 [INFO] IPUIPlugin:80 - create IPUIPlugin
2023-11-02 15:27:41,267 [INFO] PluginManager:220 - loadIPPluginJar : add opamp
2023-11-02 15:27:41,270 [INFO] IPUIPlugin:80 - create IPUIPlugin
2023-11-02 15:27:41,270 [INFO] PluginManager:220 - loadIPPluginJar : add openamp
2023-11-02 15:27:41,273 [INFO] IPUIPlugin:80 - create IPUIPlugin
2023-11-02 15:27:41,273 [INFO] PluginManager:220 - loadIPPluginJar : add pdm2pcm
2023-11-02 15:27:41,279 [INFO] IPUIPlugin:80 - create IPUIPlugin
2023-11-02 15:27:41,283 [INFO] PluginManager:220 - loadIPPluginJar : add plateformsettings
2023-11-02 15:27:41,285 [INFO] IPUIPlugin:80 - create IPUIPlugin
2023-11-02 15:27:41,285 [INFO] PluginManager:220 - loadIPPluginJar : add quadspi
2023-11-02 15:27:41,288 [INFO] IPUIPlugin:80 - create IPUIPlugin
2023-11-02 15:27:41,288 [INFO] PluginManager:220 - loadIPPluginJar : add resmgrutility
2023-11-02 15:27:41,291 [INFO] IPUIPlugin:80 - create IPUIPlugin
2023-11-02 15:27:41,291 [INFO] PluginManager:220 - loadIPPluginJar : add sai
2023-11-02 15:27:41,293 [INFO] IPUIPlugin:80 - create IPUIPlugin
2023-11-02 15:27:41,294 [INFO] PluginManager:220 - loadIPPluginJar : add spi
2023-11-02 15:27:41,298 [INFO] IPUIPlugin:80 - create IPUIPlugin
2023-11-02 15:27:41,298 [INFO] PluginManager:220 - loadIPPluginJar : add stm32_wpan
2023-11-02 15:27:41,300 [INFO] IPUIPlugin:80 - create IPUIPlugin
2023-11-02 15:27:41,300 [INFO] PluginManager:220 - loadIPPluginJar : add tim
2023-11-02 15:27:41,303 [INFO] IPUIPlugin:80 - create IPUIPlugin
2023-11-02 15:27:41,303 [INFO] PluginManager:220 - loadIPPluginJar : add touchsensing
2023-11-02 15:27:41,305 [INFO] IPUIPlugin:80 - create IPUIPlugin
2023-11-02 15:27:41,305 [INFO] PluginManager:220 - loadIPPluginJar : add tracer_emb
2023-11-02 15:27:41,307 [INFO] IPUIPlugin:80 - create IPUIPlugin
2023-11-02 15:27:41,307 [INFO] PluginManager:220 - loadIPPluginJar : add ts
2023-11-02 15:27:41,309 [INFO] IPUIPlugin:80 - create IPUIPlugin
2023-11-02 15:27:41,309 [INFO] PluginManager:220 - loadIPPluginJar : add tsc
2023-11-02 15:27:41,311 [INFO] IPUIPlugin:80 - create IPUIPlugin
2023-11-02 15:27:41,311 [INFO] PluginManager:220 - loadIPPluginJar : add ucpd
2023-11-02 15:27:41,314 [INFO] IPUIPlugin:80 - create IPUIPlugin
2023-11-02 15:27:41,314 [INFO] PluginManager:220 - loadIPPluginJar : add usart
2023-11-02 15:27:41,317 [INFO] IPUIPlugin:80 - create IPUIPlugin
2023-11-02 15:27:41,317 [INFO] PluginManager:220 - loadIPPluginJar : add usbx
2023-11-02 15:27:41,446 [INFO] CADModel:165 - CPN selected for project level
2023-11-02 15:27:41,447 [INFO] CADModel:114 - Register for checkConnection events
2023-11-02 15:27:41,447 [FATAL] Updater:308 - Updater called before beeing initialized
2023-11-02 15:27:41,448 [ERROR] CADModel:125 - Updater not yet initialized, retry later 
2023-11-02 15:27:41,708 [INFO] CADModel:165 - CPN selected for project level
2023-11-02 15:27:41,708 [INFO] CADModel:114 - Register for checkConnection events
2023-11-02 15:27:41,708 [FATAL] Updater:308 - Updater called before beeing initialized
2023-11-02 15:27:41,708 [ERROR] CADModel:125 - Updater not yet initialized, retry later 
2023-11-02 15:27:41,711 [FATAL] Updater:308 - Updater called before beeing initialized
2023-11-02 15:27:41,817 [FATAL] Updater:308 - Updater called before beeing initialized
2023-11-02 15:27:41,822 [INFO] DbMcusAds:53 - JSON generation date=Tue Mar 07 03:50:55 EST 2023 (1678179055114)
2023-11-02 15:27:41,822 [FATAL] Updater:308 - Updater called before beeing initialized
2023-11-02 15:27:41,866 [WARN] DetailPanel:346 - Failed to get advertising image, set to default
2023-11-02 15:27:41,981 [FATAL] Updater:308 - Updater called before beeing initialized
2023-11-02 15:27:41,982 [FATAL] Updater:308 - Updater called before beeing initialized
2023-11-02 15:27:41,982 [FATAL] Updater:308 - Updater called before beeing initialized
2023-11-02 15:27:41,982 [WARN] DetailPanel:346 - Failed to get advertising image, set to default
2023-11-02 15:27:41,983 [FATAL] Updater:308 - Updater called before beeing initialized
2023-11-02 15:27:42,029 [ERROR] Updater:1120 - MainUpdater not yet initialized. External WinMGr cannot be set.
2023-11-02 15:27:42,030 [INFO] Updater:1056 - Updater Version found : 6.9.1
2023-11-02 15:27:42,047 [INFO] ApplicationProperties:184 - Using Application install path: C:\ST\STM32CubeIDE_1.13.1\STM32CubeIDE\plugins\com.st.stm32cube.common.mx_6.9.1.202307191849
2023-11-02 15:27:42,150 [INFO] MainUpdater:2868 - connection check result : 10
2023-11-02 15:27:42,151 [INFO] MainUpdater:285 - Updater Check For Update Now.
2023-11-02 15:27:42,151 [INFO] MicroXplorer:498 - Change Database Version : DB.6.0.91
2023-11-02 15:27:42,159 [INFO] McuFinderGlobals:63 - Set McuFinder mode to 2 (CubeIDE integrated)
2023-11-02 15:27:42,159 [INFO] UserAuth:179 - activating auth plugin
2023-11-02 15:27:42,162 [INFO] UserAuth:393 - Internet connection configuration mode: 1
2023-11-02 15:27:42,190 [INFO] JxBrowserEngine:151 - Initiate JxBrowser Engine with user profile folder
2023-11-02 15:27:42,335 [INFO] CheckServerUpdateThread:120 - End of CheckServer Thread
2023-11-02 15:27:43,139 [INFO] WebApp:157 - Instantiating new browser for Auth
2023-11-02 15:27:43,641 [INFO] WebApp:753 - Register for checkConnection events
2023-11-02 15:27:43,641 [INFO] WebApp:390 - Apply proxy settings
2023-11-02 15:27:43,641 [INFO] WebApp:475 - Chromium requires no authentication
2023-11-02 15:27:43,647 [INFO] WebApp:418 - Direct internet connection detected
2023-11-02 15:27:43,829 [INFO] WebApp:188 - Starting web application
2023-11-02 15:27:43,830 [INFO] WebApp:520 - Web application path used C:\ST\STM32CubeIDE_1.13.1\STM32CubeIDE\plugins\com.st.stm32cube.common.mx_6.9.1.202307191849\db\plugins\mcufinder\reactClient1\index.html
2023-11-02 15:27:43,890 [WARN] PackLoader:240 - Cannot read IP mode file for STMicroelectronics.X-CUBE-SMBUS.2.1.0
2023-11-02 15:27:43,959 [WARN] PackLoader:240 - Cannot read IP mode file for STMicroelectronics.X-CUBE-AZRTOS-F7.1.1.0
2023-11-02 15:27:43,976 [WARN] PackLoader:240 - Cannot read IP mode file for STMicroelectronics.FP-SNS-MOTENV1.4.3.2
2023-11-02 15:27:43,990 [WARN] PackLoader:240 - Cannot read IP mode file for STMicroelectronics.X-CUBE-DISPLAY.3.0.0
2023-11-02 15:27:44,004 [WARN] PackLoader:240 - Cannot read IP mode file for emotas.I-CUBE-CANOPEN.1.3.0
2023-11-02 15:27:44,011 [WARN] PackLoader:240 - Cannot read IP mode file for STMicroelectronics.X-CUBE-TOUCHGFX.4.22.0
2023-11-02 15:27:44,015 [WARN] PackLoader:240 - Cannot read IP mode file for STMicroelectronics.X-CUBE-TOUCHGFX.4.22.1
2023-11-02 15:27:44,023 [WARN] PackLoader:240 - Cannot read IP mode file for STMicroelectronics.FP-SNS-SMARTAG2.1.2.0
2023-11-02 15:27:44,042 [INFO] LogOutputStream:77 - [STDOUT_REDIRECT] 1 : Invalid condition id : UX_CORESTACK_Condition cause : null
2023-11-02 15:27:44,043 [INFO] LogOutputStream:77 - [STDOUT_REDIRECT] 1 : Invalid condition id : UX_CORESTACK_Condition cause : null
2023-11-02 15:27:44,044 [INFO] LogOutputStream:77 - [STDOUT_REDIRECT] 1 : Invalid condition id : UX_CORESTACK_Condition cause : null
2023-11-02 15:27:44,046 [INFO] LogOutputStream:77 - [STDOUT_REDIRECT] 1 : Invalid condition id : UX_CORESTACK_Condition cause : null
2023-11-02 15:27:44,048 [INFO] LogOutputStream:77 - [STDOUT_REDIRECT] 1 : Invalid condition id : UX_CORESTACK_Condition cause : null
2023-11-02 15:27:44,055 [WARN] PackLoader:240 - Cannot read IP mode file for STMicroelectronics.X-CUBE-AZRTOS-WL.2.0.0
2023-11-02 15:27:44,072 [WARN] PackLoader:240 - Cannot read IP mode file for WES.I-CUBE-Cesium.1.3.0
2023-11-02 15:27:44,084 [WARN] PackLoader:240 - Cannot read IP mode file for STMicroelectronics.X-CUBE-BLE2.3.3.0
2023-11-02 15:27:44,094 [WARN] PackLoader:240 - Cannot read IP mode file for STMicroelectronics.X-CUBE-ALGOBUILD.1.3.0
2023-11-02 15:27:44,120 [WARN] PackLoader:240 - Cannot read IP mode file for STMicroelectronics.X-CUBE-AZRTOS-G0.1.1.0
2023-11-02 15:27:44,131 [WARN] PackLoader:240 - Cannot read IP mode file for STMicroelectronics.X-CUBE-NFC4.3.0.0
2023-11-02 15:27:44,154 [WARN] PackLoader:240 - Cannot read IP mode file for STMicroelectronics.X-CUBE-BLEMGR.3.0.0
2023-11-02 15:27:44,163 [WARN] PackLoader:240 - Cannot read IP mode file for STMicroelectronics.FP-ATR-SIGFOX1.3.2.0
2023-11-02 15:27:44,208 [WARN] PackLoader:240 - Cannot read IP mode file for SEGGER.I-CUBE-embOS.1.3.1
2023-11-02 15:27:44,254 [WARN] PackLoader:240 - Cannot read IP mode file for STMicroelectronics.X-CUBE-GNSS1.6.0.0
2023-11-02 15:27:44,270 [WARN] PackLoader:240 - Cannot read IP mode file for STMicroelectronics.X-CUBE-AZRTOS-F4.1.1.0
2023-11-02 15:27:44,280 [WARN] PackLoader:240 - Cannot read IP mode file for wolfSSL.I-CUBE-wolfSSL.5.6.3
2023-11-02 15:27:44,297 [WARN] PackLoader:240 - Cannot read IP mode file for STMicroelectronics.X-CUBE-AZRTOS-L5.2.0.0
2023-11-02 15:27:44,336 [WARN] PackLoader:240 - Cannot read IP mode file for STMicroelectronics.X-CUBE-MEMS1.9.6.0
2023-11-02 15:27:44,491 [WARN] PackLoader:240 - Cannot read IP mode file for STMicroelectronics.X-CUBE-EEPRMA1.4.2.0
2023-11-02 15:27:44,497 [WARN] PackLoader:240 - Cannot read IP mode file for ITTIA_DB.I-CUBE-ITTIADB.8.8.0
2023-11-02 15:27:44,506 [WARN] PackLoader:240 - Cannot read IP mode file for STMicroelectronics.X-CUBE-BLEMGR.2.0.0
2023-11-02 15:27:44,534 [WARN] ConditionMgr:438 - getConditionDescription Invalid condition id : UX DEVICE CLASS RTOS Condition cause : null
2023-11-02 15:27:44,534 [WARN] ConditionMgr:438 - getConditionDescription Invalid condition id : UX DEVICE CLASS RTOS Condition cause : null
2023-11-02 15:27:44,539 [WARN] PackLoader:240 - Cannot read IP mode file for STMicroelectronics.X-CUBE-AZRTOS-H7.3.1.0
2023-11-02 15:27:44,541 [WARN] ConditionMgr:1039 - genDependencies : Invalid condition id : UX DEVICE CLASS RTOS Condition cause : null
2023-11-02 15:27:44,541 [WARN] ConditionMgr:1039 - genDependencies : Invalid condition id : UX DEVICE CLASS RTOS Condition cause : null
2023-11-02 15:27:44,542 [WARN] ConditionMgr:1039 - genDependencies : Invalid condition id : UX DEVICE CLASS RTOS Condition cause : null
2023-11-02 15:27:44,542 [WARN] ConditionMgr:1039 - genDependencies : Invalid condition id : UX DEVICE CLASS RTOS Condition cause : null
2023-11-02 15:27:44,542 [WARN] ConditionMgr:1039 - genDependencies : Invalid condition id : UX DEVICE CLASS RTOS Condition cause : null
2023-11-02 15:27:44,551 [WARN] PackLoader:240 - Cannot read IP mode file for STMicroelectronics.X-CUBE-NFC7.1.0.1
2023-11-02 15:27:44,561 [WARN] PackLoader:240 - Cannot read IP mode file for STMicroelectronics.X-CUBE-NFC6.3.0.0
2023-11-02 15:27:44,569 [WARN] PackLoader:240 - Cannot read IP mode file for STMicroelectronics.X-CUBE-EEPRMA1.4.1.0
2023-11-02 15:27:44,667 [WARN] ConditionMgr:438 - getConditionDescription Invalid condition id : LAN8742 Phy interface Condition cause : null
2023-11-02 15:27:44,669 [WARN] PackLoader:240 - Cannot read IP mode file for STMicroelectronics.X-CUBE-AZRTOS-L4.2.0.0
2023-11-02 15:27:44,670 [WARN] ConditionMgr:1039 - genDependencies : Invalid condition id : LAN8742 Phy interface Condition cause : null
2023-11-02 15:27:44,670 [WARN] ConditionMgr:1039 - genDependencies : Invalid condition id : LAN8742 Phy interface Condition cause : null
2023-11-02 15:27:44,670 [WARN] ConditionMgr:1039 - genDependencies : Invalid condition id : LAN8742 Phy interface Condition cause : null
2023-11-02 15:27:44,678 [WARN] PackLoader:240 - Cannot read IP mode file for STMicroelectronics.X-CUBE-SFXS2LP1.4.0.0
2023-11-02 15:27:44,683 [WARN] PackLoader:240 - Cannot read IP mode file for STMicroelectronics.X-CUBE-ISPU.1.1.0
2023-11-02 15:27:44,695 [WARN] ConditionMgr:438 - getConditionDescription Invalid condition id : UX DEVICE CLASS RTOS Condition cause : null
2023-11-02 15:27:44,695 [WARN] ConditionMgr:438 - getConditionDescription Invalid condition id : UX DEVICE CLASS RTOS Condition cause : null
2023-11-02 15:27:44,697 [WARN] PackLoader:240 - Cannot read IP mode file for STMicroelectronics.X-CUBE-AZRTOS-WB.2.0.0
2023-11-02 15:27:44,698 [WARN] ConditionMgr:1039 - genDependencies : Invalid condition id : UX DEVICE CLASS RTOS Condition cause : null
2023-11-02 15:27:44,698 [WARN] ConditionMgr:1039 - genDependencies : Invalid condition id : UX DEVICE CLASS RTOS Condition cause : null
2023-11-02 15:27:44,698 [WARN] ConditionMgr:1039 - genDependencies : Invalid condition id : UX DEVICE CLASS RTOS Condition cause : null
2023-11-02 15:27:44,698 [WARN] ConditionMgr:1039 - genDependencies : Invalid condition id : UX DEVICE CLASS RTOS Condition cause : null
2023-11-02 15:27:44,698 [WARN] ConditionMgr:1039 - genDependencies : Invalid condition id : UX DEVICE CLASS RTOS Condition cause : null
2023-11-02 15:27:44,708 [WARN] PackLoader:240 - Cannot read IP mode file for STMicroelectronics.X-CUBE-SUBG2.5.0.0
2023-11-02 15:27:44,731 [WARN] PackLoader:240 - Cannot read IP mode file for STMicroelectronics.X-CUBE-AZRTOS-G4.2.0.0
2023-11-02 15:27:44,745 [WARN] PackLoader:240 - Cannot read IP mode file for Infineon.AIROC-Wi-Fi-Bluetooth-STM32.1.5.1
2023-11-02 15:27:44,775 [WARN] PackLoader:240 - Cannot read IP mode file for STMicroelectronics.X-CUBE-MEMS1.10.0.0
2023-11-02 15:27:44,869 [WARN] PackLoader:240 - Cannot read IP mode file for portGmbH.I-Cube-SoM-uGOAL.1.1.0
2023-11-02 15:27:44,874 [WARN] PackLoader:240 - Cannot read IP mode file for STMicroelectronics.X-CUBE-ALS.1.0.1
2023-11-02 15:27:44,879 [WARN] PackLoader:240 - Cannot read IP mode file for STMicroelectronics.FP-ATR-ASTRA1.2.0.0
2023-11-02 15:27:44,880 [INFO] ThirdParty:978 - Integrity check success = true
2023-11-02 15:27:44,880 [INFO] IntegrityCheckThread:100 - exiting critical section [integrity check]
2023-11-02 15:27:44,880 [INFO] IntegrityCheckThread:103 - End integrity checks thread
2023-11-02 15:28:04,699 [ERROR] LogOutputStream:75 - [STDERR_REDIRECT] SLF4J: Failed to load class "org.slf4j.impl.StaticLoggerBinder".
2023-11-02 15:28:04,699 [ERROR] LogOutputStream:75 - [STDERR_REDIRECT] SLF4J: Defaulting to no-operation (NOP) logger implementation
2023-11-02 15:28:04,699 [ERROR] LogOutputStream:75 - [STDERR_REDIRECT] SLF4J: See http://www.slf4j.org/codes.html#StaticLoggerBinder for further details.
2023-11-02 16:39:21,868 [ERROR] LogOutputStream:75 - [STDERR_REDIRECT] 
