2023-11-07 15:27:28,444 [INFO] Activator:176 - 


2023-11-07 15:27:28,466 [INFO] Activator:177 - !SESSION log4j initialized
2023-11-07 15:27:34,288 [INFO] LogOutputStream:77 - [STDOUT_REDIRECT] 
2023-11-07 15:27:35,527 [INFO] ApplicationProperties:184 - Using Application install path: C:\ST\STM32CubeIDE_1.13.1\STM32CubeIDE\plugins\com.st.stm32cube.common.mx_6.9.1.202307191849
2023-11-07 15:27:35,543 [INFO] DbMcusXml:78 - Set database path to: C:\ST\STM32CubeIDE_1.13.1\STM32CubeIDE\plugins\com.st.stm32cube.common.mx_6.9.1.202307191849\\db\/mcu/
2023-11-07 15:27:35,543 [INFO] ApiDb:274 - Set plugin database path to: C:\ST\STM32CubeIDE_1.13.1\STM32CubeIDE\plugins\com.st.stm32cube.common.mx_6.9.1.202307191849\\db\/plugins/boardmanager/
2023-11-07 15:27:35,551 [WARN] ApiDb:259 - Overriding images path with different value:  => C:\ST\STM32CubeIDE_1.13.1\STM32CubeIDE\plugins\com.st.stm32cube.common.mx_6.9.1.202307191849\\db\/plugins/mcufinder/images/
2023-11-07 15:27:35,559 [INFO] ApiDb:250 - Set database path to: C:\Users\james\.stmcufinder\plugins\mcufinder//mcu/
2023-11-07 15:27:35,559 [INFO] DbMcusAds:125 - Set database path to: C:\Users\james\.stmcufinder\plugins\mcufinder//mcu/
2023-11-07 15:27:35,567 [INFO] CrossReferenceDbSqlite:203 - Set database path to: C:\Users\james\.stmcufinder\plugins\mcufinder//mcu/cs/
2023-11-07 15:27:35,703 [INFO] RulesReader:64 - Compatibility file has been processed (293 Rules)
2023-11-07 15:27:35,823 [INFO] DbMcusXml:78 - Set database path to: C:\ST\STM32CubeIDE_1.13.1\STM32CubeIDE\plugins\com.st.stm32cube.common.mx_6.9.1.202307191849\\db\/mcu/
2023-11-07 15:27:35,823 [INFO] ApiDb:274 - Set plugin database path to: C:\ST\STM32CubeIDE_1.13.1\STM32CubeIDE\plugins\com.st.stm32cube.common.mx_6.9.1.202307191849\\db\/plugins/boardmanager/
2023-11-07 15:27:35,823 [INFO] ApiDb:261 - Set plugin images path to: C:\ST\STM32CubeIDE_1.13.1\STM32CubeIDE\plugins\com.st.stm32cube.common.mx_6.9.1.202307191849\\db\/plugins/mcufinder/images/
2023-11-07 15:27:35,823 [WARN] DbFile:41 - Overriding database path with different value: C:\Users\james\.stmcufinder\plugins\mcufinder/ => C:\Users\james\.stmcufinder\plugins\mcufinder
2023-11-07 15:27:35,823 [INFO] ApiDb:250 - Set database path to: C:\Users\james\.stmcufinder\plugins\mcufinder//mcu/
2023-11-07 15:27:35,823 [WARN] DbFile:41 - Overriding database path with different value: C:\Users\james\.stmcufinder\plugins\mcufinder/ => C:\Users\james\.stmcufinder\plugins\mcufinder
2023-11-07 15:27:35,823 [INFO] DbMcusAds:125 - Set database path to: C:\Users\james\.stmcufinder\plugins\mcufinder//mcu/
2023-11-07 15:27:35,823 [WARN] DbFile:41 - Overriding database path with different value: C:\Users\james\.stmcufinder\plugins\mcufinder/ => C:\Users\james\.stmcufinder\plugins\mcufinder
2023-11-07 15:27:35,823 [WARN] DbFile:41 - Overriding database path with different value: C:\Users\james\.stmcufinder\plugins\mcufinder/ => C:\Users\james\.stmcufinder\plugins\mcufinder
2023-11-07 15:27:35,823 [INFO] CrossReferenceDbSqlite:203 - Set database path to: C:\Users\james\.stmcufinder\plugins\mcufinder//mcu/cs/
2023-11-07 15:27:35,919 [INFO] MainPanel:262 - HeapMemory: 268435456
2023-11-07 15:27:36,063 [INFO] DbMcusXml:78 - Set database path to: C:\ST\STM32CubeIDE_1.13.1\STM32CubeIDE\plugins\com.st.stm32cube.common.mx_6.9.1.202307191849\\db\/mcu/
2023-11-07 15:27:36,063 [INFO] ApiDb:274 - Set plugin database path to: C:\ST\STM32CubeIDE_1.13.1\STM32CubeIDE\plugins\com.st.stm32cube.common.mx_6.9.1.202307191849\\db\/plugins/boardmanager/
2023-11-07 15:27:36,071 [INFO] ApiDb:261 - Set plugin images path to: C:\ST\STM32CubeIDE_1.13.1\STM32CubeIDE\plugins\com.st.stm32cube.common.mx_6.9.1.202307191849\\db\/plugins/mcufinder/images/
2023-11-07 15:27:36,071 [WARN] DbFile:41 - Overriding database path with different value: C:\Users\james\.stmcufinder\plugins\mcufinder/ => C:\Users\james\.stmcufinder\plugins\mcufinder
2023-11-07 15:27:36,071 [INFO] ApiDb:250 - Set database path to: C:\Users\james\.stmcufinder\plugins\mcufinder//mcu/
2023-11-07 15:27:36,071 [WARN] DbFile:41 - Overriding database path with different value: C:\Users\james\.stmcufinder\plugins\mcufinder/ => C:\Users\james\.stmcufinder\plugins\mcufinder
2023-11-07 15:27:36,071 [INFO] DbMcusAds:125 - Set database path to: C:\Users\james\.stmcufinder\plugins\mcufinder//mcu/
2023-11-07 15:27:36,071 [WARN] DbFile:41 - Overriding database path with different value: C:\Users\james\.stmcufinder\plugins\mcufinder/ => C:\Users\james\.stmcufinder\plugins\mcufinder
2023-11-07 15:27:36,071 [WARN] DbFile:41 - Overriding database path with different value: C:\Users\james\.stmcufinder\plugins\mcufinder/ => C:\Users\james\.stmcufinder\plugins\mcufinder
2023-11-07 15:27:36,071 [INFO] CrossReferenceDbSqlite:203 - Set database path to: C:\Users\james\.stmcufinder\plugins\mcufinder//mcu/cs/
2023-11-07 15:27:36,095 [INFO] ApplicationProperties:184 - Using Application install path: C:\ST\STM32CubeIDE_1.13.1\STM32CubeIDE\plugins\com.st.stm32cube.common.mx_6.9.1.202307191849
2023-11-07 15:27:36,103 [INFO] PluginManage:196 - Search for loadable plugins [exclusion list=, ]
2023-11-07 15:27:36,103 [INFO] PluginManage:310 - Check plugin analytics
2023-11-07 15:27:36,319 [INFO] AnalyticsPlugin:253 - Accepted Software Licenses: 
2023-11-07 15:27:36,319 [INFO] AnalyticsPlugin:255 - Accepted CMSIS Pack Licenses: 
2023-11-07 15:27:36,319 [INFO] AnalyticsPlugin:257 - Accepted Firmware Licenses: FW.L4.1.18.0
2023-11-07 15:27:36,327 [INFO] PluginManage:359 - Loaded plugin analytics (category:tool,tabindex:-1)
2023-11-07 15:27:36,327 [INFO] PluginManage:310 - Check plugin cadmodel
2023-11-07 15:27:36,327 [INFO] CADModel:105 - Init CAD model plugin
2023-11-07 15:27:36,327 [INFO] PluginManage:359 - Loaded plugin cadmodel (category:power,tabindex:5)
2023-11-07 15:27:36,327 [INFO] PluginManage:310 - Check plugin clock
2023-11-07 15:27:36,343 [INFO] PluginManage:359 - Loaded plugin clock (category:base,tabindex:2)
2023-11-07 15:27:36,343 [INFO] PluginManage:310 - Check plugin ddr
2023-11-07 15:27:36,343 [INFO] PluginManage:359 - Loaded plugin ddr (category:tool,tabindex:6)
2023-11-07 15:27:36,343 [INFO] PluginManage:310 - Check plugin filemanager
2023-11-07 15:27:36,511 [INFO] PluginManage:359 - Loaded plugin filemanager (category:base,tabindex:10)
2023-11-07 15:27:36,511 [INFO] PluginManage:310 - Check plugin ipmanager
2023-11-07 15:27:36,519 [INFO] PluginManage:359 - Loaded plugin ipmanager (category:base,tabindex:5)
2023-11-07 15:27:36,527 [INFO] PluginManage:310 - Check plugin lpbam
2023-11-07 15:27:36,535 [INFO] PluginManage:359 - Loaded plugin lpbam (category:base,tabindex:0)
2023-11-07 15:27:36,535 [INFO] PluginManage:310 - Check plugin memorymap
2023-11-07 15:27:36,551 [INFO] PluginManage:359 - Loaded plugin memorymap (category:base,tabindex:4)
2023-11-07 15:27:36,551 [INFO] PluginManage:310 - Check plugin pinoutandconfiguration
2023-11-07 15:27:36,567 [INFO] PluginManage:359 - Loaded plugin pinoutandconfiguration (category:base,tabindex:1)
2023-11-07 15:27:36,567 [INFO] PluginManage:310 - Check plugin pinoutconfig
2023-11-07 15:27:36,679 [WARN] SupportedApi:132 - Cannot load RTOS API schema: s4s-elt-must-match.1: The content of 'definitions' must match (annotation?, (simpleType | complexType)?, (unique | key | keyref)*)). A problem was found starting at: attribute.
2023-11-07 15:27:36,838 [INFO] PluginManage:359 - Loaded plugin pinoutconfig (category:base,tabindex:0)
2023-11-07 15:27:36,838 [INFO] PluginManage:310 - Check plugin power
2023-11-07 15:27:36,854 [INFO] PluginManage:359 - Loaded plugin power (category:power,tabindex:4)
2023-11-07 15:27:36,854 [INFO] PluginManage:310 - Check plugin projectmanager
2023-11-07 15:27:36,870 [INFO] PluginManage:359 - Loaded plugin projectmanager (category:projectmanager,tabindex:3)
2023-11-07 15:27:36,870 [INFO] PluginManage:310 - Check plugin thirdparty
2023-11-07 15:27:37,014 [INFO] PluginManage:359 - Loaded plugin thirdparty (category:base,tabindex:-1)
2023-11-07 15:27:37,014 [WARN] IntegrityCheckThread:84 - waiting for thirdparty lock release [integrity check]
2023-11-07 15:27:37,014 [INFO] PluginManage:310 - Check plugin tools
2023-11-07 15:27:37,014 [INFO] IntegrityCheckThread:86 - entering critical section [integrity check]
2023-11-07 15:27:37,014 [INFO] ThirdPartyUpdaterWithRetryManager:70 - Updater plugin not ready yet. [1/15]
2023-11-07 15:27:37,014 [INFO] PluginManage:359 - Loaded plugin tools (category:base,tabindex:7)
2023-11-07 15:27:37,014 [INFO] PluginManage:310 - Check plugin tutovideos
2023-11-07 15:27:37,254 [INFO] PluginManage:359 - Loaded plugin tutovideos (category:base,tabindex:-1)
2023-11-07 15:27:37,254 [INFO] PluginManage:310 - Check plugin updater
2023-11-07 15:27:37,270 [INFO] PluginManage:359 - Loaded plugin updater (category:base,tabindex:12)
2023-11-07 15:27:37,270 [INFO] PluginManage:310 - Check plugin userauth
2023-11-07 15:27:37,270 [INFO] UserAuth:113 - Init User Auth plugin
2023-11-07 15:27:37,278 [INFO] PluginManage:359 - Loaded plugin userauth (category:base,tabindex:14)
2023-11-07 15:27:37,278 [INFO] PluginManage:283 - PluginManage : Loaded plugins [17]
2023-11-07 15:27:37,590 [INFO] PinOutPanel:1499 - setPackage(No Configuration,No Configuration)
2023-11-07 15:27:37,742 [INFO] CADModel:165 - CPN selected for project level
2023-11-07 15:27:37,742 [INFO] CADModel:114 - Register for checkConnection events
2023-11-07 15:27:37,766 [INFO] IPUIPlugin:80 - create IPUIPlugin
2023-11-07 15:27:37,766 [INFO] PluginManager:220 - loadIPPluginJar : add adc
2023-11-07 15:27:37,774 [INFO] IPUIPlugin:80 - create IPUIPlugin
2023-11-07 15:27:37,774 [INFO] PluginManager:220 - loadIPPluginJar : add aes
2023-11-07 15:27:37,774 [INFO] IPUIPlugin:80 - create IPUIPlugin
2023-11-07 15:27:37,774 [INFO] PluginManager:220 - loadIPPluginJar : add can
2023-11-07 15:27:37,774 [INFO] IPUIPlugin:80 - create IPUIPlugin
2023-11-07 15:27:37,774 [INFO] PluginManager:220 - loadIPPluginJar : add comp
2023-11-07 15:27:37,782 [INFO] IPUIPlugin:80 - create IPUIPlugin
2023-11-07 15:27:37,782 [INFO] PluginManager:220 - loadIPPluginJar : add cryp
2023-11-07 15:27:37,782 [INFO] IPUIPlugin:80 - create IPUIPlugin
2023-11-07 15:27:37,782 [INFO] PluginManager:220 - loadIPPluginJar : add dfsdm
2023-11-07 15:27:37,790 [INFO] IPUIPlugin:80 - create IPUIPlugin
2023-11-07 15:27:37,790 [INFO] PluginManager:220 - loadIPPluginJar : add dma
2023-11-07 15:27:37,790 [INFO] IPUIPlugin:80 - create IPUIPlugin
2023-11-07 15:27:37,790 [INFO] PluginManager:220 - loadIPPluginJar : add dma3
2023-11-07 15:27:37,798 [INFO] IPUIPlugin:80 - create IPUIPlugin
2023-11-07 15:27:37,798 [INFO] PluginManager:220 - loadIPPluginJar : add fatfs
2023-11-07 15:27:37,798 [INFO] IPUIPlugin:80 - create IPUIPlugin
2023-11-07 15:27:37,798 [INFO] PluginManager:220 - loadIPPluginJar : add fmc
2023-11-07 15:27:37,806 [INFO] IPUIPlugin:80 - create IPUIPlugin
2023-11-07 15:27:37,806 [INFO] PluginManager:220 - loadIPPluginJar : add freertos
2023-11-07 15:27:37,814 [INFO] IPUIPlugin:80 - create IPUIPlugin
2023-11-07 15:27:37,814 [INFO] PluginManager:220 - loadIPPluginJar : add genericplugin
2023-11-07 15:27:37,814 [INFO] IPUIPlugin:80 - create IPUIPlugin
2023-11-07 15:27:37,814 [INFO] PluginManager:220 - loadIPPluginJar : add gfxmmu
2023-11-07 15:27:37,822 [INFO] IPUIPlugin:80 - create IPUIPlugin
2023-11-07 15:27:37,822 [INFO] PluginManager:220 - loadIPPluginJar : add gic
2023-11-07 15:27:37,830 [INFO] IPUIPlugin:80 - create IPUIPlugin
2023-11-07 15:27:37,830 [INFO] PluginManager:220 - loadIPPluginJar : add gpio
2023-11-07 15:27:37,830 [INFO] IPUIPlugin:80 - create IPUIPlugin
2023-11-07 15:27:37,830 [INFO] PluginManager:220 - loadIPPluginJar : add gtzc
2023-11-07 15:27:37,838 [INFO] IPUIPlugin:80 - create IPUIPlugin
2023-11-07 15:27:37,838 [INFO] PluginManager:220 - loadIPPluginJar : add hash
2023-11-07 15:27:37,838 [INFO] IPUIPlugin:80 - create IPUIPlugin
2023-11-07 15:27:37,838 [INFO] PluginManager:220 - loadIPPluginJar : add i2c
2023-11-07 15:27:37,846 [INFO] IPUIPlugin:80 - create IPUIPlugin
2023-11-07 15:27:37,846 [INFO] PluginManager:220 - loadIPPluginJar : add i2s
2023-11-07 15:27:37,846 [INFO] IPUIPlugin:80 - create IPUIPlugin
2023-11-07 15:27:37,846 [INFO] PluginManager:220 - loadIPPluginJar : add i3c
2023-11-07 15:27:37,854 [INFO] IPUIPlugin:80 - create IPUIPlugin
2023-11-07 15:27:37,854 [INFO] PluginManager:220 - loadIPPluginJar : add ipddr
2023-11-07 15:27:37,862 [INFO] IPUIPlugin:80 - create IPUIPlugin
2023-11-07 15:27:37,862 [INFO] PluginManager:220 - loadIPPluginJar : add linkedlist
2023-11-07 15:27:37,862 [INFO] IPUIPlugin:80 - create IPUIPlugin
2023-11-07 15:27:37,862 [INFO] PluginManager:220 - loadIPPluginJar : add lorawan
2023-11-07 15:27:37,870 [INFO] IPUIPlugin:80 - create IPUIPlugin
2023-11-07 15:27:37,870 [INFO] PluginManager:220 - loadIPPluginJar : add ltdc
2023-11-07 15:27:37,878 [INFO] IPUIPlugin:80 - create IPUIPlugin
2023-11-07 15:27:37,878 [INFO] PluginManager:220 - loadIPPluginJar : add mdma
2023-11-07 15:27:37,878 [INFO] IPUIPlugin:80 - create IPUIPlugin
2023-11-07 15:27:37,878 [INFO] PluginManager:220 - loadIPPluginJar : add nvic
2023-11-07 15:27:37,878 [INFO] IPUIPlugin:80 - create IPUIPlugin
2023-11-07 15:27:37,878 [INFO] PluginManager:220 - loadIPPluginJar : add opamp
2023-11-07 15:27:37,886 [INFO] IPUIPlugin:80 - create IPUIPlugin
2023-11-07 15:27:37,886 [INFO] PluginManager:220 - loadIPPluginJar : add openamp
2023-11-07 15:27:37,894 [INFO] IPUIPlugin:80 - create IPUIPlugin
2023-11-07 15:27:37,894 [INFO] PluginManager:220 - loadIPPluginJar : add pdm2pcm
2023-11-07 15:27:37,894 [INFO] IPUIPlugin:80 - create IPUIPlugin
2023-11-07 15:27:37,902 [INFO] PluginManager:220 - loadIPPluginJar : add plateformsettings
2023-11-07 15:27:37,902 [INFO] IPUIPlugin:80 - create IPUIPlugin
2023-11-07 15:27:37,902 [INFO] PluginManager:220 - loadIPPluginJar : add quadspi
2023-11-07 15:27:37,910 [INFO] IPUIPlugin:80 - create IPUIPlugin
2023-11-07 15:27:37,910 [INFO] PluginManager:220 - loadIPPluginJar : add resmgrutility
2023-11-07 15:27:37,910 [INFO] IPUIPlugin:80 - create IPUIPlugin
2023-11-07 15:27:37,910 [INFO] PluginManager:220 - loadIPPluginJar : add sai
2023-11-07 15:27:37,918 [INFO] IPUIPlugin:80 - create IPUIPlugin
2023-11-07 15:27:37,918 [INFO] PluginManager:220 - loadIPPluginJar : add spi
2023-11-07 15:27:37,918 [INFO] IPUIPlugin:80 - create IPUIPlugin
2023-11-07 15:27:37,926 [INFO] PluginManager:220 - loadIPPluginJar : add stm32_wpan
2023-11-07 15:27:37,926 [INFO] IPUIPlugin:80 - create IPUIPlugin
2023-11-07 15:27:37,926 [INFO] PluginManager:220 - loadIPPluginJar : add tim
2023-11-07 15:27:37,926 [INFO] IPUIPlugin:80 - create IPUIPlugin
2023-11-07 15:27:37,926 [INFO] PluginManager:220 - loadIPPluginJar : add touchsensing
2023-11-07 15:27:37,934 [INFO] IPUIPlugin:80 - create IPUIPlugin
2023-11-07 15:27:37,934 [INFO] PluginManager:220 - loadIPPluginJar : add tracer_emb
2023-11-07 15:27:37,934 [INFO] IPUIPlugin:80 - create IPUIPlugin
2023-11-07 15:27:37,934 [INFO] PluginManager:220 - loadIPPluginJar : add ts
2023-11-07 15:27:37,934 [INFO] IPUIPlugin:80 - create IPUIPlugin
2023-11-07 15:27:37,934 [INFO] PluginManager:220 - loadIPPluginJar : add tsc
2023-11-07 15:27:37,942 [INFO] IPUIPlugin:80 - create IPUIPlugin
2023-11-07 15:27:37,942 [INFO] PluginManager:220 - loadIPPluginJar : add ucpd
2023-11-07 15:27:37,942 [INFO] IPUIPlugin:80 - create IPUIPlugin
2023-11-07 15:27:37,942 [INFO] PluginManager:220 - loadIPPluginJar : add usart
2023-11-07 15:27:37,942 [INFO] IPUIPlugin:80 - create IPUIPlugin
2023-11-07 15:27:37,942 [INFO] PluginManager:220 - loadIPPluginJar : add usbx
2023-11-07 15:27:38,086 [INFO] CADModel:165 - CPN selected for project level
2023-11-07 15:27:38,086 [INFO] CADModel:114 - Register for checkConnection events
2023-11-07 15:27:38,086 [FATAL] Updater:308 - Updater called before beeing initialized
2023-11-07 15:27:38,086 [ERROR] CADModel:125 - Updater not yet initialized, retry later 
2023-11-07 15:27:38,414 [INFO] CADModel:165 - CPN selected for project level
2023-11-07 15:27:38,414 [INFO] CADModel:114 - Register for checkConnection events
2023-11-07 15:27:38,414 [FATAL] Updater:308 - Updater called before beeing initialized
2023-11-07 15:27:38,414 [ERROR] CADModel:125 - Updater not yet initialized, retry later 
2023-11-07 15:27:38,422 [FATAL] Updater:308 - Updater called before beeing initialized
2023-11-07 15:27:38,549 [FATAL] Updater:308 - Updater called before beeing initialized
2023-11-07 15:27:38,549 [INFO] DbMcusAds:53 - JSON generation date=Tue Mar 07 03:50:55 EST 2023 (1678179055114)
2023-11-07 15:27:38,549 [FATAL] Updater:308 - Updater called before beeing initialized
2023-11-07 15:27:38,613 [WARN] DetailPanel:346 - Failed to get advertising image, set to default
2023-11-07 15:27:38,741 [FATAL] Updater:308 - Updater called before beeing initialized
2023-11-07 15:27:38,741 [FATAL] Updater:308 - Updater called before beeing initialized
2023-11-07 15:27:38,741 [FATAL] Updater:308 - Updater called before beeing initialized
2023-11-07 15:27:38,741 [WARN] DetailPanel:346 - Failed to get advertising image, set to default
2023-11-07 15:27:38,741 [FATAL] Updater:308 - Updater called before beeing initialized
2023-11-07 15:27:38,789 [ERROR] Updater:1120 - MainUpdater not yet initialized. External WinMGr cannot be set.
2023-11-07 15:27:38,789 [INFO] Updater:1056 - Updater Version found : 6.9.1
2023-11-07 15:27:38,813 [INFO] ApplicationProperties:184 - Using Application install path: C:\ST\STM32CubeIDE_1.13.1\STM32CubeIDE\plugins\com.st.stm32cube.common.mx_6.9.1.202307191849
2023-11-07 15:27:38,973 [INFO] MainUpdater:2868 - connection check result : 10
2023-11-07 15:27:38,973 [INFO] MainUpdater:3562 - Updater definition file requires update
2023-11-07 15:27:38,981 [INFO] MainUpdater:285 - Updater Check For Update Now.
2023-11-07 15:27:38,981 [INFO] MicroXplorer:498 - Change Database Version : DB.6.0.91
2023-11-07 15:27:38,989 [INFO] McuFinderGlobals:63 - Set McuFinder mode to 2 (CubeIDE integrated)
2023-11-07 15:27:38,989 [INFO] UserAuth:179 - activating auth plugin
2023-11-07 15:27:38,989 [INFO] UserAuth:393 - Internet connection configuration mode: 1
2023-11-07 15:27:38,997 [INFO] ServerAccessManage:473 - Download File updaters.zip
2023-11-07 15:27:39,013 [INFO] JxBrowserEngine:151 - Initiate JxBrowser Engine with user profile folder
2023-11-07 15:27:39,093 [INFO] FileExtend:240 - Unzip File : updaters.zip
2023-11-07 15:27:39,093 [INFO] FileExtend:255 - Standard Zip Deflate
2023-11-07 15:27:39,766 [INFO] ServerAccessManage:473 - Download File PacksControlFlags.xml
2023-11-07 15:27:39,838 [INFO] ServerAccessManage:473 - Download File cubemx.pidx
2023-11-07 15:27:39,942 [INFO] LoadServerUpdatesThread:373 - End of LoadServerUpdate Thread
2023-11-07 15:27:40,022 [WARN] MainUpdater:1189 - Updater busy. Cannot search thirdparties
2023-11-07 15:27:40,022 [INFO] ThirdPartyUpdaterWithRetryManager:96 - Updater plugin is busy. [1/15]
2023-11-07 15:27:40,126 [INFO] CheckServerUpdateThread:120 - End of CheckServer Thread
2023-11-07 15:27:40,327 [INFO] WebApp:157 - Instantiating new browser for Auth
2023-11-07 15:27:40,983 [INFO] WebApp:753 - Register for checkConnection events
2023-11-07 15:27:40,991 [INFO] WebApp:390 - Apply proxy settings
2023-11-07 15:27:40,991 [INFO] WebApp:475 - Chromium requires no authentication
2023-11-07 15:27:40,999 [INFO] WebApp:418 - Direct internet connection detected
2023-11-07 15:27:41,231 [INFO] WebApp:188 - Starting web application
2023-11-07 15:27:41,231 [INFO] WebApp:520 - Web application path used C:\ST\STM32CubeIDE_1.13.1\STM32CubeIDE\plugins\com.st.stm32cube.common.mx_6.9.1.202307191849\db\plugins\mcufinder\reactClient1\index.html
2023-11-07 15:27:43,363 [WARN] PackLoader:240 - Cannot read IP mode file for STMicroelectronics.X-CUBE-SMBUS.2.1.0
2023-11-07 15:27:43,404 [WARN] PackLoader:240 - Cannot read IP mode file for STMicroelectronics.X-CUBE-AZRTOS-F7.1.1.0
2023-11-07 15:27:43,418 [WARN] PackLoader:240 - Cannot read IP mode file for STMicroelectronics.FP-SNS-MOTENV1.4.3.2
2023-11-07 15:27:43,430 [WARN] PackLoader:240 - Cannot read IP mode file for STMicroelectronics.X-CUBE-DISPLAY.3.0.0
2023-11-07 15:27:43,445 [WARN] PackLoader:240 - Cannot read IP mode file for emotas.I-CUBE-CANOPEN.1.3.0
2023-11-07 15:27:43,451 [WARN] PackLoader:240 - Cannot read IP mode file for STMicroelectronics.X-CUBE-TOUCHGFX.4.22.0
2023-11-07 15:27:43,454 [WARN] PackLoader:240 - Cannot read IP mode file for STMicroelectronics.X-CUBE-TOUCHGFX.4.22.1
2023-11-07 15:27:43,460 [WARN] PackLoader:240 - Cannot read IP mode file for STMicroelectronics.FP-SNS-SMARTAG2.1.2.0
2023-11-07 15:27:43,471 [INFO] LogOutputStream:77 - [STDOUT_REDIRECT] 1 : Invalid condition id : UX_CORESTACK_Condition cause : null
2023-11-07 15:27:43,471 [INFO] LogOutputStream:77 - [STDOUT_REDIRECT] 1 : Invalid condition id : UX_CORESTACK_Condition cause : null
2023-11-07 15:27:43,473 [INFO] LogOutputStream:77 - [STDOUT_REDIRECT] 1 : Invalid condition id : UX_CORESTACK_Condition cause : null
2023-11-07 15:27:43,474 [INFO] LogOutputStream:77 - [STDOUT_REDIRECT] 1 : Invalid condition id : UX_CORESTACK_Condition cause : null
2023-11-07 15:27:43,475 [INFO] LogOutputStream:77 - [STDOUT_REDIRECT] 1 : Invalid condition id : UX_CORESTACK_Condition cause : null
2023-11-07 15:27:43,481 [WARN] PackLoader:240 - Cannot read IP mode file for STMicroelectronics.X-CUBE-AZRTOS-WL.2.0.0
2023-11-07 15:27:43,493 [WARN] PackLoader:240 - Cannot read IP mode file for WES.I-CUBE-Cesium.1.3.0
2023-11-07 15:27:43,502 [WARN] PackLoader:240 - Cannot read IP mode file for STMicroelectronics.X-CUBE-BLE2.3.3.0
2023-11-07 15:27:43,511 [WARN] PackLoader:240 - Cannot read IP mode file for STMicroelectronics.X-CUBE-ALGOBUILD.1.3.0
2023-11-07 15:27:43,533 [WARN] PackLoader:240 - Cannot read IP mode file for STMicroelectronics.X-CUBE-AZRTOS-G0.1.1.0
2023-11-07 15:27:43,544 [WARN] PackLoader:240 - Cannot read IP mode file for STMicroelectronics.X-CUBE-NFC4.3.0.0
2023-11-07 15:27:43,558 [WARN] PackLoader:240 - Cannot read IP mode file for STMicroelectronics.X-CUBE-BLEMGR.3.0.0
2023-11-07 15:27:43,567 [WARN] PackLoader:240 - Cannot read IP mode file for STMicroelectronics.FP-ATR-SIGFOX1.3.2.0
2023-11-07 15:27:43,608 [WARN] PackLoader:240 - Cannot read IP mode file for SEGGER.I-CUBE-embOS.1.3.1
2023-11-07 15:27:43,659 [WARN] PackLoader:240 - Cannot read IP mode file for STMicroelectronics.X-CUBE-GNSS1.6.0.0
2023-11-07 15:27:43,681 [WARN] PackLoader:240 - Cannot read IP mode file for STMicroelectronics.X-CUBE-AZRTOS-F4.1.1.0
2023-11-07 15:27:43,784 [WARN] PackLoader:240 - Cannot read IP mode file for wolfSSL.I-CUBE-wolfSSL.5.6.3
2023-11-07 15:27:43,804 [WARN] PackLoader:240 - Cannot read IP mode file for STMicroelectronics.X-CUBE-AZRTOS-L5.2.0.0
2023-11-07 15:27:43,856 [WARN] PackLoader:240 - Cannot read IP mode file for STMicroelectronics.X-CUBE-MEMS1.9.6.0
2023-11-07 15:27:44,043 [WARN] PackLoader:240 - Cannot read IP mode file for STMicroelectronics.X-CUBE-EEPRMA1.4.2.0
2023-11-07 15:27:44,051 [WARN] PackLoader:240 - Cannot read IP mode file for ITTIA_DB.I-CUBE-ITTIADB.8.8.0
2023-11-07 15:27:44,059 [WARN] PackLoader:240 - Cannot read IP mode file for STMicroelectronics.X-CUBE-BLEMGR.2.0.0
2023-11-07 15:27:44,082 [WARN] ConditionMgr:438 - getConditionDescription Invalid condition id : UX DEVICE CLASS RTOS Condition cause : null
2023-11-07 15:27:44,082 [WARN] ConditionMgr:438 - getConditionDescription Invalid condition id : UX DEVICE CLASS RTOS Condition cause : null
2023-11-07 15:27:44,086 [WARN] PackLoader:240 - Cannot read IP mode file for STMicroelectronics.X-CUBE-AZRTOS-H7.3.1.0
2023-11-07 15:27:44,087 [WARN] ConditionMgr:1039 - genDependencies : Invalid condition id : UX DEVICE CLASS RTOS Condition cause : null
2023-11-07 15:27:44,087 [WARN] ConditionMgr:1039 - genDependencies : Invalid condition id : UX DEVICE CLASS RTOS Condition cause : null
2023-11-07 15:27:44,088 [WARN] ConditionMgr:1039 - genDependencies : Invalid condition id : UX DEVICE CLASS RTOS Condition cause : null
2023-11-07 15:27:44,088 [WARN] ConditionMgr:1039 - genDependencies : Invalid condition id : UX DEVICE CLASS RTOS Condition cause : null
2023-11-07 15:27:44,088 [WARN] ConditionMgr:1039 - genDependencies : Invalid condition id : UX DEVICE CLASS RTOS Condition cause : null
2023-11-07 15:27:44,096 [WARN] PackLoader:240 - Cannot read IP mode file for STMicroelectronics.X-CUBE-NFC7.1.0.1
2023-11-07 15:27:44,106 [WARN] PackLoader:240 - Cannot read IP mode file for STMicroelectronics.X-CUBE-NFC6.3.0.0
2023-11-07 15:27:44,114 [WARN] PackLoader:240 - Cannot read IP mode file for STMicroelectronics.X-CUBE-EEPRMA1.4.1.0
2023-11-07 15:27:44,136 [WARN] ConditionMgr:438 - getConditionDescription Invalid condition id : LAN8742 Phy interface Condition cause : null
2023-11-07 15:27:44,137 [WARN] PackLoader:240 - Cannot read IP mode file for STMicroelectronics.X-CUBE-AZRTOS-L4.2.0.0
2023-11-07 15:27:44,138 [WARN] ConditionMgr:1039 - genDependencies : Invalid condition id : LAN8742 Phy interface Condition cause : null
2023-11-07 15:27:44,139 [WARN] ConditionMgr:1039 - genDependencies : Invalid condition id : LAN8742 Phy interface Condition cause : null
2023-11-07 15:27:44,139 [WARN] ConditionMgr:1039 - genDependencies : Invalid condition id : LAN8742 Phy interface Condition cause : null
2023-11-07 15:27:44,149 [WARN] PackLoader:240 - Cannot read IP mode file for STMicroelectronics.X-CUBE-SFXS2LP1.4.0.0
2023-11-07 15:27:44,156 [WARN] PackLoader:240 - Cannot read IP mode file for STMicroelectronics.X-CUBE-ISPU.1.1.0
2023-11-07 15:27:44,173 [WARN] ConditionMgr:438 - getConditionDescription Invalid condition id : UX DEVICE CLASS RTOS Condition cause : null
2023-11-07 15:27:44,173 [WARN] ConditionMgr:438 - getConditionDescription Invalid condition id : UX DEVICE CLASS RTOS Condition cause : null
2023-11-07 15:27:44,176 [WARN] PackLoader:240 - Cannot read IP mode file for STMicroelectronics.X-CUBE-AZRTOS-WB.2.0.0
2023-11-07 15:27:44,177 [WARN] ConditionMgr:1039 - genDependencies : Invalid condition id : UX DEVICE CLASS RTOS Condition cause : null
2023-11-07 15:27:44,177 [WARN] ConditionMgr:1039 - genDependencies : Invalid condition id : UX DEVICE CLASS RTOS Condition cause : null
2023-11-07 15:27:44,178 [WARN] ConditionMgr:1039 - genDependencies : Invalid condition id : UX DEVICE CLASS RTOS Condition cause : null
2023-11-07 15:27:44,178 [WARN] ConditionMgr:1039 - genDependencies : Invalid condition id : UX DEVICE CLASS RTOS Condition cause : null
2023-11-07 15:27:44,178 [WARN] ConditionMgr:1039 - genDependencies : Invalid condition id : UX DEVICE CLASS RTOS Condition cause : null
2023-11-07 15:27:44,191 [WARN] PackLoader:240 - Cannot read IP mode file for STMicroelectronics.X-CUBE-SUBG2.5.0.0
2023-11-07 15:27:44,215 [WARN] PackLoader:240 - Cannot read IP mode file for STMicroelectronics.X-CUBE-AZRTOS-G4.2.0.0
2023-11-07 15:27:44,233 [WARN] PackLoader:240 - Cannot read IP mode file for Infineon.AIROC-Wi-Fi-Bluetooth-STM32.1.5.1
2023-11-07 15:27:44,274 [WARN] PackLoader:240 - Cannot read IP mode file for STMicroelectronics.X-CUBE-MEMS1.10.0.0
2023-11-07 15:27:44,391 [WARN] PackLoader:240 - Cannot read IP mode file for portGmbH.I-Cube-SoM-uGOAL.1.1.0
2023-11-07 15:27:44,397 [WARN] PackLoader:240 - Cannot read IP mode file for STMicroelectronics.X-CUBE-ALS.1.0.1
2023-11-07 15:27:44,402 [WARN] PackLoader:240 - Cannot read IP mode file for STMicroelectronics.FP-ATR-ASTRA1.2.0.0
2023-11-07 15:27:44,403 [INFO] ThirdParty:978 - Integrity check success = true
2023-11-07 15:27:44,403 [INFO] IntegrityCheckThread:100 - exiting critical section [integrity check]
2023-11-07 15:27:44,403 [INFO] IntegrityCheckThread:103 - End integrity checks thread
2023-11-07 15:28:02,051 [ERROR] LogOutputStream:75 - [STDERR_REDIRECT] SLF4J: Failed to load class "org.slf4j.impl.StaticLoggerBinder".
2023-11-07 15:28:02,052 [ERROR] LogOutputStream:75 - [STDERR_REDIRECT] SLF4J: Defaulting to no-operation (NOP) logger implementation
2023-11-07 15:28:02,053 [ERROR] LogOutputStream:75 - [STDERR_REDIRECT] SLF4J: See http://www.slf4j.org/codes.html#StaticLoggerBinder for further details.
2023-11-07 16:43:27,890 [ERROR] LogOutputStream:75 - [STDERR_REDIRECT] 
