2023-09-26 14:26:14,181 [INFO] Activator:176 - 


2023-09-26 14:26:14,188 [INFO] Activator:177 - !SESSION log4j initialized
2023-09-26 14:26:19,661 [INFO] LogOutputStream:77 - [STDOUT_REDIRECT] 
2023-09-26 14:26:20,789 [INFO] ApplicationProperties:184 - Using Application install path: C:\ST\STM32CubeIDE_1.13.1\STM32CubeIDE\plugins\com.st.stm32cube.common.mx_6.9.1.202307191849
2023-09-26 14:26:20,809 [INFO] DbMcusXml:78 - Set database path to: C:\ST\STM32CubeIDE_1.13.1\STM32CubeIDE\plugins\com.st.stm32cube.common.mx_6.9.1.202307191849\\db\/mcu/
2023-09-26 14:26:20,809 [INFO] ApiDb:274 - Set plugin database path to: C:\ST\STM32CubeIDE_1.13.1\STM32CubeIDE\plugins\com.st.stm32cube.common.mx_6.9.1.202307191849\\db\/plugins/boardmanager/
2023-09-26 14:26:20,810 [WARN] ApiDb:259 - Overriding images path with different value:  => C:\ST\STM32CubeIDE_1.13.1\STM32CubeIDE\plugins\com.st.stm32cube.common.mx_6.9.1.202307191849\\db\/plugins/mcufinder/images/
2023-09-26 14:26:20,823 [INFO] ApiDb:250 - Set database path to: C:\Users\james\.stmcufinder\plugins\mcufinder//mcu/
2023-09-26 14:26:20,824 [INFO] DbMcusAds:125 - Set database path to: C:\Users\james\.stmcufinder\plugins\mcufinder//mcu/
2023-09-26 14:26:20,826 [INFO] CrossReferenceDbSqlite:203 - Set database path to: C:\Users\james\.stmcufinder\plugins\mcufinder//mcu/cs/
2023-09-26 14:26:20,950 [INFO] RulesReader:64 - Compatibility file has been processed (293 Rules)
2023-09-26 14:26:21,057 [INFO] DbMcusXml:78 - Set database path to: C:\ST\STM32CubeIDE_1.13.1\STM32CubeIDE\plugins\com.st.stm32cube.common.mx_6.9.1.202307191849\\db\/mcu/
2023-09-26 14:26:21,057 [INFO] ApiDb:274 - Set plugin database path to: C:\ST\STM32CubeIDE_1.13.1\STM32CubeIDE\plugins\com.st.stm32cube.common.mx_6.9.1.202307191849\\db\/plugins/boardmanager/
2023-09-26 14:26:21,058 [INFO] ApiDb:261 - Set plugin images path to: C:\ST\STM32CubeIDE_1.13.1\STM32CubeIDE\plugins\com.st.stm32cube.common.mx_6.9.1.202307191849\\db\/plugins/mcufinder/images/
2023-09-26 14:26:21,058 [WARN] DbFile:41 - Overriding database path with different value: C:\Users\james\.stmcufinder\plugins\mcufinder/ => C:\Users\james\.stmcufinder\plugins\mcufinder
2023-09-26 14:26:21,058 [INFO] ApiDb:250 - Set database path to: C:\Users\james\.stmcufinder\plugins\mcufinder//mcu/
2023-09-26 14:26:21,058 [WARN] DbFile:41 - Overriding database path with different value: C:\Users\james\.stmcufinder\plugins\mcufinder/ => C:\Users\james\.stmcufinder\plugins\mcufinder
2023-09-26 14:26:21,058 [INFO] DbMcusAds:125 - Set database path to: C:\Users\james\.stmcufinder\plugins\mcufinder//mcu/
2023-09-26 14:26:21,058 [WARN] DbFile:41 - Overriding database path with different value: C:\Users\james\.stmcufinder\plugins\mcufinder/ => C:\Users\james\.stmcufinder\plugins\mcufinder
2023-09-26 14:26:21,058 [WARN] DbFile:41 - Overriding database path with different value: C:\Users\james\.stmcufinder\plugins\mcufinder/ => C:\Users\james\.stmcufinder\plugins\mcufinder
2023-09-26 14:26:21,058 [INFO] CrossReferenceDbSqlite:203 - Set database path to: C:\Users\james\.stmcufinder\plugins\mcufinder//mcu/cs/
2023-09-26 14:26:21,174 [INFO] MainPanel:262 - HeapMemory: 268435456
2023-09-26 14:26:21,291 [INFO] DbMcusXml:78 - Set database path to: C:\ST\STM32CubeIDE_1.13.1\STM32CubeIDE\plugins\com.st.stm32cube.common.mx_6.9.1.202307191849\\db\/mcu/
2023-09-26 14:26:21,291 [INFO] ApiDb:274 - Set plugin database path to: C:\ST\STM32CubeIDE_1.13.1\STM32CubeIDE\plugins\com.st.stm32cube.common.mx_6.9.1.202307191849\\db\/plugins/boardmanager/
2023-09-26 14:26:21,291 [INFO] ApiDb:261 - Set plugin images path to: C:\ST\STM32CubeIDE_1.13.1\STM32CubeIDE\plugins\com.st.stm32cube.common.mx_6.9.1.202307191849\\db\/plugins/mcufinder/images/
2023-09-26 14:26:21,291 [WARN] DbFile:41 - Overriding database path with different value: C:\Users\james\.stmcufinder\plugins\mcufinder/ => C:\Users\james\.stmcufinder\plugins\mcufinder
2023-09-26 14:26:21,292 [INFO] ApiDb:250 - Set database path to: C:\Users\james\.stmcufinder\plugins\mcufinder//mcu/
2023-09-26 14:26:21,292 [WARN] DbFile:41 - Overriding database path with different value: C:\Users\james\.stmcufinder\plugins\mcufinder/ => C:\Users\james\.stmcufinder\plugins\mcufinder
2023-09-26 14:26:21,292 [INFO] DbMcusAds:125 - Set database path to: C:\Users\james\.stmcufinder\plugins\mcufinder//mcu/
2023-09-26 14:26:21,292 [WARN] DbFile:41 - Overriding database path with different value: C:\Users\james\.stmcufinder\plugins\mcufinder/ => C:\Users\james\.stmcufinder\plugins\mcufinder
2023-09-26 14:26:21,292 [WARN] DbFile:41 - Overriding database path with different value: C:\Users\james\.stmcufinder\plugins\mcufinder/ => C:\Users\james\.stmcufinder\plugins\mcufinder
2023-09-26 14:26:21,292 [INFO] CrossReferenceDbSqlite:203 - Set database path to: C:\Users\james\.stmcufinder\plugins\mcufinder//mcu/cs/
2023-09-26 14:26:21,314 [INFO] ApplicationProperties:184 - Using Application install path: C:\ST\STM32CubeIDE_1.13.1\STM32CubeIDE\plugins\com.st.stm32cube.common.mx_6.9.1.202307191849
2023-09-26 14:26:21,315 [INFO] PluginManage:196 - Search for loadable plugins [exclusion list=, ]
2023-09-26 14:26:21,316 [INFO] PluginManage:310 - Check plugin analytics
2023-09-26 14:26:21,511 [INFO] AnalyticsPlugin:253 - Accepted Software Licenses: 
2023-09-26 14:26:21,511 [INFO] AnalyticsPlugin:255 - Accepted CMSIS Pack Licenses: 
2023-09-26 14:26:21,511 [INFO] AnalyticsPlugin:257 - Accepted Firmware Licenses: FW.L4.1.18.0
2023-09-26 14:26:21,514 [INFO] PluginManage:359 - Loaded plugin analytics (category:tool,tabindex:-1)
2023-09-26 14:26:21,515 [INFO] PluginManage:310 - Check plugin cadmodel
2023-09-26 14:26:21,519 [INFO] CADModel:105 - Init CAD model plugin
2023-09-26 14:26:21,519 [INFO] PluginManage:359 - Loaded plugin cadmodel (category:power,tabindex:5)
2023-09-26 14:26:21,520 [INFO] PluginManage:310 - Check plugin clock
2023-09-26 14:26:21,531 [INFO] PluginManage:359 - Loaded plugin clock (category:base,tabindex:2)
2023-09-26 14:26:21,531 [INFO] PluginManage:310 - Check plugin ddr
2023-09-26 14:26:21,533 [INFO] PluginManage:359 - Loaded plugin ddr (category:tool,tabindex:6)
2023-09-26 14:26:21,533 [INFO] PluginManage:310 - Check plugin filemanager
2023-09-26 14:26:21,689 [INFO] PluginManage:359 - Loaded plugin filemanager (category:base,tabindex:10)
2023-09-26 14:26:21,689 [INFO] PluginManage:310 - Check plugin ipmanager
2023-09-26 14:26:21,699 [INFO] PluginManage:359 - Loaded plugin ipmanager (category:base,tabindex:5)
2023-09-26 14:26:21,699 [INFO] PluginManage:310 - Check plugin lpbam
2023-09-26 14:26:21,710 [INFO] PluginManage:359 - Loaded plugin lpbam (category:base,tabindex:0)
2023-09-26 14:26:21,710 [INFO] PluginManage:310 - Check plugin memorymap
2023-09-26 14:26:21,729 [INFO] PluginManage:359 - Loaded plugin memorymap (category:base,tabindex:4)
2023-09-26 14:26:21,729 [INFO] PluginManage:310 - Check plugin pinoutandconfiguration
2023-09-26 14:26:21,739 [INFO] PluginManage:359 - Loaded plugin pinoutandconfiguration (category:base,tabindex:1)
2023-09-26 14:26:21,739 [INFO] PluginManage:310 - Check plugin pinoutconfig
2023-09-26 14:26:21,849 [WARN] SupportedApi:132 - Cannot load RTOS API schema: s4s-elt-must-match.1: The content of 'definitions' must match (annotation?, (simpleType | complexType)?, (unique | key | keyref)*)). A problem was found starting at: attribute.
2023-09-26 14:26:22,021 [INFO] PluginManage:359 - Loaded plugin pinoutconfig (category:base,tabindex:0)
2023-09-26 14:26:22,022 [INFO] PluginManage:310 - Check plugin power
2023-09-26 14:26:22,034 [INFO] PluginManage:359 - Loaded plugin power (category:power,tabindex:4)
2023-09-26 14:26:22,034 [INFO] PluginManage:310 - Check plugin projectmanager
2023-09-26 14:26:22,049 [INFO] PluginManage:359 - Loaded plugin projectmanager (category:projectmanager,tabindex:3)
2023-09-26 14:26:22,050 [INFO] PluginManage:310 - Check plugin thirdparty
2023-09-26 14:26:22,203 [INFO] PluginManage:359 - Loaded plugin thirdparty (category:base,tabindex:-1)
2023-09-26 14:26:22,203 [WARN] IntegrityCheckThread:84 - waiting for thirdparty lock release [integrity check]
2023-09-26 14:26:22,204 [INFO] IntegrityCheckThread:86 - entering critical section [integrity check]
2023-09-26 14:26:22,204 [INFO] PluginManage:310 - Check plugin tools
2023-09-26 14:26:22,204 [INFO] ThirdPartyUpdaterWithRetryManager:70 - Updater plugin not ready yet. [1/15]
2023-09-26 14:26:22,206 [INFO] PluginManage:359 - Loaded plugin tools (category:base,tabindex:7)
2023-09-26 14:26:22,206 [INFO] PluginManage:310 - Check plugin tutovideos
2023-09-26 14:26:22,420 [INFO] PluginManage:359 - Loaded plugin tutovideos (category:base,tabindex:-1)
2023-09-26 14:26:22,420 [INFO] PluginManage:310 - Check plugin updater
2023-09-26 14:26:22,432 [INFO] PluginManage:359 - Loaded plugin updater (category:base,tabindex:12)
2023-09-26 14:26:22,432 [INFO] PluginManage:310 - Check plugin userauth
2023-09-26 14:26:22,439 [INFO] UserAuth:113 - Init User Auth plugin
2023-09-26 14:26:22,439 [INFO] PluginManage:359 - Loaded plugin userauth (category:base,tabindex:14)
2023-09-26 14:26:22,439 [INFO] PluginManage:283 - PluginManage : Loaded plugins [17]
2023-09-26 14:26:22,741 [INFO] PinOutPanel:1499 - setPackage(No Configuration,No Configuration)
2023-09-26 14:26:22,891 [INFO] CADModel:165 - CPN selected for project level
2023-09-26 14:26:22,891 [INFO] CADModel:114 - Register for checkConnection events
2023-09-26 14:26:22,913 [INFO] IPUIPlugin:80 - create IPUIPlugin
2023-09-26 14:26:22,914 [INFO] PluginManager:220 - loadIPPluginJar : add adc
2023-09-26 14:26:22,917 [INFO] IPUIPlugin:80 - create IPUIPlugin
2023-09-26 14:26:22,917 [INFO] PluginManager:220 - loadIPPluginJar : add aes
2023-09-26 14:26:22,920 [INFO] IPUIPlugin:80 - create IPUIPlugin
2023-09-26 14:26:22,921 [INFO] PluginManager:220 - loadIPPluginJar : add can
2023-09-26 14:26:22,923 [INFO] IPUIPlugin:80 - create IPUIPlugin
2023-09-26 14:26:22,923 [INFO] PluginManager:220 - loadIPPluginJar : add comp
2023-09-26 14:26:22,927 [INFO] IPUIPlugin:80 - create IPUIPlugin
2023-09-26 14:26:22,927 [INFO] PluginManager:220 - loadIPPluginJar : add cryp
2023-09-26 14:26:22,931 [INFO] IPUIPlugin:80 - create IPUIPlugin
2023-09-26 14:26:22,931 [INFO] PluginManager:220 - loadIPPluginJar : add dfsdm
2023-09-26 14:26:22,938 [INFO] IPUIPlugin:80 - create IPUIPlugin
2023-09-26 14:26:22,939 [INFO] PluginManager:220 - loadIPPluginJar : add dma
2023-09-26 14:26:22,941 [INFO] IPUIPlugin:80 - create IPUIPlugin
2023-09-26 14:26:22,941 [INFO] PluginManager:220 - loadIPPluginJar : add dma3
2023-09-26 14:26:22,943 [INFO] IPUIPlugin:80 - create IPUIPlugin
2023-09-26 14:26:22,944 [INFO] PluginManager:220 - loadIPPluginJar : add fatfs
2023-09-26 14:26:22,949 [INFO] IPUIPlugin:80 - create IPUIPlugin
2023-09-26 14:26:22,949 [INFO] PluginManager:220 - loadIPPluginJar : add fmc
2023-09-26 14:26:22,956 [INFO] IPUIPlugin:80 - create IPUIPlugin
2023-09-26 14:26:22,956 [INFO] PluginManager:220 - loadIPPluginJar : add freertos
2023-09-26 14:26:22,958 [INFO] IPUIPlugin:80 - create IPUIPlugin
2023-09-26 14:26:22,958 [INFO] PluginManager:220 - loadIPPluginJar : add genericplugin
2023-09-26 14:26:22,961 [INFO] IPUIPlugin:80 - create IPUIPlugin
2023-09-26 14:26:22,961 [INFO] PluginManager:220 - loadIPPluginJar : add gfxmmu
2023-09-26 14:26:22,967 [INFO] IPUIPlugin:80 - create IPUIPlugin
2023-09-26 14:26:22,967 [INFO] PluginManager:220 - loadIPPluginJar : add gic
2023-09-26 14:26:22,972 [INFO] IPUIPlugin:80 - create IPUIPlugin
2023-09-26 14:26:22,972 [INFO] PluginManager:220 - loadIPPluginJar : add gpio
2023-09-26 14:26:22,976 [INFO] IPUIPlugin:80 - create IPUIPlugin
2023-09-26 14:26:22,976 [INFO] PluginManager:220 - loadIPPluginJar : add gtzc
2023-09-26 14:26:22,979 [INFO] IPUIPlugin:80 - create IPUIPlugin
2023-09-26 14:26:22,979 [INFO] PluginManager:220 - loadIPPluginJar : add hash
2023-09-26 14:26:22,983 [INFO] IPUIPlugin:80 - create IPUIPlugin
2023-09-26 14:26:22,983 [INFO] PluginManager:220 - loadIPPluginJar : add i2c
2023-09-26 14:26:22,986 [INFO] IPUIPlugin:80 - create IPUIPlugin
2023-09-26 14:26:22,986 [INFO] PluginManager:220 - loadIPPluginJar : add i2s
2023-09-26 14:26:22,989 [INFO] IPUIPlugin:80 - create IPUIPlugin
2023-09-26 14:26:22,990 [INFO] PluginManager:220 - loadIPPluginJar : add i3c
2023-09-26 14:26:22,994 [INFO] IPUIPlugin:80 - create IPUIPlugin
2023-09-26 14:26:22,995 [INFO] PluginManager:220 - loadIPPluginJar : add ipddr
2023-09-26 14:26:23,003 [INFO] IPUIPlugin:80 - create IPUIPlugin
2023-09-26 14:26:23,003 [INFO] PluginManager:220 - loadIPPluginJar : add linkedlist
2023-09-26 14:26:23,007 [INFO] IPUIPlugin:80 - create IPUIPlugin
2023-09-26 14:26:23,007 [INFO] PluginManager:220 - loadIPPluginJar : add lorawan
2023-09-26 14:26:23,009 [INFO] IPUIPlugin:80 - create IPUIPlugin
2023-09-26 14:26:23,009 [INFO] PluginManager:220 - loadIPPluginJar : add ltdc
2023-09-26 14:26:23,016 [INFO] IPUIPlugin:80 - create IPUIPlugin
2023-09-26 14:26:23,016 [INFO] PluginManager:220 - loadIPPluginJar : add mdma
2023-09-26 14:26:23,021 [INFO] IPUIPlugin:80 - create IPUIPlugin
2023-09-26 14:26:23,021 [INFO] PluginManager:220 - loadIPPluginJar : add nvic
2023-09-26 14:26:23,024 [INFO] IPUIPlugin:80 - create IPUIPlugin
2023-09-26 14:26:23,024 [INFO] PluginManager:220 - loadIPPluginJar : add opamp
2023-09-26 14:26:23,027 [INFO] IPUIPlugin:80 - create IPUIPlugin
2023-09-26 14:26:23,027 [INFO] PluginManager:220 - loadIPPluginJar : add openamp
2023-09-26 14:26:23,030 [INFO] IPUIPlugin:80 - create IPUIPlugin
2023-09-26 14:26:23,031 [INFO] PluginManager:220 - loadIPPluginJar : add pdm2pcm
2023-09-26 14:26:23,037 [INFO] IPUIPlugin:80 - create IPUIPlugin
2023-09-26 14:26:23,040 [INFO] PluginManager:220 - loadIPPluginJar : add plateformsettings
2023-09-26 14:26:23,042 [INFO] IPUIPlugin:80 - create IPUIPlugin
2023-09-26 14:26:23,042 [INFO] PluginManager:220 - loadIPPluginJar : add quadspi
2023-09-26 14:26:23,048 [INFO] IPUIPlugin:80 - create IPUIPlugin
2023-09-26 14:26:23,048 [INFO] PluginManager:220 - loadIPPluginJar : add resmgrutility
2023-09-26 14:26:23,052 [INFO] IPUIPlugin:80 - create IPUIPlugin
2023-09-26 14:26:23,052 [INFO] PluginManager:220 - loadIPPluginJar : add sai
2023-09-26 14:26:23,055 [INFO] IPUIPlugin:80 - create IPUIPlugin
2023-09-26 14:26:23,055 [INFO] PluginManager:220 - loadIPPluginJar : add spi
2023-09-26 14:26:23,061 [INFO] IPUIPlugin:80 - create IPUIPlugin
2023-09-26 14:26:23,061 [INFO] PluginManager:220 - loadIPPluginJar : add stm32_wpan
2023-09-26 14:26:23,064 [INFO] IPUIPlugin:80 - create IPUIPlugin
2023-09-26 14:26:23,064 [INFO] PluginManager:220 - loadIPPluginJar : add tim
2023-09-26 14:26:23,068 [INFO] IPUIPlugin:80 - create IPUIPlugin
2023-09-26 14:26:23,069 [INFO] PluginManager:220 - loadIPPluginJar : add touchsensing
2023-09-26 14:26:23,072 [INFO] IPUIPlugin:80 - create IPUIPlugin
2023-09-26 14:26:23,072 [INFO] PluginManager:220 - loadIPPluginJar : add tracer_emb
2023-09-26 14:26:23,075 [INFO] IPUIPlugin:80 - create IPUIPlugin
2023-09-26 14:26:23,075 [INFO] PluginManager:220 - loadIPPluginJar : add ts
2023-09-26 14:26:23,077 [INFO] IPUIPlugin:80 - create IPUIPlugin
2023-09-26 14:26:23,077 [INFO] PluginManager:220 - loadIPPluginJar : add tsc
2023-09-26 14:26:23,079 [INFO] IPUIPlugin:80 - create IPUIPlugin
2023-09-26 14:26:23,079 [INFO] PluginManager:220 - loadIPPluginJar : add ucpd
2023-09-26 14:26:23,083 [INFO] IPUIPlugin:80 - create IPUIPlugin
2023-09-26 14:26:23,083 [INFO] PluginManager:220 - loadIPPluginJar : add usart
2023-09-26 14:26:23,087 [INFO] IPUIPlugin:80 - create IPUIPlugin
2023-09-26 14:26:23,087 [INFO] PluginManager:220 - loadIPPluginJar : add usbx
2023-09-26 14:26:23,225 [INFO] CADModel:165 - CPN selected for project level
2023-09-26 14:26:23,225 [INFO] CADModel:114 - Register for checkConnection events
2023-09-26 14:26:23,225 [FATAL] Updater:308 - Updater called before beeing initialized
2023-09-26 14:26:23,225 [ERROR] CADModel:125 - Updater not yet initialized, retry later 
2023-09-26 14:26:23,441 [INFO] CADModel:165 - CPN selected for project level
2023-09-26 14:26:23,441 [INFO] CADModel:114 - Register for checkConnection events
2023-09-26 14:26:23,442 [FATAL] Updater:308 - Updater called before beeing initialized
2023-09-26 14:26:23,442 [ERROR] CADModel:125 - Updater not yet initialized, retry later 
2023-09-26 14:26:23,444 [FATAL] Updater:308 - Updater called before beeing initialized
2023-09-26 14:26:23,557 [FATAL] Updater:308 - Updater called before beeing initialized
2023-09-26 14:26:23,563 [INFO] DbMcusAds:53 - JSON generation date=Tue Mar 07 03:50:55 EST 2023 (1678179055114)
2023-09-26 14:26:23,563 [FATAL] Updater:308 - Updater called before beeing initialized
2023-09-26 14:26:23,614 [WARN] DetailPanel:346 - Failed to get advertising image, set to default
2023-09-26 14:26:23,739 [FATAL] Updater:308 - Updater called before beeing initialized
2023-09-26 14:26:23,741 [FATAL] Updater:308 - Updater called before beeing initialized
2023-09-26 14:26:23,741 [FATAL] Updater:308 - Updater called before beeing initialized
2023-09-26 14:26:23,741 [WARN] DetailPanel:346 - Failed to get advertising image, set to default
2023-09-26 14:26:23,742 [FATAL] Updater:308 - Updater called before beeing initialized
2023-09-26 14:26:23,791 [ERROR] Updater:1120 - MainUpdater not yet initialized. External WinMGr cannot be set.
2023-09-26 14:26:23,793 [INFO] Updater:1056 - Updater Version found : 6.9.1
2023-09-26 14:26:23,811 [INFO] ApplicationProperties:184 - Using Application install path: C:\ST\STM32CubeIDE_1.13.1\STM32CubeIDE\plugins\com.st.stm32cube.common.mx_6.9.1.202307191849
2023-09-26 14:26:24,004 [INFO] MainUpdater:2868 - connection check result : 10
2023-09-26 14:26:24,004 [INFO] MainUpdater:3562 - Updater definition file requires update
2023-09-26 14:26:24,005 [INFO] MainUpdater:285 - Updater Check For Update Now.
2023-09-26 14:26:24,006 [INFO] MicroXplorer:498 - Change Database Version : DB.6.0.91
2023-09-26 14:26:24,013 [INFO] McuFinderGlobals:63 - Set McuFinder mode to 2 (CubeIDE integrated)
2023-09-26 14:26:24,014 [INFO] UserAuth:179 - activating auth plugin
2023-09-26 14:26:24,016 [INFO] UserAuth:393 - Internet connection configuration mode: 1
2023-09-26 14:26:24,030 [INFO] ServerAccessManage:473 - Download File updaters.zip
2023-09-26 14:26:24,040 [INFO] JxBrowserEngine:151 - Initiate JxBrowser Engine with user profile folder
2023-09-26 14:26:24,109 [INFO] FileExtend:240 - Unzip File : updaters.zip
2023-09-26 14:26:24,110 [INFO] FileExtend:255 - Standard Zip Deflate
2023-09-26 14:26:24,856 [INFO] ServerAccessManage:473 - Download File PacksControlFlags.xml
2023-09-26 14:26:24,935 [INFO] ServerAccessManage:473 - Download File cubemx.pidx
2023-09-26 14:26:25,074 [INFO] LoadServerUpdatesThread:373 - End of LoadServerUpdate Thread
2023-09-26 14:26:25,205 [WARN] MainUpdater:1189 - Updater busy. Cannot search thirdparties
2023-09-26 14:26:25,205 [INFO] ThirdPartyUpdaterWithRetryManager:96 - Updater plugin is busy. [1/15]
2023-09-26 14:26:25,256 [INFO] CheckServerUpdateThread:120 - End of CheckServer Thread
2023-09-26 14:26:25,269 [INFO] WebApp:157 - Instantiating new browser for Auth
2023-09-26 14:26:25,928 [INFO] WebApp:753 - Register for checkConnection events
2023-09-26 14:26:25,928 [INFO] WebApp:390 - Apply proxy settings
2023-09-26 14:26:25,928 [INFO] WebApp:475 - Chromium requires no authentication
2023-09-26 14:26:25,941 [INFO] WebApp:418 - Direct internet connection detected
2023-09-26 14:26:26,163 [INFO] WebApp:188 - Starting web application
2023-09-26 14:26:26,163 [INFO] WebApp:520 - Web application path used C:\ST\STM32CubeIDE_1.13.1\STM32CubeIDE\plugins\com.st.stm32cube.common.mx_6.9.1.202307191849\db\plugins\mcufinder\reactClient1\index.html
2023-09-26 14:26:27,627 [ERROR] LogOutputStream:75 - [STDERR_REDIRECT] 
2023-09-26 15:19:31,885 [INFO] Activator:176 - 


2023-09-26 15:19:31,888 [INFO] Activator:177 - !SESSION log4j initialized
2023-09-26 15:19:36,703 [INFO] LogOutputStream:77 - [STDOUT_REDIRECT] 
2023-09-26 15:19:38,070 [INFO] ApplicationProperties:184 - Using Application install path: C:\ST\STM32CubeIDE_1.13.1\STM32CubeIDE\plugins\com.st.stm32cube.common.mx_6.9.1.202307191849
2023-09-26 15:19:38,089 [INFO] DbMcusXml:78 - Set database path to: C:\ST\STM32CubeIDE_1.13.1\STM32CubeIDE\plugins\com.st.stm32cube.common.mx_6.9.1.202307191849\\db\/mcu/
2023-09-26 15:19:38,089 [INFO] ApiDb:274 - Set plugin database path to: C:\ST\STM32CubeIDE_1.13.1\STM32CubeIDE\plugins\com.st.stm32cube.common.mx_6.9.1.202307191849\\db\/plugins/boardmanager/
2023-09-26 15:19:38,089 [WARN] ApiDb:259 - Overriding images path with different value:  => C:\ST\STM32CubeIDE_1.13.1\STM32CubeIDE\plugins\com.st.stm32cube.common.mx_6.9.1.202307191849\\db\/plugins/mcufinder/images/
2023-09-26 15:19:38,097 [INFO] ApiDb:250 - Set database path to: C:\Users\james\.stmcufinder\plugins\mcufinder//mcu/
2023-09-26 15:19:38,100 [INFO] DbMcusAds:125 - Set database path to: C:\Users\james\.stmcufinder\plugins\mcufinder//mcu/
2023-09-26 15:19:38,102 [INFO] CrossReferenceDbSqlite:203 - Set database path to: C:\Users\james\.stmcufinder\plugins\mcufinder//mcu/cs/
2023-09-26 15:19:38,215 [INFO] RulesReader:64 - Compatibility file has been processed (293 Rules)
2023-09-26 15:19:38,295 [INFO] DbMcusXml:78 - Set database path to: C:\ST\STM32CubeIDE_1.13.1\STM32CubeIDE\plugins\com.st.stm32cube.common.mx_6.9.1.202307191849\\db\/mcu/
2023-09-26 15:19:38,295 [INFO] ApiDb:274 - Set plugin database path to: C:\ST\STM32CubeIDE_1.13.1\STM32CubeIDE\plugins\com.st.stm32cube.common.mx_6.9.1.202307191849\\db\/plugins/boardmanager/
2023-09-26 15:19:38,295 [INFO] ApiDb:261 - Set plugin images path to: C:\ST\STM32CubeIDE_1.13.1\STM32CubeIDE\plugins\com.st.stm32cube.common.mx_6.9.1.202307191849\\db\/plugins/mcufinder/images/
2023-09-26 15:19:38,296 [WARN] DbFile:41 - Overriding database path with different value: C:\Users\james\.stmcufinder\plugins\mcufinder/ => C:\Users\james\.stmcufinder\plugins\mcufinder
2023-09-26 15:19:38,296 [INFO] ApiDb:250 - Set database path to: C:\Users\james\.stmcufinder\plugins\mcufinder//mcu/
2023-09-26 15:19:38,296 [WARN] DbFile:41 - Overriding database path with different value: C:\Users\james\.stmcufinder\plugins\mcufinder/ => C:\Users\james\.stmcufinder\plugins\mcufinder
2023-09-26 15:19:38,296 [INFO] DbMcusAds:125 - Set database path to: C:\Users\james\.stmcufinder\plugins\mcufinder//mcu/
2023-09-26 15:19:38,296 [WARN] DbFile:41 - Overriding database path with different value: C:\Users\james\.stmcufinder\plugins\mcufinder/ => C:\Users\james\.stmcufinder\plugins\mcufinder
2023-09-26 15:19:38,296 [WARN] DbFile:41 - Overriding database path with different value: C:\Users\james\.stmcufinder\plugins\mcufinder/ => C:\Users\james\.stmcufinder\plugins\mcufinder
2023-09-26 15:19:38,296 [INFO] CrossReferenceDbSqlite:203 - Set database path to: C:\Users\james\.stmcufinder\plugins\mcufinder//mcu/cs/
2023-09-26 15:19:38,367 [INFO] MainPanel:262 - HeapMemory: 268435456
2023-09-26 15:19:38,439 [INFO] DbMcusXml:78 - Set database path to: C:\ST\STM32CubeIDE_1.13.1\STM32CubeIDE\plugins\com.st.stm32cube.common.mx_6.9.1.202307191849\\db\/mcu/
2023-09-26 15:19:38,439 [INFO] ApiDb:274 - Set plugin database path to: C:\ST\STM32CubeIDE_1.13.1\STM32CubeIDE\plugins\com.st.stm32cube.common.mx_6.9.1.202307191849\\db\/plugins/boardmanager/
2023-09-26 15:19:38,439 [INFO] ApiDb:261 - Set plugin images path to: C:\ST\STM32CubeIDE_1.13.1\STM32CubeIDE\plugins\com.st.stm32cube.common.mx_6.9.1.202307191849\\db\/plugins/mcufinder/images/
2023-09-26 15:19:38,440 [WARN] DbFile:41 - Overriding database path with different value: C:\Users\james\.stmcufinder\plugins\mcufinder/ => C:\Users\james\.stmcufinder\plugins\mcufinder
2023-09-26 15:19:38,440 [INFO] ApiDb:250 - Set database path to: C:\Users\james\.stmcufinder\plugins\mcufinder//mcu/
2023-09-26 15:19:38,440 [WARN] DbFile:41 - Overriding database path with different value: C:\Users\james\.stmcufinder\plugins\mcufinder/ => C:\Users\james\.stmcufinder\plugins\mcufinder
2023-09-26 15:19:38,440 [INFO] DbMcusAds:125 - Set database path to: C:\Users\james\.stmcufinder\plugins\mcufinder//mcu/
2023-09-26 15:19:38,440 [WARN] DbFile:41 - Overriding database path with different value: C:\Users\james\.stmcufinder\plugins\mcufinder/ => C:\Users\james\.stmcufinder\plugins\mcufinder
2023-09-26 15:19:38,440 [WARN] DbFile:41 - Overriding database path with different value: C:\Users\james\.stmcufinder\plugins\mcufinder/ => C:\Users\james\.stmcufinder\plugins\mcufinder
2023-09-26 15:19:38,440 [INFO] CrossReferenceDbSqlite:203 - Set database path to: C:\Users\james\.stmcufinder\plugins\mcufinder//mcu/cs/
2023-09-26 15:19:38,459 [INFO] ApplicationProperties:184 - Using Application install path: C:\ST\STM32CubeIDE_1.13.1\STM32CubeIDE\plugins\com.st.stm32cube.common.mx_6.9.1.202307191849
2023-09-26 15:19:38,461 [INFO] PluginManage:196 - Search for loadable plugins [exclusion list=, ]
2023-09-26 15:19:38,462 [INFO] PluginManage:310 - Check plugin analytics
2023-09-26 15:19:38,617 [INFO] AnalyticsPlugin:253 - Accepted Software Licenses: 
2023-09-26 15:19:38,617 [INFO] AnalyticsPlugin:255 - Accepted CMSIS Pack Licenses: 
2023-09-26 15:19:38,617 [INFO] AnalyticsPlugin:257 - Accepted Firmware Licenses: FW.L4.1.18.0
2023-09-26 15:19:38,620 [INFO] PluginManage:359 - Loaded plugin analytics (category:tool,tabindex:-1)
2023-09-26 15:19:38,620 [INFO] PluginManage:310 - Check plugin cadmodel
2023-09-26 15:19:38,624 [INFO] CADModel:105 - Init CAD model plugin
2023-09-26 15:19:38,624 [INFO] PluginManage:359 - Loaded plugin cadmodel (category:power,tabindex:5)
2023-09-26 15:19:38,624 [INFO] PluginManage:310 - Check plugin clock
2023-09-26 15:19:38,633 [INFO] PluginManage:359 - Loaded plugin clock (category:base,tabindex:2)
2023-09-26 15:19:38,633 [INFO] PluginManage:310 - Check plugin ddr
2023-09-26 15:19:38,635 [INFO] PluginManage:359 - Loaded plugin ddr (category:tool,tabindex:6)
2023-09-26 15:19:38,635 [INFO] PluginManage:310 - Check plugin filemanager
2023-09-26 15:19:38,780 [INFO] PluginManage:359 - Loaded plugin filemanager (category:base,tabindex:10)
2023-09-26 15:19:38,780 [INFO] PluginManage:310 - Check plugin ipmanager
2023-09-26 15:19:38,789 [INFO] PluginManage:359 - Loaded plugin ipmanager (category:base,tabindex:5)
2023-09-26 15:19:38,789 [INFO] PluginManage:310 - Check plugin lpbam
2023-09-26 15:19:38,798 [INFO] PluginManage:359 - Loaded plugin lpbam (category:base,tabindex:0)
2023-09-26 15:19:38,798 [INFO] PluginManage:310 - Check plugin memorymap
2023-09-26 15:19:38,808 [INFO] PluginManage:359 - Loaded plugin memorymap (category:base,tabindex:4)
2023-09-26 15:19:38,808 [INFO] PluginManage:310 - Check plugin pinoutandconfiguration
2023-09-26 15:19:38,814 [INFO] PluginManage:359 - Loaded plugin pinoutandconfiguration (category:base,tabindex:1)
2023-09-26 15:19:38,815 [INFO] PluginManage:310 - Check plugin pinoutconfig
2023-09-26 15:19:38,901 [WARN] SupportedApi:132 - Cannot load RTOS API schema: s4s-elt-must-match.1: The content of 'definitions' must match (annotation?, (simpleType | complexType)?, (unique | key | keyref)*)). A problem was found starting at: attribute.
2023-09-26 15:19:39,020 [INFO] PluginManage:359 - Loaded plugin pinoutconfig (category:base,tabindex:0)
2023-09-26 15:19:39,020 [INFO] PluginManage:310 - Check plugin power
2023-09-26 15:19:39,029 [INFO] PluginManage:359 - Loaded plugin power (category:power,tabindex:4)
2023-09-26 15:19:39,029 [INFO] PluginManage:310 - Check plugin projectmanager
2023-09-26 15:19:39,044 [INFO] PluginManage:359 - Loaded plugin projectmanager (category:projectmanager,tabindex:3)
2023-09-26 15:19:39,044 [INFO] PluginManage:310 - Check plugin thirdparty
2023-09-26 15:19:39,190 [INFO] PluginManage:359 - Loaded plugin thirdparty (category:base,tabindex:-1)
2023-09-26 15:19:39,190 [WARN] IntegrityCheckThread:84 - waiting for thirdparty lock release [integrity check]
2023-09-26 15:19:39,191 [INFO] PluginManage:310 - Check plugin tools
2023-09-26 15:19:39,191 [INFO] IntegrityCheckThread:86 - entering critical section [integrity check]
2023-09-26 15:19:39,192 [INFO] ThirdPartyUpdaterWithRetryManager:70 - Updater plugin not ready yet. [1/15]
2023-09-26 15:19:39,195 [INFO] PluginManage:359 - Loaded plugin tools (category:base,tabindex:7)
2023-09-26 15:19:39,195 [INFO] PluginManage:310 - Check plugin tutovideos
2023-09-26 15:19:39,428 [INFO] PluginManage:359 - Loaded plugin tutovideos (category:base,tabindex:-1)
2023-09-26 15:19:39,429 [INFO] PluginManage:310 - Check plugin updater
2023-09-26 15:19:39,440 [INFO] PluginManage:359 - Loaded plugin updater (category:base,tabindex:12)
2023-09-26 15:19:39,440 [INFO] PluginManage:310 - Check plugin userauth
2023-09-26 15:19:39,446 [INFO] UserAuth:113 - Init User Auth plugin
2023-09-26 15:19:39,446 [INFO] PluginManage:359 - Loaded plugin userauth (category:base,tabindex:14)
2023-09-26 15:19:39,447 [INFO] PluginManage:283 - PluginManage : Loaded plugins [17]
2023-09-26 15:19:39,706 [INFO] PinOutPanel:1499 - setPackage(No Configuration,No Configuration)
2023-09-26 15:19:39,841 [INFO] CADModel:165 - CPN selected for project level
2023-09-26 15:19:39,841 [INFO] CADModel:114 - Register for checkConnection events
2023-09-26 15:19:39,858 [INFO] IPUIPlugin:80 - create IPUIPlugin
2023-09-26 15:19:39,858 [INFO] PluginManager:220 - loadIPPluginJar : add adc
2023-09-26 15:19:39,861 [INFO] IPUIPlugin:80 - create IPUIPlugin
2023-09-26 15:19:39,861 [INFO] PluginManager:220 - loadIPPluginJar : add aes
2023-09-26 15:19:39,863 [INFO] IPUIPlugin:80 - create IPUIPlugin
2023-09-26 15:19:39,864 [INFO] PluginManager:220 - loadIPPluginJar : add can
2023-09-26 15:19:39,865 [INFO] IPUIPlugin:80 - create IPUIPlugin
2023-09-26 15:19:39,865 [INFO] PluginManager:220 - loadIPPluginJar : add comp
2023-09-26 15:19:39,868 [INFO] IPUIPlugin:80 - create IPUIPlugin
2023-09-26 15:19:39,868 [INFO] PluginManager:220 - loadIPPluginJar : add cryp
2023-09-26 15:19:39,870 [INFO] IPUIPlugin:80 - create IPUIPlugin
2023-09-26 15:19:39,870 [INFO] PluginManager:220 - loadIPPluginJar : add dfsdm
2023-09-26 15:19:39,876 [INFO] IPUIPlugin:80 - create IPUIPlugin
2023-09-26 15:19:39,876 [INFO] PluginManager:220 - loadIPPluginJar : add dma
2023-09-26 15:19:39,878 [INFO] IPUIPlugin:80 - create IPUIPlugin
2023-09-26 15:19:39,878 [INFO] PluginManager:220 - loadIPPluginJar : add dma3
2023-09-26 15:19:39,880 [INFO] IPUIPlugin:80 - create IPUIPlugin
2023-09-26 15:19:39,880 [INFO] PluginManager:220 - loadIPPluginJar : add fatfs
2023-09-26 15:19:39,885 [INFO] IPUIPlugin:80 - create IPUIPlugin
2023-09-26 15:19:39,885 [INFO] PluginManager:220 - loadIPPluginJar : add fmc
2023-09-26 15:19:39,890 [INFO] IPUIPlugin:80 - create IPUIPlugin
2023-09-26 15:19:39,890 [INFO] PluginManager:220 - loadIPPluginJar : add freertos
2023-09-26 15:19:39,892 [INFO] IPUIPlugin:80 - create IPUIPlugin
2023-09-26 15:19:39,892 [INFO] PluginManager:220 - loadIPPluginJar : add genericplugin
2023-09-26 15:19:39,894 [INFO] IPUIPlugin:80 - create IPUIPlugin
2023-09-26 15:19:39,894 [INFO] PluginManager:220 - loadIPPluginJar : add gfxmmu
2023-09-26 15:19:39,901 [INFO] IPUIPlugin:80 - create IPUIPlugin
2023-09-26 15:19:39,901 [INFO] PluginManager:220 - loadIPPluginJar : add gic
2023-09-26 15:19:39,905 [INFO] IPUIPlugin:80 - create IPUIPlugin
2023-09-26 15:19:39,905 [INFO] PluginManager:220 - loadIPPluginJar : add gpio
2023-09-26 15:19:39,908 [INFO] IPUIPlugin:80 - create IPUIPlugin
2023-09-26 15:19:39,908 [INFO] PluginManager:220 - loadIPPluginJar : add gtzc
2023-09-26 15:19:39,910 [INFO] IPUIPlugin:80 - create IPUIPlugin
2023-09-26 15:19:39,910 [INFO] PluginManager:220 - loadIPPluginJar : add hash
2023-09-26 15:19:39,913 [INFO] IPUIPlugin:80 - create IPUIPlugin
2023-09-26 15:19:39,913 [INFO] PluginManager:220 - loadIPPluginJar : add i2c
2023-09-26 15:19:39,915 [INFO] IPUIPlugin:80 - create IPUIPlugin
2023-09-26 15:19:39,915 [INFO] PluginManager:220 - loadIPPluginJar : add i2s
2023-09-26 15:19:39,918 [INFO] IPUIPlugin:80 - create IPUIPlugin
2023-09-26 15:19:39,918 [INFO] PluginManager:220 - loadIPPluginJar : add i3c
2023-09-26 15:19:39,921 [INFO] IPUIPlugin:80 - create IPUIPlugin
2023-09-26 15:19:39,921 [INFO] PluginManager:220 - loadIPPluginJar : add ipddr
2023-09-26 15:19:39,928 [INFO] IPUIPlugin:80 - create IPUIPlugin
2023-09-26 15:19:39,928 [INFO] PluginManager:220 - loadIPPluginJar : add linkedlist
2023-09-26 15:19:39,931 [INFO] IPUIPlugin:80 - create IPUIPlugin
2023-09-26 15:19:39,931 [INFO] PluginManager:220 - loadIPPluginJar : add lorawan
2023-09-26 15:19:39,934 [INFO] IPUIPlugin:80 - create IPUIPlugin
2023-09-26 15:19:39,935 [INFO] PluginManager:220 - loadIPPluginJar : add ltdc
2023-09-26 15:19:39,941 [INFO] IPUIPlugin:80 - create IPUIPlugin
2023-09-26 15:19:39,941 [INFO] PluginManager:220 - loadIPPluginJar : add mdma
2023-09-26 15:19:39,945 [INFO] IPUIPlugin:80 - create IPUIPlugin
2023-09-26 15:19:39,945 [INFO] PluginManager:220 - loadIPPluginJar : add nvic
2023-09-26 15:19:39,948 [INFO] IPUIPlugin:80 - create IPUIPlugin
2023-09-26 15:19:39,948 [INFO] PluginManager:220 - loadIPPluginJar : add opamp
2023-09-26 15:19:39,951 [INFO] IPUIPlugin:80 - create IPUIPlugin
2023-09-26 15:19:39,951 [INFO] PluginManager:220 - loadIPPluginJar : add openamp
2023-09-26 15:19:39,954 [INFO] IPUIPlugin:80 - create IPUIPlugin
2023-09-26 15:19:39,955 [INFO] PluginManager:220 - loadIPPluginJar : add pdm2pcm
2023-09-26 15:19:39,960 [INFO] IPUIPlugin:80 - create IPUIPlugin
2023-09-26 15:19:39,963 [INFO] PluginManager:220 - loadIPPluginJar : add plateformsettings
2023-09-26 15:19:39,965 [INFO] IPUIPlugin:80 - create IPUIPlugin
2023-09-26 15:19:39,965 [INFO] PluginManager:220 - loadIPPluginJar : add quadspi
2023-09-26 15:19:39,968 [INFO] IPUIPlugin:80 - create IPUIPlugin
2023-09-26 15:19:39,968 [INFO] PluginManager:220 - loadIPPluginJar : add resmgrutility
2023-09-26 15:19:39,971 [INFO] IPUIPlugin:80 - create IPUIPlugin
2023-09-26 15:19:39,971 [INFO] PluginManager:220 - loadIPPluginJar : add sai
2023-09-26 15:19:39,973 [INFO] IPUIPlugin:80 - create IPUIPlugin
2023-09-26 15:19:39,973 [INFO] PluginManager:220 - loadIPPluginJar : add spi
2023-09-26 15:19:39,978 [INFO] IPUIPlugin:80 - create IPUIPlugin
2023-09-26 15:19:39,978 [INFO] PluginManager:220 - loadIPPluginJar : add stm32_wpan
2023-09-26 15:19:39,979 [INFO] IPUIPlugin:80 - create IPUIPlugin
2023-09-26 15:19:39,979 [INFO] PluginManager:220 - loadIPPluginJar : add tim
2023-09-26 15:19:39,982 [INFO] IPUIPlugin:80 - create IPUIPlugin
2023-09-26 15:19:39,982 [INFO] PluginManager:220 - loadIPPluginJar : add touchsensing
2023-09-26 15:19:39,984 [INFO] IPUIPlugin:80 - create IPUIPlugin
2023-09-26 15:19:39,984 [INFO] PluginManager:220 - loadIPPluginJar : add tracer_emb
2023-09-26 15:19:39,986 [INFO] IPUIPlugin:80 - create IPUIPlugin
2023-09-26 15:19:39,986 [INFO] PluginManager:220 - loadIPPluginJar : add ts
2023-09-26 15:19:39,987 [INFO] IPUIPlugin:80 - create IPUIPlugin
2023-09-26 15:19:39,987 [INFO] PluginManager:220 - loadIPPluginJar : add tsc
2023-09-26 15:19:39,989 [INFO] IPUIPlugin:80 - create IPUIPlugin
2023-09-26 15:19:39,989 [INFO] PluginManager:220 - loadIPPluginJar : add ucpd
2023-09-26 15:19:39,992 [INFO] IPUIPlugin:80 - create IPUIPlugin
2023-09-26 15:19:39,992 [INFO] PluginManager:220 - loadIPPluginJar : add usart
2023-09-26 15:19:39,995 [INFO] IPUIPlugin:80 - create IPUIPlugin
2023-09-26 15:19:39,995 [INFO] PluginManager:220 - loadIPPluginJar : add usbx
2023-09-26 15:19:40,125 [INFO] CADModel:165 - CPN selected for project level
2023-09-26 15:19:40,125 [INFO] CADModel:114 - Register for checkConnection events
2023-09-26 15:19:40,126 [FATAL] Updater:308 - Updater called before beeing initialized
2023-09-26 15:19:40,126 [ERROR] CADModel:125 - Updater not yet initialized, retry later 
2023-09-26 15:19:40,295 [INFO] CADModel:165 - CPN selected for project level
2023-09-26 15:19:40,295 [INFO] CADModel:114 - Register for checkConnection events
2023-09-26 15:19:40,295 [FATAL] Updater:308 - Updater called before beeing initialized
2023-09-26 15:19:40,295 [ERROR] CADModel:125 - Updater not yet initialized, retry later 
2023-09-26 15:19:40,298 [FATAL] Updater:308 - Updater called before beeing initialized
2023-09-26 15:19:40,418 [FATAL] Updater:308 - Updater called before beeing initialized
2023-09-26 15:19:40,427 [INFO] DbMcusAds:53 - JSON generation date=Tue Mar 07 03:50:55 EST 2023 (1678179055114)
2023-09-26 15:19:40,428 [FATAL] Updater:308 - Updater called before beeing initialized
2023-09-26 15:19:40,467 [WARN] DetailPanel:346 - Failed to get advertising image, set to default
2023-09-26 15:19:40,597 [FATAL] Updater:308 - Updater called before beeing initialized
2023-09-26 15:19:40,598 [FATAL] Updater:308 - Updater called before beeing initialized
2023-09-26 15:19:40,598 [FATAL] Updater:308 - Updater called before beeing initialized
2023-09-26 15:19:40,598 [WARN] DetailPanel:346 - Failed to get advertising image, set to default
2023-09-26 15:19:40,599 [FATAL] Updater:308 - Updater called before beeing initialized
2023-09-26 15:19:40,644 [ERROR] Updater:1120 - MainUpdater not yet initialized. External WinMGr cannot be set.
2023-09-26 15:19:40,645 [INFO] Updater:1056 - Updater Version found : 6.9.1
2023-09-26 15:19:40,660 [INFO] ApplicationProperties:184 - Using Application install path: C:\ST\STM32CubeIDE_1.13.1\STM32CubeIDE\plugins\com.st.stm32cube.common.mx_6.9.1.202307191849
2023-09-26 15:19:40,784 [INFO] MainUpdater:2868 - connection check result : 10
2023-09-26 15:19:40,784 [INFO] MainUpdater:285 - Updater Check For Update Now.
2023-09-26 15:19:40,785 [INFO] MicroXplorer:498 - Change Database Version : DB.6.0.91
2023-09-26 15:19:40,791 [INFO] McuFinderGlobals:63 - Set McuFinder mode to 2 (CubeIDE integrated)
2023-09-26 15:19:40,792 [INFO] UserAuth:179 - activating auth plugin
2023-09-26 15:19:40,794 [INFO] UserAuth:393 - Internet connection configuration mode: 1
2023-09-26 15:19:40,812 [INFO] JxBrowserEngine:151 - Initiate JxBrowser Engine with user profile folder
2023-09-26 15:19:40,965 [INFO] CheckServerUpdateThread:120 - End of CheckServer Thread
2023-09-26 15:19:41,490 [INFO] WebApp:157 - Instantiating new browser for Auth
2023-09-26 15:19:42,025 [INFO] WebApp:753 - Register for checkConnection events
2023-09-26 15:19:42,025 [INFO] WebApp:390 - Apply proxy settings
2023-09-26 15:19:42,025 [INFO] WebApp:475 - Chromium requires no authentication
2023-09-26 15:19:42,033 [INFO] WebApp:418 - Direct internet connection detected
2023-09-26 15:19:42,226 [INFO] WebApp:188 - Starting web application
2023-09-26 15:19:42,226 [INFO] WebApp:520 - Web application path used C:\ST\STM32CubeIDE_1.13.1\STM32CubeIDE\plugins\com.st.stm32cube.common.mx_6.9.1.202307191849\db\plugins\mcufinder\reactClient1\index.html
2023-09-26 15:19:42,497 [WARN] PackLoader:240 - Cannot read IP mode file for STMicroelectronics.X-CUBE-SMBUS.2.1.0
2023-09-26 15:19:42,569 [WARN] PackLoader:240 - Cannot read IP mode file for STMicroelectronics.X-CUBE-AZRTOS-F7.1.1.0
2023-09-26 15:19:42,601 [WARN] PackLoader:240 - Cannot read IP mode file for STMicroelectronics.FP-SNS-MOTENV1.4.3.2
2023-09-26 15:19:42,641 [WARN] PackLoader:240 - Cannot read IP mode file for STMicroelectronics.X-CUBE-DISPLAY.3.0.0
2023-09-26 15:19:42,665 [WARN] PackLoader:240 - Cannot read IP mode file for emotas.I-CUBE-CANOPEN.1.3.0
2023-09-26 15:19:42,674 [WARN] PackLoader:240 - Cannot read IP mode file for STMicroelectronics.X-CUBE-TOUCHGFX.4.22.0
2023-09-26 15:19:42,690 [WARN] PackLoader:240 - Cannot read IP mode file for STMicroelectronics.FP-SNS-SMARTAG2.1.2.0
2023-09-26 15:19:42,707 [INFO] LogOutputStream:77 - [STDOUT_REDIRECT] 1 : Invalid condition id : UX_CORESTACK_Condition cause : null
2023-09-26 15:19:42,707 [INFO] LogOutputStream:77 - [STDOUT_REDIRECT] 1 : Invalid condition id : UX_CORESTACK_Condition cause : null
2023-09-26 15:19:42,707 [INFO] LogOutputStream:77 - [STDOUT_REDIRECT] 1 : Invalid condition id : UX_CORESTACK_Condition cause : null
2023-09-26 15:19:42,715 [INFO] LogOutputStream:77 - [STDOUT_REDIRECT] 1 : Invalid condition id : UX_CORESTACK_Condition cause : null
2023-09-26 15:19:42,716 [INFO] LogOutputStream:77 - [STDOUT_REDIRECT] 1 : Invalid condition id : UX_CORESTACK_Condition cause : null
2023-09-26 15:19:42,716 [WARN] PackLoader:240 - Cannot read IP mode file for STMicroelectronics.X-CUBE-AZRTOS-WL.2.0.0
2023-09-26 15:19:42,731 [WARN] PackLoader:240 - Cannot read IP mode file for WES.I-CUBE-Cesium.1.3.0
2023-09-26 15:19:42,739 [WARN] PackLoader:240 - Cannot read IP mode file for STMicroelectronics.X-CUBE-BLE2.3.3.0
2023-09-26 15:19:42,755 [WARN] PackLoader:240 - Cannot read IP mode file for STMicroelectronics.X-CUBE-ALGOBUILD.1.3.0
2023-09-26 15:19:42,771 [WARN] PackLoader:240 - Cannot read IP mode file for STMicroelectronics.X-CUBE-AZRTOS-G0.1.1.0
2023-09-26 15:19:42,787 [WARN] PackLoader:240 - Cannot read IP mode file for STMicroelectronics.X-CUBE-NFC4.3.0.0
2023-09-26 15:19:42,787 [WARN] PackLoader:240 - Cannot read IP mode file for STMicroelectronics.FP-ATR-SIGFOX1.3.2.0
2023-09-26 15:19:42,827 [WARN] PackLoader:240 - Cannot read IP mode file for SEGGER.I-CUBE-embOS.1.3.1
2023-09-26 15:19:42,859 [WARN] PackLoader:240 - Cannot read IP mode file for STMicroelectronics.X-CUBE-GNSS1.6.0.0
2023-09-26 15:19:42,875 [WARN] PackLoader:240 - Cannot read IP mode file for STMicroelectronics.X-CUBE-AZRTOS-F4.1.1.0
2023-09-26 15:19:42,891 [WARN] PackLoader:240 - Cannot read IP mode file for wolfSSL.I-CUBE-wolfSSL.5.6.3
2023-09-26 15:19:42,908 [WARN] PackLoader:240 - Cannot read IP mode file for STMicroelectronics.X-CUBE-AZRTOS-L5.2.0.0
2023-09-26 15:19:42,957 [WARN] PackLoader:240 - Cannot read IP mode file for STMicroelectronics.X-CUBE-MEMS1.9.6.0
2023-09-26 15:19:43,094 [WARN] PackLoader:240 - Cannot read IP mode file for STMicroelectronics.X-CUBE-BLEMGR.2.0.0
2023-09-26 15:19:43,110 [WARN] ConditionMgr:438 - getConditionDescription Invalid condition id : UX DEVICE CLASS RTOS Condition cause : null
2023-09-26 15:19:43,110 [WARN] ConditionMgr:438 - getConditionDescription Invalid condition id : UX DEVICE CLASS RTOS Condition cause : null
2023-09-26 15:19:43,118 [WARN] PackLoader:240 - Cannot read IP mode file for STMicroelectronics.X-CUBE-AZRTOS-H7.3.1.0
2023-09-26 15:19:43,118 [WARN] ConditionMgr:1039 - genDependencies : Invalid condition id : UX DEVICE CLASS RTOS Condition cause : null
2023-09-26 15:19:43,118 [WARN] ConditionMgr:1039 - genDependencies : Invalid condition id : UX DEVICE CLASS RTOS Condition cause : null
2023-09-26 15:19:43,118 [WARN] ConditionMgr:1039 - genDependencies : Invalid condition id : UX DEVICE CLASS RTOS Condition cause : null
2023-09-26 15:19:43,118 [WARN] ConditionMgr:1039 - genDependencies : Invalid condition id : UX DEVICE CLASS RTOS Condition cause : null
2023-09-26 15:19:43,118 [WARN] ConditionMgr:1039 - genDependencies : Invalid condition id : UX DEVICE CLASS RTOS Condition cause : null
2023-09-26 15:19:43,134 [WARN] PackLoader:240 - Cannot read IP mode file for STMicroelectronics.X-CUBE-NFC7.1.0.1
2023-09-26 15:19:43,142 [WARN] PackLoader:240 - Cannot read IP mode file for STMicroelectronics.X-CUBE-NFC6.3.0.0
2023-09-26 15:19:43,150 [WARN] PackLoader:240 - Cannot read IP mode file for STMicroelectronics.X-CUBE-EEPRMA1.4.1.0
2023-09-26 15:19:43,166 [WARN] ConditionMgr:438 - getConditionDescription Invalid condition id : LAN8742 Phy interface Condition cause : null
2023-09-26 15:19:43,166 [WARN] PackLoader:240 - Cannot read IP mode file for STMicroelectronics.X-CUBE-AZRTOS-L4.2.0.0
2023-09-26 15:19:43,174 [WARN] ConditionMgr:1039 - genDependencies : Invalid condition id : LAN8742 Phy interface Condition cause : null
2023-09-26 15:19:43,174 [WARN] ConditionMgr:1039 - genDependencies : Invalid condition id : LAN8742 Phy interface Condition cause : null
2023-09-26 15:19:43,174 [WARN] ConditionMgr:1039 - genDependencies : Invalid condition id : LAN8742 Phy interface Condition cause : null
2023-09-26 15:19:43,183 [WARN] PackLoader:240 - Cannot read IP mode file for STMicroelectronics.X-CUBE-SFXS2LP1.4.0.0
2023-09-26 15:19:43,207 [WARN] PackLoader:240 - Cannot read IP mode file for STMicroelectronics.X-CUBE-ISPU.1.1.0
2023-09-26 15:19:43,223 [WARN] ConditionMgr:438 - getConditionDescription Invalid condition id : UX DEVICE CLASS RTOS Condition cause : null
2023-09-26 15:19:43,223 [WARN] ConditionMgr:438 - getConditionDescription Invalid condition id : UX DEVICE CLASS RTOS Condition cause : null
2023-09-26 15:19:43,223 [WARN] PackLoader:240 - Cannot read IP mode file for STMicroelectronics.X-CUBE-AZRTOS-WB.2.0.0
2023-09-26 15:19:43,223 [WARN] ConditionMgr:1039 - genDependencies : Invalid condition id : UX DEVICE CLASS RTOS Condition cause : null
2023-09-26 15:19:43,223 [WARN] ConditionMgr:1039 - genDependencies : Invalid condition id : UX DEVICE CLASS RTOS Condition cause : null
2023-09-26 15:19:43,223 [WARN] ConditionMgr:1039 - genDependencies : Invalid condition id : UX DEVICE CLASS RTOS Condition cause : null
2023-09-26 15:19:43,223 [WARN] ConditionMgr:1039 - genDependencies : Invalid condition id : UX DEVICE CLASS RTOS Condition cause : null
2023-09-26 15:19:43,223 [WARN] ConditionMgr:1039 - genDependencies : Invalid condition id : UX DEVICE CLASS RTOS Condition cause : null
2023-09-26 15:19:43,239 [WARN] PackLoader:240 - Cannot read IP mode file for STMicroelectronics.X-CUBE-SUBG2.5.0.0
2023-09-26 15:19:43,255 [WARN] PackLoader:240 - Cannot read IP mode file for STMicroelectronics.X-CUBE-AZRTOS-G4.2.0.0
2023-09-26 15:19:43,263 [WARN] PackLoader:240 - Cannot read IP mode file for portGmbH.I-Cube-SoM-uGOAL.1.1.0
2023-09-26 15:19:43,271 [WARN] PackLoader:240 - Cannot read IP mode file for STMicroelectronics.X-CUBE-ALS.1.0.1
2023-09-26 15:19:43,271 [WARN] PackLoader:240 - Cannot read IP mode file for STMicroelectronics.FP-ATR-ASTRA1.2.0.0
2023-09-26 15:19:43,279 [INFO] ThirdParty:978 - Integrity check success = true
2023-09-26 15:19:43,279 [INFO] IntegrityCheckThread:100 - exiting critical section [integrity check]
2023-09-26 15:19:43,279 [INFO] IntegrityCheckThread:103 - End integrity checks thread
2023-09-26 15:20:02,973 [ERROR] LogOutputStream:75 - [STDERR_REDIRECT] SLF4J: Failed to load class "org.slf4j.impl.StaticLoggerBinder".
2023-09-26 15:20:02,973 [ERROR] LogOutputStream:75 - [STDERR_REDIRECT] SLF4J: Defaulting to no-operation (NOP) logger implementation
2023-09-26 15:20:02,980 [ERROR] LogOutputStream:75 - [STDERR_REDIRECT] SLF4J: See http://www.slf4j.org/codes.html#StaticLoggerBinder for further details.
2023-09-26 16:42:08,398 [ERROR] LogOutputStream:75 - [STDERR_REDIRECT] 
