2023-10-20 13:02:22,198 [INFO] Activator:176 - 


2023-10-20 13:02:22,212 [INFO] Activator:177 - !SESSION log4j initialized
2023-10-20 13:02:27,128 [INFO] LogOutputStream:77 - [STDOUT_REDIRECT] 
2023-10-20 13:02:28,129 [INFO] ApplicationProperties:184 - Using Application install path: C:\ST\STM32CubeIDE_1.13.1\STM32CubeIDE\plugins\com.st.stm32cube.common.mx_6.9.1.202307191849
2023-10-20 13:02:28,148 [INFO] DbMcusXml:78 - Set database path to: C:\ST\STM32CubeIDE_1.13.1\STM32CubeIDE\plugins\com.st.stm32cube.common.mx_6.9.1.202307191849\\db\/mcu/
2023-10-20 13:02:28,148 [INFO] ApiDb:274 - Set plugin database path to: C:\ST\STM32CubeIDE_1.13.1\STM32CubeIDE\plugins\com.st.stm32cube.common.mx_6.9.1.202307191849\\db\/plugins/boardmanager/
2023-10-20 13:02:28,149 [WARN] ApiDb:259 - Overriding images path with different value:  => C:\ST\STM32CubeIDE_1.13.1\STM32CubeIDE\plugins\com.st.stm32cube.common.mx_6.9.1.202307191849\\db\/plugins/mcufinder/images/
2023-10-20 13:02:28,160 [INFO] ApiDb:250 - Set database path to: C:\Users\james\.stmcufinder\plugins\mcufinder//mcu/
2023-10-20 13:02:28,162 [INFO] DbMcusAds:125 - Set database path to: C:\Users\james\.stmcufinder\plugins\mcufinder//mcu/
2023-10-20 13:02:28,165 [INFO] CrossReferenceDbSqlite:203 - Set database path to: C:\Users\james\.stmcufinder\plugins\mcufinder//mcu/cs/
2023-10-20 13:02:28,287 [INFO] RulesReader:64 - Compatibility file has been processed (293 Rules)
2023-10-20 13:02:28,388 [INFO] DbMcusXml:78 - Set database path to: C:\ST\STM32CubeIDE_1.13.1\STM32CubeIDE\plugins\com.st.stm32cube.common.mx_6.9.1.202307191849\\db\/mcu/
2023-10-20 13:02:28,388 [INFO] ApiDb:274 - Set plugin database path to: C:\ST\STM32CubeIDE_1.13.1\STM32CubeIDE\plugins\com.st.stm32cube.common.mx_6.9.1.202307191849\\db\/plugins/boardmanager/
2023-10-20 13:02:28,389 [INFO] ApiDb:261 - Set plugin images path to: C:\ST\STM32CubeIDE_1.13.1\STM32CubeIDE\plugins\com.st.stm32cube.common.mx_6.9.1.202307191849\\db\/plugins/mcufinder/images/
2023-10-20 13:02:28,389 [WARN] DbFile:41 - Overriding database path with different value: C:\Users\james\.stmcufinder\plugins\mcufinder/ => C:\Users\james\.stmcufinder\plugins\mcufinder
2023-10-20 13:02:28,389 [INFO] ApiDb:250 - Set database path to: C:\Users\james\.stmcufinder\plugins\mcufinder//mcu/
2023-10-20 13:02:28,389 [WARN] DbFile:41 - Overriding database path with different value: C:\Users\james\.stmcufinder\plugins\mcufinder/ => C:\Users\james\.stmcufinder\plugins\mcufinder
2023-10-20 13:02:28,389 [INFO] DbMcusAds:125 - Set database path to: C:\Users\james\.stmcufinder\plugins\mcufinder//mcu/
2023-10-20 13:02:28,389 [WARN] DbFile:41 - Overriding database path with different value: C:\Users\james\.stmcufinder\plugins\mcufinder/ => C:\Users\james\.stmcufinder\plugins\mcufinder
2023-10-20 13:02:28,390 [WARN] DbFile:41 - Overriding database path with different value: C:\Users\james\.stmcufinder\plugins\mcufinder/ => C:\Users\james\.stmcufinder\plugins\mcufinder
2023-10-20 13:02:28,390 [INFO] CrossReferenceDbSqlite:203 - Set database path to: C:\Users\james\.stmcufinder\plugins\mcufinder//mcu/cs/
2023-10-20 13:02:28,482 [INFO] MainPanel:262 - HeapMemory: 268435456
2023-10-20 13:02:28,555 [INFO] DbMcusXml:78 - Set database path to: C:\ST\STM32CubeIDE_1.13.1\STM32CubeIDE\plugins\com.st.stm32cube.common.mx_6.9.1.202307191849\\db\/mcu/
2023-10-20 13:02:28,555 [INFO] ApiDb:274 - Set plugin database path to: C:\ST\STM32CubeIDE_1.13.1\STM32CubeIDE\plugins\com.st.stm32cube.common.mx_6.9.1.202307191849\\db\/plugins/boardmanager/
2023-10-20 13:02:28,555 [INFO] ApiDb:261 - Set plugin images path to: C:\ST\STM32CubeIDE_1.13.1\STM32CubeIDE\plugins\com.st.stm32cube.common.mx_6.9.1.202307191849\\db\/plugins/mcufinder/images/
2023-10-20 13:02:28,555 [WARN] DbFile:41 - Overriding database path with different value: C:\Users\james\.stmcufinder\plugins\mcufinder/ => C:\Users\james\.stmcufinder\plugins\mcufinder
2023-10-20 13:02:28,555 [INFO] ApiDb:250 - Set database path to: C:\Users\james\.stmcufinder\plugins\mcufinder//mcu/
2023-10-20 13:02:28,556 [WARN] DbFile:41 - Overriding database path with different value: C:\Users\james\.stmcufinder\plugins\mcufinder/ => C:\Users\james\.stmcufinder\plugins\mcufinder
2023-10-20 13:02:28,556 [INFO] DbMcusAds:125 - Set database path to: C:\Users\james\.stmcufinder\plugins\mcufinder//mcu/
2023-10-20 13:02:28,556 [WARN] DbFile:41 - Overriding database path with different value: C:\Users\james\.stmcufinder\plugins\mcufinder/ => C:\Users\james\.stmcufinder\plugins\mcufinder
2023-10-20 13:02:28,556 [WARN] DbFile:41 - Overriding database path with different value: C:\Users\james\.stmcufinder\plugins\mcufinder/ => C:\Users\james\.stmcufinder\plugins\mcufinder
2023-10-20 13:02:28,556 [INFO] CrossReferenceDbSqlite:203 - Set database path to: C:\Users\james\.stmcufinder\plugins\mcufinder//mcu/cs/
2023-10-20 13:02:28,576 [INFO] ApplicationProperties:184 - Using Application install path: C:\ST\STM32CubeIDE_1.13.1\STM32CubeIDE\plugins\com.st.stm32cube.common.mx_6.9.1.202307191849
2023-10-20 13:02:28,577 [INFO] PluginManage:196 - Search for loadable plugins [exclusion list=, ]
2023-10-20 13:02:28,578 [INFO] PluginManage:310 - Check plugin analytics
2023-10-20 13:02:28,737 [INFO] AnalyticsPlugin:253 - Accepted Software Licenses: 
2023-10-20 13:02:28,737 [INFO] AnalyticsPlugin:255 - Accepted CMSIS Pack Licenses: 
2023-10-20 13:02:28,737 [INFO] AnalyticsPlugin:257 - Accepted Firmware Licenses: FW.L4.1.18.0
2023-10-20 13:02:28,740 [INFO] PluginManage:359 - Loaded plugin analytics (category:tool,tabindex:-1)
2023-10-20 13:02:28,741 [INFO] PluginManage:310 - Check plugin cadmodel
2023-10-20 13:02:28,745 [INFO] CADModel:105 - Init CAD model plugin
2023-10-20 13:02:28,745 [INFO] PluginManage:359 - Loaded plugin cadmodel (category:power,tabindex:5)
2023-10-20 13:02:28,745 [INFO] PluginManage:310 - Check plugin clock
2023-10-20 13:02:28,754 [INFO] PluginManage:359 - Loaded plugin clock (category:base,tabindex:2)
2023-10-20 13:02:28,754 [INFO] PluginManage:310 - Check plugin ddr
2023-10-20 13:02:28,756 [INFO] PluginManage:359 - Loaded plugin ddr (category:tool,tabindex:6)
2023-10-20 13:02:28,757 [INFO] PluginManage:310 - Check plugin filemanager
2023-10-20 13:02:28,903 [INFO] PluginManage:359 - Loaded plugin filemanager (category:base,tabindex:10)
2023-10-20 13:02:28,903 [INFO] PluginManage:310 - Check plugin ipmanager
2023-10-20 13:02:28,913 [INFO] PluginManage:359 - Loaded plugin ipmanager (category:base,tabindex:5)
2023-10-20 13:02:28,913 [INFO] PluginManage:310 - Check plugin lpbam
2023-10-20 13:02:28,924 [INFO] PluginManage:359 - Loaded plugin lpbam (category:base,tabindex:0)
2023-10-20 13:02:28,924 [INFO] PluginManage:310 - Check plugin memorymap
2023-10-20 13:02:28,938 [INFO] PluginManage:359 - Loaded plugin memorymap (category:base,tabindex:4)
2023-10-20 13:02:28,938 [INFO] PluginManage:310 - Check plugin pinoutandconfiguration
2023-10-20 13:02:28,947 [INFO] PluginManage:359 - Loaded plugin pinoutandconfiguration (category:base,tabindex:1)
2023-10-20 13:02:28,947 [INFO] PluginManage:310 - Check plugin pinoutconfig
2023-10-20 13:02:29,040 [WARN] SupportedApi:132 - Cannot load RTOS API schema: s4s-elt-must-match.1: The content of 'definitions' must match (annotation?, (simpleType | complexType)?, (unique | key | keyref)*)). A problem was found starting at: attribute.
2023-10-20 13:02:29,171 [INFO] PluginManage:359 - Loaded plugin pinoutconfig (category:base,tabindex:0)
2023-10-20 13:02:29,171 [INFO] PluginManage:310 - Check plugin power
2023-10-20 13:02:29,180 [INFO] PluginManage:359 - Loaded plugin power (category:power,tabindex:4)
2023-10-20 13:02:29,180 [INFO] PluginManage:310 - Check plugin projectmanager
2023-10-20 13:02:29,193 [INFO] PluginManage:359 - Loaded plugin projectmanager (category:projectmanager,tabindex:3)
2023-10-20 13:02:29,194 [INFO] PluginManage:310 - Check plugin thirdparty
2023-10-20 13:02:29,334 [INFO] PluginManage:359 - Loaded plugin thirdparty (category:base,tabindex:-1)
2023-10-20 13:02:29,334 [WARN] IntegrityCheckThread:84 - waiting for thirdparty lock release [integrity check]
2023-10-20 13:02:29,334 [INFO] PluginManage:310 - Check plugin tools
2023-10-20 13:02:29,334 [INFO] IntegrityCheckThread:86 - entering critical section [integrity check]
2023-10-20 13:02:29,335 [INFO] ThirdPartyUpdaterWithRetryManager:70 - Updater plugin not ready yet. [1/15]
2023-10-20 13:02:29,339 [INFO] PluginManage:359 - Loaded plugin tools (category:base,tabindex:7)
2023-10-20 13:02:29,339 [INFO] PluginManage:310 - Check plugin tutovideos
2023-10-20 13:02:29,534 [INFO] PluginManage:359 - Loaded plugin tutovideos (category:base,tabindex:-1)
2023-10-20 13:02:29,534 [INFO] PluginManage:310 - Check plugin updater
2023-10-20 13:02:29,543 [INFO] PluginManage:359 - Loaded plugin updater (category:base,tabindex:12)
2023-10-20 13:02:29,543 [INFO] PluginManage:310 - Check plugin userauth
2023-10-20 13:02:29,548 [INFO] UserAuth:113 - Init User Auth plugin
2023-10-20 13:02:29,548 [INFO] PluginManage:359 - Loaded plugin userauth (category:base,tabindex:14)
2023-10-20 13:02:29,549 [INFO] PluginManage:283 - PluginManage : Loaded plugins [17]
2023-10-20 13:02:29,777 [INFO] PinOutPanel:1499 - setPackage(No Configuration,No Configuration)
2023-10-20 13:02:29,892 [INFO] CADModel:165 - CPN selected for project level
2023-10-20 13:02:29,893 [INFO] CADModel:114 - Register for checkConnection events
2023-10-20 13:02:29,908 [INFO] IPUIPlugin:80 - create IPUIPlugin
2023-10-20 13:02:29,908 [INFO] PluginManager:220 - loadIPPluginJar : add adc
2023-10-20 13:02:29,912 [INFO] IPUIPlugin:80 - create IPUIPlugin
2023-10-20 13:02:29,912 [INFO] PluginManager:220 - loadIPPluginJar : add aes
2023-10-20 13:02:29,915 [INFO] IPUIPlugin:80 - create IPUIPlugin
2023-10-20 13:02:29,915 [INFO] PluginManager:220 - loadIPPluginJar : add can
2023-10-20 13:02:29,916 [INFO] IPUIPlugin:80 - create IPUIPlugin
2023-10-20 13:02:29,917 [INFO] PluginManager:220 - loadIPPluginJar : add comp
2023-10-20 13:02:29,919 [INFO] IPUIPlugin:80 - create IPUIPlugin
2023-10-20 13:02:29,919 [INFO] PluginManager:220 - loadIPPluginJar : add cryp
2023-10-20 13:02:29,921 [INFO] IPUIPlugin:80 - create IPUIPlugin
2023-10-20 13:02:29,921 [INFO] PluginManager:220 - loadIPPluginJar : add dfsdm
2023-10-20 13:02:29,926 [INFO] IPUIPlugin:80 - create IPUIPlugin
2023-10-20 13:02:29,927 [INFO] PluginManager:220 - loadIPPluginJar : add dma
2023-10-20 13:02:29,929 [INFO] IPUIPlugin:80 - create IPUIPlugin
2023-10-20 13:02:29,929 [INFO] PluginManager:220 - loadIPPluginJar : add dma3
2023-10-20 13:02:29,931 [INFO] IPUIPlugin:80 - create IPUIPlugin
2023-10-20 13:02:29,931 [INFO] PluginManager:220 - loadIPPluginJar : add fatfs
2023-10-20 13:02:29,935 [INFO] IPUIPlugin:80 - create IPUIPlugin
2023-10-20 13:02:29,935 [INFO] PluginManager:220 - loadIPPluginJar : add fmc
2023-10-20 13:02:29,940 [INFO] IPUIPlugin:80 - create IPUIPlugin
2023-10-20 13:02:29,940 [INFO] PluginManager:220 - loadIPPluginJar : add freertos
2023-10-20 13:02:29,942 [INFO] IPUIPlugin:80 - create IPUIPlugin
2023-10-20 13:02:29,942 [INFO] PluginManager:220 - loadIPPluginJar : add genericplugin
2023-10-20 13:02:29,945 [INFO] IPUIPlugin:80 - create IPUIPlugin
2023-10-20 13:02:29,945 [INFO] PluginManager:220 - loadIPPluginJar : add gfxmmu
2023-10-20 13:02:29,949 [INFO] IPUIPlugin:80 - create IPUIPlugin
2023-10-20 13:02:29,950 [INFO] PluginManager:220 - loadIPPluginJar : add gic
2023-10-20 13:02:29,954 [INFO] IPUIPlugin:80 - create IPUIPlugin
2023-10-20 13:02:29,954 [INFO] PluginManager:220 - loadIPPluginJar : add gpio
2023-10-20 13:02:29,956 [INFO] IPUIPlugin:80 - create IPUIPlugin
2023-10-20 13:02:29,956 [INFO] PluginManager:220 - loadIPPluginJar : add gtzc
2023-10-20 13:02:29,959 [INFO] IPUIPlugin:80 - create IPUIPlugin
2023-10-20 13:02:29,959 [INFO] PluginManager:220 - loadIPPluginJar : add hash
2023-10-20 13:02:29,961 [INFO] IPUIPlugin:80 - create IPUIPlugin
2023-10-20 13:02:29,961 [INFO] PluginManager:220 - loadIPPluginJar : add i2c
2023-10-20 13:02:29,964 [INFO] IPUIPlugin:80 - create IPUIPlugin
2023-10-20 13:02:29,964 [INFO] PluginManager:220 - loadIPPluginJar : add i2s
2023-10-20 13:02:29,966 [INFO] IPUIPlugin:80 - create IPUIPlugin
2023-10-20 13:02:29,966 [INFO] PluginManager:220 - loadIPPluginJar : add i3c
2023-10-20 13:02:29,969 [INFO] IPUIPlugin:80 - create IPUIPlugin
2023-10-20 13:02:29,969 [INFO] PluginManager:220 - loadIPPluginJar : add ipddr
2023-10-20 13:02:29,975 [INFO] IPUIPlugin:80 - create IPUIPlugin
2023-10-20 13:02:29,975 [INFO] PluginManager:220 - loadIPPluginJar : add linkedlist
2023-10-20 13:02:29,978 [INFO] IPUIPlugin:80 - create IPUIPlugin
2023-10-20 13:02:29,978 [INFO] PluginManager:220 - loadIPPluginJar : add lorawan
2023-10-20 13:02:29,980 [INFO] IPUIPlugin:80 - create IPUIPlugin
2023-10-20 13:02:29,980 [INFO] PluginManager:220 - loadIPPluginJar : add ltdc
2023-10-20 13:02:29,985 [INFO] IPUIPlugin:80 - create IPUIPlugin
2023-10-20 13:02:29,986 [INFO] PluginManager:220 - loadIPPluginJar : add mdma
2023-10-20 13:02:29,988 [INFO] IPUIPlugin:80 - create IPUIPlugin
2023-10-20 13:02:29,989 [INFO] PluginManager:220 - loadIPPluginJar : add nvic
2023-10-20 13:02:29,991 [INFO] IPUIPlugin:80 - create IPUIPlugin
2023-10-20 13:02:29,991 [INFO] PluginManager:220 - loadIPPluginJar : add opamp
2023-10-20 13:02:29,993 [INFO] IPUIPlugin:80 - create IPUIPlugin
2023-10-20 13:02:29,994 [INFO] PluginManager:220 - loadIPPluginJar : add openamp
2023-10-20 13:02:29,996 [INFO] IPUIPlugin:80 - create IPUIPlugin
2023-10-20 13:02:29,997 [INFO] PluginManager:220 - loadIPPluginJar : add pdm2pcm
2023-10-20 13:02:30,001 [INFO] IPUIPlugin:80 - create IPUIPlugin
2023-10-20 13:02:30,004 [INFO] PluginManager:220 - loadIPPluginJar : add plateformsettings
2023-10-20 13:02:30,005 [INFO] IPUIPlugin:80 - create IPUIPlugin
2023-10-20 13:02:30,005 [INFO] PluginManager:220 - loadIPPluginJar : add quadspi
2023-10-20 13:02:30,008 [INFO] IPUIPlugin:80 - create IPUIPlugin
2023-10-20 13:02:30,008 [INFO] PluginManager:220 - loadIPPluginJar : add resmgrutility
2023-10-20 13:02:30,010 [INFO] IPUIPlugin:80 - create IPUIPlugin
2023-10-20 13:02:30,011 [INFO] PluginManager:220 - loadIPPluginJar : add sai
2023-10-20 13:02:30,013 [INFO] IPUIPlugin:80 - create IPUIPlugin
2023-10-20 13:02:30,013 [INFO] PluginManager:220 - loadIPPluginJar : add spi
2023-10-20 13:02:30,017 [INFO] IPUIPlugin:80 - create IPUIPlugin
2023-10-20 13:02:30,017 [INFO] PluginManager:220 - loadIPPluginJar : add stm32_wpan
2023-10-20 13:02:30,018 [INFO] IPUIPlugin:80 - create IPUIPlugin
2023-10-20 13:02:30,019 [INFO] PluginManager:220 - loadIPPluginJar : add tim
2023-10-20 13:02:30,022 [INFO] IPUIPlugin:80 - create IPUIPlugin
2023-10-20 13:02:30,022 [INFO] PluginManager:220 - loadIPPluginJar : add touchsensing
2023-10-20 13:02:30,023 [INFO] IPUIPlugin:80 - create IPUIPlugin
2023-10-20 13:02:30,024 [INFO] PluginManager:220 - loadIPPluginJar : add tracer_emb
2023-10-20 13:02:30,025 [INFO] IPUIPlugin:80 - create IPUIPlugin
2023-10-20 13:02:30,025 [INFO] PluginManager:220 - loadIPPluginJar : add ts
2023-10-20 13:02:30,027 [INFO] IPUIPlugin:80 - create IPUIPlugin
2023-10-20 13:02:30,027 [INFO] PluginManager:220 - loadIPPluginJar : add tsc
2023-10-20 13:02:30,028 [INFO] IPUIPlugin:80 - create IPUIPlugin
2023-10-20 13:02:30,029 [INFO] PluginManager:220 - loadIPPluginJar : add ucpd
2023-10-20 13:02:30,031 [INFO] IPUIPlugin:80 - create IPUIPlugin
2023-10-20 13:02:30,031 [INFO] PluginManager:220 - loadIPPluginJar : add usart
2023-10-20 13:02:30,034 [INFO] IPUIPlugin:80 - create IPUIPlugin
2023-10-20 13:02:30,034 [INFO] PluginManager:220 - loadIPPluginJar : add usbx
2023-10-20 13:02:30,166 [INFO] CADModel:165 - CPN selected for project level
2023-10-20 13:02:30,166 [INFO] CADModel:114 - Register for checkConnection events
2023-10-20 13:02:30,167 [FATAL] Updater:308 - Updater called before beeing initialized
2023-10-20 13:02:30,167 [ERROR] CADModel:125 - Updater not yet initialized, retry later 
2023-10-20 13:02:30,351 [INFO] CADModel:165 - CPN selected for project level
2023-10-20 13:02:30,351 [INFO] CADModel:114 - Register for checkConnection events
2023-10-20 13:02:30,351 [FATAL] Updater:308 - Updater called before beeing initialized
2023-10-20 13:02:30,351 [ERROR] CADModel:125 - Updater not yet initialized, retry later 
2023-10-20 13:02:30,356 [FATAL] Updater:308 - Updater called before beeing initialized
2023-10-20 13:02:30,481 [FATAL] Updater:308 - Updater called before beeing initialized
2023-10-20 13:02:30,487 [INFO] DbMcusAds:53 - JSON generation date=Tue Mar 07 03:50:55 EST 2023 (1678179055114)
2023-10-20 13:02:30,487 [FATAL] Updater:308 - Updater called before beeing initialized
2023-10-20 13:02:30,533 [WARN] DetailPanel:346 - Failed to get advertising image, set to default
2023-10-20 13:02:30,667 [FATAL] Updater:308 - Updater called before beeing initialized
2023-10-20 13:02:30,668 [FATAL] Updater:308 - Updater called before beeing initialized
2023-10-20 13:02:30,668 [FATAL] Updater:308 - Updater called before beeing initialized
2023-10-20 13:02:30,668 [WARN] DetailPanel:346 - Failed to get advertising image, set to default
2023-10-20 13:02:30,670 [FATAL] Updater:308 - Updater called before beeing initialized
2023-10-20 13:02:30,714 [ERROR] Updater:1120 - MainUpdater not yet initialized. External WinMGr cannot be set.
2023-10-20 13:02:30,716 [INFO] Updater:1056 - Updater Version found : 6.9.1
2023-10-20 13:02:30,732 [INFO] ApplicationProperties:184 - Using Application install path: C:\ST\STM32CubeIDE_1.13.1\STM32CubeIDE\plugins\com.st.stm32cube.common.mx_6.9.1.202307191849
2023-10-20 13:02:30,883 [INFO] MainUpdater:2868 - connection check result : 10
2023-10-20 13:02:30,884 [INFO] MainUpdater:285 - Updater Check For Update Now.
2023-10-20 13:02:30,884 [INFO] MicroXplorer:498 - Change Database Version : DB.6.0.91
2023-10-20 13:02:30,892 [INFO] McuFinderGlobals:63 - Set McuFinder mode to 2 (CubeIDE integrated)
2023-10-20 13:02:30,892 [INFO] UserAuth:179 - activating auth plugin
2023-10-20 13:02:30,894 [INFO] UserAuth:393 - Internet connection configuration mode: 1
2023-10-20 13:02:30,910 [INFO] JxBrowserEngine:151 - Initiate JxBrowser Engine with user profile folder
2023-10-20 13:02:31,055 [INFO] CheckServerUpdateThread:120 - End of CheckServer Thread
2023-10-20 13:02:31,736 [INFO] WebApp:157 - Instantiating new browser for Auth
2023-10-20 13:02:32,307 [INFO] WebApp:753 - Register for checkConnection events
2023-10-20 13:02:32,308 [INFO] WebApp:390 - Apply proxy settings
2023-10-20 13:02:32,308 [INFO] WebApp:475 - Chromium requires no authentication
2023-10-20 13:02:32,317 [INFO] WebApp:418 - Direct internet connection detected
2023-10-20 13:02:32,636 [WARN] PackLoader:240 - Cannot read IP mode file for STMicroelectronics.X-CUBE-SMBUS.2.1.0
2023-10-20 13:02:32,655 [INFO] WebApp:188 - Starting web application
2023-10-20 13:02:32,655 [INFO] WebApp:520 - Web application path used C:\ST\STM32CubeIDE_1.13.1\STM32CubeIDE\plugins\com.st.stm32cube.common.mx_6.9.1.202307191849\db\plugins\mcufinder\reactClient1\index.html
2023-10-20 13:02:32,758 [WARN] PackLoader:240 - Cannot read IP mode file for STMicroelectronics.X-CUBE-AZRTOS-F7.1.1.0
2023-10-20 13:02:32,786 [WARN] PackLoader:240 - Cannot read IP mode file for STMicroelectronics.FP-SNS-MOTENV1.4.3.2
2023-10-20 13:02:32,818 [WARN] PackLoader:240 - Cannot read IP mode file for STMicroelectronics.X-CUBE-DISPLAY.3.0.0
2023-10-20 13:02:32,843 [WARN] PackLoader:240 - Cannot read IP mode file for emotas.I-CUBE-CANOPEN.1.3.0
2023-10-20 13:02:32,857 [WARN] PackLoader:240 - Cannot read IP mode file for STMicroelectronics.X-CUBE-TOUCHGFX.4.22.0
2023-10-20 13:02:32,863 [WARN] PackLoader:240 - Cannot read IP mode file for STMicroelectronics.X-CUBE-TOUCHGFX.4.22.1
2023-10-20 13:02:32,871 [WARN] PackLoader:240 - Cannot read IP mode file for STMicroelectronics.FP-SNS-SMARTAG2.1.2.0
2023-10-20 13:02:32,887 [INFO] LogOutputStream:77 - [STDOUT_REDIRECT] 1 : Invalid condition id : UX_CORESTACK_Condition cause : null
2023-10-20 13:02:32,888 [INFO] LogOutputStream:77 - [STDOUT_REDIRECT] 1 : Invalid condition id : UX_CORESTACK_Condition cause : null
2023-10-20 13:02:32,889 [INFO] LogOutputStream:77 - [STDOUT_REDIRECT] 1 : Invalid condition id : UX_CORESTACK_Condition cause : null
2023-10-20 13:02:32,892 [INFO] LogOutputStream:77 - [STDOUT_REDIRECT] 1 : Invalid condition id : UX_CORESTACK_Condition cause : null
2023-10-20 13:02:32,894 [INFO] LogOutputStream:77 - [STDOUT_REDIRECT] 1 : Invalid condition id : UX_CORESTACK_Condition cause : null
2023-10-20 13:02:32,910 [WARN] PackLoader:240 - Cannot read IP mode file for STMicroelectronics.X-CUBE-AZRTOS-WL.2.0.0
2023-10-20 13:02:32,948 [WARN] PackLoader:240 - Cannot read IP mode file for WES.I-CUBE-Cesium.1.3.0
2023-10-20 13:02:32,970 [WARN] PackLoader:240 - Cannot read IP mode file for STMicroelectronics.X-CUBE-BLE2.3.3.0
2023-10-20 13:02:32,991 [WARN] PackLoader:240 - Cannot read IP mode file for STMicroelectronics.X-CUBE-ALGOBUILD.1.3.0
2023-10-20 13:02:33,029 [WARN] PackLoader:240 - Cannot read IP mode file for STMicroelectronics.X-CUBE-AZRTOS-G0.1.1.0
2023-10-20 13:02:33,043 [WARN] PackLoader:240 - Cannot read IP mode file for STMicroelectronics.X-CUBE-NFC4.3.0.0
2023-10-20 13:02:33,051 [WARN] PackLoader:240 - Cannot read IP mode file for STMicroelectronics.FP-ATR-SIGFOX1.3.2.0
2023-10-20 13:02:33,101 [WARN] PackLoader:240 - Cannot read IP mode file for SEGGER.I-CUBE-embOS.1.3.1
2023-10-20 13:02:33,170 [WARN] PackLoader:240 - Cannot read IP mode file for STMicroelectronics.X-CUBE-GNSS1.6.0.0
2023-10-20 13:02:33,220 [WARN] PackLoader:240 - Cannot read IP mode file for STMicroelectronics.X-CUBE-AZRTOS-F4.1.1.0
2023-10-20 13:02:33,236 [WARN] PackLoader:240 - Cannot read IP mode file for wolfSSL.I-CUBE-wolfSSL.5.6.3
2023-10-20 13:02:33,256 [WARN] PackLoader:240 - Cannot read IP mode file for STMicroelectronics.X-CUBE-AZRTOS-L5.2.0.0
2023-10-20 13:02:33,308 [WARN] PackLoader:240 - Cannot read IP mode file for STMicroelectronics.X-CUBE-MEMS1.9.6.0
2023-10-20 13:02:33,489 [WARN] PackLoader:240 - Cannot read IP mode file for ITTIA_DB.I-CUBE-ITTIADB.8.8.0
2023-10-20 13:02:33,496 [WARN] PackLoader:240 - Cannot read IP mode file for STMicroelectronics.X-CUBE-BLEMGR.2.0.0
2023-10-20 13:02:33,518 [WARN] ConditionMgr:438 - getConditionDescription Invalid condition id : UX DEVICE CLASS RTOS Condition cause : null
2023-10-20 13:02:33,518 [WARN] ConditionMgr:438 - getConditionDescription Invalid condition id : UX DEVICE CLASS RTOS Condition cause : null
2023-10-20 13:02:33,528 [WARN] PackLoader:240 - Cannot read IP mode file for STMicroelectronics.X-CUBE-AZRTOS-H7.3.1.0
2023-10-20 13:02:33,529 [WARN] ConditionMgr:1039 - genDependencies : Invalid condition id : UX DEVICE CLASS RTOS Condition cause : null
2023-10-20 13:02:33,529 [WARN] ConditionMgr:1039 - genDependencies : Invalid condition id : UX DEVICE CLASS RTOS Condition cause : null
2023-10-20 13:02:33,530 [WARN] ConditionMgr:1039 - genDependencies : Invalid condition id : UX DEVICE CLASS RTOS Condition cause : null
2023-10-20 13:02:33,530 [WARN] ConditionMgr:1039 - genDependencies : Invalid condition id : UX DEVICE CLASS RTOS Condition cause : null
2023-10-20 13:02:33,530 [WARN] ConditionMgr:1039 - genDependencies : Invalid condition id : UX DEVICE CLASS RTOS Condition cause : null
2023-10-20 13:02:33,538 [WARN] PackLoader:240 - Cannot read IP mode file for STMicroelectronics.X-CUBE-NFC7.1.0.1
2023-10-20 13:02:33,547 [WARN] PackLoader:240 - Cannot read IP mode file for STMicroelectronics.X-CUBE-NFC6.3.0.0
2023-10-20 13:02:33,560 [WARN] PackLoader:240 - Cannot read IP mode file for STMicroelectronics.X-CUBE-EEPRMA1.4.1.0
2023-10-20 13:02:33,582 [WARN] ConditionMgr:438 - getConditionDescription Invalid condition id : LAN8742 Phy interface Condition cause : null
2023-10-20 13:02:33,583 [WARN] PackLoader:240 - Cannot read IP mode file for STMicroelectronics.X-CUBE-AZRTOS-L4.2.0.0
2023-10-20 13:02:33,585 [WARN] ConditionMgr:1039 - genDependencies : Invalid condition id : LAN8742 Phy interface Condition cause : null
2023-10-20 13:02:33,585 [WARN] ConditionMgr:1039 - genDependencies : Invalid condition id : LAN8742 Phy interface Condition cause : null
2023-10-20 13:02:33,586 [WARN] ConditionMgr:1039 - genDependencies : Invalid condition id : LAN8742 Phy interface Condition cause : null
2023-10-20 13:02:33,596 [WARN] PackLoader:240 - Cannot read IP mode file for STMicroelectronics.X-CUBE-SFXS2LP1.4.0.0
2023-10-20 13:02:33,601 [WARN] PackLoader:240 - Cannot read IP mode file for STMicroelectronics.X-CUBE-ISPU.1.1.0
2023-10-20 13:02:33,614 [WARN] ConditionMgr:438 - getConditionDescription Invalid condition id : UX DEVICE CLASS RTOS Condition cause : null
2023-10-20 13:02:33,614 [WARN] ConditionMgr:438 - getConditionDescription Invalid condition id : UX DEVICE CLASS RTOS Condition cause : null
2023-10-20 13:02:33,616 [WARN] PackLoader:240 - Cannot read IP mode file for STMicroelectronics.X-CUBE-AZRTOS-WB.2.0.0
2023-10-20 13:02:33,617 [WARN] ConditionMgr:1039 - genDependencies : Invalid condition id : UX DEVICE CLASS RTOS Condition cause : null
2023-10-20 13:02:33,617 [WARN] ConditionMgr:1039 - genDependencies : Invalid condition id : UX DEVICE CLASS RTOS Condition cause : null
2023-10-20 13:02:33,617 [WARN] ConditionMgr:1039 - genDependencies : Invalid condition id : UX DEVICE CLASS RTOS Condition cause : null
2023-10-20 13:02:33,618 [WARN] ConditionMgr:1039 - genDependencies : Invalid condition id : UX DEVICE CLASS RTOS Condition cause : null
2023-10-20 13:02:33,618 [WARN] ConditionMgr:1039 - genDependencies : Invalid condition id : UX DEVICE CLASS RTOS Condition cause : null
2023-10-20 13:02:33,628 [WARN] PackLoader:240 - Cannot read IP mode file for STMicroelectronics.X-CUBE-SUBG2.5.0.0
2023-10-20 13:02:33,646 [WARN] PackLoader:240 - Cannot read IP mode file for STMicroelectronics.X-CUBE-AZRTOS-G4.2.0.0
2023-10-20 13:02:33,660 [WARN] PackLoader:240 - Cannot read IP mode file for Infineon.AIROC-Wi-Fi-Bluetooth-STM32.1.5.1
2023-10-20 13:02:33,697 [WARN] PackLoader:240 - Cannot read IP mode file for STMicroelectronics.X-CUBE-MEMS1.10.0.0
2023-10-20 13:02:33,819 [WARN] PackLoader:240 - Cannot read IP mode file for portGmbH.I-Cube-SoM-uGOAL.1.1.0
2023-10-20 13:02:33,825 [WARN] PackLoader:240 - Cannot read IP mode file for STMicroelectronics.X-CUBE-ALS.1.0.1
2023-10-20 13:02:33,831 [WARN] PackLoader:240 - Cannot read IP mode file for STMicroelectronics.FP-ATR-ASTRA1.2.0.0
2023-10-20 13:02:33,833 [INFO] ThirdParty:978 - Integrity check success = true
2023-10-20 13:02:33,833 [INFO] IntegrityCheckThread:100 - exiting critical section [integrity check]
2023-10-20 13:02:33,833 [INFO] IntegrityCheckThread:103 - End integrity checks thread
2023-10-20 13:02:53,688 [ERROR] LogOutputStream:75 - [STDERR_REDIRECT] SLF4J: Failed to load class "org.slf4j.impl.StaticLoggerBinder".
2023-10-20 13:02:53,688 [ERROR] LogOutputStream:75 - [STDERR_REDIRECT] SLF4J: Defaulting to no-operation (NOP) logger implementation
2023-10-20 13:02:53,690 [ERROR] LogOutputStream:75 - [STDERR_REDIRECT] SLF4J: See http://www.slf4j.org/codes.html#StaticLoggerBinder for further details.
2023-10-20 14:03:29,220 [ERROR] LogOutputStream:75 - [STDERR_REDIRECT] 
