2023-12-03 12:39:22,094 [INFO] Activator:176 - 


2023-12-03 12:39:22,107 [INFO] Activator:177 - !SESSION log4j initialized
2023-12-03 12:39:27,961 [INFO] LogOutputStream:77 - [STDOUT_REDIRECT] 
2023-12-03 12:39:29,254 [INFO] ApplicationProperties:184 - Using Application install path: C:\ST\STM32CubeIDE_1.13.1\STM32CubeIDE\plugins\com.st.stm32cube.common.mx_6.9.1.202307191849
2023-12-03 12:39:29,285 [INFO] DbMcusXml:78 - Set database path to: C:\ST\STM32CubeIDE_1.13.1\STM32CubeIDE\plugins\com.st.stm32cube.common.mx_6.9.1.202307191849\\db\/mcu/
2023-12-03 12:39:29,286 [INFO] ApiDb:274 - Set plugin database path to: C:\ST\STM32CubeIDE_1.13.1\STM32CubeIDE\plugins\com.st.stm32cube.common.mx_6.9.1.202307191849\\db\/plugins/boardmanager/
2023-12-03 12:39:29,287 [WARN] ApiDb:259 - Overriding images path with different value:  => C:\ST\STM32CubeIDE_1.13.1\STM32CubeIDE\plugins\com.st.stm32cube.common.mx_6.9.1.202307191849\\db\/plugins/mcufinder/images/
2023-12-03 12:39:29,304 [INFO] ApiDb:250 - Set database path to: C:\Users\james\.stmcufinder\plugins\mcufinder//mcu/
2023-12-03 12:39:29,306 [INFO] DbMcusAds:125 - Set database path to: C:\Users\james\.stmcufinder\plugins\mcufinder//mcu/
2023-12-03 12:39:29,310 [INFO] CrossReferenceDbSqlite:203 - Set database path to: C:\Users\james\.stmcufinder\plugins\mcufinder//mcu/cs/
2023-12-03 12:39:29,481 [INFO] RulesReader:64 - Compatibility file has been processed (293 Rules)
2023-12-03 12:39:29,603 [INFO] DbMcusXml:78 - Set database path to: C:\ST\STM32CubeIDE_1.13.1\STM32CubeIDE\plugins\com.st.stm32cube.common.mx_6.9.1.202307191849\\db\/mcu/
2023-12-03 12:39:29,603 [INFO] ApiDb:274 - Set plugin database path to: C:\ST\STM32CubeIDE_1.13.1\STM32CubeIDE\plugins\com.st.stm32cube.common.mx_6.9.1.202307191849\\db\/plugins/boardmanager/
2023-12-03 12:39:29,603 [INFO] ApiDb:261 - Set plugin images path to: C:\ST\STM32CubeIDE_1.13.1\STM32CubeIDE\plugins\com.st.stm32cube.common.mx_6.9.1.202307191849\\db\/plugins/mcufinder/images/
2023-12-03 12:39:29,604 [WARN] DbFile:41 - Overriding database path with different value: C:\Users\james\.stmcufinder\plugins\mcufinder/ => C:\Users\james\.stmcufinder\plugins\mcufinder
2023-12-03 12:39:29,604 [INFO] ApiDb:250 - Set database path to: C:\Users\james\.stmcufinder\plugins\mcufinder//mcu/
2023-12-03 12:39:29,604 [WARN] DbFile:41 - Overriding database path with different value: C:\Users\james\.stmcufinder\plugins\mcufinder/ => C:\Users\james\.stmcufinder\plugins\mcufinder
2023-12-03 12:39:29,604 [INFO] DbMcusAds:125 - Set database path to: C:\Users\james\.stmcufinder\plugins\mcufinder//mcu/
2023-12-03 12:39:29,604 [WARN] DbFile:41 - Overriding database path with different value: C:\Users\james\.stmcufinder\plugins\mcufinder/ => C:\Users\james\.stmcufinder\plugins\mcufinder
2023-12-03 12:39:29,604 [WARN] DbFile:41 - Overriding database path with different value: C:\Users\james\.stmcufinder\plugins\mcufinder/ => C:\Users\james\.stmcufinder\plugins\mcufinder
2023-12-03 12:39:29,605 [INFO] CrossReferenceDbSqlite:203 - Set database path to: C:\Users\james\.stmcufinder\plugins\mcufinder//mcu/cs/
2023-12-03 12:39:29,694 [INFO] MainPanel:262 - HeapMemory: 268435456
2023-12-03 12:39:29,775 [INFO] DbMcusXml:78 - Set database path to: C:\ST\STM32CubeIDE_1.13.1\STM32CubeIDE\plugins\com.st.stm32cube.common.mx_6.9.1.202307191849\\db\/mcu/
2023-12-03 12:39:29,776 [INFO] ApiDb:274 - Set plugin database path to: C:\ST\STM32CubeIDE_1.13.1\STM32CubeIDE\plugins\com.st.stm32cube.common.mx_6.9.1.202307191849\\db\/plugins/boardmanager/
2023-12-03 12:39:29,776 [INFO] ApiDb:261 - Set plugin images path to: C:\ST\STM32CubeIDE_1.13.1\STM32CubeIDE\plugins\com.st.stm32cube.common.mx_6.9.1.202307191849\\db\/plugins/mcufinder/images/
2023-12-03 12:39:29,777 [WARN] DbFile:41 - Overriding database path with different value: C:\Users\james\.stmcufinder\plugins\mcufinder/ => C:\Users\james\.stmcufinder\plugins\mcufinder
2023-12-03 12:39:29,777 [INFO] ApiDb:250 - Set database path to: C:\Users\james\.stmcufinder\plugins\mcufinder//mcu/
2023-12-03 12:39:29,777 [WARN] DbFile:41 - Overriding database path with different value: C:\Users\james\.stmcufinder\plugins\mcufinder/ => C:\Users\james\.stmcufinder\plugins\mcufinder
2023-12-03 12:39:29,777 [INFO] DbMcusAds:125 - Set database path to: C:\Users\james\.stmcufinder\plugins\mcufinder//mcu/
2023-12-03 12:39:29,777 [WARN] DbFile:41 - Overriding database path with different value: C:\Users\james\.stmcufinder\plugins\mcufinder/ => C:\Users\james\.stmcufinder\plugins\mcufinder
2023-12-03 12:39:29,777 [WARN] DbFile:41 - Overriding database path with different value: C:\Users\james\.stmcufinder\plugins\mcufinder/ => C:\Users\james\.stmcufinder\plugins\mcufinder
2023-12-03 12:39:29,777 [INFO] CrossReferenceDbSqlite:203 - Set database path to: C:\Users\james\.stmcufinder\plugins\mcufinder//mcu/cs/
2023-12-03 12:39:29,802 [INFO] ApplicationProperties:184 - Using Application install path: C:\ST\STM32CubeIDE_1.13.1\STM32CubeIDE\plugins\com.st.stm32cube.common.mx_6.9.1.202307191849
2023-12-03 12:39:29,804 [INFO] PluginManage:196 - Search for loadable plugins [exclusion list=, ]
2023-12-03 12:39:29,806 [INFO] PluginManage:310 - Check plugin analytics
2023-12-03 12:39:29,981 [INFO] AnalyticsPlugin:253 - Accepted Software Licenses: 
2023-12-03 12:39:29,982 [INFO] AnalyticsPlugin:255 - Accepted CMSIS Pack Licenses: 
2023-12-03 12:39:29,982 [INFO] AnalyticsPlugin:257 - Accepted Firmware Licenses: FW.L4.1.18.0
2023-12-03 12:39:29,985 [INFO] PluginManage:359 - Loaded plugin analytics (category:tool,tabindex:-1)
2023-12-03 12:39:29,985 [INFO] PluginManage:310 - Check plugin cadmodel
2023-12-03 12:39:29,988 [INFO] CADModel:105 - Init CAD model plugin
2023-12-03 12:39:29,989 [INFO] PluginManage:359 - Loaded plugin cadmodel (category:power,tabindex:5)
2023-12-03 12:39:29,989 [INFO] PluginManage:310 - Check plugin clock
2023-12-03 12:39:29,998 [INFO] PluginManage:359 - Loaded plugin clock (category:base,tabindex:2)
2023-12-03 12:39:29,998 [INFO] PluginManage:310 - Check plugin ddr
2023-12-03 12:39:30,000 [INFO] PluginManage:359 - Loaded plugin ddr (category:tool,tabindex:6)
2023-12-03 12:39:30,000 [INFO] PluginManage:310 - Check plugin filemanager
2023-12-03 12:39:30,131 [INFO] PluginManage:359 - Loaded plugin filemanager (category:base,tabindex:10)
2023-12-03 12:39:30,131 [INFO] PluginManage:310 - Check plugin ipmanager
2023-12-03 12:39:30,139 [INFO] PluginManage:359 - Loaded plugin ipmanager (category:base,tabindex:5)
2023-12-03 12:39:30,139 [INFO] PluginManage:310 - Check plugin lpbam
2023-12-03 12:39:30,147 [INFO] PluginManage:359 - Loaded plugin lpbam (category:base,tabindex:0)
2023-12-03 12:39:30,148 [INFO] PluginManage:310 - Check plugin memorymap
2023-12-03 12:39:30,159 [INFO] PluginManage:359 - Loaded plugin memorymap (category:base,tabindex:4)
2023-12-03 12:39:30,159 [INFO] PluginManage:310 - Check plugin pinoutandconfiguration
2023-12-03 12:39:30,168 [INFO] PluginManage:359 - Loaded plugin pinoutandconfiguration (category:base,tabindex:1)
2023-12-03 12:39:30,168 [INFO] PluginManage:310 - Check plugin pinoutconfig
2023-12-03 12:39:30,270 [WARN] SupportedApi:132 - Cannot load RTOS API schema: s4s-elt-must-match.1: The content of 'definitions' must match (annotation?, (simpleType | complexType)?, (unique | key | keyref)*)). A problem was found starting at: attribute.
2023-12-03 12:39:30,409 [INFO] PluginManage:359 - Loaded plugin pinoutconfig (category:base,tabindex:0)
2023-12-03 12:39:30,409 [INFO] PluginManage:310 - Check plugin power
2023-12-03 12:39:30,418 [INFO] PluginManage:359 - Loaded plugin power (category:power,tabindex:4)
2023-12-03 12:39:30,418 [INFO] PluginManage:310 - Check plugin projectmanager
2023-12-03 12:39:30,436 [INFO] PluginManage:359 - Loaded plugin projectmanager (category:projectmanager,tabindex:3)
2023-12-03 12:39:30,436 [INFO] PluginManage:310 - Check plugin thirdparty
2023-12-03 12:39:30,572 [INFO] PluginManage:359 - Loaded plugin thirdparty (category:base,tabindex:-1)
2023-12-03 12:39:30,572 [WARN] IntegrityCheckThread:84 - waiting for thirdparty lock release [integrity check]
2023-12-03 12:39:30,572 [INFO] PluginManage:310 - Check plugin tools
2023-12-03 12:39:30,572 [INFO] IntegrityCheckThread:86 - entering critical section [integrity check]
2023-12-03 12:39:30,573 [INFO] ThirdPartyUpdaterWithRetryManager:70 - Updater plugin not ready yet. [1/15]
2023-12-03 12:39:30,575 [INFO] PluginManage:359 - Loaded plugin tools (category:base,tabindex:7)
2023-12-03 12:39:30,575 [INFO] PluginManage:310 - Check plugin tutovideos
2023-12-03 12:39:30,774 [INFO] PluginManage:359 - Loaded plugin tutovideos (category:base,tabindex:-1)
2023-12-03 12:39:30,774 [INFO] PluginManage:310 - Check plugin updater
2023-12-03 12:39:30,787 [INFO] PluginManage:359 - Loaded plugin updater (category:base,tabindex:12)
2023-12-03 12:39:30,787 [INFO] PluginManage:310 - Check plugin userauth
2023-12-03 12:39:30,793 [INFO] UserAuth:113 - Init User Auth plugin
2023-12-03 12:39:30,793 [INFO] PluginManage:359 - Loaded plugin userauth (category:base,tabindex:14)
2023-12-03 12:39:30,794 [INFO] PluginManage:283 - PluginManage : Loaded plugins [17]
2023-12-03 12:39:31,075 [INFO] PinOutPanel:1499 - setPackage(No Configuration,No Configuration)
2023-12-03 12:39:31,197 [INFO] CADModel:165 - CPN selected for project level
2023-12-03 12:39:31,198 [INFO] CADModel:114 - Register for checkConnection events
2023-12-03 12:39:31,216 [INFO] IPUIPlugin:80 - create IPUIPlugin
2023-12-03 12:39:31,216 [INFO] PluginManager:220 - loadIPPluginJar : add adc
2023-12-03 12:39:31,218 [INFO] IPUIPlugin:80 - create IPUIPlugin
2023-12-03 12:39:31,219 [INFO] PluginManager:220 - loadIPPluginJar : add aes
2023-12-03 12:39:31,221 [INFO] IPUIPlugin:80 - create IPUIPlugin
2023-12-03 12:39:31,222 [INFO] PluginManager:220 - loadIPPluginJar : add can
2023-12-03 12:39:31,224 [INFO] IPUIPlugin:80 - create IPUIPlugin
2023-12-03 12:39:31,224 [INFO] PluginManager:220 - loadIPPluginJar : add comp
2023-12-03 12:39:31,227 [INFO] IPUIPlugin:80 - create IPUIPlugin
2023-12-03 12:39:31,227 [INFO] PluginManager:220 - loadIPPluginJar : add cryp
2023-12-03 12:39:31,230 [INFO] IPUIPlugin:80 - create IPUIPlugin
2023-12-03 12:39:31,230 [INFO] PluginManager:220 - loadIPPluginJar : add dfsdm
2023-12-03 12:39:31,235 [INFO] IPUIPlugin:80 - create IPUIPlugin
2023-12-03 12:39:31,236 [INFO] PluginManager:220 - loadIPPluginJar : add dma
2023-12-03 12:39:31,238 [INFO] IPUIPlugin:80 - create IPUIPlugin
2023-12-03 12:39:31,238 [INFO] PluginManager:220 - loadIPPluginJar : add dma3
2023-12-03 12:39:31,240 [INFO] IPUIPlugin:80 - create IPUIPlugin
2023-12-03 12:39:31,240 [INFO] PluginManager:220 - loadIPPluginJar : add fatfs
2023-12-03 12:39:31,245 [INFO] IPUIPlugin:80 - create IPUIPlugin
2023-12-03 12:39:31,245 [INFO] PluginManager:220 - loadIPPluginJar : add fmc
2023-12-03 12:39:31,250 [INFO] IPUIPlugin:80 - create IPUIPlugin
2023-12-03 12:39:31,251 [INFO] PluginManager:220 - loadIPPluginJar : add freertos
2023-12-03 12:39:31,252 [INFO] IPUIPlugin:80 - create IPUIPlugin
2023-12-03 12:39:31,252 [INFO] PluginManager:220 - loadIPPluginJar : add genericplugin
2023-12-03 12:39:31,255 [INFO] IPUIPlugin:80 - create IPUIPlugin
2023-12-03 12:39:31,255 [INFO] PluginManager:220 - loadIPPluginJar : add gfxmmu
2023-12-03 12:39:31,260 [INFO] IPUIPlugin:80 - create IPUIPlugin
2023-12-03 12:39:31,260 [INFO] PluginManager:220 - loadIPPluginJar : add gic
2023-12-03 12:39:31,265 [INFO] IPUIPlugin:80 - create IPUIPlugin
2023-12-03 12:39:31,265 [INFO] PluginManager:220 - loadIPPluginJar : add gpio
2023-12-03 12:39:31,268 [INFO] IPUIPlugin:80 - create IPUIPlugin
2023-12-03 12:39:31,268 [INFO] PluginManager:220 - loadIPPluginJar : add gtzc
2023-12-03 12:39:31,271 [INFO] IPUIPlugin:80 - create IPUIPlugin
2023-12-03 12:39:31,271 [INFO] PluginManager:220 - loadIPPluginJar : add hash
2023-12-03 12:39:31,274 [INFO] IPUIPlugin:80 - create IPUIPlugin
2023-12-03 12:39:31,275 [INFO] PluginManager:220 - loadIPPluginJar : add i2c
2023-12-03 12:39:31,278 [INFO] IPUIPlugin:80 - create IPUIPlugin
2023-12-03 12:39:31,278 [INFO] PluginManager:220 - loadIPPluginJar : add i2s
2023-12-03 12:39:31,281 [INFO] IPUIPlugin:80 - create IPUIPlugin
2023-12-03 12:39:31,281 [INFO] PluginManager:220 - loadIPPluginJar : add i3c
2023-12-03 12:39:31,284 [INFO] IPUIPlugin:80 - create IPUIPlugin
2023-12-03 12:39:31,284 [INFO] PluginManager:220 - loadIPPluginJar : add ipddr
2023-12-03 12:39:31,291 [INFO] IPUIPlugin:80 - create IPUIPlugin
2023-12-03 12:39:31,291 [INFO] PluginManager:220 - loadIPPluginJar : add linkedlist
2023-12-03 12:39:31,294 [INFO] IPUIPlugin:80 - create IPUIPlugin
2023-12-03 12:39:31,295 [INFO] PluginManager:220 - loadIPPluginJar : add lorawan
2023-12-03 12:39:31,297 [INFO] IPUIPlugin:80 - create IPUIPlugin
2023-12-03 12:39:31,297 [INFO] PluginManager:220 - loadIPPluginJar : add ltdc
2023-12-03 12:39:31,303 [INFO] IPUIPlugin:80 - create IPUIPlugin
2023-12-03 12:39:31,303 [INFO] PluginManager:220 - loadIPPluginJar : add mdma
2023-12-03 12:39:31,308 [INFO] IPUIPlugin:80 - create IPUIPlugin
2023-12-03 12:39:31,309 [INFO] PluginManager:220 - loadIPPluginJar : add nvic
2023-12-03 12:39:31,312 [INFO] IPUIPlugin:80 - create IPUIPlugin
2023-12-03 12:39:31,312 [INFO] PluginManager:220 - loadIPPluginJar : add opamp
2023-12-03 12:39:31,315 [INFO] IPUIPlugin:80 - create IPUIPlugin
2023-12-03 12:39:31,315 [INFO] PluginManager:220 - loadIPPluginJar : add openamp
2023-12-03 12:39:31,318 [INFO] IPUIPlugin:80 - create IPUIPlugin
2023-12-03 12:39:31,318 [INFO] PluginManager:220 - loadIPPluginJar : add pdm2pcm
2023-12-03 12:39:31,324 [INFO] IPUIPlugin:80 - create IPUIPlugin
2023-12-03 12:39:31,327 [INFO] PluginManager:220 - loadIPPluginJar : add plateformsettings
2023-12-03 12:39:31,329 [INFO] IPUIPlugin:80 - create IPUIPlugin
2023-12-03 12:39:31,329 [INFO] PluginManager:220 - loadIPPluginJar : add quadspi
2023-12-03 12:39:31,332 [INFO] IPUIPlugin:80 - create IPUIPlugin
2023-12-03 12:39:31,332 [INFO] PluginManager:220 - loadIPPluginJar : add resmgrutility
2023-12-03 12:39:31,335 [INFO] IPUIPlugin:80 - create IPUIPlugin
2023-12-03 12:39:31,335 [INFO] PluginManager:220 - loadIPPluginJar : add sai
2023-12-03 12:39:31,338 [INFO] IPUIPlugin:80 - create IPUIPlugin
2023-12-03 12:39:31,338 [INFO] PluginManager:220 - loadIPPluginJar : add spi
2023-12-03 12:39:31,343 [INFO] IPUIPlugin:80 - create IPUIPlugin
2023-12-03 12:39:31,343 [INFO] PluginManager:220 - loadIPPluginJar : add stm32_wpan
2023-12-03 12:39:31,345 [INFO] IPUIPlugin:80 - create IPUIPlugin
2023-12-03 12:39:31,345 [INFO] PluginManager:220 - loadIPPluginJar : add tim
2023-12-03 12:39:31,348 [INFO] IPUIPlugin:80 - create IPUIPlugin
2023-12-03 12:39:31,348 [INFO] PluginManager:220 - loadIPPluginJar : add touchsensing
2023-12-03 12:39:31,350 [INFO] IPUIPlugin:80 - create IPUIPlugin
2023-12-03 12:39:31,350 [INFO] PluginManager:220 - loadIPPluginJar : add tracer_emb
2023-12-03 12:39:31,352 [INFO] IPUIPlugin:80 - create IPUIPlugin
2023-12-03 12:39:31,352 [INFO] PluginManager:220 - loadIPPluginJar : add ts
2023-12-03 12:39:31,354 [INFO] IPUIPlugin:80 - create IPUIPlugin
2023-12-03 12:39:31,354 [INFO] PluginManager:220 - loadIPPluginJar : add tsc
2023-12-03 12:39:31,355 [INFO] IPUIPlugin:80 - create IPUIPlugin
2023-12-03 12:39:31,356 [INFO] PluginManager:220 - loadIPPluginJar : add ucpd
2023-12-03 12:39:31,358 [INFO] IPUIPlugin:80 - create IPUIPlugin
2023-12-03 12:39:31,359 [INFO] PluginManager:220 - loadIPPluginJar : add usart
2023-12-03 12:39:31,362 [INFO] IPUIPlugin:80 - create IPUIPlugin
2023-12-03 12:39:31,362 [INFO] PluginManager:220 - loadIPPluginJar : add usbx
2023-12-03 12:39:31,501 [INFO] CADModel:165 - CPN selected for project level
2023-12-03 12:39:31,501 [INFO] CADModel:114 - Register for checkConnection events
2023-12-03 12:39:31,501 [FATAL] Updater:308 - Updater called before beeing initialized
2023-12-03 12:39:31,501 [ERROR] CADModel:125 - Updater not yet initialized, retry later 
2023-12-03 12:39:31,636 [INFO] CADModel:165 - CPN selected for project level
2023-12-03 12:39:31,636 [INFO] CADModel:114 - Register for checkConnection events
2023-12-03 12:39:31,636 [FATAL] Updater:308 - Updater called before beeing initialized
2023-12-03 12:39:31,636 [ERROR] CADModel:125 - Updater not yet initialized, retry later 
2023-12-03 12:39:31,639 [FATAL] Updater:308 - Updater called before beeing initialized
2023-12-03 12:39:31,764 [FATAL] Updater:308 - Updater called before beeing initialized
2023-12-03 12:39:31,770 [INFO] DbMcusAds:53 - JSON generation date=Tue Mar 07 03:50:55 EST 2023 (1678179055114)
2023-12-03 12:39:31,771 [FATAL] Updater:308 - Updater called before beeing initialized
2023-12-03 12:39:31,829 [WARN] DetailPanel:346 - Failed to get advertising image, set to default
2023-12-03 12:39:31,961 [FATAL] Updater:308 - Updater called before beeing initialized
2023-12-03 12:39:31,963 [FATAL] Updater:308 - Updater called before beeing initialized
2023-12-03 12:39:31,963 [FATAL] Updater:308 - Updater called before beeing initialized
2023-12-03 12:39:31,963 [WARN] DetailPanel:346 - Failed to get advertising image, set to default
2023-12-03 12:39:31,964 [FATAL] Updater:308 - Updater called before beeing initialized
2023-12-03 12:39:32,025 [ERROR] Updater:1120 - MainUpdater not yet initialized. External WinMGr cannot be set.
2023-12-03 12:39:32,028 [INFO] Updater:1056 - Updater Version found : 6.9.1
2023-12-03 12:39:32,050 [INFO] ApplicationProperties:184 - Using Application install path: C:\ST\STM32CubeIDE_1.13.1\STM32CubeIDE\plugins\com.st.stm32cube.common.mx_6.9.1.202307191849
2023-12-03 12:39:32,255 [INFO] MainUpdater:2868 - connection check result : 10
2023-12-03 12:39:32,255 [INFO] MainUpdater:285 - Updater Check For Update Now.
2023-12-03 12:39:32,256 [INFO] MicroXplorer:498 - Change Database Version : DB.6.0.91
2023-12-03 12:39:32,262 [INFO] McuFinderGlobals:63 - Set McuFinder mode to 2 (CubeIDE integrated)
2023-12-03 12:39:32,262 [INFO] UserAuth:179 - activating auth plugin
2023-12-03 12:39:32,264 [INFO] UserAuth:393 - Internet connection configuration mode: 1
2023-12-03 12:39:32,283 [INFO] JxBrowserEngine:151 - Initiate JxBrowser Engine with user profile folder
2023-12-03 12:39:32,429 [INFO] CheckServerUpdateThread:120 - End of CheckServer Thread
2023-12-03 12:39:33,116 [INFO] WebApp:157 - Instantiating new browser for Auth
2023-12-03 12:39:33,695 [INFO] WebApp:753 - Register for checkConnection events
2023-12-03 12:39:33,695 [INFO] WebApp:390 - Apply proxy settings
2023-12-03 12:39:33,695 [INFO] WebApp:475 - Chromium requires no authentication
2023-12-03 12:39:33,703 [INFO] WebApp:418 - Direct internet connection detected
2023-12-03 12:39:33,807 [WARN] PackLoader:240 - Cannot read IP mode file for STMicroelectronics.X-CUBE-SMBUS.2.1.0
2023-12-03 12:39:33,861 [WARN] PackLoader:240 - Cannot read IP mode file for STMicroelectronics.X-CUBE-AZRTOS-F7.1.1.0
2023-12-03 12:39:33,877 [WARN] PackLoader:240 - Cannot read IP mode file for STMicroelectronics.FP-SNS-MOTENV1.4.3.2
2023-12-03 12:39:33,893 [WARN] PackLoader:240 - Cannot read IP mode file for STMicroelectronics.X-CUBE-DISPLAY.3.0.0
2023-12-03 12:39:33,904 [INFO] WebApp:188 - Starting web application
2023-12-03 12:39:33,904 [INFO] WebApp:520 - Web application path used C:\ST\STM32CubeIDE_1.13.1\STM32CubeIDE\plugins\com.st.stm32cube.common.mx_6.9.1.202307191849\db\plugins\mcufinder\reactClient1\index.html
2023-12-03 12:39:33,910 [WARN] PackLoader:240 - Cannot read IP mode file for emotas.I-CUBE-CANOPEN.1.3.0
2023-12-03 12:39:33,916 [WARN] PackLoader:240 - Cannot read IP mode file for STMicroelectronics.X-CUBE-TOUCHGFX.4.22.0
2023-12-03 12:39:33,920 [WARN] PackLoader:240 - Cannot read IP mode file for STMicroelectronics.X-CUBE-TOUCHGFX.4.22.1
2023-12-03 12:39:33,927 [WARN] PackLoader:240 - Cannot read IP mode file for STMicroelectronics.FP-SNS-SMARTAG2.1.2.0
2023-12-03 12:39:33,942 [INFO] LogOutputStream:77 - [STDOUT_REDIRECT] 1 : Invalid condition id : UX_CORESTACK_Condition cause : null
2023-12-03 12:39:33,942 [INFO] LogOutputStream:77 - [STDOUT_REDIRECT] 1 : Invalid condition id : UX_CORESTACK_Condition cause : null
2023-12-03 12:39:33,943 [INFO] LogOutputStream:77 - [STDOUT_REDIRECT] 1 : Invalid condition id : UX_CORESTACK_Condition cause : null
2023-12-03 12:39:33,945 [INFO] LogOutputStream:77 - [STDOUT_REDIRECT] 1 : Invalid condition id : UX_CORESTACK_Condition cause : null
2023-12-03 12:39:33,947 [INFO] LogOutputStream:77 - [STDOUT_REDIRECT] 1 : Invalid condition id : UX_CORESTACK_Condition cause : null
2023-12-03 12:39:33,952 [WARN] PackLoader:240 - Cannot read IP mode file for STMicroelectronics.X-CUBE-AZRTOS-WL.2.0.0
2023-12-03 12:39:33,964 [WARN] PackLoader:240 - Cannot read IP mode file for WES.I-CUBE-Cesium.1.3.0
2023-12-03 12:39:33,972 [WARN] PackLoader:240 - Cannot read IP mode file for STMicroelectronics.X-CUBE-BLE2.3.3.0
2023-12-03 12:39:33,980 [WARN] PackLoader:240 - Cannot read IP mode file for STMicroelectronics.X-CUBE-ALGOBUILD.1.3.0
2023-12-03 12:39:34,006 [WARN] PackLoader:240 - Cannot read IP mode file for STMicroelectronics.X-CUBE-AZRTOS-G0.1.1.0
2023-12-03 12:39:34,016 [WARN] PackLoader:240 - Cannot read IP mode file for STMicroelectronics.X-CUBE-NFC4.3.0.0
2023-12-03 12:39:34,031 [WARN] PackLoader:240 - Cannot read IP mode file for STMicroelectronics.X-CUBE-BLEMGR.3.0.0
2023-12-03 12:39:34,040 [WARN] PackLoader:240 - Cannot read IP mode file for STMicroelectronics.FP-ATR-SIGFOX1.3.2.0
2023-12-03 12:39:34,102 [WARN] PackLoader:240 - Cannot read IP mode file for SEGGER.I-CUBE-embOS.1.3.1
2023-12-03 12:39:34,163 [WARN] PackLoader:240 - Cannot read IP mode file for STMicroelectronics.X-CUBE-GNSS1.6.0.0
2023-12-03 12:39:34,190 [WARN] PackLoader:240 - Cannot read IP mode file for STMicroelectronics.X-CUBE-AZRTOS-F4.1.1.0
2023-12-03 12:39:34,201 [WARN] PackLoader:240 - Cannot read IP mode file for wolfSSL.I-CUBE-wolfSSL.5.6.3
2023-12-03 12:39:34,218 [WARN] PackLoader:240 - Cannot read IP mode file for STMicroelectronics.X-CUBE-AZRTOS-L5.2.0.0
2023-12-03 12:39:34,263 [WARN] PackLoader:240 - Cannot read IP mode file for STMicroelectronics.X-CUBE-MEMS1.9.6.0
2023-12-03 12:39:34,430 [WARN] PackLoader:240 - Cannot read IP mode file for STMicroelectronics.X-CUBE-EEPRMA1.4.2.0
2023-12-03 12:39:34,438 [WARN] PackLoader:240 - Cannot read IP mode file for ITTIA_DB.I-CUBE-ITTIADB.8.8.0
2023-12-03 12:39:34,447 [WARN] PackLoader:240 - Cannot read IP mode file for STMicroelectronics.X-CUBE-BLEMGR.2.0.0
2023-12-03 12:39:34,491 [WARN] ConditionMgr:438 - getConditionDescription Invalid condition id : UX DEVICE CLASS RTOS Condition cause : null
2023-12-03 12:39:34,491 [WARN] ConditionMgr:438 - getConditionDescription Invalid condition id : UX DEVICE CLASS RTOS Condition cause : null
2023-12-03 12:39:34,498 [WARN] PackLoader:240 - Cannot read IP mode file for STMicroelectronics.X-CUBE-AZRTOS-H7.3.1.0
2023-12-03 12:39:34,501 [WARN] ConditionMgr:1039 - genDependencies : Invalid condition id : UX DEVICE CLASS RTOS Condition cause : null
2023-12-03 12:39:34,501 [WARN] ConditionMgr:1039 - genDependencies : Invalid condition id : UX DEVICE CLASS RTOS Condition cause : null
2023-12-03 12:39:34,502 [WARN] ConditionMgr:1039 - genDependencies : Invalid condition id : UX DEVICE CLASS RTOS Condition cause : null
2023-12-03 12:39:34,503 [WARN] ConditionMgr:1039 - genDependencies : Invalid condition id : UX DEVICE CLASS RTOS Condition cause : null
2023-12-03 12:39:34,504 [WARN] ConditionMgr:1039 - genDependencies : Invalid condition id : UX DEVICE CLASS RTOS Condition cause : null
2023-12-03 12:39:34,514 [WARN] PackLoader:240 - Cannot read IP mode file for STMicroelectronics.X-CUBE-NFC7.1.0.1
2023-12-03 12:39:34,528 [WARN] PackLoader:240 - Cannot read IP mode file for STMicroelectronics.X-CUBE-NFC6.3.0.0
2023-12-03 12:39:34,536 [WARN] PackLoader:240 - Cannot read IP mode file for STMicroelectronics.X-CUBE-EEPRMA1.4.1.0
2023-12-03 12:39:34,553 [WARN] ConditionMgr:438 - getConditionDescription Invalid condition id : LAN8742 Phy interface Condition cause : null
2023-12-03 12:39:34,554 [WARN] PackLoader:240 - Cannot read IP mode file for STMicroelectronics.X-CUBE-AZRTOS-L4.2.0.0
2023-12-03 12:39:34,555 [WARN] ConditionMgr:1039 - genDependencies : Invalid condition id : LAN8742 Phy interface Condition cause : null
2023-12-03 12:39:34,556 [WARN] ConditionMgr:1039 - genDependencies : Invalid condition id : LAN8742 Phy interface Condition cause : null
2023-12-03 12:39:34,556 [WARN] ConditionMgr:1039 - genDependencies : Invalid condition id : LAN8742 Phy interface Condition cause : null
2023-12-03 12:39:34,564 [WARN] PackLoader:240 - Cannot read IP mode file for STMicroelectronics.X-CUBE-SFXS2LP1.4.0.0
2023-12-03 12:39:34,569 [WARN] PackLoader:240 - Cannot read IP mode file for STMicroelectronics.X-CUBE-ISPU.1.1.0
2023-12-03 12:39:34,584 [WARN] ConditionMgr:438 - getConditionDescription Invalid condition id : UX DEVICE CLASS RTOS Condition cause : null
2023-12-03 12:39:34,584 [WARN] ConditionMgr:438 - getConditionDescription Invalid condition id : UX DEVICE CLASS RTOS Condition cause : null
2023-12-03 12:39:34,587 [WARN] PackLoader:240 - Cannot read IP mode file for STMicroelectronics.X-CUBE-AZRTOS-WB.2.0.0
2023-12-03 12:39:34,588 [WARN] ConditionMgr:1039 - genDependencies : Invalid condition id : UX DEVICE CLASS RTOS Condition cause : null
2023-12-03 12:39:34,589 [WARN] ConditionMgr:1039 - genDependencies : Invalid condition id : UX DEVICE CLASS RTOS Condition cause : null
2023-12-03 12:39:34,589 [WARN] ConditionMgr:1039 - genDependencies : Invalid condition id : UX DEVICE CLASS RTOS Condition cause : null
2023-12-03 12:39:34,590 [WARN] ConditionMgr:1039 - genDependencies : Invalid condition id : UX DEVICE CLASS RTOS Condition cause : null
2023-12-03 12:39:34,590 [WARN] ConditionMgr:1039 - genDependencies : Invalid condition id : UX DEVICE CLASS RTOS Condition cause : null
2023-12-03 12:39:34,602 [WARN] PackLoader:240 - Cannot read IP mode file for STMicroelectronics.X-CUBE-SUBG2.5.0.0
2023-12-03 12:39:34,618 [WARN] PackLoader:240 - Cannot read IP mode file for STMicroelectronics.X-CUBE-TOF1.3.3.1
2023-12-03 12:39:34,646 [WARN] PackLoader:240 - Cannot read IP mode file for STMicroelectronics.X-CUBE-AZRTOS-G4.2.0.0
2023-12-03 12:39:34,658 [WARN] PackLoader:240 - Cannot read IP mode file for Infineon.AIROC-Wi-Fi-Bluetooth-STM32.1.5.1
2023-12-03 12:39:34,671 [WARN] PackLoader:240 - Cannot read IP mode file for STMicroelectronics.FP-SNS-MOTENVWB1.1.3.0
2023-12-03 12:39:34,677 [WARN] PackLoader:240 - Cannot read IP mode file for STMicroelectronics.FP-SNS-MOTENVWB1.1.3.1
2023-12-03 12:39:34,712 [WARN] PackLoader:240 - Cannot read IP mode file for STMicroelectronics.X-CUBE-MEMS1.10.0.0
2023-12-03 12:39:34,816 [WARN] PackLoader:240 - Cannot read IP mode file for portGmbH.I-Cube-SoM-uGOAL.1.1.0
2023-12-03 12:39:34,820 [WARN] PackLoader:240 - Cannot read IP mode file for STMicroelectronics.X-CUBE-ALS.1.0.1
2023-12-03 12:39:34,825 [WARN] PackLoader:240 - Cannot read IP mode file for STMicroelectronics.FP-ATR-ASTRA1.2.0.0
2023-12-03 12:39:34,836 [WARN] PackLoader:240 - Cannot read IP mode file for STMicroelectronics.X-CUBE-TOF1.3.4.0
2023-12-03 12:39:34,845 [INFO] ThirdParty:978 - Integrity check success = true
2023-12-03 12:39:34,846 [INFO] IntegrityCheckThread:100 - exiting critical section [integrity check]
2023-12-03 12:39:34,846 [INFO] IntegrityCheckThread:103 - End integrity checks thread
2023-12-03 12:39:54,924 [ERROR] LogOutputStream:75 - [STDERR_REDIRECT] SLF4J: Failed to load class "org.slf4j.impl.StaticLoggerBinder".
2023-12-03 12:39:54,924 [ERROR] LogOutputStream:75 - [STDERR_REDIRECT] SLF4J: Defaulting to no-operation (NOP) logger implementation
2023-12-03 12:39:54,926 [ERROR] LogOutputStream:75 - [STDERR_REDIRECT] SLF4J: See http://www.slf4j.org/codes.html#StaticLoggerBinder for further details.
2023-12-03 15:30:36,875 [ERROR] LogOutputStream:75 - [STDERR_REDIRECT] 
2023-12-03 15:30:53,068 [INFO] Activator:176 - 


2023-12-03 15:30:53,070 [INFO] Activator:177 - !SESSION log4j initialized
2023-12-03 15:30:57,715 [INFO] LogOutputStream:77 - [STDOUT_REDIRECT] 
2023-12-03 15:30:58,566 [INFO] ApplicationProperties:184 - Using Application install path: C:\ST\STM32CubeIDE_1.13.1\STM32CubeIDE\plugins\com.st.stm32cube.common.mx_6.9.1.202307191849
2023-12-03 15:30:58,583 [INFO] DbMcusXml:78 - Set database path to: C:\ST\STM32CubeIDE_1.13.1\STM32CubeIDE\plugins\com.st.stm32cube.common.mx_6.9.1.202307191849\\db\/mcu/
2023-12-03 15:30:58,583 [INFO] ApiDb:274 - Set plugin database path to: C:\ST\STM32CubeIDE_1.13.1\STM32CubeIDE\plugins\com.st.stm32cube.common.mx_6.9.1.202307191849\\db\/plugins/boardmanager/
2023-12-03 15:30:58,583 [WARN] ApiDb:259 - Overriding images path with different value:  => C:\ST\STM32CubeIDE_1.13.1\STM32CubeIDE\plugins\com.st.stm32cube.common.mx_6.9.1.202307191849\\db\/plugins/mcufinder/images/
2023-12-03 15:30:58,592 [INFO] ApiDb:250 - Set database path to: C:\Users\james\.stmcufinder\plugins\mcufinder//mcu/
2023-12-03 15:30:58,594 [INFO] DbMcusAds:125 - Set database path to: C:\Users\james\.stmcufinder\plugins\mcufinder//mcu/
2023-12-03 15:30:58,596 [INFO] CrossReferenceDbSqlite:203 - Set database path to: C:\Users\james\.stmcufinder\plugins\mcufinder//mcu/cs/
2023-12-03 15:30:58,701 [INFO] RulesReader:64 - Compatibility file has been processed (293 Rules)
2023-12-03 15:30:58,785 [INFO] DbMcusXml:78 - Set database path to: C:\ST\STM32CubeIDE_1.13.1\STM32CubeIDE\plugins\com.st.stm32cube.common.mx_6.9.1.202307191849\\db\/mcu/
2023-12-03 15:30:58,785 [INFO] ApiDb:274 - Set plugin database path to: C:\ST\STM32CubeIDE_1.13.1\STM32CubeIDE\plugins\com.st.stm32cube.common.mx_6.9.1.202307191849\\db\/plugins/boardmanager/
2023-12-03 15:30:58,785 [INFO] ApiDb:261 - Set plugin images path to: C:\ST\STM32CubeIDE_1.13.1\STM32CubeIDE\plugins\com.st.stm32cube.common.mx_6.9.1.202307191849\\db\/plugins/mcufinder/images/
2023-12-03 15:30:58,785 [WARN] DbFile:41 - Overriding database path with different value: C:\Users\james\.stmcufinder\plugins\mcufinder/ => C:\Users\james\.stmcufinder\plugins\mcufinder
2023-12-03 15:30:58,786 [INFO] ApiDb:250 - Set database path to: C:\Users\james\.stmcufinder\plugins\mcufinder//mcu/
2023-12-03 15:30:58,786 [WARN] DbFile:41 - Overriding database path with different value: C:\Users\james\.stmcufinder\plugins\mcufinder/ => C:\Users\james\.stmcufinder\plugins\mcufinder
2023-12-03 15:30:58,786 [INFO] DbMcusAds:125 - Set database path to: C:\Users\james\.stmcufinder\plugins\mcufinder//mcu/
2023-12-03 15:30:58,786 [WARN] DbFile:41 - Overriding database path with different value: C:\Users\james\.stmcufinder\plugins\mcufinder/ => C:\Users\james\.stmcufinder\plugins\mcufinder
2023-12-03 15:30:58,786 [WARN] DbFile:41 - Overriding database path with different value: C:\Users\james\.stmcufinder\plugins\mcufinder/ => C:\Users\james\.stmcufinder\plugins\mcufinder
2023-12-03 15:30:58,786 [INFO] CrossReferenceDbSqlite:203 - Set database path to: C:\Users\james\.stmcufinder\plugins\mcufinder//mcu/cs/
2023-12-03 15:30:58,854 [INFO] MainPanel:262 - HeapMemory: 268435456
2023-12-03 15:30:58,914 [INFO] DbMcusXml:78 - Set database path to: C:\ST\STM32CubeIDE_1.13.1\STM32CubeIDE\plugins\com.st.stm32cube.common.mx_6.9.1.202307191849\\db\/mcu/
2023-12-03 15:30:58,914 [INFO] ApiDb:274 - Set plugin database path to: C:\ST\STM32CubeIDE_1.13.1\STM32CubeIDE\plugins\com.st.stm32cube.common.mx_6.9.1.202307191849\\db\/plugins/boardmanager/
2023-12-03 15:30:58,914 [INFO] ApiDb:261 - Set plugin images path to: C:\ST\STM32CubeIDE_1.13.1\STM32CubeIDE\plugins\com.st.stm32cube.common.mx_6.9.1.202307191849\\db\/plugins/mcufinder/images/
2023-12-03 15:30:58,915 [WARN] DbFile:41 - Overriding database path with different value: C:\Users\james\.stmcufinder\plugins\mcufinder/ => C:\Users\james\.stmcufinder\plugins\mcufinder
2023-12-03 15:30:58,915 [INFO] ApiDb:250 - Set database path to: C:\Users\james\.stmcufinder\plugins\mcufinder//mcu/
2023-12-03 15:30:58,915 [WARN] DbFile:41 - Overriding database path with different value: C:\Users\james\.stmcufinder\plugins\mcufinder/ => C:\Users\james\.stmcufinder\plugins\mcufinder
2023-12-03 15:30:58,915 [INFO] DbMcusAds:125 - Set database path to: C:\Users\james\.stmcufinder\plugins\mcufinder//mcu/
2023-12-03 15:30:58,915 [WARN] DbFile:41 - Overriding database path with different value: C:\Users\james\.stmcufinder\plugins\mcufinder/ => C:\Users\james\.stmcufinder\plugins\mcufinder
2023-12-03 15:30:58,915 [WARN] DbFile:41 - Overriding database path with different value: C:\Users\james\.stmcufinder\plugins\mcufinder/ => C:\Users\james\.stmcufinder\plugins\mcufinder
2023-12-03 15:30:58,915 [INFO] CrossReferenceDbSqlite:203 - Set database path to: C:\Users\james\.stmcufinder\plugins\mcufinder//mcu/cs/
2023-12-03 15:30:58,936 [INFO] ApplicationProperties:184 - Using Application install path: C:\ST\STM32CubeIDE_1.13.1\STM32CubeIDE\plugins\com.st.stm32cube.common.mx_6.9.1.202307191849
2023-12-03 15:30:58,937 [INFO] PluginManage:196 - Search for loadable plugins [exclusion list=, ]
2023-12-03 15:30:58,938 [INFO] PluginManage:310 - Check plugin analytics
2023-12-03 15:30:59,085 [INFO] AnalyticsPlugin:253 - Accepted Software Licenses: 
2023-12-03 15:30:59,086 [INFO] AnalyticsPlugin:255 - Accepted CMSIS Pack Licenses: 
2023-12-03 15:30:59,086 [INFO] AnalyticsPlugin:257 - Accepted Firmware Licenses: FW.L4.1.18.0
2023-12-03 15:30:59,088 [INFO] PluginManage:359 - Loaded plugin analytics (category:tool,tabindex:-1)
2023-12-03 15:30:59,088 [INFO] PluginManage:310 - Check plugin cadmodel
2023-12-03 15:30:59,091 [INFO] CADModel:105 - Init CAD model plugin
2023-12-03 15:30:59,091 [INFO] PluginManage:359 - Loaded plugin cadmodel (category:power,tabindex:5)
2023-12-03 15:30:59,091 [INFO] PluginManage:310 - Check plugin clock
2023-12-03 15:30:59,099 [INFO] PluginManage:359 - Loaded plugin clock (category:base,tabindex:2)
2023-12-03 15:30:59,099 [INFO] PluginManage:310 - Check plugin ddr
2023-12-03 15:30:59,102 [INFO] PluginManage:359 - Loaded plugin ddr (category:tool,tabindex:6)
2023-12-03 15:30:59,102 [INFO] PluginManage:310 - Check plugin filemanager
2023-12-03 15:30:59,229 [INFO] PluginManage:359 - Loaded plugin filemanager (category:base,tabindex:10)
2023-12-03 15:30:59,230 [INFO] PluginManage:310 - Check plugin ipmanager
2023-12-03 15:30:59,238 [INFO] PluginManage:359 - Loaded plugin ipmanager (category:base,tabindex:5)
2023-12-03 15:30:59,238 [INFO] PluginManage:310 - Check plugin lpbam
2023-12-03 15:30:59,246 [INFO] PluginManage:359 - Loaded plugin lpbam (category:base,tabindex:0)
2023-12-03 15:30:59,246 [INFO] PluginManage:310 - Check plugin memorymap
2023-12-03 15:30:59,260 [INFO] PluginManage:359 - Loaded plugin memorymap (category:base,tabindex:4)
2023-12-03 15:30:59,260 [INFO] PluginManage:310 - Check plugin pinoutandconfiguration
2023-12-03 15:30:59,267 [INFO] PluginManage:359 - Loaded plugin pinoutandconfiguration (category:base,tabindex:1)
2023-12-03 15:30:59,267 [INFO] PluginManage:310 - Check plugin pinoutconfig
2023-12-03 15:30:59,351 [WARN] SupportedApi:132 - Cannot load RTOS API schema: s4s-elt-must-match.1: The content of 'definitions' must match (annotation?, (simpleType | complexType)?, (unique | key | keyref)*)). A problem was found starting at: attribute.
2023-12-03 15:30:59,481 [INFO] PluginManage:359 - Loaded plugin pinoutconfig (category:base,tabindex:0)
2023-12-03 15:30:59,481 [INFO] PluginManage:310 - Check plugin power
2023-12-03 15:30:59,489 [INFO] PluginManage:359 - Loaded plugin power (category:power,tabindex:4)
2023-12-03 15:30:59,490 [INFO] PluginManage:310 - Check plugin projectmanager
2023-12-03 15:30:59,503 [INFO] PluginManage:359 - Loaded plugin projectmanager (category:projectmanager,tabindex:3)
2023-12-03 15:30:59,503 [INFO] PluginManage:310 - Check plugin thirdparty
2023-12-03 15:30:59,621 [INFO] PluginManage:359 - Loaded plugin thirdparty (category:base,tabindex:-1)
2023-12-03 15:30:59,621 [WARN] IntegrityCheckThread:84 - waiting for thirdparty lock release [integrity check]
2023-12-03 15:30:59,621 [INFO] PluginManage:310 - Check plugin tools
2023-12-03 15:30:59,621 [INFO] IntegrityCheckThread:86 - entering critical section [integrity check]
2023-12-03 15:30:59,621 [INFO] ThirdPartyUpdaterWithRetryManager:70 - Updater plugin not ready yet. [1/15]
2023-12-03 15:30:59,623 [INFO] PluginManage:359 - Loaded plugin tools (category:base,tabindex:7)
2023-12-03 15:30:59,623 [INFO] PluginManage:310 - Check plugin tutovideos
2023-12-03 15:30:59,767 [INFO] PluginManage:359 - Loaded plugin tutovideos (category:base,tabindex:-1)
2023-12-03 15:30:59,767 [INFO] PluginManage:310 - Check plugin updater
2023-12-03 15:30:59,776 [INFO] PluginManage:359 - Loaded plugin updater (category:base,tabindex:12)
2023-12-03 15:30:59,776 [INFO] PluginManage:310 - Check plugin userauth
2023-12-03 15:30:59,781 [INFO] UserAuth:113 - Init User Auth plugin
2023-12-03 15:30:59,781 [INFO] PluginManage:359 - Loaded plugin userauth (category:base,tabindex:14)
2023-12-03 15:30:59,782 [INFO] PluginManage:283 - PluginManage : Loaded plugins [17]
2023-12-03 15:30:59,971 [INFO] PinOutPanel:1499 - setPackage(No Configuration,No Configuration)
2023-12-03 15:31:00,083 [INFO] CADModel:165 - CPN selected for project level
2023-12-03 15:31:00,083 [INFO] CADModel:114 - Register for checkConnection events
2023-12-03 15:31:00,097 [INFO] IPUIPlugin:80 - create IPUIPlugin
2023-12-03 15:31:00,097 [INFO] PluginManager:220 - loadIPPluginJar : add adc
2023-12-03 15:31:00,099 [INFO] IPUIPlugin:80 - create IPUIPlugin
2023-12-03 15:31:00,099 [INFO] PluginManager:220 - loadIPPluginJar : add aes
2023-12-03 15:31:00,101 [INFO] IPUIPlugin:80 - create IPUIPlugin
2023-12-03 15:31:00,101 [INFO] PluginManager:220 - loadIPPluginJar : add can
2023-12-03 15:31:00,102 [INFO] IPUIPlugin:80 - create IPUIPlugin
2023-12-03 15:31:00,103 [INFO] PluginManager:220 - loadIPPluginJar : add comp
2023-12-03 15:31:00,105 [INFO] IPUIPlugin:80 - create IPUIPlugin
2023-12-03 15:31:00,105 [INFO] PluginManager:220 - loadIPPluginJar : add cryp
2023-12-03 15:31:00,107 [INFO] IPUIPlugin:80 - create IPUIPlugin
2023-12-03 15:31:00,107 [INFO] PluginManager:220 - loadIPPluginJar : add dfsdm
2023-12-03 15:31:00,111 [INFO] IPUIPlugin:80 - create IPUIPlugin
2023-12-03 15:31:00,112 [INFO] PluginManager:220 - loadIPPluginJar : add dma
2023-12-03 15:31:00,113 [INFO] IPUIPlugin:80 - create IPUIPlugin
2023-12-03 15:31:00,114 [INFO] PluginManager:220 - loadIPPluginJar : add dma3
2023-12-03 15:31:00,115 [INFO] IPUIPlugin:80 - create IPUIPlugin
2023-12-03 15:31:00,115 [INFO] PluginManager:220 - loadIPPluginJar : add fatfs
2023-12-03 15:31:00,120 [INFO] IPUIPlugin:80 - create IPUIPlugin
2023-12-03 15:31:00,120 [INFO] PluginManager:220 - loadIPPluginJar : add fmc
2023-12-03 15:31:00,125 [INFO] IPUIPlugin:80 - create IPUIPlugin
2023-12-03 15:31:00,125 [INFO] PluginManager:220 - loadIPPluginJar : add freertos
2023-12-03 15:31:00,126 [INFO] IPUIPlugin:80 - create IPUIPlugin
2023-12-03 15:31:00,126 [INFO] PluginManager:220 - loadIPPluginJar : add genericplugin
2023-12-03 15:31:00,128 [INFO] IPUIPlugin:80 - create IPUIPlugin
2023-12-03 15:31:00,128 [INFO] PluginManager:220 - loadIPPluginJar : add gfxmmu
2023-12-03 15:31:00,132 [INFO] IPUIPlugin:80 - create IPUIPlugin
2023-12-03 15:31:00,132 [INFO] PluginManager:220 - loadIPPluginJar : add gic
2023-12-03 15:31:00,135 [INFO] IPUIPlugin:80 - create IPUIPlugin
2023-12-03 15:31:00,135 [INFO] PluginManager:220 - loadIPPluginJar : add gpio
2023-12-03 15:31:00,138 [INFO] IPUIPlugin:80 - create IPUIPlugin
2023-12-03 15:31:00,138 [INFO] PluginManager:220 - loadIPPluginJar : add gtzc
2023-12-03 15:31:00,140 [INFO] IPUIPlugin:80 - create IPUIPlugin
2023-12-03 15:31:00,140 [INFO] PluginManager:220 - loadIPPluginJar : add hash
2023-12-03 15:31:00,143 [INFO] IPUIPlugin:80 - create IPUIPlugin
2023-12-03 15:31:00,143 [INFO] PluginManager:220 - loadIPPluginJar : add i2c
2023-12-03 15:31:00,145 [INFO] IPUIPlugin:80 - create IPUIPlugin
2023-12-03 15:31:00,145 [INFO] PluginManager:220 - loadIPPluginJar : add i2s
2023-12-03 15:31:00,147 [INFO] IPUIPlugin:80 - create IPUIPlugin
2023-12-03 15:31:00,147 [INFO] PluginManager:220 - loadIPPluginJar : add i3c
2023-12-03 15:31:00,151 [INFO] IPUIPlugin:80 - create IPUIPlugin
2023-12-03 15:31:00,151 [INFO] PluginManager:220 - loadIPPluginJar : add ipddr
2023-12-03 15:31:00,156 [INFO] IPUIPlugin:80 - create IPUIPlugin
2023-12-03 15:31:00,157 [INFO] PluginManager:220 - loadIPPluginJar : add linkedlist
2023-12-03 15:31:00,159 [INFO] IPUIPlugin:80 - create IPUIPlugin
2023-12-03 15:31:00,159 [INFO] PluginManager:220 - loadIPPluginJar : add lorawan
2023-12-03 15:31:00,160 [INFO] IPUIPlugin:80 - create IPUIPlugin
2023-12-03 15:31:00,160 [INFO] PluginManager:220 - loadIPPluginJar : add ltdc
2023-12-03 15:31:00,165 [INFO] IPUIPlugin:80 - create IPUIPlugin
2023-12-03 15:31:00,165 [INFO] PluginManager:220 - loadIPPluginJar : add mdma
2023-12-03 15:31:00,168 [INFO] IPUIPlugin:80 - create IPUIPlugin
2023-12-03 15:31:00,168 [INFO] PluginManager:220 - loadIPPluginJar : add nvic
2023-12-03 15:31:00,170 [INFO] IPUIPlugin:80 - create IPUIPlugin
2023-12-03 15:31:00,170 [INFO] PluginManager:220 - loadIPPluginJar : add opamp
2023-12-03 15:31:00,172 [INFO] IPUIPlugin:80 - create IPUIPlugin
2023-12-03 15:31:00,173 [INFO] PluginManager:220 - loadIPPluginJar : add openamp
2023-12-03 15:31:00,175 [INFO] IPUIPlugin:80 - create IPUIPlugin
2023-12-03 15:31:00,175 [INFO] PluginManager:220 - loadIPPluginJar : add pdm2pcm
2023-12-03 15:31:00,180 [INFO] IPUIPlugin:80 - create IPUIPlugin
2023-12-03 15:31:00,182 [INFO] PluginManager:220 - loadIPPluginJar : add plateformsettings
2023-12-03 15:31:00,183 [INFO] IPUIPlugin:80 - create IPUIPlugin
2023-12-03 15:31:00,183 [INFO] PluginManager:220 - loadIPPluginJar : add quadspi
2023-12-03 15:31:00,185 [INFO] IPUIPlugin:80 - create IPUIPlugin
2023-12-03 15:31:00,187 [INFO] PluginManager:220 - loadIPPluginJar : add resmgrutility
2023-12-03 15:31:00,189 [INFO] IPUIPlugin:80 - create IPUIPlugin
2023-12-03 15:31:00,189 [INFO] PluginManager:220 - loadIPPluginJar : add sai
2023-12-03 15:31:00,191 [INFO] IPUIPlugin:80 - create IPUIPlugin
2023-12-03 15:31:00,192 [INFO] PluginManager:220 - loadIPPluginJar : add spi
2023-12-03 15:31:00,197 [INFO] IPUIPlugin:80 - create IPUIPlugin
2023-12-03 15:31:00,197 [INFO] PluginManager:220 - loadIPPluginJar : add stm32_wpan
2023-12-03 15:31:00,199 [INFO] IPUIPlugin:80 - create IPUIPlugin
2023-12-03 15:31:00,200 [INFO] PluginManager:220 - loadIPPluginJar : add tim
2023-12-03 15:31:00,203 [INFO] IPUIPlugin:80 - create IPUIPlugin
2023-12-03 15:31:00,203 [INFO] PluginManager:220 - loadIPPluginJar : add touchsensing
2023-12-03 15:31:00,205 [INFO] IPUIPlugin:80 - create IPUIPlugin
2023-12-03 15:31:00,205 [INFO] PluginManager:220 - loadIPPluginJar : add tracer_emb
2023-12-03 15:31:00,206 [INFO] IPUIPlugin:80 - create IPUIPlugin
2023-12-03 15:31:00,206 [INFO] PluginManager:220 - loadIPPluginJar : add ts
2023-12-03 15:31:00,209 [INFO] IPUIPlugin:80 - create IPUIPlugin
2023-12-03 15:31:00,209 [INFO] PluginManager:220 - loadIPPluginJar : add tsc
2023-12-03 15:31:00,211 [INFO] IPUIPlugin:80 - create IPUIPlugin
2023-12-03 15:31:00,211 [INFO] PluginManager:220 - loadIPPluginJar : add ucpd
2023-12-03 15:31:00,213 [INFO] IPUIPlugin:80 - create IPUIPlugin
2023-12-03 15:31:00,213 [INFO] PluginManager:220 - loadIPPluginJar : add usart
2023-12-03 15:31:00,219 [INFO] IPUIPlugin:80 - create IPUIPlugin
2023-12-03 15:31:00,219 [INFO] PluginManager:220 - loadIPPluginJar : add usbx
2023-12-03 15:31:00,345 [INFO] CADModel:165 - CPN selected for project level
2023-12-03 15:31:00,345 [INFO] CADModel:114 - Register for checkConnection events
2023-12-03 15:31:00,345 [FATAL] Updater:308 - Updater called before beeing initialized
2023-12-03 15:31:00,345 [ERROR] CADModel:125 - Updater not yet initialized, retry later 
2023-12-03 15:31:00,454 [INFO] CADModel:165 - CPN selected for project level
2023-12-03 15:31:00,454 [INFO] CADModel:114 - Register for checkConnection events
2023-12-03 15:31:00,454 [FATAL] Updater:308 - Updater called before beeing initialized
2023-12-03 15:31:00,454 [ERROR] CADModel:125 - Updater not yet initialized, retry later 
2023-12-03 15:31:00,457 [FATAL] Updater:308 - Updater called before beeing initialized
2023-12-03 15:31:00,566 [FATAL] Updater:308 - Updater called before beeing initialized
2023-12-03 15:31:00,572 [INFO] DbMcusAds:53 - JSON generation date=Tue Mar 07 03:50:55 EST 2023 (1678179055114)
2023-12-03 15:31:00,572 [FATAL] Updater:308 - Updater called before beeing initialized
2023-12-03 15:31:00,617 [WARN] DetailPanel:346 - Failed to get advertising image, set to default
2023-12-03 15:31:00,723 [FATAL] Updater:308 - Updater called before beeing initialized
2023-12-03 15:31:00,724 [FATAL] Updater:308 - Updater called before beeing initialized
2023-12-03 15:31:00,724 [FATAL] Updater:308 - Updater called before beeing initialized
2023-12-03 15:31:00,724 [WARN] DetailPanel:346 - Failed to get advertising image, set to default
2023-12-03 15:31:00,725 [FATAL] Updater:308 - Updater called before beeing initialized
2023-12-03 15:31:00,764 [ERROR] Updater:1120 - MainUpdater not yet initialized. External WinMGr cannot be set.
2023-12-03 15:31:00,765 [INFO] Updater:1056 - Updater Version found : 6.9.1
2023-12-03 15:31:00,782 [INFO] ApplicationProperties:184 - Using Application install path: C:\ST\STM32CubeIDE_1.13.1\STM32CubeIDE\plugins\com.st.stm32cube.common.mx_6.9.1.202307191849
2023-12-03 15:31:00,982 [INFO] MainUpdater:2868 - connection check result : 10
2023-12-03 15:31:00,983 [INFO] MainUpdater:285 - Updater Check For Update Now.
2023-12-03 15:31:00,983 [INFO] MicroXplorer:498 - Change Database Version : DB.6.0.91
2023-12-03 15:31:00,988 [INFO] McuFinderGlobals:63 - Set McuFinder mode to 2 (CubeIDE integrated)
2023-12-03 15:31:00,988 [INFO] UserAuth:179 - activating auth plugin
2023-12-03 15:31:00,991 [INFO] UserAuth:393 - Internet connection configuration mode: 1
2023-12-03 15:31:01,005 [INFO] JxBrowserEngine:151 - Initiate JxBrowser Engine with user profile folder
2023-12-03 15:31:01,156 [INFO] CheckServerUpdateThread:120 - End of CheckServer Thread
2023-12-03 15:31:01,622 [INFO] WebApp:157 - Instantiating new browser for Auth
2023-12-03 15:31:02,072 [INFO] WebApp:753 - Register for checkConnection events
2023-12-03 15:31:02,072 [INFO] WebApp:390 - Apply proxy settings
2023-12-03 15:31:02,072 [INFO] WebApp:475 - Chromium requires no authentication
2023-12-03 15:31:02,079 [INFO] WebApp:418 - Direct internet connection detected
2023-12-03 15:31:02,216 [INFO] WebApp:188 - Starting web application
2023-12-03 15:31:02,216 [INFO] WebApp:520 - Web application path used C:\ST\STM32CubeIDE_1.13.1\STM32CubeIDE\plugins\com.st.stm32cube.common.mx_6.9.1.202307191849\db\plugins\mcufinder\reactClient1\index.html
2023-12-03 15:31:02,812 [WARN] PackLoader:240 - Cannot read IP mode file for STMicroelectronics.X-CUBE-SMBUS.2.1.0
2023-12-03 15:31:02,846 [WARN] PackLoader:240 - Cannot read IP mode file for STMicroelectronics.X-CUBE-AZRTOS-F7.1.1.0
2023-12-03 15:31:02,857 [WARN] PackLoader:240 - Cannot read IP mode file for STMicroelectronics.FP-SNS-MOTENV1.4.3.2
2023-12-03 15:31:02,868 [WARN] PackLoader:240 - Cannot read IP mode file for STMicroelectronics.X-CUBE-DISPLAY.3.0.0
2023-12-03 15:31:02,878 [WARN] PackLoader:240 - Cannot read IP mode file for emotas.I-CUBE-CANOPEN.1.3.0
2023-12-03 15:31:02,882 [WARN] PackLoader:240 - Cannot read IP mode file for STMicroelectronics.X-CUBE-TOUCHGFX.4.22.0
2023-12-03 15:31:02,884 [WARN] PackLoader:240 - Cannot read IP mode file for STMicroelectronics.X-CUBE-TOUCHGFX.4.22.1
2023-12-03 15:31:02,890 [WARN] PackLoader:240 - Cannot read IP mode file for STMicroelectronics.FP-SNS-SMARTAG2.1.2.0
2023-12-03 15:31:02,901 [INFO] LogOutputStream:77 - [STDOUT_REDIRECT] 1 : Invalid condition id : UX_CORESTACK_Condition cause : null
2023-12-03 15:31:02,901 [INFO] LogOutputStream:77 - [STDOUT_REDIRECT] 1 : Invalid condition id : UX_CORESTACK_Condition cause : null
2023-12-03 15:31:02,902 [INFO] LogOutputStream:77 - [STDOUT_REDIRECT] 1 : Invalid condition id : UX_CORESTACK_Condition cause : null
2023-12-03 15:31:02,903 [INFO] LogOutputStream:77 - [STDOUT_REDIRECT] 1 : Invalid condition id : UX_CORESTACK_Condition cause : null
2023-12-03 15:31:02,905 [INFO] LogOutputStream:77 - [STDOUT_REDIRECT] 1 : Invalid condition id : UX_CORESTACK_Condition cause : null
2023-12-03 15:31:02,908 [WARN] PackLoader:240 - Cannot read IP mode file for STMicroelectronics.X-CUBE-AZRTOS-WL.2.0.0
2023-12-03 15:31:02,920 [WARN] PackLoader:240 - Cannot read IP mode file for WES.I-CUBE-Cesium.1.3.0
2023-12-03 15:31:02,926 [WARN] PackLoader:240 - Cannot read IP mode file for STMicroelectronics.X-CUBE-BLE2.3.3.0
2023-12-03 15:31:02,933 [WARN] PackLoader:240 - Cannot read IP mode file for STMicroelectronics.X-CUBE-ALGOBUILD.1.3.0
2023-12-03 15:31:02,954 [WARN] PackLoader:240 - Cannot read IP mode file for STMicroelectronics.X-CUBE-AZRTOS-G0.1.1.0
2023-12-03 15:31:02,966 [WARN] PackLoader:240 - Cannot read IP mode file for STMicroelectronics.X-CUBE-NFC4.3.0.0
2023-12-03 15:31:02,978 [WARN] PackLoader:240 - Cannot read IP mode file for STMicroelectronics.X-CUBE-BLEMGR.3.0.0
2023-12-03 15:31:02,985 [WARN] PackLoader:240 - Cannot read IP mode file for STMicroelectronics.FP-ATR-SIGFOX1.3.2.0
2023-12-03 15:31:03,012 [WARN] PackLoader:240 - Cannot read IP mode file for SEGGER.I-CUBE-embOS.1.3.1
2023-12-03 15:31:03,053 [WARN] PackLoader:240 - Cannot read IP mode file for STMicroelectronics.X-CUBE-GNSS1.6.0.0
2023-12-03 15:31:03,073 [WARN] PackLoader:240 - Cannot read IP mode file for STMicroelectronics.X-CUBE-AZRTOS-F4.1.1.0
2023-12-03 15:31:03,082 [WARN] PackLoader:240 - Cannot read IP mode file for wolfSSL.I-CUBE-wolfSSL.5.6.3
2023-12-03 15:31:03,100 [WARN] PackLoader:240 - Cannot read IP mode file for STMicroelectronics.X-CUBE-AZRTOS-L5.2.0.0
2023-12-03 15:31:03,133 [WARN] PackLoader:240 - Cannot read IP mode file for STMicroelectronics.X-CUBE-MEMS1.9.6.0
2023-12-03 15:31:03,276 [WARN] PackLoader:240 - Cannot read IP mode file for STMicroelectronics.X-CUBE-EEPRMA1.4.2.0
2023-12-03 15:31:03,282 [WARN] PackLoader:240 - Cannot read IP mode file for ITTIA_DB.I-CUBE-ITTIADB.8.8.0
2023-12-03 15:31:03,288 [WARN] PackLoader:240 - Cannot read IP mode file for STMicroelectronics.X-CUBE-BLEMGR.2.0.0
2023-12-03 15:31:03,312 [WARN] ConditionMgr:438 - getConditionDescription Invalid condition id : UX DEVICE CLASS RTOS Condition cause : null
2023-12-03 15:31:03,312 [WARN] ConditionMgr:438 - getConditionDescription Invalid condition id : UX DEVICE CLASS RTOS Condition cause : null
2023-12-03 15:31:03,315 [WARN] PackLoader:240 - Cannot read IP mode file for STMicroelectronics.X-CUBE-AZRTOS-H7.3.1.0
2023-12-03 15:31:03,316 [WARN] ConditionMgr:1039 - genDependencies : Invalid condition id : UX DEVICE CLASS RTOS Condition cause : null
2023-12-03 15:31:03,316 [WARN] ConditionMgr:1039 - genDependencies : Invalid condition id : UX DEVICE CLASS RTOS Condition cause : null
2023-12-03 15:31:03,317 [WARN] ConditionMgr:1039 - genDependencies : Invalid condition id : UX DEVICE CLASS RTOS Condition cause : null
2023-12-03 15:31:03,318 [WARN] ConditionMgr:1039 - genDependencies : Invalid condition id : UX DEVICE CLASS RTOS Condition cause : null
2023-12-03 15:31:03,318 [WARN] ConditionMgr:1039 - genDependencies : Invalid condition id : UX DEVICE CLASS RTOS Condition cause : null
2023-12-03 15:31:03,327 [WARN] PackLoader:240 - Cannot read IP mode file for STMicroelectronics.X-CUBE-NFC7.1.0.1
2023-12-03 15:31:03,336 [WARN] PackLoader:240 - Cannot read IP mode file for STMicroelectronics.X-CUBE-NFC6.3.0.0
2023-12-03 15:31:03,357 [WARN] PackLoader:240 - Cannot read IP mode file for STMicroelectronics.X-CUBE-EEPRMA1.4.1.0
2023-12-03 15:31:03,386 [WARN] ConditionMgr:438 - getConditionDescription Invalid condition id : LAN8742 Phy interface Condition cause : null
2023-12-03 15:31:03,388 [WARN] PackLoader:240 - Cannot read IP mode file for STMicroelectronics.X-CUBE-AZRTOS-L4.2.0.0
2023-12-03 15:31:03,397 [WARN] ConditionMgr:1039 - genDependencies : Invalid condition id : LAN8742 Phy interface Condition cause : null
2023-12-03 15:31:03,397 [WARN] ConditionMgr:1039 - genDependencies : Invalid condition id : LAN8742 Phy interface Condition cause : null
2023-12-03 15:31:03,398 [WARN] ConditionMgr:1039 - genDependencies : Invalid condition id : LAN8742 Phy interface Condition cause : null
2023-12-03 15:31:03,405 [WARN] PackLoader:240 - Cannot read IP mode file for STMicroelectronics.X-CUBE-SFXS2LP1.4.0.0
2023-12-03 15:31:03,410 [WARN] PackLoader:240 - Cannot read IP mode file for STMicroelectronics.X-CUBE-ISPU.1.1.0
2023-12-03 15:31:03,423 [WARN] ConditionMgr:438 - getConditionDescription Invalid condition id : UX DEVICE CLASS RTOS Condition cause : null
2023-12-03 15:31:03,423 [WARN] ConditionMgr:438 - getConditionDescription Invalid condition id : UX DEVICE CLASS RTOS Condition cause : null
2023-12-03 15:31:03,425 [WARN] PackLoader:240 - Cannot read IP mode file for STMicroelectronics.X-CUBE-AZRTOS-WB.2.0.0
2023-12-03 15:31:03,426 [WARN] ConditionMgr:1039 - genDependencies : Invalid condition id : UX DEVICE CLASS RTOS Condition cause : null
2023-12-03 15:31:03,426 [WARN] ConditionMgr:1039 - genDependencies : Invalid condition id : UX DEVICE CLASS RTOS Condition cause : null
2023-12-03 15:31:03,427 [WARN] ConditionMgr:1039 - genDependencies : Invalid condition id : UX DEVICE CLASS RTOS Condition cause : null
2023-12-03 15:31:03,427 [WARN] ConditionMgr:1039 - genDependencies : Invalid condition id : UX DEVICE CLASS RTOS Condition cause : null
2023-12-03 15:31:03,427 [WARN] ConditionMgr:1039 - genDependencies : Invalid condition id : UX DEVICE CLASS RTOS Condition cause : null
2023-12-03 15:31:03,436 [WARN] PackLoader:240 - Cannot read IP mode file for STMicroelectronics.X-CUBE-SUBG2.5.0.0
2023-12-03 15:31:03,452 [WARN] PackLoader:240 - Cannot read IP mode file for STMicroelectronics.X-CUBE-TOF1.3.3.1
2023-12-03 15:31:03,473 [WARN] PackLoader:240 - Cannot read IP mode file for STMicroelectronics.X-CUBE-AZRTOS-G4.2.0.0
2023-12-03 15:31:03,484 [WARN] PackLoader:240 - Cannot read IP mode file for Infineon.AIROC-Wi-Fi-Bluetooth-STM32.1.5.1
2023-12-03 15:31:03,490 [WARN] PackLoader:240 - Cannot read IP mode file for STMicroelectronics.FP-SNS-MOTENVWB1.1.3.0
2023-12-03 15:31:03,492 [WARN] PackLoader:240 - Cannot read IP mode file for STMicroelectronics.FP-SNS-MOTENVWB1.1.3.1
2023-12-03 15:31:03,529 [WARN] PackLoader:240 - Cannot read IP mode file for STMicroelectronics.X-CUBE-MEMS1.10.0.0
2023-12-03 15:31:03,627 [WARN] PackLoader:240 - Cannot read IP mode file for portGmbH.I-Cube-SoM-uGOAL.1.1.0
2023-12-03 15:31:03,631 [WARN] PackLoader:240 - Cannot read IP mode file for STMicroelectronics.X-CUBE-ALS.1.0.1
2023-12-03 15:31:03,635 [WARN] PackLoader:240 - Cannot read IP mode file for STMicroelectronics.FP-ATR-ASTRA1.2.0.0
2023-12-03 15:31:03,642 [WARN] PackLoader:240 - Cannot read IP mode file for STMicroelectronics.X-CUBE-TOF1.3.4.0
2023-12-03 15:31:03,650 [INFO] ThirdParty:978 - Integrity check success = true
2023-12-03 15:31:03,650 [INFO] IntegrityCheckThread:100 - exiting critical section [integrity check]
2023-12-03 15:31:03,650 [INFO] IntegrityCheckThread:103 - End integrity checks thread
2023-12-03 15:31:22,800 [ERROR] LogOutputStream:75 - [STDERR_REDIRECT] SLF4J: Failed to load class "org.slf4j.impl.StaticLoggerBinder".
2023-12-03 15:31:22,800 [ERROR] LogOutputStream:75 - [STDERR_REDIRECT] SLF4J: Defaulting to no-operation (NOP) logger implementation
2023-12-03 15:31:22,801 [ERROR] LogOutputStream:75 - [STDERR_REDIRECT] SLF4J: See http://www.slf4j.org/codes.html#StaticLoggerBinder for further details.
2023-12-03 16:20:54,065 [ERROR] LogOutputStream:75 - [STDERR_REDIRECT] 
