2023-10-31 15:21:49,889 [INFO] Activator:176 - 


2023-10-31 15:21:49,901 [INFO] Activator:177 - !SESSION log4j initialized
2023-10-31 15:21:54,847 [INFO] LogOutputStream:77 - [STDOUT_REDIRECT] 
2023-10-31 15:21:55,799 [INFO] ApplicationProperties:184 - Using Application install path: C:\ST\STM32CubeIDE_1.13.1\STM32CubeIDE\plugins\com.st.stm32cube.common.mx_6.9.1.202307191849
2023-10-31 15:21:55,820 [INFO] DbMcusXml:78 - Set database path to: C:\ST\STM32CubeIDE_1.13.1\STM32CubeIDE\plugins\com.st.stm32cube.common.mx_6.9.1.202307191849\\db\/mcu/
2023-10-31 15:21:55,820 [INFO] ApiDb:274 - Set plugin database path to: C:\ST\STM32CubeIDE_1.13.1\STM32CubeIDE\plugins\com.st.stm32cube.common.mx_6.9.1.202307191849\\db\/plugins/boardmanager/
2023-10-31 15:21:55,821 [WARN] ApiDb:259 - Overriding images path with different value:  => C:\ST\STM32CubeIDE_1.13.1\STM32CubeIDE\plugins\com.st.stm32cube.common.mx_6.9.1.202307191849\\db\/plugins/mcufinder/images/
2023-10-31 15:21:55,837 [INFO] ApiDb:250 - Set database path to: C:\Users\james\.stmcufinder\plugins\mcufinder//mcu/
2023-10-31 15:21:55,839 [INFO] DbMcusAds:125 - Set database path to: C:\Users\james\.stmcufinder\plugins\mcufinder//mcu/
2023-10-31 15:21:55,841 [INFO] CrossReferenceDbSqlite:203 - Set database path to: C:\Users\james\.stmcufinder\plugins\mcufinder//mcu/cs/
2023-10-31 15:21:55,972 [INFO] RulesReader:64 - Compatibility file has been processed (293 Rules)
2023-10-31 15:21:56,075 [INFO] DbMcusXml:78 - Set database path to: C:\ST\STM32CubeIDE_1.13.1\STM32CubeIDE\plugins\com.st.stm32cube.common.mx_6.9.1.202307191849\\db\/mcu/
2023-10-31 15:21:56,075 [INFO] ApiDb:274 - Set plugin database path to: C:\ST\STM32CubeIDE_1.13.1\STM32CubeIDE\plugins\com.st.stm32cube.common.mx_6.9.1.202307191849\\db\/plugins/boardmanager/
2023-10-31 15:21:56,075 [INFO] ApiDb:261 - Set plugin images path to: C:\ST\STM32CubeIDE_1.13.1\STM32CubeIDE\plugins\com.st.stm32cube.common.mx_6.9.1.202307191849\\db\/plugins/mcufinder/images/
2023-10-31 15:21:56,076 [WARN] DbFile:41 - Overriding database path with different value: C:\Users\james\.stmcufinder\plugins\mcufinder/ => C:\Users\james\.stmcufinder\plugins\mcufinder
2023-10-31 15:21:56,076 [INFO] ApiDb:250 - Set database path to: C:\Users\james\.stmcufinder\plugins\mcufinder//mcu/
2023-10-31 15:21:56,076 [WARN] DbFile:41 - Overriding database path with different value: C:\Users\james\.stmcufinder\plugins\mcufinder/ => C:\Users\james\.stmcufinder\plugins\mcufinder
2023-10-31 15:21:56,076 [INFO] DbMcusAds:125 - Set database path to: C:\Users\james\.stmcufinder\plugins\mcufinder//mcu/
2023-10-31 15:21:56,076 [WARN] DbFile:41 - Overriding database path with different value: C:\Users\james\.stmcufinder\plugins\mcufinder/ => C:\Users\james\.stmcufinder\plugins\mcufinder
2023-10-31 15:21:56,076 [WARN] DbFile:41 - Overriding database path with different value: C:\Users\james\.stmcufinder\plugins\mcufinder/ => C:\Users\james\.stmcufinder\plugins\mcufinder
2023-10-31 15:21:56,076 [INFO] CrossReferenceDbSqlite:203 - Set database path to: C:\Users\james\.stmcufinder\plugins\mcufinder//mcu/cs/
2023-10-31 15:21:56,158 [INFO] MainPanel:262 - HeapMemory: 268435456
2023-10-31 15:21:56,231 [INFO] DbMcusXml:78 - Set database path to: C:\ST\STM32CubeIDE_1.13.1\STM32CubeIDE\plugins\com.st.stm32cube.common.mx_6.9.1.202307191849\\db\/mcu/
2023-10-31 15:21:56,231 [INFO] ApiDb:274 - Set plugin database path to: C:\ST\STM32CubeIDE_1.13.1\STM32CubeIDE\plugins\com.st.stm32cube.common.mx_6.9.1.202307191849\\db\/plugins/boardmanager/
2023-10-31 15:21:56,231 [INFO] ApiDb:261 - Set plugin images path to: C:\ST\STM32CubeIDE_1.13.1\STM32CubeIDE\plugins\com.st.stm32cube.common.mx_6.9.1.202307191849\\db\/plugins/mcufinder/images/
2023-10-31 15:21:56,233 [WARN] DbFile:41 - Overriding database path with different value: C:\Users\james\.stmcufinder\plugins\mcufinder/ => C:\Users\james\.stmcufinder\plugins\mcufinder
2023-10-31 15:21:56,233 [INFO] ApiDb:250 - Set database path to: C:\Users\james\.stmcufinder\plugins\mcufinder//mcu/
2023-10-31 15:21:56,233 [WARN] DbFile:41 - Overriding database path with different value: C:\Users\james\.stmcufinder\plugins\mcufinder/ => C:\Users\james\.stmcufinder\plugins\mcufinder
2023-10-31 15:21:56,233 [INFO] DbMcusAds:125 - Set database path to: C:\Users\james\.stmcufinder\plugins\mcufinder//mcu/
2023-10-31 15:21:56,234 [WARN] DbFile:41 - Overriding database path with different value: C:\Users\james\.stmcufinder\plugins\mcufinder/ => C:\Users\james\.stmcufinder\plugins\mcufinder
2023-10-31 15:21:56,234 [WARN] DbFile:41 - Overriding database path with different value: C:\Users\james\.stmcufinder\plugins\mcufinder/ => C:\Users\james\.stmcufinder\plugins\mcufinder
2023-10-31 15:21:56,234 [INFO] CrossReferenceDbSqlite:203 - Set database path to: C:\Users\james\.stmcufinder\plugins\mcufinder//mcu/cs/
2023-10-31 15:21:56,255 [INFO] ApplicationProperties:184 - Using Application install path: C:\ST\STM32CubeIDE_1.13.1\STM32CubeIDE\plugins\com.st.stm32cube.common.mx_6.9.1.202307191849
2023-10-31 15:21:56,256 [INFO] PluginManage:196 - Search for loadable plugins [exclusion list=, ]
2023-10-31 15:21:56,258 [INFO] PluginManage:310 - Check plugin analytics
2023-10-31 15:21:56,411 [INFO] AnalyticsPlugin:253 - Accepted Software Licenses: 
2023-10-31 15:21:56,411 [INFO] AnalyticsPlugin:255 - Accepted CMSIS Pack Licenses: 
2023-10-31 15:21:56,411 [INFO] AnalyticsPlugin:257 - Accepted Firmware Licenses: FW.L4.1.18.0
2023-10-31 15:21:56,414 [INFO] PluginManage:359 - Loaded plugin analytics (category:tool,tabindex:-1)
2023-10-31 15:21:56,415 [INFO] PluginManage:310 - Check plugin cadmodel
2023-10-31 15:21:56,420 [INFO] CADModel:105 - Init CAD model plugin
2023-10-31 15:21:56,420 [INFO] PluginManage:359 - Loaded plugin cadmodel (category:power,tabindex:5)
2023-10-31 15:21:56,420 [INFO] PluginManage:310 - Check plugin clock
2023-10-31 15:21:56,430 [INFO] PluginManage:359 - Loaded plugin clock (category:base,tabindex:2)
2023-10-31 15:21:56,430 [INFO] PluginManage:310 - Check plugin ddr
2023-10-31 15:21:56,432 [INFO] PluginManage:359 - Loaded plugin ddr (category:tool,tabindex:6)
2023-10-31 15:21:56,432 [INFO] PluginManage:310 - Check plugin filemanager
2023-10-31 15:21:56,569 [INFO] PluginManage:359 - Loaded plugin filemanager (category:base,tabindex:10)
2023-10-31 15:21:56,569 [INFO] PluginManage:310 - Check plugin ipmanager
2023-10-31 15:21:56,578 [INFO] PluginManage:359 - Loaded plugin ipmanager (category:base,tabindex:5)
2023-10-31 15:21:56,578 [INFO] PluginManage:310 - Check plugin lpbam
2023-10-31 15:21:56,585 [INFO] PluginManage:359 - Loaded plugin lpbam (category:base,tabindex:0)
2023-10-31 15:21:56,586 [INFO] PluginManage:310 - Check plugin memorymap
2023-10-31 15:21:56,600 [INFO] PluginManage:359 - Loaded plugin memorymap (category:base,tabindex:4)
2023-10-31 15:21:56,600 [INFO] PluginManage:310 - Check plugin pinoutandconfiguration
2023-10-31 15:21:56,609 [INFO] PluginManage:359 - Loaded plugin pinoutandconfiguration (category:base,tabindex:1)
2023-10-31 15:21:56,609 [INFO] PluginManage:310 - Check plugin pinoutconfig
2023-10-31 15:21:56,707 [WARN] SupportedApi:132 - Cannot load RTOS API schema: s4s-elt-must-match.1: The content of 'definitions' must match (annotation?, (simpleType | complexType)?, (unique | key | keyref)*)). A problem was found starting at: attribute.
2023-10-31 15:21:56,859 [INFO] PluginManage:359 - Loaded plugin pinoutconfig (category:base,tabindex:0)
2023-10-31 15:21:56,859 [INFO] PluginManage:310 - Check plugin power
2023-10-31 15:21:56,869 [INFO] PluginManage:359 - Loaded plugin power (category:power,tabindex:4)
2023-10-31 15:21:56,869 [INFO] PluginManage:310 - Check plugin projectmanager
2023-10-31 15:21:56,886 [INFO] PluginManage:359 - Loaded plugin projectmanager (category:projectmanager,tabindex:3)
2023-10-31 15:21:56,886 [INFO] PluginManage:310 - Check plugin thirdparty
2023-10-31 15:21:57,011 [INFO] PluginManage:359 - Loaded plugin thirdparty (category:base,tabindex:-1)
2023-10-31 15:21:57,011 [WARN] IntegrityCheckThread:84 - waiting for thirdparty lock release [integrity check]
2023-10-31 15:21:57,011 [INFO] PluginManage:310 - Check plugin tools
2023-10-31 15:21:57,011 [INFO] IntegrityCheckThread:86 - entering critical section [integrity check]
2023-10-31 15:21:57,012 [INFO] ThirdPartyUpdaterWithRetryManager:70 - Updater plugin not ready yet. [1/15]
2023-10-31 15:21:57,014 [INFO] PluginManage:359 - Loaded plugin tools (category:base,tabindex:7)
2023-10-31 15:21:57,014 [INFO] PluginManage:310 - Check plugin tutovideos
2023-10-31 15:21:57,171 [INFO] PluginManage:359 - Loaded plugin tutovideos (category:base,tabindex:-1)
2023-10-31 15:21:57,171 [INFO] PluginManage:310 - Check plugin updater
2023-10-31 15:21:57,179 [INFO] PluginManage:359 - Loaded plugin updater (category:base,tabindex:12)
2023-10-31 15:21:57,179 [INFO] PluginManage:310 - Check plugin userauth
2023-10-31 15:21:57,183 [INFO] UserAuth:113 - Init User Auth plugin
2023-10-31 15:21:57,183 [INFO] PluginManage:359 - Loaded plugin userauth (category:base,tabindex:14)
2023-10-31 15:21:57,184 [INFO] PluginManage:283 - PluginManage : Loaded plugins [17]
2023-10-31 15:21:57,388 [INFO] PinOutPanel:1499 - setPackage(No Configuration,No Configuration)
2023-10-31 15:21:57,501 [INFO] CADModel:165 - CPN selected for project level
2023-10-31 15:21:57,501 [INFO] CADModel:114 - Register for checkConnection events
2023-10-31 15:21:57,516 [INFO] IPUIPlugin:80 - create IPUIPlugin
2023-10-31 15:21:57,516 [INFO] PluginManager:220 - loadIPPluginJar : add adc
2023-10-31 15:21:57,518 [INFO] IPUIPlugin:80 - create IPUIPlugin
2023-10-31 15:21:57,518 [INFO] PluginManager:220 - loadIPPluginJar : add aes
2023-10-31 15:21:57,521 [INFO] IPUIPlugin:80 - create IPUIPlugin
2023-10-31 15:21:57,521 [INFO] PluginManager:220 - loadIPPluginJar : add can
2023-10-31 15:21:57,522 [INFO] IPUIPlugin:80 - create IPUIPlugin
2023-10-31 15:21:57,522 [INFO] PluginManager:220 - loadIPPluginJar : add comp
2023-10-31 15:21:57,526 [INFO] IPUIPlugin:80 - create IPUIPlugin
2023-10-31 15:21:57,526 [INFO] PluginManager:220 - loadIPPluginJar : add cryp
2023-10-31 15:21:57,528 [INFO] IPUIPlugin:80 - create IPUIPlugin
2023-10-31 15:21:57,528 [INFO] PluginManager:220 - loadIPPluginJar : add dfsdm
2023-10-31 15:21:57,533 [INFO] IPUIPlugin:80 - create IPUIPlugin
2023-10-31 15:21:57,534 [INFO] PluginManager:220 - loadIPPluginJar : add dma
2023-10-31 15:21:57,535 [INFO] IPUIPlugin:80 - create IPUIPlugin
2023-10-31 15:21:57,535 [INFO] PluginManager:220 - loadIPPluginJar : add dma3
2023-10-31 15:21:57,537 [INFO] IPUIPlugin:80 - create IPUIPlugin
2023-10-31 15:21:57,537 [INFO] PluginManager:220 - loadIPPluginJar : add fatfs
2023-10-31 15:21:57,541 [INFO] IPUIPlugin:80 - create IPUIPlugin
2023-10-31 15:21:57,541 [INFO] PluginManager:220 - loadIPPluginJar : add fmc
2023-10-31 15:21:57,545 [INFO] IPUIPlugin:80 - create IPUIPlugin
2023-10-31 15:21:57,545 [INFO] PluginManager:220 - loadIPPluginJar : add freertos
2023-10-31 15:21:57,547 [INFO] IPUIPlugin:80 - create IPUIPlugin
2023-10-31 15:21:57,547 [INFO] PluginManager:220 - loadIPPluginJar : add genericplugin
2023-10-31 15:21:57,549 [INFO] IPUIPlugin:80 - create IPUIPlugin
2023-10-31 15:21:57,549 [INFO] PluginManager:220 - loadIPPluginJar : add gfxmmu
2023-10-31 15:21:57,553 [INFO] IPUIPlugin:80 - create IPUIPlugin
2023-10-31 15:21:57,553 [INFO] PluginManager:220 - loadIPPluginJar : add gic
2023-10-31 15:21:57,556 [INFO] IPUIPlugin:80 - create IPUIPlugin
2023-10-31 15:21:57,557 [INFO] PluginManager:220 - loadIPPluginJar : add gpio
2023-10-31 15:21:57,559 [INFO] IPUIPlugin:80 - create IPUIPlugin
2023-10-31 15:21:57,559 [INFO] PluginManager:220 - loadIPPluginJar : add gtzc
2023-10-31 15:21:57,561 [INFO] IPUIPlugin:80 - create IPUIPlugin
2023-10-31 15:21:57,561 [INFO] PluginManager:220 - loadIPPluginJar : add hash
2023-10-31 15:21:57,563 [INFO] IPUIPlugin:80 - create IPUIPlugin
2023-10-31 15:21:57,564 [INFO] PluginManager:220 - loadIPPluginJar : add i2c
2023-10-31 15:21:57,566 [INFO] IPUIPlugin:80 - create IPUIPlugin
2023-10-31 15:21:57,566 [INFO] PluginManager:220 - loadIPPluginJar : add i2s
2023-10-31 15:21:57,568 [INFO] IPUIPlugin:80 - create IPUIPlugin
2023-10-31 15:21:57,568 [INFO] PluginManager:220 - loadIPPluginJar : add i3c
2023-10-31 15:21:57,571 [INFO] IPUIPlugin:80 - create IPUIPlugin
2023-10-31 15:21:57,571 [INFO] PluginManager:220 - loadIPPluginJar : add ipddr
2023-10-31 15:21:57,577 [INFO] IPUIPlugin:80 - create IPUIPlugin
2023-10-31 15:21:57,577 [INFO] PluginManager:220 - loadIPPluginJar : add linkedlist
2023-10-31 15:21:57,579 [INFO] IPUIPlugin:80 - create IPUIPlugin
2023-10-31 15:21:57,579 [INFO] PluginManager:220 - loadIPPluginJar : add lorawan
2023-10-31 15:21:57,581 [INFO] IPUIPlugin:80 - create IPUIPlugin
2023-10-31 15:21:57,581 [INFO] PluginManager:220 - loadIPPluginJar : add ltdc
2023-10-31 15:21:57,586 [INFO] IPUIPlugin:80 - create IPUIPlugin
2023-10-31 15:21:57,586 [INFO] PluginManager:220 - loadIPPluginJar : add mdma
2023-10-31 15:21:57,590 [INFO] IPUIPlugin:80 - create IPUIPlugin
2023-10-31 15:21:57,591 [INFO] PluginManager:220 - loadIPPluginJar : add nvic
2023-10-31 15:21:57,593 [INFO] IPUIPlugin:80 - create IPUIPlugin
2023-10-31 15:21:57,593 [INFO] PluginManager:220 - loadIPPluginJar : add opamp
2023-10-31 15:21:57,597 [INFO] IPUIPlugin:80 - create IPUIPlugin
2023-10-31 15:21:57,597 [INFO] PluginManager:220 - loadIPPluginJar : add openamp
2023-10-31 15:21:57,605 [INFO] IPUIPlugin:80 - create IPUIPlugin
2023-10-31 15:21:57,605 [INFO] PluginManager:220 - loadIPPluginJar : add pdm2pcm
2023-10-31 15:21:57,611 [INFO] IPUIPlugin:80 - create IPUIPlugin
2023-10-31 15:21:57,613 [INFO] PluginManager:220 - loadIPPluginJar : add plateformsettings
2023-10-31 15:21:57,615 [INFO] IPUIPlugin:80 - create IPUIPlugin
2023-10-31 15:21:57,615 [INFO] PluginManager:220 - loadIPPluginJar : add quadspi
2023-10-31 15:21:57,618 [INFO] IPUIPlugin:80 - create IPUIPlugin
2023-10-31 15:21:57,618 [INFO] PluginManager:220 - loadIPPluginJar : add resmgrutility
2023-10-31 15:21:57,621 [INFO] IPUIPlugin:80 - create IPUIPlugin
2023-10-31 15:21:57,621 [INFO] PluginManager:220 - loadIPPluginJar : add sai
2023-10-31 15:21:57,624 [INFO] IPUIPlugin:80 - create IPUIPlugin
2023-10-31 15:21:57,624 [INFO] PluginManager:220 - loadIPPluginJar : add spi
2023-10-31 15:21:57,628 [INFO] IPUIPlugin:80 - create IPUIPlugin
2023-10-31 15:21:57,628 [INFO] PluginManager:220 - loadIPPluginJar : add stm32_wpan
2023-10-31 15:21:57,630 [INFO] IPUIPlugin:80 - create IPUIPlugin
2023-10-31 15:21:57,630 [INFO] PluginManager:220 - loadIPPluginJar : add tim
2023-10-31 15:21:57,633 [INFO] IPUIPlugin:80 - create IPUIPlugin
2023-10-31 15:21:57,633 [INFO] PluginManager:220 - loadIPPluginJar : add touchsensing
2023-10-31 15:21:57,635 [INFO] IPUIPlugin:80 - create IPUIPlugin
2023-10-31 15:21:57,635 [INFO] PluginManager:220 - loadIPPluginJar : add tracer_emb
2023-10-31 15:21:57,637 [INFO] IPUIPlugin:80 - create IPUIPlugin
2023-10-31 15:21:57,637 [INFO] PluginManager:220 - loadIPPluginJar : add ts
2023-10-31 15:21:57,639 [INFO] IPUIPlugin:80 - create IPUIPlugin
2023-10-31 15:21:57,639 [INFO] PluginManager:220 - loadIPPluginJar : add tsc
2023-10-31 15:21:57,640 [INFO] IPUIPlugin:80 - create IPUIPlugin
2023-10-31 15:21:57,640 [INFO] PluginManager:220 - loadIPPluginJar : add ucpd
2023-10-31 15:21:57,643 [INFO] IPUIPlugin:80 - create IPUIPlugin
2023-10-31 15:21:57,643 [INFO] PluginManager:220 - loadIPPluginJar : add usart
2023-10-31 15:21:57,645 [INFO] IPUIPlugin:80 - create IPUIPlugin
2023-10-31 15:21:57,645 [INFO] PluginManager:220 - loadIPPluginJar : add usbx
2023-10-31 15:21:57,779 [INFO] CADModel:165 - CPN selected for project level
2023-10-31 15:21:57,779 [INFO] CADModel:114 - Register for checkConnection events
2023-10-31 15:21:57,780 [FATAL] Updater:308 - Updater called before beeing initialized
2023-10-31 15:21:57,780 [ERROR] CADModel:125 - Updater not yet initialized, retry later 
2023-10-31 15:21:58,109 [INFO] CADModel:165 - CPN selected for project level
2023-10-31 15:21:58,109 [INFO] CADModel:114 - Register for checkConnection events
2023-10-31 15:21:58,109 [FATAL] Updater:308 - Updater called before beeing initialized
2023-10-31 15:21:58,109 [ERROR] CADModel:125 - Updater not yet initialized, retry later 
2023-10-31 15:21:58,112 [FATAL] Updater:308 - Updater called before beeing initialized
2023-10-31 15:21:58,227 [FATAL] Updater:308 - Updater called before beeing initialized
2023-10-31 15:21:58,232 [INFO] DbMcusAds:53 - JSON generation date=Tue Mar 07 03:50:55 EST 2023 (1678179055114)
2023-10-31 15:21:58,233 [FATAL] Updater:308 - Updater called before beeing initialized
2023-10-31 15:21:58,275 [WARN] DetailPanel:346 - Failed to get advertising image, set to default
2023-10-31 15:21:58,390 [FATAL] Updater:308 - Updater called before beeing initialized
2023-10-31 15:21:58,392 [FATAL] Updater:308 - Updater called before beeing initialized
2023-10-31 15:21:58,392 [FATAL] Updater:308 - Updater called before beeing initialized
2023-10-31 15:21:58,392 [WARN] DetailPanel:346 - Failed to get advertising image, set to default
2023-10-31 15:21:58,393 [FATAL] Updater:308 - Updater called before beeing initialized
2023-10-31 15:21:58,442 [ERROR] Updater:1120 - MainUpdater not yet initialized. External WinMGr cannot be set.
2023-10-31 15:21:58,443 [INFO] Updater:1056 - Updater Version found : 6.9.1
2023-10-31 15:21:58,460 [INFO] ApplicationProperties:184 - Using Application install path: C:\ST\STM32CubeIDE_1.13.1\STM32CubeIDE\plugins\com.st.stm32cube.common.mx_6.9.1.202307191849
2023-10-31 15:21:58,620 [INFO] MainUpdater:2868 - connection check result : 10
2023-10-31 15:21:58,620 [INFO] MainUpdater:3562 - Updater definition file requires update
2023-10-31 15:21:58,622 [INFO] MainUpdater:285 - Updater Check For Update Now.
2023-10-31 15:21:58,622 [INFO] MicroXplorer:498 - Change Database Version : DB.6.0.91
2023-10-31 15:21:58,627 [INFO] McuFinderGlobals:63 - Set McuFinder mode to 2 (CubeIDE integrated)
2023-10-31 15:21:58,628 [INFO] UserAuth:179 - activating auth plugin
2023-10-31 15:21:58,630 [INFO] UserAuth:393 - Internet connection configuration mode: 1
2023-10-31 15:21:58,642 [INFO] JxBrowserEngine:151 - Initiate JxBrowser Engine with user profile folder
2023-10-31 15:21:58,648 [INFO] ServerAccessManage:473 - Download File updaters.zip
2023-10-31 15:21:58,742 [INFO] FileExtend:240 - Unzip File : updaters.zip
2023-10-31 15:21:58,742 [INFO] FileExtend:255 - Standard Zip Deflate
2023-10-31 15:21:59,321 [INFO] ServerAccessManage:473 - Download File PacksControlFlags.xml
2023-10-31 15:21:59,367 [INFO] WebApp:157 - Instantiating new browser for Auth
2023-10-31 15:21:59,383 [INFO] ServerAccessManage:473 - Download File cubemx.pidx
2023-10-31 15:21:59,828 [INFO] ServerAccessManage:473 - Download File STMicroelectronics.X-CUBE-BLEMGR.pdsc
2023-10-31 15:22:00,015 [WARN] MainUpdater:1189 - Updater busy. Cannot search thirdparties
2023-10-31 15:22:00,015 [INFO] ThirdPartyUpdaterWithRetryManager:96 - Updater plugin is busy. [1/15]
2023-10-31 15:22:00,079 [INFO] WebApp:753 - Register for checkConnection events
2023-10-31 15:22:00,079 [INFO] WebApp:390 - Apply proxy settings
2023-10-31 15:22:00,079 [INFO] WebApp:475 - Chromium requires no authentication
2023-10-31 15:22:00,087 [INFO] WebApp:418 - Direct internet connection detected
2023-10-31 15:22:00,377 [INFO] WebApp:188 - Starting web application
2023-10-31 15:22:00,377 [INFO] WebApp:520 - Web application path used C:\ST\STM32CubeIDE_1.13.1\STM32CubeIDE\plugins\com.st.stm32cube.common.mx_6.9.1.202307191849\db\plugins\mcufinder\reactClient1\index.html
2023-10-31 15:22:02,825 [ERROR] ServerAccessManage:1172 - Problem during Server Connection :  IO error Connection refused: no further information
2023-10-31 15:22:02,826 [ERROR] ServerAccessManage:651 - Problem during Server Connection :  : RoweBots.I-CUBE-UNISONRTOS.pdsc.
2023-10-31 15:22:03,026 [WARN] MainUpdater:1189 - Updater busy. Cannot search thirdparties
2023-10-31 15:22:03,026 [INFO] ThirdPartyUpdaterWithRetryManager:96 - Updater plugin is busy. [2/15]
2023-10-31 15:22:03,064 [WARN] PackLoader:240 - Cannot read IP mode file for STMicroelectronics.X-CUBE-BLEMGR.3.0.0
2023-10-31 15:22:03,069 [INFO] PopulateThirdPartyThread:66 - Ending populate Thread
2023-10-31 15:22:03,070 [INFO] ThirdParty:1030 - CMSIS Pack Vendor :STMicroelectronics X-CUBE-BLEMGR 3.0.0
2023-10-31 15:22:03,071 [INFO] LoadServerUpdatesThread:373 - End of LoadServerUpdate Thread
2023-10-31 15:22:03,177 [INFO] CheckServerUpdateThread:120 - End of CheckServer Thread
2023-10-31 15:22:06,320 [WARN] PackLoader:240 - Cannot read IP mode file for STMicroelectronics.X-CUBE-SMBUS.2.1.0
2023-10-31 15:22:06,343 [WARN] PackLoader:240 - Cannot read IP mode file for STMicroelectronics.X-CUBE-AZRTOS-F7.1.1.0
2023-10-31 15:22:06,354 [WARN] PackLoader:240 - Cannot read IP mode file for STMicroelectronics.FP-SNS-MOTENV1.4.3.2
2023-10-31 15:22:06,365 [WARN] PackLoader:240 - Cannot read IP mode file for STMicroelectronics.X-CUBE-DISPLAY.3.0.0
2023-10-31 15:22:06,376 [WARN] PackLoader:240 - Cannot read IP mode file for emotas.I-CUBE-CANOPEN.1.3.0
2023-10-31 15:22:06,381 [WARN] PackLoader:240 - Cannot read IP mode file for STMicroelectronics.X-CUBE-TOUCHGFX.4.22.0
2023-10-31 15:22:06,384 [WARN] PackLoader:240 - Cannot read IP mode file for STMicroelectronics.X-CUBE-TOUCHGFX.4.22.1
2023-10-31 15:22:06,388 [WARN] PackLoader:240 - Cannot read IP mode file for STMicroelectronics.FP-SNS-SMARTAG2.1.2.0
2023-10-31 15:22:06,398 [INFO] LogOutputStream:77 - [STDOUT_REDIRECT] 1 : Invalid condition id : UX_CORESTACK_Condition cause : null
2023-10-31 15:22:06,400 [INFO] LogOutputStream:77 - [STDOUT_REDIRECT] 1 : Invalid condition id : UX_CORESTACK_Condition cause : null
2023-10-31 15:22:06,401 [INFO] LogOutputStream:77 - [STDOUT_REDIRECT] 1 : Invalid condition id : UX_CORESTACK_Condition cause : null
2023-10-31 15:22:06,403 [INFO] LogOutputStream:77 - [STDOUT_REDIRECT] 1 : Invalid condition id : UX_CORESTACK_Condition cause : null
2023-10-31 15:22:06,404 [INFO] LogOutputStream:77 - [STDOUT_REDIRECT] 1 : Invalid condition id : UX_CORESTACK_Condition cause : null
2023-10-31 15:22:06,408 [WARN] PackLoader:240 - Cannot read IP mode file for STMicroelectronics.X-CUBE-AZRTOS-WL.2.0.0
2023-10-31 15:22:06,416 [WARN] PackLoader:240 - Cannot read IP mode file for WES.I-CUBE-Cesium.1.3.0
2023-10-31 15:22:06,423 [WARN] PackLoader:240 - Cannot read IP mode file for STMicroelectronics.X-CUBE-BLE2.3.3.0
2023-10-31 15:22:06,430 [WARN] PackLoader:240 - Cannot read IP mode file for STMicroelectronics.X-CUBE-ALGOBUILD.1.3.0
2023-10-31 15:22:06,445 [WARN] PackLoader:240 - Cannot read IP mode file for STMicroelectronics.X-CUBE-AZRTOS-G0.1.1.0
2023-10-31 15:22:06,452 [WARN] PackLoader:240 - Cannot read IP mode file for STMicroelectronics.X-CUBE-NFC4.3.0.0
2023-10-31 15:22:06,461 [WARN] PackLoader:240 - Cannot read IP mode file for STMicroelectronics.X-CUBE-BLEMGR.3.0.0
2023-10-31 15:22:06,467 [WARN] PackLoader:240 - Cannot read IP mode file for STMicroelectronics.FP-ATR-SIGFOX1.3.2.0
2023-10-31 15:22:06,495 [WARN] PackLoader:240 - Cannot read IP mode file for SEGGER.I-CUBE-embOS.1.3.1
2023-10-31 15:22:06,540 [WARN] PackLoader:240 - Cannot read IP mode file for STMicroelectronics.X-CUBE-GNSS1.6.0.0
2023-10-31 15:22:06,555 [WARN] PackLoader:240 - Cannot read IP mode file for STMicroelectronics.X-CUBE-AZRTOS-F4.1.1.0
2023-10-31 15:22:06,561 [WARN] PackLoader:240 - Cannot read IP mode file for wolfSSL.I-CUBE-wolfSSL.5.6.3
2023-10-31 15:22:06,576 [WARN] PackLoader:240 - Cannot read IP mode file for STMicroelectronics.X-CUBE-AZRTOS-L5.2.0.0
2023-10-31 15:22:06,612 [WARN] PackLoader:240 - Cannot read IP mode file for STMicroelectronics.X-CUBE-MEMS1.9.6.0
2023-10-31 15:22:06,752 [WARN] PackLoader:240 - Cannot read IP mode file for STMicroelectronics.X-CUBE-EEPRMA1.4.2.0
2023-10-31 15:22:06,758 [WARN] PackLoader:240 - Cannot read IP mode file for ITTIA_DB.I-CUBE-ITTIADB.8.8.0
2023-10-31 15:22:06,765 [WARN] PackLoader:240 - Cannot read IP mode file for STMicroelectronics.X-CUBE-BLEMGR.2.0.0
2023-10-31 15:22:06,780 [WARN] ConditionMgr:438 - getConditionDescription Invalid condition id : UX DEVICE CLASS RTOS Condition cause : null
2023-10-31 15:22:06,781 [WARN] ConditionMgr:438 - getConditionDescription Invalid condition id : UX DEVICE CLASS RTOS Condition cause : null
2023-10-31 15:22:06,784 [WARN] PackLoader:240 - Cannot read IP mode file for STMicroelectronics.X-CUBE-AZRTOS-H7.3.1.0
2023-10-31 15:22:06,785 [WARN] ConditionMgr:1039 - genDependencies : Invalid condition id : UX DEVICE CLASS RTOS Condition cause : null
2023-10-31 15:22:06,785 [WARN] ConditionMgr:1039 - genDependencies : Invalid condition id : UX DEVICE CLASS RTOS Condition cause : null
2023-10-31 15:22:06,785 [WARN] ConditionMgr:1039 - genDependencies : Invalid condition id : UX DEVICE CLASS RTOS Condition cause : null
2023-10-31 15:22:06,786 [WARN] ConditionMgr:1039 - genDependencies : Invalid condition id : UX DEVICE CLASS RTOS Condition cause : null
2023-10-31 15:22:06,786 [WARN] ConditionMgr:1039 - genDependencies : Invalid condition id : UX DEVICE CLASS RTOS Condition cause : null
2023-10-31 15:22:06,792 [WARN] PackLoader:240 - Cannot read IP mode file for STMicroelectronics.X-CUBE-NFC7.1.0.1
2023-10-31 15:22:06,800 [WARN] PackLoader:240 - Cannot read IP mode file for STMicroelectronics.X-CUBE-NFC6.3.0.0
2023-10-31 15:22:06,807 [WARN] PackLoader:240 - Cannot read IP mode file for STMicroelectronics.X-CUBE-EEPRMA1.4.1.0
2023-10-31 15:22:06,823 [WARN] ConditionMgr:438 - getConditionDescription Invalid condition id : LAN8742 Phy interface Condition cause : null
2023-10-31 15:22:06,824 [WARN] PackLoader:240 - Cannot read IP mode file for STMicroelectronics.X-CUBE-AZRTOS-L4.2.0.0
2023-10-31 15:22:06,825 [WARN] ConditionMgr:1039 - genDependencies : Invalid condition id : LAN8742 Phy interface Condition cause : null
2023-10-31 15:22:06,825 [WARN] ConditionMgr:1039 - genDependencies : Invalid condition id : LAN8742 Phy interface Condition cause : null
2023-10-31 15:22:06,826 [WARN] ConditionMgr:1039 - genDependencies : Invalid condition id : LAN8742 Phy interface Condition cause : null
2023-10-31 15:22:06,833 [WARN] PackLoader:240 - Cannot read IP mode file for STMicroelectronics.X-CUBE-SFXS2LP1.4.0.0
2023-10-31 15:22:06,838 [WARN] PackLoader:240 - Cannot read IP mode file for STMicroelectronics.X-CUBE-ISPU.1.1.0
2023-10-31 15:22:06,850 [WARN] ConditionMgr:438 - getConditionDescription Invalid condition id : UX DEVICE CLASS RTOS Condition cause : null
2023-10-31 15:22:06,850 [WARN] ConditionMgr:438 - getConditionDescription Invalid condition id : UX DEVICE CLASS RTOS Condition cause : null
2023-10-31 15:22:06,852 [WARN] PackLoader:240 - Cannot read IP mode file for STMicroelectronics.X-CUBE-AZRTOS-WB.2.0.0
2023-10-31 15:22:06,853 [WARN] ConditionMgr:1039 - genDependencies : Invalid condition id : UX DEVICE CLASS RTOS Condition cause : null
2023-10-31 15:22:06,853 [WARN] ConditionMgr:1039 - genDependencies : Invalid condition id : UX DEVICE CLASS RTOS Condition cause : null
2023-10-31 15:22:06,853 [WARN] ConditionMgr:1039 - genDependencies : Invalid condition id : UX DEVICE CLASS RTOS Condition cause : null
2023-10-31 15:22:06,854 [WARN] ConditionMgr:1039 - genDependencies : Invalid condition id : UX DEVICE CLASS RTOS Condition cause : null
2023-10-31 15:22:06,854 [WARN] ConditionMgr:1039 - genDependencies : Invalid condition id : UX DEVICE CLASS RTOS Condition cause : null
2023-10-31 15:22:06,863 [WARN] PackLoader:240 - Cannot read IP mode file for STMicroelectronics.X-CUBE-SUBG2.5.0.0
2023-10-31 15:22:06,881 [WARN] PackLoader:240 - Cannot read IP mode file for STMicroelectronics.X-CUBE-AZRTOS-G4.2.0.0
2023-10-31 15:22:06,894 [WARN] PackLoader:240 - Cannot read IP mode file for Infineon.AIROC-Wi-Fi-Bluetooth-STM32.1.5.1
2023-10-31 15:22:06,928 [WARN] PackLoader:240 - Cannot read IP mode file for STMicroelectronics.X-CUBE-MEMS1.10.0.0
2023-10-31 15:22:07,050 [WARN] PackLoader:240 - Cannot read IP mode file for portGmbH.I-Cube-SoM-uGOAL.1.1.0
2023-10-31 15:22:07,054 [WARN] PackLoader:240 - Cannot read IP mode file for STMicroelectronics.X-CUBE-ALS.1.0.1
2023-10-31 15:22:07,058 [WARN] PackLoader:240 - Cannot read IP mode file for STMicroelectronics.FP-ATR-ASTRA1.2.0.0
2023-10-31 15:22:07,059 [INFO] ThirdParty:978 - Integrity check success = true
2023-10-31 15:22:07,059 [INFO] IntegrityCheckThread:100 - exiting critical section [integrity check]
2023-10-31 15:22:07,060 [INFO] IntegrityCheckThread:103 - End integrity checks thread
2023-10-31 15:22:21,224 [ERROR] LogOutputStream:75 - [STDERR_REDIRECT] SLF4J: Failed to load class "org.slf4j.impl.StaticLoggerBinder".
2023-10-31 15:22:21,224 [ERROR] LogOutputStream:75 - [STDERR_REDIRECT] SLF4J: Defaulting to no-operation (NOP) logger implementation
2023-10-31 15:22:21,226 [ERROR] LogOutputStream:75 - [STDERR_REDIRECT] SLF4J: See http://www.slf4j.org/codes.html#StaticLoggerBinder for further details.
2023-10-31 16:43:47,313 [ERROR] LogOutputStream:75 - [STDERR_REDIRECT] 
