2023-11-27 09:57:19,884 [INFO] Activator:176 - 


2023-11-27 09:57:19,900 [INFO] Activator:177 - !SESSION log4j initialized
2023-11-27 09:57:26,600 [INFO] LogOutputStream:77 - [STDOUT_REDIRECT] 
2023-11-27 09:57:29,546 [INFO] ApplicationProperties:184 - Using Application install path: C:\ST\STM32CubeIDE_1.13.1\STM32CubeIDE\plugins\com.st.stm32cube.common.mx_6.9.1.202307191849
2023-11-27 09:57:29,574 [INFO] DbMcusXml:78 - Set database path to: C:\ST\STM32CubeIDE_1.13.1\STM32CubeIDE\plugins\com.st.stm32cube.common.mx_6.9.1.202307191849\\db\/mcu/
2023-11-27 09:57:29,574 [INFO] ApiDb:274 - Set plugin database path to: C:\ST\STM32CubeIDE_1.13.1\STM32CubeIDE\plugins\com.st.stm32cube.common.mx_6.9.1.202307191849\\db\/plugins/boardmanager/
2023-11-27 09:57:29,575 [WARN] ApiDb:259 - Overriding images path with different value:  => C:\ST\STM32CubeIDE_1.13.1\STM32CubeIDE\plugins\com.st.stm32cube.common.mx_6.9.1.202307191849\\db\/plugins/mcufinder/images/
2023-11-27 09:57:29,591 [INFO] ApiDb:250 - Set database path to: C:\Users\james\.stmcufinder\plugins\mcufinder//mcu/
2023-11-27 09:57:29,593 [INFO] DbMcusAds:125 - Set database path to: C:\Users\james\.stmcufinder\plugins\mcufinder//mcu/
2023-11-27 09:57:29,595 [INFO] CrossReferenceDbSqlite:203 - Set database path to: C:\Users\james\.stmcufinder\plugins\mcufinder//mcu/cs/
2023-11-27 09:57:29,734 [INFO] RulesReader:64 - Compatibility file has been processed (293 Rules)
2023-11-27 09:57:29,855 [INFO] DbMcusXml:78 - Set database path to: C:\ST\STM32CubeIDE_1.13.1\STM32CubeIDE\plugins\com.st.stm32cube.common.mx_6.9.1.202307191849\\db\/mcu/
2023-11-27 09:57:29,855 [INFO] ApiDb:274 - Set plugin database path to: C:\ST\STM32CubeIDE_1.13.1\STM32CubeIDE\plugins\com.st.stm32cube.common.mx_6.9.1.202307191849\\db\/plugins/boardmanager/
2023-11-27 09:57:29,855 [INFO] ApiDb:261 - Set plugin images path to: C:\ST\STM32CubeIDE_1.13.1\STM32CubeIDE\plugins\com.st.stm32cube.common.mx_6.9.1.202307191849\\db\/plugins/mcufinder/images/
2023-11-27 09:57:29,856 [WARN] DbFile:41 - Overriding database path with different value: C:\Users\james\.stmcufinder\plugins\mcufinder/ => C:\Users\james\.stmcufinder\plugins\mcufinder
2023-11-27 09:57:29,856 [INFO] ApiDb:250 - Set database path to: C:\Users\james\.stmcufinder\plugins\mcufinder//mcu/
2023-11-27 09:57:29,856 [WARN] DbFile:41 - Overriding database path with different value: C:\Users\james\.stmcufinder\plugins\mcufinder/ => C:\Users\james\.stmcufinder\plugins\mcufinder
2023-11-27 09:57:29,856 [INFO] DbMcusAds:125 - Set database path to: C:\Users\james\.stmcufinder\plugins\mcufinder//mcu/
2023-11-27 09:57:29,856 [WARN] DbFile:41 - Overriding database path with different value: C:\Users\james\.stmcufinder\plugins\mcufinder/ => C:\Users\james\.stmcufinder\plugins\mcufinder
2023-11-27 09:57:29,856 [WARN] DbFile:41 - Overriding database path with different value: C:\Users\james\.stmcufinder\plugins\mcufinder/ => C:\Users\james\.stmcufinder\plugins\mcufinder
2023-11-27 09:57:29,856 [INFO] CrossReferenceDbSqlite:203 - Set database path to: C:\Users\james\.stmcufinder\plugins\mcufinder//mcu/cs/
2023-11-27 09:57:29,973 [INFO] MainPanel:262 - HeapMemory: 268435456
2023-11-27 09:57:30,114 [INFO] DbMcusXml:78 - Set database path to: C:\ST\STM32CubeIDE_1.13.1\STM32CubeIDE\plugins\com.st.stm32cube.common.mx_6.9.1.202307191849\\db\/mcu/
2023-11-27 09:57:30,114 [INFO] ApiDb:274 - Set plugin database path to: C:\ST\STM32CubeIDE_1.13.1\STM32CubeIDE\plugins\com.st.stm32cube.common.mx_6.9.1.202307191849\\db\/plugins/boardmanager/
2023-11-27 09:57:30,115 [INFO] ApiDb:261 - Set plugin images path to: C:\ST\STM32CubeIDE_1.13.1\STM32CubeIDE\plugins\com.st.stm32cube.common.mx_6.9.1.202307191849\\db\/plugins/mcufinder/images/
2023-11-27 09:57:30,115 [WARN] DbFile:41 - Overriding database path with different value: C:\Users\james\.stmcufinder\plugins\mcufinder/ => C:\Users\james\.stmcufinder\plugins\mcufinder
2023-11-27 09:57:30,115 [INFO] ApiDb:250 - Set database path to: C:\Users\james\.stmcufinder\plugins\mcufinder//mcu/
2023-11-27 09:57:30,115 [WARN] DbFile:41 - Overriding database path with different value: C:\Users\james\.stmcufinder\plugins\mcufinder/ => C:\Users\james\.stmcufinder\plugins\mcufinder
2023-11-27 09:57:30,116 [INFO] DbMcusAds:125 - Set database path to: C:\Users\james\.stmcufinder\plugins\mcufinder//mcu/
2023-11-27 09:57:30,116 [WARN] DbFile:41 - Overriding database path with different value: C:\Users\james\.stmcufinder\plugins\mcufinder/ => C:\Users\james\.stmcufinder\plugins\mcufinder
2023-11-27 09:57:30,116 [WARN] DbFile:41 - Overriding database path with different value: C:\Users\james\.stmcufinder\plugins\mcufinder/ => C:\Users\james\.stmcufinder\plugins\mcufinder
2023-11-27 09:57:30,116 [INFO] CrossReferenceDbSqlite:203 - Set database path to: C:\Users\james\.stmcufinder\plugins\mcufinder//mcu/cs/
2023-11-27 09:57:30,144 [INFO] ApplicationProperties:184 - Using Application install path: C:\ST\STM32CubeIDE_1.13.1\STM32CubeIDE\plugins\com.st.stm32cube.common.mx_6.9.1.202307191849
2023-11-27 09:57:30,146 [INFO] PluginManage:196 - Search for loadable plugins [exclusion list=, ]
2023-11-27 09:57:30,148 [INFO] PluginManage:310 - Check plugin analytics
2023-11-27 09:57:30,356 [INFO] AnalyticsPlugin:253 - Accepted Software Licenses: 
2023-11-27 09:57:30,357 [INFO] AnalyticsPlugin:255 - Accepted CMSIS Pack Licenses: 
2023-11-27 09:57:30,357 [INFO] AnalyticsPlugin:257 - Accepted Firmware Licenses: FW.L4.1.18.0
2023-11-27 09:57:30,360 [INFO] PluginManage:359 - Loaded plugin analytics (category:tool,tabindex:-1)
2023-11-27 09:57:30,360 [INFO] PluginManage:310 - Check plugin cadmodel
2023-11-27 09:57:30,364 [INFO] CADModel:105 - Init CAD model plugin
2023-11-27 09:57:30,364 [INFO] PluginManage:359 - Loaded plugin cadmodel (category:power,tabindex:5)
2023-11-27 09:57:30,365 [INFO] PluginManage:310 - Check plugin clock
2023-11-27 09:57:30,376 [INFO] PluginManage:359 - Loaded plugin clock (category:base,tabindex:2)
2023-11-27 09:57:30,376 [INFO] PluginManage:310 - Check plugin ddr
2023-11-27 09:57:30,379 [INFO] PluginManage:359 - Loaded plugin ddr (category:tool,tabindex:6)
2023-11-27 09:57:30,379 [INFO] PluginManage:310 - Check plugin filemanager
2023-11-27 09:57:30,550 [INFO] PluginManage:359 - Loaded plugin filemanager (category:base,tabindex:10)
2023-11-27 09:57:30,551 [INFO] PluginManage:310 - Check plugin ipmanager
2023-11-27 09:57:30,560 [INFO] PluginManage:359 - Loaded plugin ipmanager (category:base,tabindex:5)
2023-11-27 09:57:30,561 [INFO] PluginManage:310 - Check plugin lpbam
2023-11-27 09:57:30,570 [INFO] PluginManage:359 - Loaded plugin lpbam (category:base,tabindex:0)
2023-11-27 09:57:30,571 [INFO] PluginManage:310 - Check plugin memorymap
2023-11-27 09:57:30,592 [INFO] PluginManage:359 - Loaded plugin memorymap (category:base,tabindex:4)
2023-11-27 09:57:30,592 [INFO] PluginManage:310 - Check plugin pinoutandconfiguration
2023-11-27 09:57:30,605 [INFO] PluginManage:359 - Loaded plugin pinoutandconfiguration (category:base,tabindex:1)
2023-11-27 09:57:30,605 [INFO] PluginManage:310 - Check plugin pinoutconfig
2023-11-27 09:57:30,724 [WARN] SupportedApi:132 - Cannot load RTOS API schema: s4s-elt-must-match.1: The content of 'definitions' must match (annotation?, (simpleType | complexType)?, (unique | key | keyref)*)). A problem was found starting at: attribute.
2023-11-27 09:57:30,902 [INFO] PluginManage:359 - Loaded plugin pinoutconfig (category:base,tabindex:0)
2023-11-27 09:57:30,902 [INFO] PluginManage:310 - Check plugin power
2023-11-27 09:57:30,917 [INFO] PluginManage:359 - Loaded plugin power (category:power,tabindex:4)
2023-11-27 09:57:30,917 [INFO] PluginManage:310 - Check plugin projectmanager
2023-11-27 09:57:30,932 [INFO] PluginManage:359 - Loaded plugin projectmanager (category:projectmanager,tabindex:3)
2023-11-27 09:57:30,932 [INFO] PluginManage:310 - Check plugin thirdparty
2023-11-27 09:57:31,102 [INFO] PluginManage:359 - Loaded plugin thirdparty (category:base,tabindex:-1)
2023-11-27 09:57:31,102 [WARN] IntegrityCheckThread:84 - waiting for thirdparty lock release [integrity check]
2023-11-27 09:57:31,102 [INFO] PluginManage:310 - Check plugin tools
2023-11-27 09:57:31,102 [INFO] IntegrityCheckThread:86 - entering critical section [integrity check]
2023-11-27 09:57:31,103 [INFO] ThirdPartyUpdaterWithRetryManager:70 - Updater plugin not ready yet. [1/15]
2023-11-27 09:57:31,106 [INFO] PluginManage:359 - Loaded plugin tools (category:base,tabindex:7)
2023-11-27 09:57:31,106 [INFO] PluginManage:310 - Check plugin tutovideos
2023-11-27 09:57:31,346 [INFO] PluginManage:359 - Loaded plugin tutovideos (category:base,tabindex:-1)
2023-11-27 09:57:31,346 [INFO] PluginManage:310 - Check plugin updater
2023-11-27 09:57:31,360 [INFO] PluginManage:359 - Loaded plugin updater (category:base,tabindex:12)
2023-11-27 09:57:31,360 [INFO] PluginManage:310 - Check plugin userauth
2023-11-27 09:57:31,366 [INFO] UserAuth:113 - Init User Auth plugin
2023-11-27 09:57:31,367 [INFO] PluginManage:359 - Loaded plugin userauth (category:base,tabindex:14)
2023-11-27 09:57:31,367 [INFO] PluginManage:283 - PluginManage : Loaded plugins [17]
2023-11-27 09:57:31,684 [INFO] PinOutPanel:1499 - setPackage(No Configuration,No Configuration)
2023-11-27 09:57:31,817 [INFO] CADModel:165 - CPN selected for project level
2023-11-27 09:57:31,818 [INFO] CADModel:114 - Register for checkConnection events
2023-11-27 09:57:31,842 [INFO] IPUIPlugin:80 - create IPUIPlugin
2023-11-27 09:57:31,842 [INFO] PluginManager:220 - loadIPPluginJar : add adc
2023-11-27 09:57:31,846 [INFO] IPUIPlugin:80 - create IPUIPlugin
2023-11-27 09:57:31,846 [INFO] PluginManager:220 - loadIPPluginJar : add aes
2023-11-27 09:57:31,849 [INFO] IPUIPlugin:80 - create IPUIPlugin
2023-11-27 09:57:31,849 [INFO] PluginManager:220 - loadIPPluginJar : add can
2023-11-27 09:57:31,851 [INFO] IPUIPlugin:80 - create IPUIPlugin
2023-11-27 09:57:31,852 [INFO] PluginManager:220 - loadIPPluginJar : add comp
2023-11-27 09:57:31,855 [INFO] IPUIPlugin:80 - create IPUIPlugin
2023-11-27 09:57:31,856 [INFO] PluginManager:220 - loadIPPluginJar : add cryp
2023-11-27 09:57:31,859 [INFO] IPUIPlugin:80 - create IPUIPlugin
2023-11-27 09:57:31,859 [INFO] PluginManager:220 - loadIPPluginJar : add dfsdm
2023-11-27 09:57:31,865 [INFO] IPUIPlugin:80 - create IPUIPlugin
2023-11-27 09:57:31,866 [INFO] PluginManager:220 - loadIPPluginJar : add dma
2023-11-27 09:57:31,869 [INFO] IPUIPlugin:80 - create IPUIPlugin
2023-11-27 09:57:31,869 [INFO] PluginManager:220 - loadIPPluginJar : add dma3
2023-11-27 09:57:31,871 [INFO] IPUIPlugin:80 - create IPUIPlugin
2023-11-27 09:57:31,871 [INFO] PluginManager:220 - loadIPPluginJar : add fatfs
2023-11-27 09:57:31,876 [INFO] IPUIPlugin:80 - create IPUIPlugin
2023-11-27 09:57:31,876 [INFO] PluginManager:220 - loadIPPluginJar : add fmc
2023-11-27 09:57:31,884 [INFO] IPUIPlugin:80 - create IPUIPlugin
2023-11-27 09:57:31,884 [INFO] PluginManager:220 - loadIPPluginJar : add freertos
2023-11-27 09:57:31,886 [INFO] IPUIPlugin:80 - create IPUIPlugin
2023-11-27 09:57:31,886 [INFO] PluginManager:220 - loadIPPluginJar : add genericplugin
2023-11-27 09:57:31,890 [INFO] IPUIPlugin:80 - create IPUIPlugin
2023-11-27 09:57:31,890 [INFO] PluginManager:220 - loadIPPluginJar : add gfxmmu
2023-11-27 09:57:31,895 [INFO] IPUIPlugin:80 - create IPUIPlugin
2023-11-27 09:57:31,896 [INFO] PluginManager:220 - loadIPPluginJar : add gic
2023-11-27 09:57:31,901 [INFO] IPUIPlugin:80 - create IPUIPlugin
2023-11-27 09:57:31,902 [INFO] PluginManager:220 - loadIPPluginJar : add gpio
2023-11-27 09:57:31,907 [INFO] IPUIPlugin:80 - create IPUIPlugin
2023-11-27 09:57:31,907 [INFO] PluginManager:220 - loadIPPluginJar : add gtzc
2023-11-27 09:57:31,910 [INFO] IPUIPlugin:80 - create IPUIPlugin
2023-11-27 09:57:31,911 [INFO] PluginManager:220 - loadIPPluginJar : add hash
2023-11-27 09:57:31,914 [INFO] IPUIPlugin:80 - create IPUIPlugin
2023-11-27 09:57:31,914 [INFO] PluginManager:220 - loadIPPluginJar : add i2c
2023-11-27 09:57:31,917 [INFO] IPUIPlugin:80 - create IPUIPlugin
2023-11-27 09:57:31,917 [INFO] PluginManager:220 - loadIPPluginJar : add i2s
2023-11-27 09:57:31,921 [INFO] IPUIPlugin:80 - create IPUIPlugin
2023-11-27 09:57:31,921 [INFO] PluginManager:220 - loadIPPluginJar : add i3c
2023-11-27 09:57:31,925 [INFO] IPUIPlugin:80 - create IPUIPlugin
2023-11-27 09:57:31,926 [INFO] PluginManager:220 - loadIPPluginJar : add ipddr
2023-11-27 09:57:31,935 [INFO] IPUIPlugin:80 - create IPUIPlugin
2023-11-27 09:57:31,935 [INFO] PluginManager:220 - loadIPPluginJar : add linkedlist
2023-11-27 09:57:31,940 [INFO] IPUIPlugin:80 - create IPUIPlugin
2023-11-27 09:57:31,940 [INFO] PluginManager:220 - loadIPPluginJar : add lorawan
2023-11-27 09:57:31,942 [INFO] IPUIPlugin:80 - create IPUIPlugin
2023-11-27 09:57:31,942 [INFO] PluginManager:220 - loadIPPluginJar : add ltdc
2023-11-27 09:57:31,949 [INFO] IPUIPlugin:80 - create IPUIPlugin
2023-11-27 09:57:31,949 [INFO] PluginManager:220 - loadIPPluginJar : add mdma
2023-11-27 09:57:31,954 [INFO] IPUIPlugin:80 - create IPUIPlugin
2023-11-27 09:57:31,954 [INFO] PluginManager:220 - loadIPPluginJar : add nvic
2023-11-27 09:57:31,957 [INFO] IPUIPlugin:80 - create IPUIPlugin
2023-11-27 09:57:31,957 [INFO] PluginManager:220 - loadIPPluginJar : add opamp
2023-11-27 09:57:31,960 [INFO] IPUIPlugin:80 - create IPUIPlugin
2023-11-27 09:57:31,960 [INFO] PluginManager:220 - loadIPPluginJar : add openamp
2023-11-27 09:57:31,964 [INFO] IPUIPlugin:80 - create IPUIPlugin
2023-11-27 09:57:31,965 [INFO] PluginManager:220 - loadIPPluginJar : add pdm2pcm
2023-11-27 09:57:31,970 [INFO] IPUIPlugin:80 - create IPUIPlugin
2023-11-27 09:57:31,973 [INFO] PluginManager:220 - loadIPPluginJar : add plateformsettings
2023-11-27 09:57:31,975 [INFO] IPUIPlugin:80 - create IPUIPlugin
2023-11-27 09:57:31,975 [INFO] PluginManager:220 - loadIPPluginJar : add quadspi
2023-11-27 09:57:31,981 [INFO] IPUIPlugin:80 - create IPUIPlugin
2023-11-27 09:57:31,981 [INFO] PluginManager:220 - loadIPPluginJar : add resmgrutility
2023-11-27 09:57:31,985 [INFO] IPUIPlugin:80 - create IPUIPlugin
2023-11-27 09:57:31,985 [INFO] PluginManager:220 - loadIPPluginJar : add sai
2023-11-27 09:57:31,989 [INFO] IPUIPlugin:80 - create IPUIPlugin
2023-11-27 09:57:31,989 [INFO] PluginManager:220 - loadIPPluginJar : add spi
2023-11-27 09:57:31,995 [INFO] IPUIPlugin:80 - create IPUIPlugin
2023-11-27 09:57:31,995 [INFO] PluginManager:220 - loadIPPluginJar : add stm32_wpan
2023-11-27 09:57:32,013 [INFO] IPUIPlugin:80 - create IPUIPlugin
2023-11-27 09:57:32,013 [INFO] PluginManager:220 - loadIPPluginJar : add tim
2023-11-27 09:57:32,018 [INFO] IPUIPlugin:80 - create IPUIPlugin
2023-11-27 09:57:32,018 [INFO] PluginManager:220 - loadIPPluginJar : add touchsensing
2023-11-27 09:57:32,021 [INFO] IPUIPlugin:80 - create IPUIPlugin
2023-11-27 09:57:32,021 [INFO] PluginManager:220 - loadIPPluginJar : add tracer_emb
2023-11-27 09:57:32,024 [INFO] IPUIPlugin:80 - create IPUIPlugin
2023-11-27 09:57:32,024 [INFO] PluginManager:220 - loadIPPluginJar : add ts
2023-11-27 09:57:32,027 [INFO] IPUIPlugin:80 - create IPUIPlugin
2023-11-27 09:57:32,027 [INFO] PluginManager:220 - loadIPPluginJar : add tsc
2023-11-27 09:57:32,029 [INFO] IPUIPlugin:80 - create IPUIPlugin
2023-11-27 09:57:32,029 [INFO] PluginManager:220 - loadIPPluginJar : add ucpd
2023-11-27 09:57:32,033 [INFO] IPUIPlugin:80 - create IPUIPlugin
2023-11-27 09:57:32,033 [INFO] PluginManager:220 - loadIPPluginJar : add usart
2023-11-27 09:57:32,036 [INFO] IPUIPlugin:80 - create IPUIPlugin
2023-11-27 09:57:32,037 [INFO] PluginManager:220 - loadIPPluginJar : add usbx
2023-11-27 09:57:32,183 [INFO] CADModel:165 - CPN selected for project level
2023-11-27 09:57:32,183 [INFO] CADModel:114 - Register for checkConnection events
2023-11-27 09:57:32,184 [FATAL] Updater:308 - Updater called before beeing initialized
2023-11-27 09:57:32,185 [ERROR] CADModel:125 - Updater not yet initialized, retry later 
2023-11-27 09:57:32,514 [INFO] CADModel:165 - CPN selected for project level
2023-11-27 09:57:32,514 [INFO] CADModel:114 - Register for checkConnection events
2023-11-27 09:57:32,514 [FATAL] Updater:308 - Updater called before beeing initialized
2023-11-27 09:57:32,514 [ERROR] CADModel:125 - Updater not yet initialized, retry later 
2023-11-27 09:57:32,518 [FATAL] Updater:308 - Updater called before beeing initialized
2023-11-27 09:57:32,635 [FATAL] Updater:308 - Updater called before beeing initialized
2023-11-27 09:57:32,641 [INFO] DbMcusAds:53 - JSON generation date=Tue Mar 07 03:50:55 EST 2023 (1678179055114)
2023-11-27 09:57:32,641 [FATAL] Updater:308 - Updater called before beeing initialized
2023-11-27 09:57:32,703 [WARN] DetailPanel:346 - Failed to get advertising image, set to default
2023-11-27 09:57:32,822 [FATAL] Updater:308 - Updater called before beeing initialized
2023-11-27 09:57:32,824 [FATAL] Updater:308 - Updater called before beeing initialized
2023-11-27 09:57:32,824 [FATAL] Updater:308 - Updater called before beeing initialized
2023-11-27 09:57:32,824 [WARN] DetailPanel:346 - Failed to get advertising image, set to default
2023-11-27 09:57:32,825 [FATAL] Updater:308 - Updater called before beeing initialized
2023-11-27 09:57:32,874 [ERROR] Updater:1120 - MainUpdater not yet initialized. External WinMGr cannot be set.
2023-11-27 09:57:32,878 [INFO] Updater:1056 - Updater Version found : 6.9.1
2023-11-27 09:57:32,896 [INFO] ApplicationProperties:184 - Using Application install path: C:\ST\STM32CubeIDE_1.13.1\STM32CubeIDE\plugins\com.st.stm32cube.common.mx_6.9.1.202307191849
2023-11-27 09:57:33,040 [INFO] MainUpdater:2868 - connection check result : 10
2023-11-27 09:57:33,041 [INFO] MainUpdater:3562 - Updater definition file requires update
2023-11-27 09:57:33,042 [INFO] MainUpdater:285 - Updater Check For Update Now.
2023-11-27 09:57:33,042 [INFO] MicroXplorer:498 - Change Database Version : DB.6.0.91
2023-11-27 09:57:33,049 [INFO] McuFinderGlobals:63 - Set McuFinder mode to 2 (CubeIDE integrated)
2023-11-27 09:57:33,049 [INFO] UserAuth:179 - activating auth plugin
2023-11-27 09:57:33,052 [INFO] UserAuth:393 - Internet connection configuration mode: 1
2023-11-27 09:57:33,069 [INFO] JxBrowserEngine:151 - Initiate JxBrowser Engine with user profile folder
2023-11-27 09:57:33,073 [INFO] ServerAccessManage:473 - Download File updaters.zip
2023-11-27 09:57:33,159 [INFO] FileExtend:240 - Unzip File : updaters.zip
2023-11-27 09:57:33,159 [INFO] FileExtend:255 - Standard Zip Deflate
2023-11-27 09:57:33,773 [INFO] ServerAccessManage:473 - Download File PacksControlFlags.xml
2023-11-27 09:57:33,864 [INFO] ServerAccessManage:473 - Download File cubemx.pidx
2023-11-27 09:57:34,104 [WARN] MainUpdater:1189 - Updater busy. Cannot search thirdparties
2023-11-27 09:57:34,104 [INFO] ThirdPartyUpdaterWithRetryManager:96 - Updater plugin is busy. [1/15]
2023-11-27 09:57:34,281 [INFO] WebApp:157 - Instantiating new browser for Auth
2023-11-27 09:57:34,699 [INFO] ServerAccessManage:473 - Download File STMicroelectronics.X-CUBE-TOF1.pdsc
2023-11-27 09:57:35,141 [INFO] WebApp:753 - Register for checkConnection events
2023-11-27 09:57:35,141 [INFO] WebApp:390 - Apply proxy settings
2023-11-27 09:57:35,141 [INFO] WebApp:475 - Chromium requires no authentication
2023-11-27 09:57:35,159 [INFO] WebApp:418 - Direct internet connection detected
2023-11-27 09:57:35,438 [INFO] WebApp:188 - Starting web application
2023-11-27 09:57:35,438 [INFO] WebApp:520 - Web application path used C:\ST\STM32CubeIDE_1.13.1\STM32CubeIDE\plugins\com.st.stm32cube.common.mx_6.9.1.202307191849\db\plugins\mcufinder\reactClient1\index.html
2023-11-27 09:57:35,635 [ERROR] ServerAccessManage:1089 - Problem, file not found on Server
2023-11-27 09:57:36,032 [ERROR] ServerAccessManage:1096 - Problem, Http access forbiden
2023-11-27 09:57:36,032 [ERROR] ServerAccessManage:651 - Problem, Http access forbiden : RoweBots.I-CUBE-UNISONRTOS.pdsc.
2023-11-27 09:57:36,199 [WARN] PackLoader:240 - Cannot read IP mode file for STMicroelectronics.X-CUBE-TOF1.3.4.0
2023-11-27 09:57:36,224 [INFO] PopulateThirdPartyThread:66 - Ending populate Thread
2023-11-27 09:57:36,226 [INFO] ThirdParty:1030 - CMSIS Pack Vendor :STMicroelectronics X-CUBE-TOF1 3.4.0
2023-11-27 09:57:36,226 [INFO] LoadServerUpdatesThread:373 - End of LoadServerUpdate Thread
2023-11-27 09:57:36,298 [INFO] CheckServerUpdateThread:120 - End of CheckServer Thread
2023-11-27 09:57:37,650 [WARN] PackLoader:240 - Cannot read IP mode file for STMicroelectronics.X-CUBE-SMBUS.2.1.0
2023-11-27 09:57:37,673 [WARN] PackLoader:240 - Cannot read IP mode file for STMicroelectronics.X-CUBE-AZRTOS-F7.1.1.0
2023-11-27 09:57:37,686 [WARN] PackLoader:240 - Cannot read IP mode file for STMicroelectronics.FP-SNS-MOTENV1.4.3.2
2023-11-27 09:57:37,697 [WARN] PackLoader:240 - Cannot read IP mode file for STMicroelectronics.X-CUBE-DISPLAY.3.0.0
2023-11-27 09:57:37,708 [WARN] PackLoader:240 - Cannot read IP mode file for emotas.I-CUBE-CANOPEN.1.3.0
2023-11-27 09:57:37,713 [WARN] PackLoader:240 - Cannot read IP mode file for STMicroelectronics.X-CUBE-TOUCHGFX.4.22.0
2023-11-27 09:57:37,717 [WARN] PackLoader:240 - Cannot read IP mode file for STMicroelectronics.X-CUBE-TOUCHGFX.4.22.1
2023-11-27 09:57:37,723 [WARN] PackLoader:240 - Cannot read IP mode file for STMicroelectronics.FP-SNS-SMARTAG2.1.2.0
2023-11-27 09:57:37,733 [INFO] LogOutputStream:77 - [STDOUT_REDIRECT] 1 : Invalid condition id : UX_CORESTACK_Condition cause : null
2023-11-27 09:57:37,734 [INFO] LogOutputStream:77 - [STDOUT_REDIRECT] 1 : Invalid condition id : UX_CORESTACK_Condition cause : null
2023-11-27 09:57:37,736 [INFO] LogOutputStream:77 - [STDOUT_REDIRECT] 1 : Invalid condition id : UX_CORESTACK_Condition cause : null
2023-11-27 09:57:37,737 [INFO] LogOutputStream:77 - [STDOUT_REDIRECT] 1 : Invalid condition id : UX_CORESTACK_Condition cause : null
2023-11-27 09:57:37,739 [INFO] LogOutputStream:77 - [STDOUT_REDIRECT] 1 : Invalid condition id : UX_CORESTACK_Condition cause : null
2023-11-27 09:57:37,743 [WARN] PackLoader:240 - Cannot read IP mode file for STMicroelectronics.X-CUBE-AZRTOS-WL.2.0.0
2023-11-27 09:57:37,753 [WARN] PackLoader:240 - Cannot read IP mode file for WES.I-CUBE-Cesium.1.3.0
2023-11-27 09:57:37,762 [WARN] PackLoader:240 - Cannot read IP mode file for STMicroelectronics.X-CUBE-BLE2.3.3.0
2023-11-27 09:57:37,770 [WARN] PackLoader:240 - Cannot read IP mode file for STMicroelectronics.X-CUBE-ALGOBUILD.1.3.0
2023-11-27 09:57:37,792 [WARN] PackLoader:240 - Cannot read IP mode file for STMicroelectronics.X-CUBE-AZRTOS-G0.1.1.0
2023-11-27 09:57:37,801 [WARN] PackLoader:240 - Cannot read IP mode file for STMicroelectronics.X-CUBE-NFC4.3.0.0
2023-11-27 09:57:37,816 [WARN] PackLoader:240 - Cannot read IP mode file for STMicroelectronics.X-CUBE-BLEMGR.3.0.0
2023-11-27 09:57:37,824 [WARN] PackLoader:240 - Cannot read IP mode file for STMicroelectronics.FP-ATR-SIGFOX1.3.2.0
2023-11-27 09:57:37,862 [WARN] PackLoader:240 - Cannot read IP mode file for SEGGER.I-CUBE-embOS.1.3.1
2023-11-27 09:57:37,912 [WARN] PackLoader:240 - Cannot read IP mode file for STMicroelectronics.X-CUBE-GNSS1.6.0.0
2023-11-27 09:57:37,932 [WARN] PackLoader:240 - Cannot read IP mode file for STMicroelectronics.X-CUBE-AZRTOS-F4.1.1.0
2023-11-27 09:57:37,940 [WARN] PackLoader:240 - Cannot read IP mode file for wolfSSL.I-CUBE-wolfSSL.5.6.3
2023-11-27 09:57:37,957 [WARN] PackLoader:240 - Cannot read IP mode file for STMicroelectronics.X-CUBE-AZRTOS-L5.2.0.0
2023-11-27 09:57:38,000 [WARN] PackLoader:240 - Cannot read IP mode file for STMicroelectronics.X-CUBE-MEMS1.9.6.0
2023-11-27 09:57:38,169 [WARN] PackLoader:240 - Cannot read IP mode file for STMicroelectronics.X-CUBE-EEPRMA1.4.2.0
2023-11-27 09:57:38,176 [WARN] PackLoader:240 - Cannot read IP mode file for ITTIA_DB.I-CUBE-ITTIADB.8.8.0
2023-11-27 09:57:38,183 [WARN] PackLoader:240 - Cannot read IP mode file for STMicroelectronics.X-CUBE-BLEMGR.2.0.0
2023-11-27 09:57:38,203 [WARN] ConditionMgr:438 - getConditionDescription Invalid condition id : UX DEVICE CLASS RTOS Condition cause : null
2023-11-27 09:57:38,203 [WARN] ConditionMgr:438 - getConditionDescription Invalid condition id : UX DEVICE CLASS RTOS Condition cause : null
2023-11-27 09:57:38,206 [WARN] PackLoader:240 - Cannot read IP mode file for STMicroelectronics.X-CUBE-AZRTOS-H7.3.1.0
2023-11-27 09:57:38,207 [WARN] ConditionMgr:1039 - genDependencies : Invalid condition id : UX DEVICE CLASS RTOS Condition cause : null
2023-11-27 09:57:38,207 [WARN] ConditionMgr:1039 - genDependencies : Invalid condition id : UX DEVICE CLASS RTOS Condition cause : null
2023-11-27 09:57:38,208 [WARN] ConditionMgr:1039 - genDependencies : Invalid condition id : UX DEVICE CLASS RTOS Condition cause : null
2023-11-27 09:57:38,208 [WARN] ConditionMgr:1039 - genDependencies : Invalid condition id : UX DEVICE CLASS RTOS Condition cause : null
2023-11-27 09:57:38,208 [WARN] ConditionMgr:1039 - genDependencies : Invalid condition id : UX DEVICE CLASS RTOS Condition cause : null
2023-11-27 09:57:38,215 [WARN] PackLoader:240 - Cannot read IP mode file for STMicroelectronics.X-CUBE-NFC7.1.0.1
2023-11-27 09:57:38,224 [WARN] PackLoader:240 - Cannot read IP mode file for STMicroelectronics.X-CUBE-NFC6.3.0.0
2023-11-27 09:57:38,231 [WARN] PackLoader:240 - Cannot read IP mode file for STMicroelectronics.X-CUBE-EEPRMA1.4.1.0
2023-11-27 09:57:38,251 [WARN] ConditionMgr:438 - getConditionDescription Invalid condition id : LAN8742 Phy interface Condition cause : null
2023-11-27 09:57:38,251 [WARN] PackLoader:240 - Cannot read IP mode file for STMicroelectronics.X-CUBE-AZRTOS-L4.2.0.0
2023-11-27 09:57:38,253 [WARN] ConditionMgr:1039 - genDependencies : Invalid condition id : LAN8742 Phy interface Condition cause : null
2023-11-27 09:57:38,253 [WARN] ConditionMgr:1039 - genDependencies : Invalid condition id : LAN8742 Phy interface Condition cause : null
2023-11-27 09:57:38,253 [WARN] ConditionMgr:1039 - genDependencies : Invalid condition id : LAN8742 Phy interface Condition cause : null
2023-11-27 09:57:38,262 [WARN] PackLoader:240 - Cannot read IP mode file for STMicroelectronics.X-CUBE-SFXS2LP1.4.0.0
2023-11-27 09:57:38,268 [WARN] PackLoader:240 - Cannot read IP mode file for STMicroelectronics.X-CUBE-ISPU.1.1.0
2023-11-27 09:57:38,281 [WARN] ConditionMgr:438 - getConditionDescription Invalid condition id : UX DEVICE CLASS RTOS Condition cause : null
2023-11-27 09:57:38,282 [WARN] ConditionMgr:438 - getConditionDescription Invalid condition id : UX DEVICE CLASS RTOS Condition cause : null
2023-11-27 09:57:38,284 [WARN] PackLoader:240 - Cannot read IP mode file for STMicroelectronics.X-CUBE-AZRTOS-WB.2.0.0
2023-11-27 09:57:38,284 [WARN] ConditionMgr:1039 - genDependencies : Invalid condition id : UX DEVICE CLASS RTOS Condition cause : null
2023-11-27 09:57:38,285 [WARN] ConditionMgr:1039 - genDependencies : Invalid condition id : UX DEVICE CLASS RTOS Condition cause : null
2023-11-27 09:57:38,285 [WARN] ConditionMgr:1039 - genDependencies : Invalid condition id : UX DEVICE CLASS RTOS Condition cause : null
2023-11-27 09:57:38,285 [WARN] ConditionMgr:1039 - genDependencies : Invalid condition id : UX DEVICE CLASS RTOS Condition cause : null
2023-11-27 09:57:38,285 [WARN] ConditionMgr:1039 - genDependencies : Invalid condition id : UX DEVICE CLASS RTOS Condition cause : null
2023-11-27 09:57:38,298 [WARN] PackLoader:240 - Cannot read IP mode file for STMicroelectronics.X-CUBE-SUBG2.5.0.0
2023-11-27 09:57:38,314 [WARN] PackLoader:240 - Cannot read IP mode file for STMicroelectronics.X-CUBE-TOF1.3.3.1
2023-11-27 09:57:38,343 [WARN] PackLoader:240 - Cannot read IP mode file for STMicroelectronics.X-CUBE-AZRTOS-G4.2.0.0
2023-11-27 09:57:38,357 [WARN] PackLoader:240 - Cannot read IP mode file for Infineon.AIROC-Wi-Fi-Bluetooth-STM32.1.5.1
2023-11-27 09:57:38,364 [WARN] PackLoader:240 - Cannot read IP mode file for STMicroelectronics.FP-SNS-MOTENVWB1.1.3.0
2023-11-27 09:57:38,398 [WARN] PackLoader:240 - Cannot read IP mode file for STMicroelectronics.X-CUBE-MEMS1.10.0.0
2023-11-27 09:57:38,496 [WARN] PackLoader:240 - Cannot read IP mode file for portGmbH.I-Cube-SoM-uGOAL.1.1.0
2023-11-27 09:57:38,500 [WARN] PackLoader:240 - Cannot read IP mode file for STMicroelectronics.X-CUBE-ALS.1.0.1
2023-11-27 09:57:38,505 [WARN] PackLoader:240 - Cannot read IP mode file for STMicroelectronics.FP-ATR-ASTRA1.2.0.0
2023-11-27 09:57:38,512 [WARN] PackLoader:240 - Cannot read IP mode file for STMicroelectronics.X-CUBE-TOF1.3.4.0
2023-11-27 09:57:38,521 [INFO] ThirdParty:978 - Integrity check success = true
2023-11-27 09:57:38,521 [INFO] IntegrityCheckThread:100 - exiting critical section [integrity check]
2023-11-27 09:57:38,522 [INFO] IntegrityCheckThread:103 - End integrity checks thread
2023-11-27 09:57:41,222 [ERROR] LogOutputStream:75 - [STDERR_REDIRECT] 
